[2023-11-04T21:11:49.851+0400] {processor.py:157} INFO - Started process (PID=37223) to work on /home/pyretttt/repos/mlops4/env/lib/python3.10/site-packages/airflow/example_dags/plugins/event_listener.py
[2023-11-04T21:11:49.853+0400] {processor.py:829} INFO - Processing file /home/pyretttt/repos/mlops4/env/lib/python3.10/site-packages/airflow/example_dags/plugins/event_listener.py for tasks to queue
[2023-11-04T21:11:49.855+0400] {logging_mixin.py:151} INFO - [2023-11-04T21:11:49.854+0400] {dagbag.py:536} INFO - Filling up the DagBag from /home/pyretttt/repos/mlops4/env/lib/python3.10/site-packages/airflow/example_dags/plugins/event_listener.py
[2023-11-04T21:11:49.860+0400] {processor.py:841} WARNING - No viable dags retrieved from /home/pyretttt/repos/mlops4/env/lib/python3.10/site-packages/airflow/example_dags/plugins/event_listener.py
[2023-11-04T21:11:49.872+0400] {processor.py:179} INFO - Processing /home/pyretttt/repos/mlops4/env/lib/python3.10/site-packages/airflow/example_dags/plugins/event_listener.py took 0.029 seconds
[2023-11-04T21:12:43.432+0400] {processor.py:157} INFO - Started process (PID=37283) to work on /home/pyretttt/repos/mlops4/env/lib/python3.10/site-packages/airflow/example_dags/plugins/event_listener.py
[2023-11-04T21:12:43.434+0400] {processor.py:829} INFO - Processing file /home/pyretttt/repos/mlops4/env/lib/python3.10/site-packages/airflow/example_dags/plugins/event_listener.py for tasks to queue
[2023-11-04T21:12:43.436+0400] {logging_mixin.py:151} INFO - [2023-11-04T21:12:43.435+0400] {dagbag.py:536} INFO - Filling up the DagBag from /home/pyretttt/repos/mlops4/env/lib/python3.10/site-packages/airflow/example_dags/plugins/event_listener.py
[2023-11-04T21:12:43.439+0400] {processor.py:841} WARNING - No viable dags retrieved from /home/pyretttt/repos/mlops4/env/lib/python3.10/site-packages/airflow/example_dags/plugins/event_listener.py
[2023-11-04T21:12:43.448+0400] {processor.py:179} INFO - Processing /home/pyretttt/repos/mlops4/env/lib/python3.10/site-packages/airflow/example_dags/plugins/event_listener.py took 0.019 seconds
[2023-11-04T21:13:21.323+0400] {processor.py:157} INFO - Started process (PID=37387) to work on /home/pyretttt/repos/mlops4/env/lib/python3.10/site-packages/airflow/example_dags/plugins/event_listener.py
[2023-11-04T21:13:21.325+0400] {processor.py:829} INFO - Processing file /home/pyretttt/repos/mlops4/env/lib/python3.10/site-packages/airflow/example_dags/plugins/event_listener.py for tasks to queue
[2023-11-04T21:13:21.326+0400] {logging_mixin.py:151} INFO - [2023-11-04T21:13:21.325+0400] {dagbag.py:536} INFO - Filling up the DagBag from /home/pyretttt/repos/mlops4/env/lib/python3.10/site-packages/airflow/example_dags/plugins/event_listener.py
[2023-11-04T21:13:21.329+0400] {processor.py:841} WARNING - No viable dags retrieved from /home/pyretttt/repos/mlops4/env/lib/python3.10/site-packages/airflow/example_dags/plugins/event_listener.py
[2023-11-04T21:13:21.341+0400] {processor.py:179} INFO - Processing /home/pyretttt/repos/mlops4/env/lib/python3.10/site-packages/airflow/example_dags/plugins/event_listener.py took 0.021 seconds
[2023-11-04T21:13:55.062+0400] {processor.py:157} INFO - Started process (PID=37421) to work on /home/pyretttt/repos/mlops4/env/lib/python3.10/site-packages/airflow/example_dags/plugins/event_listener.py
[2023-11-04T21:13:55.064+0400] {processor.py:829} INFO - Processing file /home/pyretttt/repos/mlops4/env/lib/python3.10/site-packages/airflow/example_dags/plugins/event_listener.py for tasks to queue
[2023-11-04T21:13:55.066+0400] {logging_mixin.py:151} INFO - [2023-11-04T21:13:55.065+0400] {dagbag.py:536} INFO - Filling up the DagBag from /home/pyretttt/repos/mlops4/env/lib/python3.10/site-packages/airflow/example_dags/plugins/event_listener.py
[2023-11-04T21:13:55.069+0400] {processor.py:841} WARNING - No viable dags retrieved from /home/pyretttt/repos/mlops4/env/lib/python3.10/site-packages/airflow/example_dags/plugins/event_listener.py
[2023-11-04T21:13:55.081+0400] {processor.py:179} INFO - Processing /home/pyretttt/repos/mlops4/env/lib/python3.10/site-packages/airflow/example_dags/plugins/event_listener.py took 0.023 seconds
[2023-11-04T21:14:41.153+0400] {processor.py:157} INFO - Started process (PID=37469) to work on /home/pyretttt/repos/mlops4/env/lib/python3.10/site-packages/airflow/example_dags/plugins/event_listener.py
[2023-11-04T21:14:41.155+0400] {processor.py:829} INFO - Processing file /home/pyretttt/repos/mlops4/env/lib/python3.10/site-packages/airflow/example_dags/plugins/event_listener.py for tasks to queue
[2023-11-04T21:14:41.156+0400] {logging_mixin.py:151} INFO - [2023-11-04T21:14:41.155+0400] {dagbag.py:536} INFO - Filling up the DagBag from /home/pyretttt/repos/mlops4/env/lib/python3.10/site-packages/airflow/example_dags/plugins/event_listener.py
[2023-11-04T21:14:41.159+0400] {processor.py:841} WARNING - No viable dags retrieved from /home/pyretttt/repos/mlops4/env/lib/python3.10/site-packages/airflow/example_dags/plugins/event_listener.py
[2023-11-04T21:14:41.170+0400] {processor.py:179} INFO - Processing /home/pyretttt/repos/mlops4/env/lib/python3.10/site-packages/airflow/example_dags/plugins/event_listener.py took 0.021 seconds
[2023-11-04T21:15:15.623+0400] {processor.py:157} INFO - Started process (PID=37502) to work on /home/pyretttt/repos/mlops4/env/lib/python3.10/site-packages/airflow/example_dags/plugins/event_listener.py
[2023-11-04T21:15:15.625+0400] {processor.py:829} INFO - Processing file /home/pyretttt/repos/mlops4/env/lib/python3.10/site-packages/airflow/example_dags/plugins/event_listener.py for tasks to queue
[2023-11-04T21:15:15.626+0400] {logging_mixin.py:151} INFO - [2023-11-04T21:15:15.626+0400] {dagbag.py:536} INFO - Filling up the DagBag from /home/pyretttt/repos/mlops4/env/lib/python3.10/site-packages/airflow/example_dags/plugins/event_listener.py
[2023-11-04T21:15:15.629+0400] {processor.py:841} WARNING - No viable dags retrieved from /home/pyretttt/repos/mlops4/env/lib/python3.10/site-packages/airflow/example_dags/plugins/event_listener.py
[2023-11-04T21:15:15.640+0400] {processor.py:179} INFO - Processing /home/pyretttt/repos/mlops4/env/lib/python3.10/site-packages/airflow/example_dags/plugins/event_listener.py took 0.020 seconds
[2023-11-04T21:15:50.248+0400] {processor.py:157} INFO - Started process (PID=37542) to work on /home/pyretttt/repos/mlops4/env/lib/python3.10/site-packages/airflow/example_dags/plugins/event_listener.py
[2023-11-04T21:15:50.250+0400] {processor.py:829} INFO - Processing file /home/pyretttt/repos/mlops4/env/lib/python3.10/site-packages/airflow/example_dags/plugins/event_listener.py for tasks to queue
[2023-11-04T21:15:50.251+0400] {logging_mixin.py:151} INFO - [2023-11-04T21:15:50.251+0400] {dagbag.py:536} INFO - Filling up the DagBag from /home/pyretttt/repos/mlops4/env/lib/python3.10/site-packages/airflow/example_dags/plugins/event_listener.py
[2023-11-04T21:15:50.255+0400] {processor.py:841} WARNING - No viable dags retrieved from /home/pyretttt/repos/mlops4/env/lib/python3.10/site-packages/airflow/example_dags/plugins/event_listener.py
[2023-11-04T21:15:50.267+0400] {processor.py:179} INFO - Processing /home/pyretttt/repos/mlops4/env/lib/python3.10/site-packages/airflow/example_dags/plugins/event_listener.py took 0.023 seconds
[2023-11-04T21:16:22.765+0400] {processor.py:157} INFO - Started process (PID=37579) to work on /home/pyretttt/repos/mlops4/env/lib/python3.10/site-packages/airflow/example_dags/plugins/event_listener.py
[2023-11-04T21:16:22.767+0400] {processor.py:829} INFO - Processing file /home/pyretttt/repos/mlops4/env/lib/python3.10/site-packages/airflow/example_dags/plugins/event_listener.py for tasks to queue
[2023-11-04T21:16:22.769+0400] {logging_mixin.py:151} INFO - [2023-11-04T21:16:22.767+0400] {dagbag.py:536} INFO - Filling up the DagBag from /home/pyretttt/repos/mlops4/env/lib/python3.10/site-packages/airflow/example_dags/plugins/event_listener.py
[2023-11-04T21:16:22.772+0400] {processor.py:841} WARNING - No viable dags retrieved from /home/pyretttt/repos/mlops4/env/lib/python3.10/site-packages/airflow/example_dags/plugins/event_listener.py
[2023-11-04T21:16:22.786+0400] {processor.py:179} INFO - Processing /home/pyretttt/repos/mlops4/env/lib/python3.10/site-packages/airflow/example_dags/plugins/event_listener.py took 0.026 seconds
[2023-11-04T21:16:56.222+0400] {processor.py:157} INFO - Started process (PID=37613) to work on /home/pyretttt/repos/mlops4/env/lib/python3.10/site-packages/airflow/example_dags/plugins/event_listener.py
[2023-11-04T21:16:56.223+0400] {processor.py:829} INFO - Processing file /home/pyretttt/repos/mlops4/env/lib/python3.10/site-packages/airflow/example_dags/plugins/event_listener.py for tasks to queue
[2023-11-04T21:16:56.225+0400] {logging_mixin.py:151} INFO - [2023-11-04T21:16:56.224+0400] {dagbag.py:536} INFO - Filling up the DagBag from /home/pyretttt/repos/mlops4/env/lib/python3.10/site-packages/airflow/example_dags/plugins/event_listener.py
[2023-11-04T21:16:56.228+0400] {processor.py:841} WARNING - No viable dags retrieved from /home/pyretttt/repos/mlops4/env/lib/python3.10/site-packages/airflow/example_dags/plugins/event_listener.py
[2023-11-04T21:16:56.241+0400] {processor.py:179} INFO - Processing /home/pyretttt/repos/mlops4/env/lib/python3.10/site-packages/airflow/example_dags/plugins/event_listener.py took 0.024 seconds
[2023-11-04T21:17:29.779+0400] {processor.py:157} INFO - Started process (PID=37664) to work on /home/pyretttt/repos/mlops4/env/lib/python3.10/site-packages/airflow/example_dags/plugins/event_listener.py
[2023-11-04T21:17:29.781+0400] {processor.py:829} INFO - Processing file /home/pyretttt/repos/mlops4/env/lib/python3.10/site-packages/airflow/example_dags/plugins/event_listener.py for tasks to queue
[2023-11-04T21:17:29.782+0400] {logging_mixin.py:151} INFO - [2023-11-04T21:17:29.781+0400] {dagbag.py:536} INFO - Filling up the DagBag from /home/pyretttt/repos/mlops4/env/lib/python3.10/site-packages/airflow/example_dags/plugins/event_listener.py
[2023-11-04T21:17:29.786+0400] {processor.py:841} WARNING - No viable dags retrieved from /home/pyretttt/repos/mlops4/env/lib/python3.10/site-packages/airflow/example_dags/plugins/event_listener.py
[2023-11-04T21:17:29.798+0400] {processor.py:179} INFO - Processing /home/pyretttt/repos/mlops4/env/lib/python3.10/site-packages/airflow/example_dags/plugins/event_listener.py took 0.022 seconds
