[2023-11-04T21:11:51.049+0400] {processor.py:157} INFO - Started process (PID=37224) to work on /home/pyretttt/repos/mlops4/env/lib/python3.10/site-packages/airflow/example_dags/plugins/listener_plugin.py
[2023-11-04T21:11:51.050+0400] {processor.py:829} INFO - Processing file /home/pyretttt/repos/mlops4/env/lib/python3.10/site-packages/airflow/example_dags/plugins/listener_plugin.py for tasks to queue
[2023-11-04T21:11:51.051+0400] {logging_mixin.py:151} INFO - [2023-11-04T21:11:51.050+0400] {dagbag.py:536} INFO - Filling up the DagBag from /home/pyretttt/repos/mlops4/env/lib/python3.10/site-packages/airflow/example_dags/plugins/listener_plugin.py
[2023-11-04T21:11:51.054+0400] {processor.py:841} WARNING - No viable dags retrieved from /home/pyretttt/repos/mlops4/env/lib/python3.10/site-packages/airflow/example_dags/plugins/listener_plugin.py
[2023-11-04T21:11:51.066+0400] {processor.py:179} INFO - Processing /home/pyretttt/repos/mlops4/env/lib/python3.10/site-packages/airflow/example_dags/plugins/listener_plugin.py took 0.020 seconds
[2023-11-04T21:12:44.695+0400] {processor.py:157} INFO - Started process (PID=37296) to work on /home/pyretttt/repos/mlops4/env/lib/python3.10/site-packages/airflow/example_dags/plugins/listener_plugin.py
[2023-11-04T21:12:44.697+0400] {processor.py:829} INFO - Processing file /home/pyretttt/repos/mlops4/env/lib/python3.10/site-packages/airflow/example_dags/plugins/listener_plugin.py for tasks to queue
[2023-11-04T21:12:44.699+0400] {logging_mixin.py:151} INFO - [2023-11-04T21:12:44.698+0400] {dagbag.py:536} INFO - Filling up the DagBag from /home/pyretttt/repos/mlops4/env/lib/python3.10/site-packages/airflow/example_dags/plugins/listener_plugin.py
[2023-11-04T21:12:44.702+0400] {processor.py:841} WARNING - No viable dags retrieved from /home/pyretttt/repos/mlops4/env/lib/python3.10/site-packages/airflow/example_dags/plugins/listener_plugin.py
[2023-11-04T21:12:44.714+0400] {processor.py:179} INFO - Processing /home/pyretttt/repos/mlops4/env/lib/python3.10/site-packages/airflow/example_dags/plugins/listener_plugin.py took 0.023 seconds
[2023-11-04T21:13:22.535+0400] {processor.py:157} INFO - Started process (PID=37388) to work on /home/pyretttt/repos/mlops4/env/lib/python3.10/site-packages/airflow/example_dags/plugins/listener_plugin.py
[2023-11-04T21:13:22.536+0400] {processor.py:829} INFO - Processing file /home/pyretttt/repos/mlops4/env/lib/python3.10/site-packages/airflow/example_dags/plugins/listener_plugin.py for tasks to queue
[2023-11-04T21:13:22.537+0400] {logging_mixin.py:151} INFO - [2023-11-04T21:13:22.537+0400] {dagbag.py:536} INFO - Filling up the DagBag from /home/pyretttt/repos/mlops4/env/lib/python3.10/site-packages/airflow/example_dags/plugins/listener_plugin.py
[2023-11-04T21:13:22.541+0400] {processor.py:841} WARNING - No viable dags retrieved from /home/pyretttt/repos/mlops4/env/lib/python3.10/site-packages/airflow/example_dags/plugins/listener_plugin.py
[2023-11-04T21:13:22.551+0400] {processor.py:179} INFO - Processing /home/pyretttt/repos/mlops4/env/lib/python3.10/site-packages/airflow/example_dags/plugins/listener_plugin.py took 0.021 seconds
[2023-11-04T21:14:09.296+0400] {processor.py:157} INFO - Started process (PID=37435) to work on /home/pyretttt/repos/mlops4/env/lib/python3.10/site-packages/airflow/example_dags/plugins/listener_plugin.py
[2023-11-04T21:14:09.298+0400] {processor.py:829} INFO - Processing file /home/pyretttt/repos/mlops4/env/lib/python3.10/site-packages/airflow/example_dags/plugins/listener_plugin.py for tasks to queue
[2023-11-04T21:14:09.298+0400] {logging_mixin.py:151} INFO - [2023-11-04T21:14:09.298+0400] {dagbag.py:536} INFO - Filling up the DagBag from /home/pyretttt/repos/mlops4/env/lib/python3.10/site-packages/airflow/example_dags/plugins/listener_plugin.py
[2023-11-04T21:14:09.301+0400] {processor.py:841} WARNING - No viable dags retrieved from /home/pyretttt/repos/mlops4/env/lib/python3.10/site-packages/airflow/example_dags/plugins/listener_plugin.py
[2023-11-04T21:14:09.308+0400] {processor.py:179} INFO - Processing /home/pyretttt/repos/mlops4/env/lib/python3.10/site-packages/airflow/example_dags/plugins/listener_plugin.py took 0.014 seconds
[2023-11-04T21:14:42.406+0400] {processor.py:157} INFO - Started process (PID=37470) to work on /home/pyretttt/repos/mlops4/env/lib/python3.10/site-packages/airflow/example_dags/plugins/listener_plugin.py
[2023-11-04T21:14:42.407+0400] {processor.py:829} INFO - Processing file /home/pyretttt/repos/mlops4/env/lib/python3.10/site-packages/airflow/example_dags/plugins/listener_plugin.py for tasks to queue
[2023-11-04T21:14:42.408+0400] {logging_mixin.py:151} INFO - [2023-11-04T21:14:42.407+0400] {dagbag.py:536} INFO - Filling up the DagBag from /home/pyretttt/repos/mlops4/env/lib/python3.10/site-packages/airflow/example_dags/plugins/listener_plugin.py
[2023-11-04T21:14:42.412+0400] {processor.py:841} WARNING - No viable dags retrieved from /home/pyretttt/repos/mlops4/env/lib/python3.10/site-packages/airflow/example_dags/plugins/listener_plugin.py
[2023-11-04T21:14:42.423+0400] {processor.py:179} INFO - Processing /home/pyretttt/repos/mlops4/env/lib/python3.10/site-packages/airflow/example_dags/plugins/listener_plugin.py took 0.022 seconds
[2023-11-04T21:15:16.813+0400] {processor.py:157} INFO - Started process (PID=37503) to work on /home/pyretttt/repos/mlops4/env/lib/python3.10/site-packages/airflow/example_dags/plugins/listener_plugin.py
[2023-11-04T21:15:16.815+0400] {processor.py:829} INFO - Processing file /home/pyretttt/repos/mlops4/env/lib/python3.10/site-packages/airflow/example_dags/plugins/listener_plugin.py for tasks to queue
[2023-11-04T21:15:16.817+0400] {logging_mixin.py:151} INFO - [2023-11-04T21:15:16.816+0400] {dagbag.py:536} INFO - Filling up the DagBag from /home/pyretttt/repos/mlops4/env/lib/python3.10/site-packages/airflow/example_dags/plugins/listener_plugin.py
[2023-11-04T21:15:16.820+0400] {processor.py:841} WARNING - No viable dags retrieved from /home/pyretttt/repos/mlops4/env/lib/python3.10/site-packages/airflow/example_dags/plugins/listener_plugin.py
[2023-11-04T21:15:16.831+0400] {processor.py:179} INFO - Processing /home/pyretttt/repos/mlops4/env/lib/python3.10/site-packages/airflow/example_dags/plugins/listener_plugin.py took 0.023 seconds
[2023-11-04T21:15:51.407+0400] {processor.py:157} INFO - Started process (PID=37543) to work on /home/pyretttt/repos/mlops4/env/lib/python3.10/site-packages/airflow/example_dags/plugins/listener_plugin.py
[2023-11-04T21:15:51.408+0400] {processor.py:829} INFO - Processing file /home/pyretttt/repos/mlops4/env/lib/python3.10/site-packages/airflow/example_dags/plugins/listener_plugin.py for tasks to queue
[2023-11-04T21:15:51.409+0400] {logging_mixin.py:151} INFO - [2023-11-04T21:15:51.409+0400] {dagbag.py:536} INFO - Filling up the DagBag from /home/pyretttt/repos/mlops4/env/lib/python3.10/site-packages/airflow/example_dags/plugins/listener_plugin.py
[2023-11-04T21:15:51.412+0400] {processor.py:841} WARNING - No viable dags retrieved from /home/pyretttt/repos/mlops4/env/lib/python3.10/site-packages/airflow/example_dags/plugins/listener_plugin.py
[2023-11-04T21:15:51.424+0400] {processor.py:179} INFO - Processing /home/pyretttt/repos/mlops4/env/lib/python3.10/site-packages/airflow/example_dags/plugins/listener_plugin.py took 0.021 seconds
[2023-11-04T21:16:23.963+0400] {processor.py:157} INFO - Started process (PID=37580) to work on /home/pyretttt/repos/mlops4/env/lib/python3.10/site-packages/airflow/example_dags/plugins/listener_plugin.py
[2023-11-04T21:16:23.965+0400] {processor.py:829} INFO - Processing file /home/pyretttt/repos/mlops4/env/lib/python3.10/site-packages/airflow/example_dags/plugins/listener_plugin.py for tasks to queue
[2023-11-04T21:16:23.967+0400] {logging_mixin.py:151} INFO - [2023-11-04T21:16:23.966+0400] {dagbag.py:536} INFO - Filling up the DagBag from /home/pyretttt/repos/mlops4/env/lib/python3.10/site-packages/airflow/example_dags/plugins/listener_plugin.py
[2023-11-04T21:16:23.972+0400] {processor.py:841} WARNING - No viable dags retrieved from /home/pyretttt/repos/mlops4/env/lib/python3.10/site-packages/airflow/example_dags/plugins/listener_plugin.py
[2023-11-04T21:16:23.985+0400] {processor.py:179} INFO - Processing /home/pyretttt/repos/mlops4/env/lib/python3.10/site-packages/airflow/example_dags/plugins/listener_plugin.py took 0.027 seconds
[2023-11-04T21:16:57.430+0400] {processor.py:157} INFO - Started process (PID=37614) to work on /home/pyretttt/repos/mlops4/env/lib/python3.10/site-packages/airflow/example_dags/plugins/listener_plugin.py
[2023-11-04T21:16:57.432+0400] {processor.py:829} INFO - Processing file /home/pyretttt/repos/mlops4/env/lib/python3.10/site-packages/airflow/example_dags/plugins/listener_plugin.py for tasks to queue
[2023-11-04T21:16:57.434+0400] {logging_mixin.py:151} INFO - [2023-11-04T21:16:57.433+0400] {dagbag.py:536} INFO - Filling up the DagBag from /home/pyretttt/repos/mlops4/env/lib/python3.10/site-packages/airflow/example_dags/plugins/listener_plugin.py
[2023-11-04T21:16:57.438+0400] {processor.py:841} WARNING - No viable dags retrieved from /home/pyretttt/repos/mlops4/env/lib/python3.10/site-packages/airflow/example_dags/plugins/listener_plugin.py
[2023-11-04T21:16:57.451+0400] {processor.py:179} INFO - Processing /home/pyretttt/repos/mlops4/env/lib/python3.10/site-packages/airflow/example_dags/plugins/listener_plugin.py took 0.025 seconds
[2023-11-04T21:17:30.109+0400] {processor.py:157} INFO - Started process (PID=37665) to work on /home/pyretttt/repos/mlops4/env/lib/python3.10/site-packages/airflow/example_dags/plugins/listener_plugin.py
[2023-11-04T21:17:30.111+0400] {processor.py:829} INFO - Processing file /home/pyretttt/repos/mlops4/env/lib/python3.10/site-packages/airflow/example_dags/plugins/listener_plugin.py for tasks to queue
[2023-11-04T21:17:30.112+0400] {logging_mixin.py:151} INFO - [2023-11-04T21:17:30.111+0400] {dagbag.py:536} INFO - Filling up the DagBag from /home/pyretttt/repos/mlops4/env/lib/python3.10/site-packages/airflow/example_dags/plugins/listener_plugin.py
[2023-11-04T21:17:30.116+0400] {processor.py:841} WARNING - No viable dags retrieved from /home/pyretttt/repos/mlops4/env/lib/python3.10/site-packages/airflow/example_dags/plugins/listener_plugin.py
[2023-11-04T21:17:30.128+0400] {processor.py:179} INFO - Processing /home/pyretttt/repos/mlops4/env/lib/python3.10/site-packages/airflow/example_dags/plugins/listener_plugin.py took 0.025 seconds
