[2023-11-04T21:12:36.858+0400] {processor.py:157} INFO - Started process (PID=37263) to work on /home/pyretttt/repos/mlops4/env/lib/python3.10/site-packages/airflow/example_dags/example_sensors.py
[2023-11-04T21:12:36.860+0400] {processor.py:829} INFO - Processing file /home/pyretttt/repos/mlops4/env/lib/python3.10/site-packages/airflow/example_dags/example_sensors.py for tasks to queue
[2023-11-04T21:12:36.861+0400] {logging_mixin.py:151} INFO - [2023-11-04T21:12:36.860+0400] {dagbag.py:536} INFO - Filling up the DagBag from /home/pyretttt/repos/mlops4/env/lib/python3.10/site-packages/airflow/example_dags/example_sensors.py
[2023-11-04T21:12:36.873+0400] {processor.py:839} INFO - DAG(s) dict_keys(['example_sensors']) retrieved from /home/pyretttt/repos/mlops4/env/lib/python3.10/site-packages/airflow/example_dags/example_sensors.py
[2023-11-04T21:12:36.931+0400] {logging_mixin.py:151} INFO - [2023-11-04T21:12:36.931+0400] {manager.py:499} INFO - Created Permission View: %s
[2023-11-04T21:12:36.937+0400] {logging_mixin.py:151} INFO - [2023-11-04T21:12:36.937+0400] {manager.py:499} INFO - Created Permission View: %s
[2023-11-04T21:12:36.941+0400] {logging_mixin.py:151} INFO - [2023-11-04T21:12:36.941+0400] {manager.py:499} INFO - Created Permission View: %s
[2023-11-04T21:12:36.941+0400] {logging_mixin.py:151} INFO - [2023-11-04T21:12:36.941+0400] {dag.py:2941} INFO - Sync 1 DAGs
[2023-11-04T21:12:36.945+0400] {logging_mixin.py:151} INFO - [2023-11-04T21:12:36.945+0400] {dag.py:2963} INFO - Creating ORM DAG for example_sensors
[2023-11-04T21:12:36.945+0400] {logging_mixin.py:151} INFO - [2023-11-04T21:12:36.945+0400] {dag.py:3722} INFO - Setting next_dagrun for example_sensors to None, run_after=None
[2023-11-04T21:12:36.957+0400] {processor.py:179} INFO - Processing /home/pyretttt/repos/mlops4/env/lib/python3.10/site-packages/airflow/example_dags/example_sensors.py took 0.102 seconds
[2023-11-04T21:13:32.941+0400] {processor.py:157} INFO - Started process (PID=37398) to work on /home/pyretttt/repos/mlops4/env/lib/python3.10/site-packages/airflow/example_dags/example_sensors.py
[2023-11-04T21:13:32.943+0400] {processor.py:829} INFO - Processing file /home/pyretttt/repos/mlops4/env/lib/python3.10/site-packages/airflow/example_dags/example_sensors.py for tasks to queue
[2023-11-04T21:13:32.944+0400] {logging_mixin.py:151} INFO - [2023-11-04T21:13:32.943+0400] {dagbag.py:536} INFO - Filling up the DagBag from /home/pyretttt/repos/mlops4/env/lib/python3.10/site-packages/airflow/example_dags/example_sensors.py
[2023-11-04T21:13:32.957+0400] {processor.py:839} INFO - DAG(s) dict_keys(['example_sensors']) retrieved from /home/pyretttt/repos/mlops4/env/lib/python3.10/site-packages/airflow/example_dags/example_sensors.py
[2023-11-04T21:13:32.983+0400] {logging_mixin.py:151} INFO - [2023-11-04T21:13:32.983+0400] {dag.py:2941} INFO - Sync 1 DAGs
[2023-11-04T21:13:32.991+0400] {logging_mixin.py:151} INFO - [2023-11-04T21:13:32.991+0400] {dag.py:3722} INFO - Setting next_dagrun for example_sensors to None, run_after=None
[2023-11-04T21:13:33.003+0400] {processor.py:179} INFO - Processing /home/pyretttt/repos/mlops4/env/lib/python3.10/site-packages/airflow/example_dags/example_sensors.py took 0.066 seconds
[2023-11-04T21:14:20.635+0400] {processor.py:157} INFO - Started process (PID=37447) to work on /home/pyretttt/repos/mlops4/env/lib/python3.10/site-packages/airflow/example_dags/example_sensors.py
[2023-11-04T21:14:20.637+0400] {processor.py:829} INFO - Processing file /home/pyretttt/repos/mlops4/env/lib/python3.10/site-packages/airflow/example_dags/example_sensors.py for tasks to queue
[2023-11-04T21:14:20.638+0400] {logging_mixin.py:151} INFO - [2023-11-04T21:14:20.637+0400] {dagbag.py:536} INFO - Filling up the DagBag from /home/pyretttt/repos/mlops4/env/lib/python3.10/site-packages/airflow/example_dags/example_sensors.py
[2023-11-04T21:14:20.647+0400] {processor.py:839} INFO - DAG(s) dict_keys(['example_sensors']) retrieved from /home/pyretttt/repos/mlops4/env/lib/python3.10/site-packages/airflow/example_dags/example_sensors.py
[2023-11-04T21:14:20.663+0400] {logging_mixin.py:151} INFO - [2023-11-04T21:14:20.663+0400] {dag.py:2941} INFO - Sync 1 DAGs
[2023-11-04T21:14:20.671+0400] {logging_mixin.py:151} INFO - [2023-11-04T21:14:20.670+0400] {dag.py:3722} INFO - Setting next_dagrun for example_sensors to None, run_after=None
[2023-11-04T21:14:20.683+0400] {processor.py:179} INFO - Processing /home/pyretttt/repos/mlops4/env/lib/python3.10/site-packages/airflow/example_dags/example_sensors.py took 0.052 seconds
[2023-11-04T21:15:11.605+0400] {processor.py:157} INFO - Started process (PID=37498) to work on /home/pyretttt/repos/mlops4/env/lib/python3.10/site-packages/airflow/example_dags/example_sensors.py
[2023-11-04T21:15:11.607+0400] {processor.py:829} INFO - Processing file /home/pyretttt/repos/mlops4/env/lib/python3.10/site-packages/airflow/example_dags/example_sensors.py for tasks to queue
[2023-11-04T21:15:11.608+0400] {logging_mixin.py:151} INFO - [2023-11-04T21:15:11.607+0400] {dagbag.py:536} INFO - Filling up the DagBag from /home/pyretttt/repos/mlops4/env/lib/python3.10/site-packages/airflow/example_dags/example_sensors.py
[2023-11-04T21:15:11.619+0400] {processor.py:839} INFO - DAG(s) dict_keys(['example_sensors']) retrieved from /home/pyretttt/repos/mlops4/env/lib/python3.10/site-packages/airflow/example_dags/example_sensors.py
[2023-11-04T21:15:11.637+0400] {logging_mixin.py:151} INFO - [2023-11-04T21:15:11.637+0400] {dag.py:2941} INFO - Sync 1 DAGs
[2023-11-04T21:15:11.643+0400] {logging_mixin.py:151} INFO - [2023-11-04T21:15:11.643+0400] {dag.py:3722} INFO - Setting next_dagrun for example_sensors to None, run_after=None
[2023-11-04T21:15:11.654+0400] {processor.py:179} INFO - Processing /home/pyretttt/repos/mlops4/env/lib/python3.10/site-packages/airflow/example_dags/example_sensors.py took 0.054 seconds
[2023-11-04T21:16:02.466+0400] {processor.py:157} INFO - Started process (PID=37558) to work on /home/pyretttt/repos/mlops4/env/lib/python3.10/site-packages/airflow/example_dags/example_sensors.py
[2023-11-04T21:16:02.466+0400] {processor.py:829} INFO - Processing file /home/pyretttt/repos/mlops4/env/lib/python3.10/site-packages/airflow/example_dags/example_sensors.py for tasks to queue
[2023-11-04T21:16:02.467+0400] {logging_mixin.py:151} INFO - [2023-11-04T21:16:02.467+0400] {dagbag.py:536} INFO - Filling up the DagBag from /home/pyretttt/repos/mlops4/env/lib/python3.10/site-packages/airflow/example_dags/example_sensors.py
[2023-11-04T21:16:02.472+0400] {processor.py:839} INFO - DAG(s) dict_keys(['example_sensors']) retrieved from /home/pyretttt/repos/mlops4/env/lib/python3.10/site-packages/airflow/example_dags/example_sensors.py
[2023-11-04T21:16:02.482+0400] {logging_mixin.py:151} INFO - [2023-11-04T21:16:02.482+0400] {dag.py:2941} INFO - Sync 1 DAGs
[2023-11-04T21:16:02.487+0400] {logging_mixin.py:151} INFO - [2023-11-04T21:16:02.487+0400] {dag.py:3722} INFO - Setting next_dagrun for example_sensors to None, run_after=None
[2023-11-04T21:16:02.498+0400] {processor.py:179} INFO - Processing /home/pyretttt/repos/mlops4/env/lib/python3.10/site-packages/airflow/example_dags/example_sensors.py took 0.034 seconds
[2023-11-04T21:16:52.136+0400] {processor.py:157} INFO - Started process (PID=37609) to work on /home/pyretttt/repos/mlops4/env/lib/python3.10/site-packages/airflow/example_dags/example_sensors.py
[2023-11-04T21:16:52.138+0400] {processor.py:829} INFO - Processing file /home/pyretttt/repos/mlops4/env/lib/python3.10/site-packages/airflow/example_dags/example_sensors.py for tasks to queue
[2023-11-04T21:16:52.140+0400] {logging_mixin.py:151} INFO - [2023-11-04T21:16:52.139+0400] {dagbag.py:536} INFO - Filling up the DagBag from /home/pyretttt/repos/mlops4/env/lib/python3.10/site-packages/airflow/example_dags/example_sensors.py
[2023-11-04T21:16:52.154+0400] {processor.py:839} INFO - DAG(s) dict_keys(['example_sensors']) retrieved from /home/pyretttt/repos/mlops4/env/lib/python3.10/site-packages/airflow/example_dags/example_sensors.py
[2023-11-04T21:16:52.174+0400] {logging_mixin.py:151} INFO - [2023-11-04T21:16:52.174+0400] {dag.py:2941} INFO - Sync 1 DAGs
[2023-11-04T21:16:52.181+0400] {logging_mixin.py:151} INFO - [2023-11-04T21:16:52.181+0400] {dag.py:3722} INFO - Setting next_dagrun for example_sensors to None, run_after=None
[2023-11-04T21:16:52.194+0400] {processor.py:179} INFO - Processing /home/pyretttt/repos/mlops4/env/lib/python3.10/site-packages/airflow/example_dags/example_sensors.py took 0.063 seconds
[2023-11-04T21:17:42.885+0400] {processor.py:157} INFO - Started process (PID=37693) to work on /home/pyretttt/repos/mlops4/env/lib/python3.10/site-packages/airflow/example_dags/example_sensors.py
[2023-11-04T21:17:42.887+0400] {processor.py:829} INFO - Processing file /home/pyretttt/repos/mlops4/env/lib/python3.10/site-packages/airflow/example_dags/example_sensors.py for tasks to queue
[2023-11-04T21:17:42.888+0400] {logging_mixin.py:151} INFO - [2023-11-04T21:17:42.888+0400] {dagbag.py:536} INFO - Filling up the DagBag from /home/pyretttt/repos/mlops4/env/lib/python3.10/site-packages/airflow/example_dags/example_sensors.py
[2023-11-04T21:17:42.900+0400] {processor.py:839} INFO - DAG(s) dict_keys(['example_sensors']) retrieved from /home/pyretttt/repos/mlops4/env/lib/python3.10/site-packages/airflow/example_dags/example_sensors.py
[2023-11-04T21:17:42.917+0400] {logging_mixin.py:151} INFO - [2023-11-04T21:17:42.917+0400] {dag.py:2941} INFO - Sync 1 DAGs
[2023-11-04T21:17:42.924+0400] {logging_mixin.py:151} INFO - [2023-11-04T21:17:42.924+0400] {dag.py:3722} INFO - Setting next_dagrun for example_sensors to None, run_after=None
[2023-11-04T21:17:42.936+0400] {processor.py:179} INFO - Processing /home/pyretttt/repos/mlops4/env/lib/python3.10/site-packages/airflow/example_dags/example_sensors.py took 0.056 seconds
[2023-11-04T21:18:34.583+0400] {processor.py:157} INFO - Started process (PID=37759) to work on /home/pyretttt/repos/mlops4/env/lib/python3.10/site-packages/airflow/example_dags/example_sensors.py
[2023-11-04T21:18:34.586+0400] {processor.py:829} INFO - Processing file /home/pyretttt/repos/mlops4/env/lib/python3.10/site-packages/airflow/example_dags/example_sensors.py for tasks to queue
[2023-11-04T21:18:34.588+0400] {logging_mixin.py:151} INFO - [2023-11-04T21:18:34.587+0400] {dagbag.py:536} INFO - Filling up the DagBag from /home/pyretttt/repos/mlops4/env/lib/python3.10/site-packages/airflow/example_dags/example_sensors.py
[2023-11-04T21:18:34.603+0400] {processor.py:839} INFO - DAG(s) dict_keys(['example_sensors']) retrieved from /home/pyretttt/repos/mlops4/env/lib/python3.10/site-packages/airflow/example_dags/example_sensors.py
[2023-11-04T21:18:34.622+0400] {logging_mixin.py:151} INFO - [2023-11-04T21:18:34.622+0400] {dag.py:2941} INFO - Sync 1 DAGs
[2023-11-04T21:18:34.632+0400] {logging_mixin.py:151} INFO - [2023-11-04T21:18:34.632+0400] {dag.py:3722} INFO - Setting next_dagrun for example_sensors to None, run_after=None
[2023-11-04T21:18:34.645+0400] {processor.py:179} INFO - Processing /home/pyretttt/repos/mlops4/env/lib/python3.10/site-packages/airflow/example_dags/example_sensors.py took 0.067 seconds
[2023-11-04T21:19:21.375+0400] {processor.py:157} INFO - Started process (PID=37807) to work on /home/pyretttt/repos/mlops4/env/lib/python3.10/site-packages/airflow/example_dags/example_sensors.py
[2023-11-04T21:19:21.377+0400] {processor.py:829} INFO - Processing file /home/pyretttt/repos/mlops4/env/lib/python3.10/site-packages/airflow/example_dags/example_sensors.py for tasks to queue
[2023-11-04T21:19:21.378+0400] {logging_mixin.py:151} INFO - [2023-11-04T21:19:21.377+0400] {dagbag.py:536} INFO - Filling up the DagBag from /home/pyretttt/repos/mlops4/env/lib/python3.10/site-packages/airflow/example_dags/example_sensors.py
[2023-11-04T21:19:21.391+0400] {processor.py:839} INFO - DAG(s) dict_keys(['example_sensors']) retrieved from /home/pyretttt/repos/mlops4/env/lib/python3.10/site-packages/airflow/example_dags/example_sensors.py
[2023-11-04T21:19:21.411+0400] {logging_mixin.py:151} INFO - [2023-11-04T21:19:21.410+0400] {dag.py:2941} INFO - Sync 1 DAGs
[2023-11-04T21:19:21.418+0400] {logging_mixin.py:151} INFO - [2023-11-04T21:19:21.418+0400] {dag.py:3722} INFO - Setting next_dagrun for example_sensors to None, run_after=None
[2023-11-04T21:19:21.432+0400] {processor.py:179} INFO - Processing /home/pyretttt/repos/mlops4/env/lib/python3.10/site-packages/airflow/example_dags/example_sensors.py took 0.062 seconds
[2023-11-04T21:20:10.664+0400] {processor.py:157} INFO - Started process (PID=37858) to work on /home/pyretttt/repos/mlops4/env/lib/python3.10/site-packages/airflow/example_dags/example_sensors.py
[2023-11-04T21:20:10.666+0400] {processor.py:829} INFO - Processing file /home/pyretttt/repos/mlops4/env/lib/python3.10/site-packages/airflow/example_dags/example_sensors.py for tasks to queue
[2023-11-04T21:20:10.668+0400] {logging_mixin.py:151} INFO - [2023-11-04T21:20:10.667+0400] {dagbag.py:536} INFO - Filling up the DagBag from /home/pyretttt/repos/mlops4/env/lib/python3.10/site-packages/airflow/example_dags/example_sensors.py
[2023-11-04T21:20:10.678+0400] {processor.py:839} INFO - DAG(s) dict_keys(['example_sensors']) retrieved from /home/pyretttt/repos/mlops4/env/lib/python3.10/site-packages/airflow/example_dags/example_sensors.py
[2023-11-04T21:20:10.696+0400] {logging_mixin.py:151} INFO - [2023-11-04T21:20:10.695+0400] {dag.py:2941} INFO - Sync 1 DAGs
[2023-11-04T21:20:10.702+0400] {logging_mixin.py:151} INFO - [2023-11-04T21:20:10.702+0400] {dag.py:3722} INFO - Setting next_dagrun for example_sensors to None, run_after=None
[2023-11-04T21:20:10.715+0400] {processor.py:179} INFO - Processing /home/pyretttt/repos/mlops4/env/lib/python3.10/site-packages/airflow/example_dags/example_sensors.py took 0.055 seconds
[2023-11-04T21:21:07.700+0400] {processor.py:157} INFO - Started process (PID=37913) to work on /home/pyretttt/repos/mlops4/env/lib/python3.10/site-packages/airflow/example_dags/example_sensors.py
[2023-11-04T21:21:07.701+0400] {processor.py:829} INFO - Processing file /home/pyretttt/repos/mlops4/env/lib/python3.10/site-packages/airflow/example_dags/example_sensors.py for tasks to queue
[2023-11-04T21:21:07.702+0400] {logging_mixin.py:151} INFO - [2023-11-04T21:21:07.701+0400] {dagbag.py:536} INFO - Filling up the DagBag from /home/pyretttt/repos/mlops4/env/lib/python3.10/site-packages/airflow/example_dags/example_sensors.py
[2023-11-04T21:21:07.711+0400] {processor.py:839} INFO - DAG(s) dict_keys(['example_sensors']) retrieved from /home/pyretttt/repos/mlops4/env/lib/python3.10/site-packages/airflow/example_dags/example_sensors.py
[2023-11-04T21:21:07.728+0400] {logging_mixin.py:151} INFO - [2023-11-04T21:21:07.728+0400] {dag.py:2941} INFO - Sync 1 DAGs
[2023-11-04T21:21:07.736+0400] {logging_mixin.py:151} INFO - [2023-11-04T21:21:07.736+0400] {dag.py:3722} INFO - Setting next_dagrun for example_sensors to None, run_after=None
[2023-11-04T21:21:07.750+0400] {processor.py:179} INFO - Processing /home/pyretttt/repos/mlops4/env/lib/python3.10/site-packages/airflow/example_dags/example_sensors.py took 0.054 seconds
[2023-11-04T21:21:56.984+0400] {processor.py:157} INFO - Started process (PID=37965) to work on /home/pyretttt/repos/mlops4/env/lib/python3.10/site-packages/airflow/example_dags/example_sensors.py
[2023-11-04T21:21:56.986+0400] {processor.py:829} INFO - Processing file /home/pyretttt/repos/mlops4/env/lib/python3.10/site-packages/airflow/example_dags/example_sensors.py for tasks to queue
[2023-11-04T21:21:56.987+0400] {logging_mixin.py:151} INFO - [2023-11-04T21:21:56.986+0400] {dagbag.py:536} INFO - Filling up the DagBag from /home/pyretttt/repos/mlops4/env/lib/python3.10/site-packages/airflow/example_dags/example_sensors.py
[2023-11-04T21:21:56.993+0400] {processor.py:839} INFO - DAG(s) dict_keys(['example_sensors']) retrieved from /home/pyretttt/repos/mlops4/env/lib/python3.10/site-packages/airflow/example_dags/example_sensors.py
[2023-11-04T21:21:57.004+0400] {logging_mixin.py:151} INFO - [2023-11-04T21:21:57.004+0400] {dag.py:2941} INFO - Sync 1 DAGs
[2023-11-04T21:21:57.010+0400] {logging_mixin.py:151} INFO - [2023-11-04T21:21:57.009+0400] {dag.py:3722} INFO - Setting next_dagrun for example_sensors to None, run_after=None
[2023-11-04T21:21:57.022+0400] {processor.py:179} INFO - Processing /home/pyretttt/repos/mlops4/env/lib/python3.10/site-packages/airflow/example_dags/example_sensors.py took 0.042 seconds
[2023-11-04T21:22:46.367+0400] {processor.py:157} INFO - Started process (PID=38017) to work on /home/pyretttt/repos/mlops4/env/lib/python3.10/site-packages/airflow/example_dags/example_sensors.py
[2023-11-04T21:22:46.369+0400] {processor.py:829} INFO - Processing file /home/pyretttt/repos/mlops4/env/lib/python3.10/site-packages/airflow/example_dags/example_sensors.py for tasks to queue
[2023-11-04T21:22:46.371+0400] {logging_mixin.py:151} INFO - [2023-11-04T21:22:46.370+0400] {dagbag.py:536} INFO - Filling up the DagBag from /home/pyretttt/repos/mlops4/env/lib/python3.10/site-packages/airflow/example_dags/example_sensors.py
[2023-11-04T21:22:46.382+0400] {processor.py:839} INFO - DAG(s) dict_keys(['example_sensors']) retrieved from /home/pyretttt/repos/mlops4/env/lib/python3.10/site-packages/airflow/example_dags/example_sensors.py
[2023-11-04T21:22:46.400+0400] {logging_mixin.py:151} INFO - [2023-11-04T21:22:46.400+0400] {dag.py:2941} INFO - Sync 1 DAGs
[2023-11-04T21:22:46.407+0400] {logging_mixin.py:151} INFO - [2023-11-04T21:22:46.407+0400] {dag.py:3722} INFO - Setting next_dagrun for example_sensors to None, run_after=None
[2023-11-04T21:22:46.420+0400] {processor.py:179} INFO - Processing /home/pyretttt/repos/mlops4/env/lib/python3.10/site-packages/airflow/example_dags/example_sensors.py took 0.057 seconds
[2023-11-04T21:23:39.472+0400] {processor.py:157} INFO - Started process (PID=38070) to work on /home/pyretttt/repos/mlops4/env/lib/python3.10/site-packages/airflow/example_dags/example_sensors.py
[2023-11-04T21:23:39.475+0400] {processor.py:829} INFO - Processing file /home/pyretttt/repos/mlops4/env/lib/python3.10/site-packages/airflow/example_dags/example_sensors.py for tasks to queue
[2023-11-04T21:23:39.476+0400] {logging_mixin.py:151} INFO - [2023-11-04T21:23:39.475+0400] {dagbag.py:536} INFO - Filling up the DagBag from /home/pyretttt/repos/mlops4/env/lib/python3.10/site-packages/airflow/example_dags/example_sensors.py
[2023-11-04T21:23:39.489+0400] {processor.py:839} INFO - DAG(s) dict_keys(['example_sensors']) retrieved from /home/pyretttt/repos/mlops4/env/lib/python3.10/site-packages/airflow/example_dags/example_sensors.py
[2023-11-04T21:23:39.510+0400] {logging_mixin.py:151} INFO - [2023-11-04T21:23:39.510+0400] {dag.py:2941} INFO - Sync 1 DAGs
[2023-11-04T21:23:39.518+0400] {logging_mixin.py:151} INFO - [2023-11-04T21:23:39.518+0400] {dag.py:3722} INFO - Setting next_dagrun for example_sensors to None, run_after=None
[2023-11-04T21:23:39.529+0400] {processor.py:179} INFO - Processing /home/pyretttt/repos/mlops4/env/lib/python3.10/site-packages/airflow/example_dags/example_sensors.py took 0.062 seconds
[2023-11-04T21:24:25.046+0400] {processor.py:157} INFO - Started process (PID=38118) to work on /home/pyretttt/repos/mlops4/env/lib/python3.10/site-packages/airflow/example_dags/example_sensors.py
[2023-11-04T21:24:25.047+0400] {processor.py:829} INFO - Processing file /home/pyretttt/repos/mlops4/env/lib/python3.10/site-packages/airflow/example_dags/example_sensors.py for tasks to queue
[2023-11-04T21:24:25.048+0400] {logging_mixin.py:151} INFO - [2023-11-04T21:24:25.047+0400] {dagbag.py:536} INFO - Filling up the DagBag from /home/pyretttt/repos/mlops4/env/lib/python3.10/site-packages/airflow/example_dags/example_sensors.py
[2023-11-04T21:24:25.060+0400] {processor.py:839} INFO - DAG(s) dict_keys(['example_sensors']) retrieved from /home/pyretttt/repos/mlops4/env/lib/python3.10/site-packages/airflow/example_dags/example_sensors.py
[2023-11-04T21:24:25.081+0400] {logging_mixin.py:151} INFO - [2023-11-04T21:24:25.081+0400] {dag.py:2941} INFO - Sync 1 DAGs
[2023-11-04T21:24:25.090+0400] {logging_mixin.py:151} INFO - [2023-11-04T21:24:25.090+0400] {dag.py:3722} INFO - Setting next_dagrun for example_sensors to None, run_after=None
[2023-11-04T21:24:25.103+0400] {processor.py:179} INFO - Processing /home/pyretttt/repos/mlops4/env/lib/python3.10/site-packages/airflow/example_dags/example_sensors.py took 0.062 seconds
[2023-11-04T21:25:19.281+0400] {processor.py:157} INFO - Started process (PID=38171) to work on /home/pyretttt/repos/mlops4/env/lib/python3.10/site-packages/airflow/example_dags/example_sensors.py
[2023-11-04T21:25:19.283+0400] {processor.py:829} INFO - Processing file /home/pyretttt/repos/mlops4/env/lib/python3.10/site-packages/airflow/example_dags/example_sensors.py for tasks to queue
[2023-11-04T21:25:19.284+0400] {logging_mixin.py:151} INFO - [2023-11-04T21:25:19.284+0400] {dagbag.py:536} INFO - Filling up the DagBag from /home/pyretttt/repos/mlops4/env/lib/python3.10/site-packages/airflow/example_dags/example_sensors.py
[2023-11-04T21:25:19.294+0400] {processor.py:839} INFO - DAG(s) dict_keys(['example_sensors']) retrieved from /home/pyretttt/repos/mlops4/env/lib/python3.10/site-packages/airflow/example_dags/example_sensors.py
[2023-11-04T21:25:19.308+0400] {logging_mixin.py:151} INFO - [2023-11-04T21:25:19.308+0400] {dag.py:2941} INFO - Sync 1 DAGs
[2023-11-04T21:25:19.316+0400] {logging_mixin.py:151} INFO - [2023-11-04T21:25:19.316+0400] {dag.py:3722} INFO - Setting next_dagrun for example_sensors to None, run_after=None
[2023-11-04T21:25:19.330+0400] {processor.py:179} INFO - Processing /home/pyretttt/repos/mlops4/env/lib/python3.10/site-packages/airflow/example_dags/example_sensors.py took 0.053 seconds
[2023-11-04T21:26:12.629+0400] {processor.py:157} INFO - Started process (PID=38224) to work on /home/pyretttt/repos/mlops4/env/lib/python3.10/site-packages/airflow/example_dags/example_sensors.py
[2023-11-04T21:26:12.631+0400] {processor.py:829} INFO - Processing file /home/pyretttt/repos/mlops4/env/lib/python3.10/site-packages/airflow/example_dags/example_sensors.py for tasks to queue
[2023-11-04T21:26:12.633+0400] {logging_mixin.py:151} INFO - [2023-11-04T21:26:12.632+0400] {dagbag.py:536} INFO - Filling up the DagBag from /home/pyretttt/repos/mlops4/env/lib/python3.10/site-packages/airflow/example_dags/example_sensors.py
[2023-11-04T21:26:12.643+0400] {processor.py:839} INFO - DAG(s) dict_keys(['example_sensors']) retrieved from /home/pyretttt/repos/mlops4/env/lib/python3.10/site-packages/airflow/example_dags/example_sensors.py
[2023-11-04T21:26:12.661+0400] {logging_mixin.py:151} INFO - [2023-11-04T21:26:12.661+0400] {dag.py:2941} INFO - Sync 1 DAGs
[2023-11-04T21:26:12.667+0400] {logging_mixin.py:151} INFO - [2023-11-04T21:26:12.667+0400] {dag.py:3722} INFO - Setting next_dagrun for example_sensors to None, run_after=None
[2023-11-04T21:26:12.679+0400] {processor.py:179} INFO - Processing /home/pyretttt/repos/mlops4/env/lib/python3.10/site-packages/airflow/example_dags/example_sensors.py took 0.054 seconds
[2023-11-04T21:27:09.606+0400] {processor.py:157} INFO - Started process (PID=38279) to work on /home/pyretttt/repos/mlops4/env/lib/python3.10/site-packages/airflow/example_dags/example_sensors.py
[2023-11-04T21:27:09.608+0400] {processor.py:829} INFO - Processing file /home/pyretttt/repos/mlops4/env/lib/python3.10/site-packages/airflow/example_dags/example_sensors.py for tasks to queue
[2023-11-04T21:27:09.609+0400] {logging_mixin.py:151} INFO - [2023-11-04T21:27:09.608+0400] {dagbag.py:536} INFO - Filling up the DagBag from /home/pyretttt/repos/mlops4/env/lib/python3.10/site-packages/airflow/example_dags/example_sensors.py
[2023-11-04T21:27:09.621+0400] {processor.py:839} INFO - DAG(s) dict_keys(['example_sensors']) retrieved from /home/pyretttt/repos/mlops4/env/lib/python3.10/site-packages/airflow/example_dags/example_sensors.py
[2023-11-04T21:27:09.640+0400] {logging_mixin.py:151} INFO - [2023-11-04T21:27:09.639+0400] {dag.py:2941} INFO - Sync 1 DAGs
[2023-11-04T21:27:09.649+0400] {logging_mixin.py:151} INFO - [2023-11-04T21:27:09.649+0400] {dag.py:3722} INFO - Setting next_dagrun for example_sensors to None, run_after=None
[2023-11-04T21:27:09.661+0400] {processor.py:179} INFO - Processing /home/pyretttt/repos/mlops4/env/lib/python3.10/site-packages/airflow/example_dags/example_sensors.py took 0.060 seconds
[2023-11-04T21:28:02.686+0400] {processor.py:157} INFO - Started process (PID=38334) to work on /home/pyretttt/repos/mlops4/env/lib/python3.10/site-packages/airflow/example_dags/example_sensors.py
[2023-11-04T21:28:02.688+0400] {processor.py:829} INFO - Processing file /home/pyretttt/repos/mlops4/env/lib/python3.10/site-packages/airflow/example_dags/example_sensors.py for tasks to queue
[2023-11-04T21:28:02.690+0400] {logging_mixin.py:151} INFO - [2023-11-04T21:28:02.689+0400] {dagbag.py:536} INFO - Filling up the DagBag from /home/pyretttt/repos/mlops4/env/lib/python3.10/site-packages/airflow/example_dags/example_sensors.py
[2023-11-04T21:28:02.701+0400] {processor.py:839} INFO - DAG(s) dict_keys(['example_sensors']) retrieved from /home/pyretttt/repos/mlops4/env/lib/python3.10/site-packages/airflow/example_dags/example_sensors.py
[2023-11-04T21:28:02.719+0400] {logging_mixin.py:151} INFO - [2023-11-04T21:28:02.719+0400] {dag.py:2941} INFO - Sync 1 DAGs
[2023-11-04T21:28:02.727+0400] {logging_mixin.py:151} INFO - [2023-11-04T21:28:02.727+0400] {dag.py:3722} INFO - Setting next_dagrun for example_sensors to None, run_after=None
[2023-11-04T21:28:02.740+0400] {processor.py:179} INFO - Processing /home/pyretttt/repos/mlops4/env/lib/python3.10/site-packages/airflow/example_dags/example_sensors.py took 0.057 seconds
[2023-11-04T21:28:55.203+0400] {processor.py:157} INFO - Started process (PID=38405) to work on /home/pyretttt/repos/mlops4/env/lib/python3.10/site-packages/airflow/example_dags/example_sensors.py
[2023-11-04T21:28:55.205+0400] {processor.py:829} INFO - Processing file /home/pyretttt/repos/mlops4/env/lib/python3.10/site-packages/airflow/example_dags/example_sensors.py for tasks to queue
[2023-11-04T21:28:55.207+0400] {logging_mixin.py:151} INFO - [2023-11-04T21:28:55.206+0400] {dagbag.py:536} INFO - Filling up the DagBag from /home/pyretttt/repos/mlops4/env/lib/python3.10/site-packages/airflow/example_dags/example_sensors.py
[2023-11-04T21:28:55.218+0400] {processor.py:839} INFO - DAG(s) dict_keys(['example_sensors']) retrieved from /home/pyretttt/repos/mlops4/env/lib/python3.10/site-packages/airflow/example_dags/example_sensors.py
[2023-11-04T21:28:55.236+0400] {logging_mixin.py:151} INFO - [2023-11-04T21:28:55.236+0400] {dag.py:2941} INFO - Sync 1 DAGs
[2023-11-04T21:28:55.243+0400] {logging_mixin.py:151} INFO - [2023-11-04T21:28:55.243+0400] {dag.py:3722} INFO - Setting next_dagrun for example_sensors to None, run_after=None
[2023-11-04T21:28:55.257+0400] {processor.py:179} INFO - Processing /home/pyretttt/repos/mlops4/env/lib/python3.10/site-packages/airflow/example_dags/example_sensors.py took 0.058 seconds
[2023-11-04T21:29:47.173+0400] {processor.py:157} INFO - Started process (PID=38458) to work on /home/pyretttt/repos/mlops4/env/lib/python3.10/site-packages/airflow/example_dags/example_sensors.py
[2023-11-04T21:29:47.175+0400] {processor.py:829} INFO - Processing file /home/pyretttt/repos/mlops4/env/lib/python3.10/site-packages/airflow/example_dags/example_sensors.py for tasks to queue
[2023-11-04T21:29:47.176+0400] {logging_mixin.py:151} INFO - [2023-11-04T21:29:47.175+0400] {dagbag.py:536} INFO - Filling up the DagBag from /home/pyretttt/repos/mlops4/env/lib/python3.10/site-packages/airflow/example_dags/example_sensors.py
[2023-11-04T21:29:47.187+0400] {processor.py:839} INFO - DAG(s) dict_keys(['example_sensors']) retrieved from /home/pyretttt/repos/mlops4/env/lib/python3.10/site-packages/airflow/example_dags/example_sensors.py
[2023-11-04T21:29:47.204+0400] {logging_mixin.py:151} INFO - [2023-11-04T21:29:47.204+0400] {dag.py:2941} INFO - Sync 1 DAGs
[2023-11-04T21:29:47.210+0400] {logging_mixin.py:151} INFO - [2023-11-04T21:29:47.210+0400] {dag.py:3722} INFO - Setting next_dagrun for example_sensors to None, run_after=None
[2023-11-04T21:29:47.223+0400] {processor.py:179} INFO - Processing /home/pyretttt/repos/mlops4/env/lib/python3.10/site-packages/airflow/example_dags/example_sensors.py took 0.054 seconds
[2023-11-04T21:30:40.667+0400] {processor.py:157} INFO - Started process (PID=38511) to work on /home/pyretttt/repos/mlops4/env/lib/python3.10/site-packages/airflow/example_dags/example_sensors.py
[2023-11-04T21:30:40.669+0400] {processor.py:829} INFO - Processing file /home/pyretttt/repos/mlops4/env/lib/python3.10/site-packages/airflow/example_dags/example_sensors.py for tasks to queue
[2023-11-04T21:30:40.671+0400] {logging_mixin.py:151} INFO - [2023-11-04T21:30:40.670+0400] {dagbag.py:536} INFO - Filling up the DagBag from /home/pyretttt/repos/mlops4/env/lib/python3.10/site-packages/airflow/example_dags/example_sensors.py
[2023-11-04T21:30:40.681+0400] {processor.py:839} INFO - DAG(s) dict_keys(['example_sensors']) retrieved from /home/pyretttt/repos/mlops4/env/lib/python3.10/site-packages/airflow/example_dags/example_sensors.py
[2023-11-04T21:30:40.699+0400] {logging_mixin.py:151} INFO - [2023-11-04T21:30:40.699+0400] {dag.py:2941} INFO - Sync 1 DAGs
[2023-11-04T21:30:40.707+0400] {logging_mixin.py:151} INFO - [2023-11-04T21:30:40.706+0400] {dag.py:3722} INFO - Setting next_dagrun for example_sensors to None, run_after=None
[2023-11-04T21:30:40.718+0400] {processor.py:179} INFO - Processing /home/pyretttt/repos/mlops4/env/lib/python3.10/site-packages/airflow/example_dags/example_sensors.py took 0.055 seconds
[2023-11-04T21:31:36.799+0400] {processor.py:157} INFO - Started process (PID=38576) to work on /home/pyretttt/repos/mlops4/env/lib/python3.10/site-packages/airflow/example_dags/example_sensors.py
[2023-11-04T21:31:36.801+0400] {processor.py:829} INFO - Processing file /home/pyretttt/repos/mlops4/env/lib/python3.10/site-packages/airflow/example_dags/example_sensors.py for tasks to queue
[2023-11-04T21:31:36.802+0400] {logging_mixin.py:151} INFO - [2023-11-04T21:31:36.802+0400] {dagbag.py:536} INFO - Filling up the DagBag from /home/pyretttt/repos/mlops4/env/lib/python3.10/site-packages/airflow/example_dags/example_sensors.py
[2023-11-04T21:31:36.814+0400] {processor.py:839} INFO - DAG(s) dict_keys(['example_sensors']) retrieved from /home/pyretttt/repos/mlops4/env/lib/python3.10/site-packages/airflow/example_dags/example_sensors.py
[2023-11-04T21:31:36.835+0400] {logging_mixin.py:151} INFO - [2023-11-04T21:31:36.835+0400] {dag.py:2941} INFO - Sync 1 DAGs
[2023-11-04T21:31:36.843+0400] {logging_mixin.py:151} INFO - [2023-11-04T21:31:36.843+0400] {dag.py:3722} INFO - Setting next_dagrun for example_sensors to None, run_after=None
[2023-11-04T21:31:36.855+0400] {processor.py:179} INFO - Processing /home/pyretttt/repos/mlops4/env/lib/python3.10/site-packages/airflow/example_dags/example_sensors.py took 0.061 seconds
[2023-11-04T21:32:26.299+0400] {processor.py:157} INFO - Started process (PID=38626) to work on /home/pyretttt/repos/mlops4/env/lib/python3.10/site-packages/airflow/example_dags/example_sensors.py
[2023-11-04T21:32:26.301+0400] {processor.py:829} INFO - Processing file /home/pyretttt/repos/mlops4/env/lib/python3.10/site-packages/airflow/example_dags/example_sensors.py for tasks to queue
[2023-11-04T21:32:26.302+0400] {logging_mixin.py:151} INFO - [2023-11-04T21:32:26.301+0400] {dagbag.py:536} INFO - Filling up the DagBag from /home/pyretttt/repos/mlops4/env/lib/python3.10/site-packages/airflow/example_dags/example_sensors.py
[2023-11-04T21:32:26.309+0400] {processor.py:839} INFO - DAG(s) dict_keys(['example_sensors']) retrieved from /home/pyretttt/repos/mlops4/env/lib/python3.10/site-packages/airflow/example_dags/example_sensors.py
[2023-11-04T21:32:26.320+0400] {logging_mixin.py:151} INFO - [2023-11-04T21:32:26.320+0400] {dag.py:2941} INFO - Sync 1 DAGs
[2023-11-04T21:32:26.326+0400] {logging_mixin.py:151} INFO - [2023-11-04T21:32:26.326+0400] {dag.py:3722} INFO - Setting next_dagrun for example_sensors to None, run_after=None
[2023-11-04T21:32:26.339+0400] {processor.py:179} INFO - Processing /home/pyretttt/repos/mlops4/env/lib/python3.10/site-packages/airflow/example_dags/example_sensors.py took 0.056 seconds
[2023-11-04T21:33:32.153+0400] {processor.py:157} INFO - Started process (PID=38687) to work on /home/pyretttt/repos/mlops4/env/lib/python3.10/site-packages/airflow/example_dags/example_sensors.py
[2023-11-04T21:33:32.155+0400] {processor.py:829} INFO - Processing file /home/pyretttt/repos/mlops4/env/lib/python3.10/site-packages/airflow/example_dags/example_sensors.py for tasks to queue
[2023-11-04T21:33:32.157+0400] {logging_mixin.py:151} INFO - [2023-11-04T21:33:32.156+0400] {dagbag.py:536} INFO - Filling up the DagBag from /home/pyretttt/repos/mlops4/env/lib/python3.10/site-packages/airflow/example_dags/example_sensors.py
[2023-11-04T21:33:32.167+0400] {processor.py:839} INFO - DAG(s) dict_keys(['example_sensors']) retrieved from /home/pyretttt/repos/mlops4/env/lib/python3.10/site-packages/airflow/example_dags/example_sensors.py
[2023-11-04T21:33:32.184+0400] {logging_mixin.py:151} INFO - [2023-11-04T21:33:32.184+0400] {dag.py:2941} INFO - Sync 1 DAGs
[2023-11-04T21:33:32.190+0400] {logging_mixin.py:151} INFO - [2023-11-04T21:33:32.190+0400] {dag.py:3722} INFO - Setting next_dagrun for example_sensors to None, run_after=None
[2023-11-04T21:33:32.203+0400] {processor.py:179} INFO - Processing /home/pyretttt/repos/mlops4/env/lib/python3.10/site-packages/airflow/example_dags/example_sensors.py took 0.054 seconds
[2023-11-04T21:34:30.825+0400] {processor.py:157} INFO - Started process (PID=38743) to work on /home/pyretttt/repos/mlops4/env/lib/python3.10/site-packages/airflow/example_dags/example_sensors.py
[2023-11-04T21:34:30.826+0400] {processor.py:829} INFO - Processing file /home/pyretttt/repos/mlops4/env/lib/python3.10/site-packages/airflow/example_dags/example_sensors.py for tasks to queue
[2023-11-04T21:34:30.828+0400] {logging_mixin.py:151} INFO - [2023-11-04T21:34:30.827+0400] {dagbag.py:536} INFO - Filling up the DagBag from /home/pyretttt/repos/mlops4/env/lib/python3.10/site-packages/airflow/example_dags/example_sensors.py
[2023-11-04T21:34:30.838+0400] {processor.py:839} INFO - DAG(s) dict_keys(['example_sensors']) retrieved from /home/pyretttt/repos/mlops4/env/lib/python3.10/site-packages/airflow/example_dags/example_sensors.py
[2023-11-04T21:34:30.856+0400] {logging_mixin.py:151} INFO - [2023-11-04T21:34:30.855+0400] {dag.py:2941} INFO - Sync 1 DAGs
[2023-11-04T21:34:30.862+0400] {logging_mixin.py:151} INFO - [2023-11-04T21:34:30.862+0400] {dag.py:3722} INFO - Setting next_dagrun for example_sensors to None, run_after=None
[2023-11-04T21:34:30.874+0400] {processor.py:179} INFO - Processing /home/pyretttt/repos/mlops4/env/lib/python3.10/site-packages/airflow/example_dags/example_sensors.py took 0.054 seconds
[2023-11-04T21:35:31.777+0400] {processor.py:157} INFO - Started process (PID=38802) to work on /home/pyretttt/repos/mlops4/env/lib/python3.10/site-packages/airflow/example_dags/example_sensors.py
[2023-11-04T21:35:31.779+0400] {processor.py:829} INFO - Processing file /home/pyretttt/repos/mlops4/env/lib/python3.10/site-packages/airflow/example_dags/example_sensors.py for tasks to queue
[2023-11-04T21:35:31.780+0400] {logging_mixin.py:151} INFO - [2023-11-04T21:35:31.779+0400] {dagbag.py:536} INFO - Filling up the DagBag from /home/pyretttt/repos/mlops4/env/lib/python3.10/site-packages/airflow/example_dags/example_sensors.py
[2023-11-04T21:35:31.792+0400] {processor.py:839} INFO - DAG(s) dict_keys(['example_sensors']) retrieved from /home/pyretttt/repos/mlops4/env/lib/python3.10/site-packages/airflow/example_dags/example_sensors.py
[2023-11-04T21:35:31.809+0400] {logging_mixin.py:151} INFO - [2023-11-04T21:35:31.809+0400] {dag.py:2941} INFO - Sync 1 DAGs
[2023-11-04T21:35:31.815+0400] {logging_mixin.py:151} INFO - [2023-11-04T21:35:31.815+0400] {dag.py:3722} INFO - Setting next_dagrun for example_sensors to None, run_after=None
[2023-11-04T21:35:31.828+0400] {processor.py:179} INFO - Processing /home/pyretttt/repos/mlops4/env/lib/python3.10/site-packages/airflow/example_dags/example_sensors.py took 0.055 seconds
[2023-11-04T21:36:28.499+0400] {processor.py:157} INFO - Started process (PID=38857) to work on /home/pyretttt/repos/mlops4/env/lib/python3.10/site-packages/airflow/example_dags/example_sensors.py
[2023-11-04T21:36:28.501+0400] {processor.py:829} INFO - Processing file /home/pyretttt/repos/mlops4/env/lib/python3.10/site-packages/airflow/example_dags/example_sensors.py for tasks to queue
[2023-11-04T21:36:28.503+0400] {logging_mixin.py:151} INFO - [2023-11-04T21:36:28.502+0400] {dagbag.py:536} INFO - Filling up the DagBag from /home/pyretttt/repos/mlops4/env/lib/python3.10/site-packages/airflow/example_dags/example_sensors.py
[2023-11-04T21:36:28.514+0400] {processor.py:839} INFO - DAG(s) dict_keys(['example_sensors']) retrieved from /home/pyretttt/repos/mlops4/env/lib/python3.10/site-packages/airflow/example_dags/example_sensors.py
[2023-11-04T21:36:28.532+0400] {logging_mixin.py:151} INFO - [2023-11-04T21:36:28.532+0400] {dag.py:2941} INFO - Sync 1 DAGs
[2023-11-04T21:36:28.540+0400] {logging_mixin.py:151} INFO - [2023-11-04T21:36:28.540+0400] {dag.py:3722} INFO - Setting next_dagrun for example_sensors to None, run_after=None
[2023-11-04T21:36:28.554+0400] {processor.py:179} INFO - Processing /home/pyretttt/repos/mlops4/env/lib/python3.10/site-packages/airflow/example_dags/example_sensors.py took 0.059 seconds
[2023-11-04T21:37:27.537+0400] {processor.py:157} INFO - Started process (PID=38914) to work on /home/pyretttt/repos/mlops4/env/lib/python3.10/site-packages/airflow/example_dags/example_sensors.py
[2023-11-04T21:37:27.539+0400] {processor.py:829} INFO - Processing file /home/pyretttt/repos/mlops4/env/lib/python3.10/site-packages/airflow/example_dags/example_sensors.py for tasks to queue
[2023-11-04T21:37:27.540+0400] {logging_mixin.py:151} INFO - [2023-11-04T21:37:27.539+0400] {dagbag.py:536} INFO - Filling up the DagBag from /home/pyretttt/repos/mlops4/env/lib/python3.10/site-packages/airflow/example_dags/example_sensors.py
[2023-11-04T21:37:27.552+0400] {processor.py:839} INFO - DAG(s) dict_keys(['example_sensors']) retrieved from /home/pyretttt/repos/mlops4/env/lib/python3.10/site-packages/airflow/example_dags/example_sensors.py
[2023-11-04T21:37:27.569+0400] {logging_mixin.py:151} INFO - [2023-11-04T21:37:27.568+0400] {dag.py:2941} INFO - Sync 1 DAGs
[2023-11-04T21:37:27.575+0400] {logging_mixin.py:151} INFO - [2023-11-04T21:37:27.575+0400] {dag.py:3722} INFO - Setting next_dagrun for example_sensors to None, run_after=None
[2023-11-04T21:37:27.587+0400] {processor.py:179} INFO - Processing /home/pyretttt/repos/mlops4/env/lib/python3.10/site-packages/airflow/example_dags/example_sensors.py took 0.054 seconds
[2023-11-04T21:38:29.973+0400] {processor.py:157} INFO - Started process (PID=38971) to work on /home/pyretttt/repos/mlops4/env/lib/python3.10/site-packages/airflow/example_dags/example_sensors.py
[2023-11-04T21:38:29.975+0400] {processor.py:829} INFO - Processing file /home/pyretttt/repos/mlops4/env/lib/python3.10/site-packages/airflow/example_dags/example_sensors.py for tasks to queue
[2023-11-04T21:38:29.976+0400] {logging_mixin.py:151} INFO - [2023-11-04T21:38:29.975+0400] {dagbag.py:536} INFO - Filling up the DagBag from /home/pyretttt/repos/mlops4/env/lib/python3.10/site-packages/airflow/example_dags/example_sensors.py
[2023-11-04T21:38:29.987+0400] {processor.py:839} INFO - DAG(s) dict_keys(['example_sensors']) retrieved from /home/pyretttt/repos/mlops4/env/lib/python3.10/site-packages/airflow/example_dags/example_sensors.py
[2023-11-04T21:38:30.005+0400] {logging_mixin.py:151} INFO - [2023-11-04T21:38:30.005+0400] {dag.py:2941} INFO - Sync 1 DAGs
[2023-11-04T21:38:30.013+0400] {logging_mixin.py:151} INFO - [2023-11-04T21:38:30.013+0400] {dag.py:3722} INFO - Setting next_dagrun for example_sensors to None, run_after=None
[2023-11-04T21:38:30.026+0400] {processor.py:179} INFO - Processing /home/pyretttt/repos/mlops4/env/lib/python3.10/site-packages/airflow/example_dags/example_sensors.py took 0.057 seconds
[2023-11-04T21:39:31.827+0400] {processor.py:157} INFO - Started process (PID=39031) to work on /home/pyretttt/repos/mlops4/env/lib/python3.10/site-packages/airflow/example_dags/example_sensors.py
[2023-11-04T21:39:31.829+0400] {processor.py:829} INFO - Processing file /home/pyretttt/repos/mlops4/env/lib/python3.10/site-packages/airflow/example_dags/example_sensors.py for tasks to queue
[2023-11-04T21:39:31.830+0400] {logging_mixin.py:151} INFO - [2023-11-04T21:39:31.829+0400] {dagbag.py:536} INFO - Filling up the DagBag from /home/pyretttt/repos/mlops4/env/lib/python3.10/site-packages/airflow/example_dags/example_sensors.py
[2023-11-04T21:39:31.841+0400] {processor.py:839} INFO - DAG(s) dict_keys(['example_sensors']) retrieved from /home/pyretttt/repos/mlops4/env/lib/python3.10/site-packages/airflow/example_dags/example_sensors.py
[2023-11-04T21:39:31.858+0400] {logging_mixin.py:151} INFO - [2023-11-04T21:39:31.858+0400] {dag.py:2941} INFO - Sync 1 DAGs
[2023-11-04T21:39:31.865+0400] {logging_mixin.py:151} INFO - [2023-11-04T21:39:31.865+0400] {dag.py:3722} INFO - Setting next_dagrun for example_sensors to None, run_after=None
[2023-11-04T21:39:31.876+0400] {processor.py:179} INFO - Processing /home/pyretttt/repos/mlops4/env/lib/python3.10/site-packages/airflow/example_dags/example_sensors.py took 0.054 seconds
[2023-11-04T21:40:31.683+0400] {processor.py:157} INFO - Started process (PID=39087) to work on /home/pyretttt/repos/mlops4/env/lib/python3.10/site-packages/airflow/example_dags/example_sensors.py
[2023-11-04T21:40:31.685+0400] {processor.py:829} INFO - Processing file /home/pyretttt/repos/mlops4/env/lib/python3.10/site-packages/airflow/example_dags/example_sensors.py for tasks to queue
[2023-11-04T21:40:31.686+0400] {logging_mixin.py:151} INFO - [2023-11-04T21:40:31.686+0400] {dagbag.py:536} INFO - Filling up the DagBag from /home/pyretttt/repos/mlops4/env/lib/python3.10/site-packages/airflow/example_dags/example_sensors.py
[2023-11-04T21:40:31.697+0400] {processor.py:839} INFO - DAG(s) dict_keys(['example_sensors']) retrieved from /home/pyretttt/repos/mlops4/env/lib/python3.10/site-packages/airflow/example_dags/example_sensors.py
[2023-11-04T21:40:31.715+0400] {logging_mixin.py:151} INFO - [2023-11-04T21:40:31.715+0400] {dag.py:2941} INFO - Sync 1 DAGs
[2023-11-04T21:40:31.723+0400] {logging_mixin.py:151} INFO - [2023-11-04T21:40:31.723+0400] {dag.py:3722} INFO - Setting next_dagrun for example_sensors to None, run_after=None
[2023-11-04T21:40:31.734+0400] {processor.py:179} INFO - Processing /home/pyretttt/repos/mlops4/env/lib/python3.10/site-packages/airflow/example_dags/example_sensors.py took 0.055 seconds
[2023-11-04T21:41:39.824+0400] {processor.py:157} INFO - Started process (PID=39149) to work on /home/pyretttt/repos/mlops4/env/lib/python3.10/site-packages/airflow/example_dags/example_sensors.py
[2023-11-04T21:41:39.826+0400] {processor.py:829} INFO - Processing file /home/pyretttt/repos/mlops4/env/lib/python3.10/site-packages/airflow/example_dags/example_sensors.py for tasks to queue
[2023-11-04T21:41:39.827+0400] {logging_mixin.py:151} INFO - [2023-11-04T21:41:39.826+0400] {dagbag.py:536} INFO - Filling up the DagBag from /home/pyretttt/repos/mlops4/env/lib/python3.10/site-packages/airflow/example_dags/example_sensors.py
[2023-11-04T21:41:39.838+0400] {processor.py:839} INFO - DAG(s) dict_keys(['example_sensors']) retrieved from /home/pyretttt/repos/mlops4/env/lib/python3.10/site-packages/airflow/example_dags/example_sensors.py
[2023-11-04T21:41:39.856+0400] {logging_mixin.py:151} INFO - [2023-11-04T21:41:39.855+0400] {dag.py:2941} INFO - Sync 1 DAGs
[2023-11-04T21:41:39.862+0400] {logging_mixin.py:151} INFO - [2023-11-04T21:41:39.862+0400] {dag.py:3722} INFO - Setting next_dagrun for example_sensors to None, run_after=None
[2023-11-04T21:41:39.874+0400] {processor.py:179} INFO - Processing /home/pyretttt/repos/mlops4/env/lib/python3.10/site-packages/airflow/example_dags/example_sensors.py took 0.054 seconds
[2023-11-04T21:42:37.534+0400] {processor.py:157} INFO - Started process (PID=39206) to work on /home/pyretttt/repos/mlops4/env/lib/python3.10/site-packages/airflow/example_dags/example_sensors.py
[2023-11-04T21:42:37.536+0400] {processor.py:829} INFO - Processing file /home/pyretttt/repos/mlops4/env/lib/python3.10/site-packages/airflow/example_dags/example_sensors.py for tasks to queue
[2023-11-04T21:42:37.537+0400] {logging_mixin.py:151} INFO - [2023-11-04T21:42:37.536+0400] {dagbag.py:536} INFO - Filling up the DagBag from /home/pyretttt/repos/mlops4/env/lib/python3.10/site-packages/airflow/example_dags/example_sensors.py
[2023-11-04T21:42:37.549+0400] {processor.py:839} INFO - DAG(s) dict_keys(['example_sensors']) retrieved from /home/pyretttt/repos/mlops4/env/lib/python3.10/site-packages/airflow/example_dags/example_sensors.py
[2023-11-04T21:42:37.566+0400] {logging_mixin.py:151} INFO - [2023-11-04T21:42:37.566+0400] {dag.py:2941} INFO - Sync 1 DAGs
[2023-11-04T21:42:37.572+0400] {logging_mixin.py:151} INFO - [2023-11-04T21:42:37.572+0400] {dag.py:3722} INFO - Setting next_dagrun for example_sensors to None, run_after=None
[2023-11-04T21:42:37.584+0400] {processor.py:179} INFO - Processing /home/pyretttt/repos/mlops4/env/lib/python3.10/site-packages/airflow/example_dags/example_sensors.py took 0.055 seconds
[2023-11-04T21:43:29.619+0400] {processor.py:157} INFO - Started process (PID=39259) to work on /home/pyretttt/repos/mlops4/env/lib/python3.10/site-packages/airflow/example_dags/example_sensors.py
[2023-11-04T21:43:29.620+0400] {processor.py:829} INFO - Processing file /home/pyretttt/repos/mlops4/env/lib/python3.10/site-packages/airflow/example_dags/example_sensors.py for tasks to queue
[2023-11-04T21:43:29.621+0400] {logging_mixin.py:151} INFO - [2023-11-04T21:43:29.621+0400] {dagbag.py:536} INFO - Filling up the DagBag from /home/pyretttt/repos/mlops4/env/lib/python3.10/site-packages/airflow/example_dags/example_sensors.py
[2023-11-04T21:43:29.629+0400] {processor.py:839} INFO - DAG(s) dict_keys(['example_sensors']) retrieved from /home/pyretttt/repos/mlops4/env/lib/python3.10/site-packages/airflow/example_dags/example_sensors.py
[2023-11-04T21:43:29.644+0400] {logging_mixin.py:151} INFO - [2023-11-04T21:43:29.644+0400] {dag.py:2941} INFO - Sync 1 DAGs
[2023-11-04T21:43:29.651+0400] {logging_mixin.py:151} INFO - [2023-11-04T21:43:29.651+0400] {dag.py:3722} INFO - Setting next_dagrun for example_sensors to None, run_after=None
[2023-11-04T21:43:29.667+0400] {processor.py:179} INFO - Processing /home/pyretttt/repos/mlops4/env/lib/python3.10/site-packages/airflow/example_dags/example_sensors.py took 0.050 seconds
[2023-11-04T21:44:21.668+0400] {processor.py:157} INFO - Started process (PID=39311) to work on /home/pyretttt/repos/mlops4/env/lib/python3.10/site-packages/airflow/example_dags/example_sensors.py
[2023-11-04T21:44:21.670+0400] {processor.py:829} INFO - Processing file /home/pyretttt/repos/mlops4/env/lib/python3.10/site-packages/airflow/example_dags/example_sensors.py for tasks to queue
[2023-11-04T21:44:21.671+0400] {logging_mixin.py:151} INFO - [2023-11-04T21:44:21.671+0400] {dagbag.py:536} INFO - Filling up the DagBag from /home/pyretttt/repos/mlops4/env/lib/python3.10/site-packages/airflow/example_dags/example_sensors.py
[2023-11-04T21:44:21.684+0400] {processor.py:839} INFO - DAG(s) dict_keys(['example_sensors']) retrieved from /home/pyretttt/repos/mlops4/env/lib/python3.10/site-packages/airflow/example_dags/example_sensors.py
[2023-11-04T21:44:21.704+0400] {logging_mixin.py:151} INFO - [2023-11-04T21:44:21.703+0400] {dag.py:2941} INFO - Sync 1 DAGs
[2023-11-04T21:44:21.710+0400] {logging_mixin.py:151} INFO - [2023-11-04T21:44:21.710+0400] {dag.py:3722} INFO - Setting next_dagrun for example_sensors to None, run_after=None
[2023-11-04T21:44:21.723+0400] {processor.py:179} INFO - Processing /home/pyretttt/repos/mlops4/env/lib/python3.10/site-packages/airflow/example_dags/example_sensors.py took 0.060 seconds
[2023-11-04T21:45:18.457+0400] {processor.py:157} INFO - Started process (PID=39366) to work on /home/pyretttt/repos/mlops4/env/lib/python3.10/site-packages/airflow/example_dags/example_sensors.py
[2023-11-04T21:45:18.459+0400] {processor.py:829} INFO - Processing file /home/pyretttt/repos/mlops4/env/lib/python3.10/site-packages/airflow/example_dags/example_sensors.py for tasks to queue
[2023-11-04T21:45:18.460+0400] {logging_mixin.py:151} INFO - [2023-11-04T21:45:18.459+0400] {dagbag.py:536} INFO - Filling up the DagBag from /home/pyretttt/repos/mlops4/env/lib/python3.10/site-packages/airflow/example_dags/example_sensors.py
[2023-11-04T21:45:18.471+0400] {processor.py:839} INFO - DAG(s) dict_keys(['example_sensors']) retrieved from /home/pyretttt/repos/mlops4/env/lib/python3.10/site-packages/airflow/example_dags/example_sensors.py
[2023-11-04T21:45:18.489+0400] {logging_mixin.py:151} INFO - [2023-11-04T21:45:18.489+0400] {dag.py:2941} INFO - Sync 1 DAGs
[2023-11-04T21:45:18.495+0400] {logging_mixin.py:151} INFO - [2023-11-04T21:45:18.495+0400] {dag.py:3722} INFO - Setting next_dagrun for example_sensors to None, run_after=None
[2023-11-04T21:45:18.507+0400] {processor.py:179} INFO - Processing /home/pyretttt/repos/mlops4/env/lib/python3.10/site-packages/airflow/example_dags/example_sensors.py took 0.054 seconds
[2023-11-04T21:46:10.836+0400] {processor.py:157} INFO - Started process (PID=39419) to work on /home/pyretttt/repos/mlops4/env/lib/python3.10/site-packages/airflow/example_dags/example_sensors.py
[2023-11-04T21:46:10.838+0400] {processor.py:829} INFO - Processing file /home/pyretttt/repos/mlops4/env/lib/python3.10/site-packages/airflow/example_dags/example_sensors.py for tasks to queue
[2023-11-04T21:46:10.840+0400] {logging_mixin.py:151} INFO - [2023-11-04T21:46:10.839+0400] {dagbag.py:536} INFO - Filling up the DagBag from /home/pyretttt/repos/mlops4/env/lib/python3.10/site-packages/airflow/example_dags/example_sensors.py
[2023-11-04T21:46:10.850+0400] {processor.py:839} INFO - DAG(s) dict_keys(['example_sensors']) retrieved from /home/pyretttt/repos/mlops4/env/lib/python3.10/site-packages/airflow/example_dags/example_sensors.py
[2023-11-04T21:46:10.868+0400] {logging_mixin.py:151} INFO - [2023-11-04T21:46:10.867+0400] {dag.py:2941} INFO - Sync 1 DAGs
[2023-11-04T21:46:10.874+0400] {logging_mixin.py:151} INFO - [2023-11-04T21:46:10.874+0400] {dag.py:3722} INFO - Setting next_dagrun for example_sensors to None, run_after=None
[2023-11-04T21:46:10.886+0400] {processor.py:179} INFO - Processing /home/pyretttt/repos/mlops4/env/lib/python3.10/site-packages/airflow/example_dags/example_sensors.py took 0.053 seconds
[2023-11-04T21:47:04.128+0400] {processor.py:157} INFO - Started process (PID=39473) to work on /home/pyretttt/repos/mlops4/env/lib/python3.10/site-packages/airflow/example_dags/example_sensors.py
[2023-11-04T21:47:04.130+0400] {processor.py:829} INFO - Processing file /home/pyretttt/repos/mlops4/env/lib/python3.10/site-packages/airflow/example_dags/example_sensors.py for tasks to queue
[2023-11-04T21:47:04.132+0400] {logging_mixin.py:151} INFO - [2023-11-04T21:47:04.131+0400] {dagbag.py:536} INFO - Filling up the DagBag from /home/pyretttt/repos/mlops4/env/lib/python3.10/site-packages/airflow/example_dags/example_sensors.py
[2023-11-04T21:47:04.146+0400] {processor.py:839} INFO - DAG(s) dict_keys(['example_sensors']) retrieved from /home/pyretttt/repos/mlops4/env/lib/python3.10/site-packages/airflow/example_dags/example_sensors.py
[2023-11-04T21:47:04.166+0400] {logging_mixin.py:151} INFO - [2023-11-04T21:47:04.166+0400] {dag.py:2941} INFO - Sync 1 DAGs
[2023-11-04T21:47:04.172+0400] {logging_mixin.py:151} INFO - [2023-11-04T21:47:04.172+0400] {dag.py:3722} INFO - Setting next_dagrun for example_sensors to None, run_after=None
[2023-11-04T21:47:04.185+0400] {processor.py:179} INFO - Processing /home/pyretttt/repos/mlops4/env/lib/python3.10/site-packages/airflow/example_dags/example_sensors.py took 0.062 seconds
[2023-11-04T21:47:53.494+0400] {processor.py:157} INFO - Started process (PID=39524) to work on /home/pyretttt/repos/mlops4/env/lib/python3.10/site-packages/airflow/example_dags/example_sensors.py
[2023-11-04T21:47:53.496+0400] {processor.py:829} INFO - Processing file /home/pyretttt/repos/mlops4/env/lib/python3.10/site-packages/airflow/example_dags/example_sensors.py for tasks to queue
[2023-11-04T21:47:53.498+0400] {logging_mixin.py:151} INFO - [2023-11-04T21:47:53.497+0400] {dagbag.py:536} INFO - Filling up the DagBag from /home/pyretttt/repos/mlops4/env/lib/python3.10/site-packages/airflow/example_dags/example_sensors.py
[2023-11-04T21:47:53.509+0400] {processor.py:839} INFO - DAG(s) dict_keys(['example_sensors']) retrieved from /home/pyretttt/repos/mlops4/env/lib/python3.10/site-packages/airflow/example_dags/example_sensors.py
[2023-11-04T21:47:53.526+0400] {logging_mixin.py:151} INFO - [2023-11-04T21:47:53.526+0400] {dag.py:2941} INFO - Sync 1 DAGs
[2023-11-04T21:47:53.532+0400] {logging_mixin.py:151} INFO - [2023-11-04T21:47:53.532+0400] {dag.py:3722} INFO - Setting next_dagrun for example_sensors to None, run_after=None
[2023-11-04T21:47:53.544+0400] {processor.py:179} INFO - Processing /home/pyretttt/repos/mlops4/env/lib/python3.10/site-packages/airflow/example_dags/example_sensors.py took 0.054 seconds
[2023-11-04T21:48:41.107+0400] {processor.py:157} INFO - Started process (PID=39573) to work on /home/pyretttt/repos/mlops4/env/lib/python3.10/site-packages/airflow/example_dags/example_sensors.py
[2023-11-04T21:48:41.109+0400] {processor.py:829} INFO - Processing file /home/pyretttt/repos/mlops4/env/lib/python3.10/site-packages/airflow/example_dags/example_sensors.py for tasks to queue
[2023-11-04T21:48:41.111+0400] {logging_mixin.py:151} INFO - [2023-11-04T21:48:41.110+0400] {dagbag.py:536} INFO - Filling up the DagBag from /home/pyretttt/repos/mlops4/env/lib/python3.10/site-packages/airflow/example_dags/example_sensors.py
[2023-11-04T21:48:41.122+0400] {processor.py:839} INFO - DAG(s) dict_keys(['example_sensors']) retrieved from /home/pyretttt/repos/mlops4/env/lib/python3.10/site-packages/airflow/example_dags/example_sensors.py
[2023-11-04T21:48:41.139+0400] {logging_mixin.py:151} INFO - [2023-11-04T21:48:41.139+0400] {dag.py:2941} INFO - Sync 1 DAGs
[2023-11-04T21:48:41.146+0400] {logging_mixin.py:151} INFO - [2023-11-04T21:48:41.145+0400] {dag.py:3722} INFO - Setting next_dagrun for example_sensors to None, run_after=None
[2023-11-04T21:48:41.158+0400] {processor.py:179} INFO - Processing /home/pyretttt/repos/mlops4/env/lib/python3.10/site-packages/airflow/example_dags/example_sensors.py took 0.054 seconds
[2023-11-04T21:49:33.843+0400] {processor.py:157} INFO - Started process (PID=39625) to work on /home/pyretttt/repos/mlops4/env/lib/python3.10/site-packages/airflow/example_dags/example_sensors.py
[2023-11-04T21:49:33.845+0400] {processor.py:829} INFO - Processing file /home/pyretttt/repos/mlops4/env/lib/python3.10/site-packages/airflow/example_dags/example_sensors.py for tasks to queue
[2023-11-04T21:49:33.846+0400] {logging_mixin.py:151} INFO - [2023-11-04T21:49:33.845+0400] {dagbag.py:536} INFO - Filling up the DagBag from /home/pyretttt/repos/mlops4/env/lib/python3.10/site-packages/airflow/example_dags/example_sensors.py
[2023-11-04T21:49:33.857+0400] {processor.py:839} INFO - DAG(s) dict_keys(['example_sensors']) retrieved from /home/pyretttt/repos/mlops4/env/lib/python3.10/site-packages/airflow/example_dags/example_sensors.py
[2023-11-04T21:49:33.875+0400] {logging_mixin.py:151} INFO - [2023-11-04T21:49:33.875+0400] {dag.py:2941} INFO - Sync 1 DAGs
[2023-11-04T21:49:33.883+0400] {logging_mixin.py:151} INFO - [2023-11-04T21:49:33.883+0400] {dag.py:3722} INFO - Setting next_dagrun for example_sensors to None, run_after=None
[2023-11-04T21:49:33.895+0400] {processor.py:179} INFO - Processing /home/pyretttt/repos/mlops4/env/lib/python3.10/site-packages/airflow/example_dags/example_sensors.py took 0.056 seconds
[2023-11-04T21:50:30.866+0400] {processor.py:157} INFO - Started process (PID=39682) to work on /home/pyretttt/repos/mlops4/env/lib/python3.10/site-packages/airflow/example_dags/example_sensors.py
[2023-11-04T21:50:30.867+0400] {processor.py:829} INFO - Processing file /home/pyretttt/repos/mlops4/env/lib/python3.10/site-packages/airflow/example_dags/example_sensors.py for tasks to queue
[2023-11-04T21:50:30.867+0400] {logging_mixin.py:151} INFO - [2023-11-04T21:50:30.867+0400] {dagbag.py:536} INFO - Filling up the DagBag from /home/pyretttt/repos/mlops4/env/lib/python3.10/site-packages/airflow/example_dags/example_sensors.py
[2023-11-04T21:50:30.873+0400] {processor.py:839} INFO - DAG(s) dict_keys(['example_sensors']) retrieved from /home/pyretttt/repos/mlops4/env/lib/python3.10/site-packages/airflow/example_dags/example_sensors.py
[2023-11-04T21:50:30.884+0400] {logging_mixin.py:151} INFO - [2023-11-04T21:50:30.884+0400] {dag.py:2941} INFO - Sync 1 DAGs
[2023-11-04T21:50:30.890+0400] {logging_mixin.py:151} INFO - [2023-11-04T21:50:30.890+0400] {dag.py:3722} INFO - Setting next_dagrun for example_sensors to None, run_after=None
[2023-11-04T21:50:30.903+0400] {processor.py:179} INFO - Processing /home/pyretttt/repos/mlops4/env/lib/python3.10/site-packages/airflow/example_dags/example_sensors.py took 0.039 seconds
[2023-11-04T21:51:23.001+0400] {processor.py:157} INFO - Started process (PID=39734) to work on /home/pyretttt/repos/mlops4/env/lib/python3.10/site-packages/airflow/example_dags/example_sensors.py
[2023-11-04T21:51:23.003+0400] {processor.py:829} INFO - Processing file /home/pyretttt/repos/mlops4/env/lib/python3.10/site-packages/airflow/example_dags/example_sensors.py for tasks to queue
[2023-11-04T21:51:23.004+0400] {logging_mixin.py:151} INFO - [2023-11-04T21:51:23.003+0400] {dagbag.py:536} INFO - Filling up the DagBag from /home/pyretttt/repos/mlops4/env/lib/python3.10/site-packages/airflow/example_dags/example_sensors.py
[2023-11-04T21:51:23.016+0400] {processor.py:839} INFO - DAG(s) dict_keys(['example_sensors']) retrieved from /home/pyretttt/repos/mlops4/env/lib/python3.10/site-packages/airflow/example_dags/example_sensors.py
[2023-11-04T21:51:23.037+0400] {logging_mixin.py:151} INFO - [2023-11-04T21:51:23.036+0400] {dag.py:2941} INFO - Sync 1 DAGs
[2023-11-04T21:51:23.047+0400] {logging_mixin.py:151} INFO - [2023-11-04T21:51:23.047+0400] {dag.py:3722} INFO - Setting next_dagrun for example_sensors to None, run_after=None
[2023-11-04T21:51:23.066+0400] {processor.py:179} INFO - Processing /home/pyretttt/repos/mlops4/env/lib/python3.10/site-packages/airflow/example_dags/example_sensors.py took 0.068 seconds
[2023-11-04T21:52:13.704+0400] {processor.py:157} INFO - Started process (PID=39786) to work on /home/pyretttt/repos/mlops4/env/lib/python3.10/site-packages/airflow/example_dags/example_sensors.py
[2023-11-04T21:52:13.706+0400] {processor.py:829} INFO - Processing file /home/pyretttt/repos/mlops4/env/lib/python3.10/site-packages/airflow/example_dags/example_sensors.py for tasks to queue
[2023-11-04T21:52:13.707+0400] {logging_mixin.py:151} INFO - [2023-11-04T21:52:13.707+0400] {dagbag.py:536} INFO - Filling up the DagBag from /home/pyretttt/repos/mlops4/env/lib/python3.10/site-packages/airflow/example_dags/example_sensors.py
[2023-11-04T21:52:13.719+0400] {processor.py:839} INFO - DAG(s) dict_keys(['example_sensors']) retrieved from /home/pyretttt/repos/mlops4/env/lib/python3.10/site-packages/airflow/example_dags/example_sensors.py
[2023-11-04T21:52:13.738+0400] {logging_mixin.py:151} INFO - [2023-11-04T21:52:13.738+0400] {dag.py:2941} INFO - Sync 1 DAGs
[2023-11-04T21:52:13.745+0400] {logging_mixin.py:151} INFO - [2023-11-04T21:52:13.745+0400] {dag.py:3722} INFO - Setting next_dagrun for example_sensors to None, run_after=None
[2023-11-04T21:52:13.757+0400] {processor.py:179} INFO - Processing /home/pyretttt/repos/mlops4/env/lib/python3.10/site-packages/airflow/example_dags/example_sensors.py took 0.057 seconds
[2023-11-04T21:53:04.069+0400] {processor.py:157} INFO - Started process (PID=39837) to work on /home/pyretttt/repos/mlops4/env/lib/python3.10/site-packages/airflow/example_dags/example_sensors.py
[2023-11-04T21:53:04.071+0400] {processor.py:829} INFO - Processing file /home/pyretttt/repos/mlops4/env/lib/python3.10/site-packages/airflow/example_dags/example_sensors.py for tasks to queue
[2023-11-04T21:53:04.072+0400] {logging_mixin.py:151} INFO - [2023-11-04T21:53:04.071+0400] {dagbag.py:536} INFO - Filling up the DagBag from /home/pyretttt/repos/mlops4/env/lib/python3.10/site-packages/airflow/example_dags/example_sensors.py
[2023-11-04T21:53:04.083+0400] {processor.py:839} INFO - DAG(s) dict_keys(['example_sensors']) retrieved from /home/pyretttt/repos/mlops4/env/lib/python3.10/site-packages/airflow/example_dags/example_sensors.py
[2023-11-04T21:53:04.100+0400] {logging_mixin.py:151} INFO - [2023-11-04T21:53:04.100+0400] {dag.py:2941} INFO - Sync 1 DAGs
[2023-11-04T21:53:04.106+0400] {logging_mixin.py:151} INFO - [2023-11-04T21:53:04.106+0400] {dag.py:3722} INFO - Setting next_dagrun for example_sensors to None, run_after=None
[2023-11-04T21:53:04.118+0400] {processor.py:179} INFO - Processing /home/pyretttt/repos/mlops4/env/lib/python3.10/site-packages/airflow/example_dags/example_sensors.py took 0.053 seconds
[2023-11-04T21:53:58.014+0400] {processor.py:157} INFO - Started process (PID=39891) to work on /home/pyretttt/repos/mlops4/env/lib/python3.10/site-packages/airflow/example_dags/example_sensors.py
[2023-11-04T21:53:58.016+0400] {processor.py:829} INFO - Processing file /home/pyretttt/repos/mlops4/env/lib/python3.10/site-packages/airflow/example_dags/example_sensors.py for tasks to queue
[2023-11-04T21:53:58.018+0400] {logging_mixin.py:151} INFO - [2023-11-04T21:53:58.017+0400] {dagbag.py:536} INFO - Filling up the DagBag from /home/pyretttt/repos/mlops4/env/lib/python3.10/site-packages/airflow/example_dags/example_sensors.py
[2023-11-04T21:53:58.031+0400] {processor.py:839} INFO - DAG(s) dict_keys(['example_sensors']) retrieved from /home/pyretttt/repos/mlops4/env/lib/python3.10/site-packages/airflow/example_dags/example_sensors.py
[2023-11-04T21:53:58.052+0400] {logging_mixin.py:151} INFO - [2023-11-04T21:53:58.052+0400] {dag.py:2941} INFO - Sync 1 DAGs
[2023-11-04T21:53:58.061+0400] {logging_mixin.py:151} INFO - [2023-11-04T21:53:58.061+0400] {dag.py:3722} INFO - Setting next_dagrun for example_sensors to None, run_after=None
[2023-11-04T21:53:58.073+0400] {processor.py:179} INFO - Processing /home/pyretttt/repos/mlops4/env/lib/python3.10/site-packages/airflow/example_dags/example_sensors.py took 0.064 seconds
[2023-11-04T21:54:53.038+0400] {processor.py:157} INFO - Started process (PID=39944) to work on /home/pyretttt/repos/mlops4/env/lib/python3.10/site-packages/airflow/example_dags/example_sensors.py
[2023-11-04T21:54:53.040+0400] {processor.py:829} INFO - Processing file /home/pyretttt/repos/mlops4/env/lib/python3.10/site-packages/airflow/example_dags/example_sensors.py for tasks to queue
[2023-11-04T21:54:53.041+0400] {logging_mixin.py:151} INFO - [2023-11-04T21:54:53.041+0400] {dagbag.py:536} INFO - Filling up the DagBag from /home/pyretttt/repos/mlops4/env/lib/python3.10/site-packages/airflow/example_dags/example_sensors.py
[2023-11-04T21:54:53.051+0400] {processor.py:839} INFO - DAG(s) dict_keys(['example_sensors']) retrieved from /home/pyretttt/repos/mlops4/env/lib/python3.10/site-packages/airflow/example_dags/example_sensors.py
[2023-11-04T21:54:53.073+0400] {logging_mixin.py:151} INFO - [2023-11-04T21:54:53.073+0400] {dag.py:2941} INFO - Sync 1 DAGs
[2023-11-04T21:54:53.084+0400] {logging_mixin.py:151} INFO - [2023-11-04T21:54:53.083+0400] {dag.py:3722} INFO - Setting next_dagrun for example_sensors to None, run_after=None
[2023-11-04T21:54:53.101+0400] {processor.py:179} INFO - Processing /home/pyretttt/repos/mlops4/env/lib/python3.10/site-packages/airflow/example_dags/example_sensors.py took 0.067 seconds
[2023-11-04T21:55:41.145+0400] {processor.py:157} INFO - Started process (PID=39996) to work on /home/pyretttt/repos/mlops4/env/lib/python3.10/site-packages/airflow/example_dags/example_sensors.py
[2023-11-04T21:55:41.146+0400] {processor.py:829} INFO - Processing file /home/pyretttt/repos/mlops4/env/lib/python3.10/site-packages/airflow/example_dags/example_sensors.py for tasks to queue
[2023-11-04T21:55:41.147+0400] {logging_mixin.py:151} INFO - [2023-11-04T21:55:41.147+0400] {dagbag.py:536} INFO - Filling up the DagBag from /home/pyretttt/repos/mlops4/env/lib/python3.10/site-packages/airflow/example_dags/example_sensors.py
[2023-11-04T21:55:41.156+0400] {processor.py:839} INFO - DAG(s) dict_keys(['example_sensors']) retrieved from /home/pyretttt/repos/mlops4/env/lib/python3.10/site-packages/airflow/example_dags/example_sensors.py
[2023-11-04T21:55:41.175+0400] {logging_mixin.py:151} INFO - [2023-11-04T21:55:41.175+0400] {dag.py:2941} INFO - Sync 1 DAGs
[2023-11-04T21:55:41.184+0400] {logging_mixin.py:151} INFO - [2023-11-04T21:55:41.184+0400] {dag.py:3722} INFO - Setting next_dagrun for example_sensors to None, run_after=None
[2023-11-04T21:55:41.201+0400] {processor.py:179} INFO - Processing /home/pyretttt/repos/mlops4/env/lib/python3.10/site-packages/airflow/example_dags/example_sensors.py took 0.060 seconds
[2023-11-04T21:56:33.030+0400] {processor.py:157} INFO - Started process (PID=40047) to work on /home/pyretttt/repos/mlops4/env/lib/python3.10/site-packages/airflow/example_dags/example_sensors.py
[2023-11-04T21:56:33.031+0400] {processor.py:829} INFO - Processing file /home/pyretttt/repos/mlops4/env/lib/python3.10/site-packages/airflow/example_dags/example_sensors.py for tasks to queue
[2023-11-04T21:56:33.033+0400] {logging_mixin.py:151} INFO - [2023-11-04T21:56:33.032+0400] {dagbag.py:536} INFO - Filling up the DagBag from /home/pyretttt/repos/mlops4/env/lib/python3.10/site-packages/airflow/example_dags/example_sensors.py
[2023-11-04T21:56:33.043+0400] {processor.py:839} INFO - DAG(s) dict_keys(['example_sensors']) retrieved from /home/pyretttt/repos/mlops4/env/lib/python3.10/site-packages/airflow/example_dags/example_sensors.py
[2023-11-04T21:56:33.063+0400] {logging_mixin.py:151} INFO - [2023-11-04T21:56:33.063+0400] {dag.py:2941} INFO - Sync 1 DAGs
[2023-11-04T21:56:33.072+0400] {logging_mixin.py:151} INFO - [2023-11-04T21:56:33.072+0400] {dag.py:3722} INFO - Setting next_dagrun for example_sensors to None, run_after=None
[2023-11-04T21:56:33.088+0400] {processor.py:179} INFO - Processing /home/pyretttt/repos/mlops4/env/lib/python3.10/site-packages/airflow/example_dags/example_sensors.py took 0.062 seconds
[2023-11-04T21:57:29.110+0400] {processor.py:157} INFO - Started process (PID=40102) to work on /home/pyretttt/repos/mlops4/env/lib/python3.10/site-packages/airflow/example_dags/example_sensors.py
[2023-11-04T21:57:29.112+0400] {processor.py:829} INFO - Processing file /home/pyretttt/repos/mlops4/env/lib/python3.10/site-packages/airflow/example_dags/example_sensors.py for tasks to queue
[2023-11-04T21:57:29.113+0400] {logging_mixin.py:151} INFO - [2023-11-04T21:57:29.112+0400] {dagbag.py:536} INFO - Filling up the DagBag from /home/pyretttt/repos/mlops4/env/lib/python3.10/site-packages/airflow/example_dags/example_sensors.py
[2023-11-04T21:57:29.125+0400] {processor.py:839} INFO - DAG(s) dict_keys(['example_sensors']) retrieved from /home/pyretttt/repos/mlops4/env/lib/python3.10/site-packages/airflow/example_dags/example_sensors.py
[2023-11-04T21:57:29.145+0400] {logging_mixin.py:151} INFO - [2023-11-04T21:57:29.145+0400] {dag.py:2941} INFO - Sync 1 DAGs
[2023-11-04T21:57:29.154+0400] {logging_mixin.py:151} INFO - [2023-11-04T21:57:29.154+0400] {dag.py:3722} INFO - Setting next_dagrun for example_sensors to None, run_after=None
[2023-11-04T21:57:29.168+0400] {processor.py:179} INFO - Processing /home/pyretttt/repos/mlops4/env/lib/python3.10/site-packages/airflow/example_dags/example_sensors.py took 0.062 seconds
[2023-11-04T21:58:21.518+0400] {processor.py:157} INFO - Started process (PID=40155) to work on /home/pyretttt/repos/mlops4/env/lib/python3.10/site-packages/airflow/example_dags/example_sensors.py
[2023-11-04T21:58:21.519+0400] {processor.py:829} INFO - Processing file /home/pyretttt/repos/mlops4/env/lib/python3.10/site-packages/airflow/example_dags/example_sensors.py for tasks to queue
[2023-11-04T21:58:21.520+0400] {logging_mixin.py:151} INFO - [2023-11-04T21:58:21.519+0400] {dagbag.py:536} INFO - Filling up the DagBag from /home/pyretttt/repos/mlops4/env/lib/python3.10/site-packages/airflow/example_dags/example_sensors.py
[2023-11-04T21:58:21.529+0400] {processor.py:839} INFO - DAG(s) dict_keys(['example_sensors']) retrieved from /home/pyretttt/repos/mlops4/env/lib/python3.10/site-packages/airflow/example_dags/example_sensors.py
[2023-11-04T21:58:21.549+0400] {logging_mixin.py:151} INFO - [2023-11-04T21:58:21.548+0400] {dag.py:2941} INFO - Sync 1 DAGs
[2023-11-04T21:58:21.555+0400] {logging_mixin.py:151} INFO - [2023-11-04T21:58:21.555+0400] {dag.py:3722} INFO - Setting next_dagrun for example_sensors to None, run_after=None
[2023-11-04T21:58:21.570+0400] {processor.py:179} INFO - Processing /home/pyretttt/repos/mlops4/env/lib/python3.10/site-packages/airflow/example_dags/example_sensors.py took 0.055 seconds
[2023-11-04T21:59:15.991+0400] {processor.py:157} INFO - Started process (PID=40209) to work on /home/pyretttt/repos/mlops4/env/lib/python3.10/site-packages/airflow/example_dags/example_sensors.py
[2023-11-04T21:59:15.993+0400] {processor.py:829} INFO - Processing file /home/pyretttt/repos/mlops4/env/lib/python3.10/site-packages/airflow/example_dags/example_sensors.py for tasks to queue
[2023-11-04T21:59:15.994+0400] {logging_mixin.py:151} INFO - [2023-11-04T21:59:15.994+0400] {dagbag.py:536} INFO - Filling up the DagBag from /home/pyretttt/repos/mlops4/env/lib/python3.10/site-packages/airflow/example_dags/example_sensors.py
[2023-11-04T21:59:16.006+0400] {processor.py:839} INFO - DAG(s) dict_keys(['example_sensors']) retrieved from /home/pyretttt/repos/mlops4/env/lib/python3.10/site-packages/airflow/example_dags/example_sensors.py
[2023-11-04T21:59:16.025+0400] {logging_mixin.py:151} INFO - [2023-11-04T21:59:16.025+0400] {dag.py:2941} INFO - Sync 1 DAGs
[2023-11-04T21:59:16.031+0400] {logging_mixin.py:151} INFO - [2023-11-04T21:59:16.031+0400] {dag.py:3722} INFO - Setting next_dagrun for example_sensors to None, run_after=None
[2023-11-04T21:59:16.042+0400] {processor.py:179} INFO - Processing /home/pyretttt/repos/mlops4/env/lib/python3.10/site-packages/airflow/example_dags/example_sensors.py took 0.056 seconds
[2023-11-04T22:00:09.659+0400] {processor.py:157} INFO - Started process (PID=40263) to work on /home/pyretttt/repos/mlops4/env/lib/python3.10/site-packages/airflow/example_dags/example_sensors.py
[2023-11-04T22:00:09.660+0400] {processor.py:829} INFO - Processing file /home/pyretttt/repos/mlops4/env/lib/python3.10/site-packages/airflow/example_dags/example_sensors.py for tasks to queue
[2023-11-04T22:00:09.662+0400] {logging_mixin.py:151} INFO - [2023-11-04T22:00:09.661+0400] {dagbag.py:536} INFO - Filling up the DagBag from /home/pyretttt/repos/mlops4/env/lib/python3.10/site-packages/airflow/example_dags/example_sensors.py
[2023-11-04T22:00:09.673+0400] {processor.py:839} INFO - DAG(s) dict_keys(['example_sensors']) retrieved from /home/pyretttt/repos/mlops4/env/lib/python3.10/site-packages/airflow/example_dags/example_sensors.py
[2023-11-04T22:00:09.690+0400] {logging_mixin.py:151} INFO - [2023-11-04T22:00:09.690+0400] {dag.py:2941} INFO - Sync 1 DAGs
[2023-11-04T22:00:09.698+0400] {logging_mixin.py:151} INFO - [2023-11-04T22:00:09.698+0400] {dag.py:3722} INFO - Setting next_dagrun for example_sensors to None, run_after=None
[2023-11-04T22:00:09.711+0400] {processor.py:179} INFO - Processing /home/pyretttt/repos/mlops4/env/lib/python3.10/site-packages/airflow/example_dags/example_sensors.py took 0.057 seconds
[2023-11-04T22:00:58.456+0400] {processor.py:157} INFO - Started process (PID=40314) to work on /home/pyretttt/repos/mlops4/env/lib/python3.10/site-packages/airflow/example_dags/example_sensors.py
[2023-11-04T22:00:58.457+0400] {processor.py:829} INFO - Processing file /home/pyretttt/repos/mlops4/env/lib/python3.10/site-packages/airflow/example_dags/example_sensors.py for tasks to queue
[2023-11-04T22:00:58.458+0400] {logging_mixin.py:151} INFO - [2023-11-04T22:00:58.457+0400] {dagbag.py:536} INFO - Filling up the DagBag from /home/pyretttt/repos/mlops4/env/lib/python3.10/site-packages/airflow/example_dags/example_sensors.py
[2023-11-04T22:00:58.468+0400] {processor.py:839} INFO - DAG(s) dict_keys(['example_sensors']) retrieved from /home/pyretttt/repos/mlops4/env/lib/python3.10/site-packages/airflow/example_dags/example_sensors.py
[2023-11-04T22:00:58.480+0400] {logging_mixin.py:151} INFO - [2023-11-04T22:00:58.480+0400] {dag.py:2941} INFO - Sync 1 DAGs
[2023-11-04T22:00:58.485+0400] {logging_mixin.py:151} INFO - [2023-11-04T22:00:58.485+0400] {dag.py:3722} INFO - Setting next_dagrun for example_sensors to None, run_after=None
[2023-11-04T22:00:58.500+0400] {processor.py:179} INFO - Processing /home/pyretttt/repos/mlops4/env/lib/python3.10/site-packages/airflow/example_dags/example_sensors.py took 0.048 seconds
[2023-11-04T22:01:47.917+0400] {processor.py:157} INFO - Started process (PID=40363) to work on /home/pyretttt/repos/mlops4/env/lib/python3.10/site-packages/airflow/example_dags/example_sensors.py
[2023-11-04T22:01:47.919+0400] {processor.py:829} INFO - Processing file /home/pyretttt/repos/mlops4/env/lib/python3.10/site-packages/airflow/example_dags/example_sensors.py for tasks to queue
[2023-11-04T22:01:47.920+0400] {logging_mixin.py:151} INFO - [2023-11-04T22:01:47.919+0400] {dagbag.py:536} INFO - Filling up the DagBag from /home/pyretttt/repos/mlops4/env/lib/python3.10/site-packages/airflow/example_dags/example_sensors.py
[2023-11-04T22:01:47.931+0400] {processor.py:839} INFO - DAG(s) dict_keys(['example_sensors']) retrieved from /home/pyretttt/repos/mlops4/env/lib/python3.10/site-packages/airflow/example_dags/example_sensors.py
[2023-11-04T22:01:47.949+0400] {logging_mixin.py:151} INFO - [2023-11-04T22:01:47.949+0400] {dag.py:2941} INFO - Sync 1 DAGs
[2023-11-04T22:01:47.957+0400] {logging_mixin.py:151} INFO - [2023-11-04T22:01:47.957+0400] {dag.py:3722} INFO - Setting next_dagrun for example_sensors to None, run_after=None
[2023-11-04T22:01:47.970+0400] {processor.py:179} INFO - Processing /home/pyretttt/repos/mlops4/env/lib/python3.10/site-packages/airflow/example_dags/example_sensors.py took 0.057 seconds
[2023-11-04T22:02:37.832+0400] {processor.py:157} INFO - Started process (PID=40415) to work on /home/pyretttt/repos/mlops4/env/lib/python3.10/site-packages/airflow/example_dags/example_sensors.py
[2023-11-04T22:02:37.833+0400] {processor.py:829} INFO - Processing file /home/pyretttt/repos/mlops4/env/lib/python3.10/site-packages/airflow/example_dags/example_sensors.py for tasks to queue
[2023-11-04T22:02:37.834+0400] {logging_mixin.py:151} INFO - [2023-11-04T22:02:37.833+0400] {dagbag.py:536} INFO - Filling up the DagBag from /home/pyretttt/repos/mlops4/env/lib/python3.10/site-packages/airflow/example_dags/example_sensors.py
[2023-11-04T22:02:37.840+0400] {processor.py:839} INFO - DAG(s) dict_keys(['example_sensors']) retrieved from /home/pyretttt/repos/mlops4/env/lib/python3.10/site-packages/airflow/example_dags/example_sensors.py
[2023-11-04T22:02:37.851+0400] {logging_mixin.py:151} INFO - [2023-11-04T22:02:37.851+0400] {dag.py:2941} INFO - Sync 1 DAGs
[2023-11-04T22:02:37.857+0400] {logging_mixin.py:151} INFO - [2023-11-04T22:02:37.857+0400] {dag.py:3722} INFO - Setting next_dagrun for example_sensors to None, run_after=None
[2023-11-04T22:02:37.870+0400] {processor.py:179} INFO - Processing /home/pyretttt/repos/mlops4/env/lib/python3.10/site-packages/airflow/example_dags/example_sensors.py took 0.041 seconds
[2023-11-04T22:03:29.013+0400] {processor.py:157} INFO - Started process (PID=40466) to work on /home/pyretttt/repos/mlops4/env/lib/python3.10/site-packages/airflow/example_dags/example_sensors.py
[2023-11-04T22:03:29.015+0400] {processor.py:829} INFO - Processing file /home/pyretttt/repos/mlops4/env/lib/python3.10/site-packages/airflow/example_dags/example_sensors.py for tasks to queue
[2023-11-04T22:03:29.016+0400] {logging_mixin.py:151} INFO - [2023-11-04T22:03:29.015+0400] {dagbag.py:536} INFO - Filling up the DagBag from /home/pyretttt/repos/mlops4/env/lib/python3.10/site-packages/airflow/example_dags/example_sensors.py
[2023-11-04T22:03:29.027+0400] {processor.py:839} INFO - DAG(s) dict_keys(['example_sensors']) retrieved from /home/pyretttt/repos/mlops4/env/lib/python3.10/site-packages/airflow/example_dags/example_sensors.py
[2023-11-04T22:03:29.050+0400] {logging_mixin.py:151} INFO - [2023-11-04T22:03:29.049+0400] {dag.py:2941} INFO - Sync 1 DAGs
[2023-11-04T22:03:29.059+0400] {logging_mixin.py:151} INFO - [2023-11-04T22:03:29.059+0400] {dag.py:3722} INFO - Setting next_dagrun for example_sensors to None, run_after=None
[2023-11-04T22:03:29.074+0400] {processor.py:179} INFO - Processing /home/pyretttt/repos/mlops4/env/lib/python3.10/site-packages/airflow/example_dags/example_sensors.py took 0.065 seconds
