[2023-11-04T21:12:35.573+0400] {processor.py:157} INFO - Started process (PID=37262) to work on /home/pyretttt/repos/mlops4/env/lib/python3.10/site-packages/airflow/example_dags/example_kubernetes_executor.py
[2023-11-04T21:12:35.575+0400] {processor.py:829} INFO - Processing file /home/pyretttt/repos/mlops4/env/lib/python3.10/site-packages/airflow/example_dags/example_kubernetes_executor.py for tasks to queue
[2023-11-04T21:12:35.576+0400] {logging_mixin.py:151} INFO - [2023-11-04T21:12:35.575+0400] {dagbag.py:536} INFO - Filling up the DagBag from /home/pyretttt/repos/mlops4/env/lib/python3.10/site-packages/airflow/example_dags/example_kubernetes_executor.py
[2023-11-04T21:12:35.580+0400] {logging_mixin.py:151} INFO - [2023-11-04T21:12:35.580+0400] {example_kubernetes_executor.py:38} WARNING - The example_kubernetes_executor example DAG requires the kubernetes provider. Please install it with: pip install apache-airflow[cncf.kubernetes]
[2023-11-04T21:12:35.581+0400] {processor.py:841} WARNING - No viable dags retrieved from /home/pyretttt/repos/mlops4/env/lib/python3.10/site-packages/airflow/example_dags/example_kubernetes_executor.py
[2023-11-04T21:12:35.593+0400] {processor.py:179} INFO - Processing /home/pyretttt/repos/mlops4/env/lib/python3.10/site-packages/airflow/example_dags/example_kubernetes_executor.py took 0.024 seconds
[2023-11-04T21:13:31.730+0400] {processor.py:157} INFO - Started process (PID=37397) to work on /home/pyretttt/repos/mlops4/env/lib/python3.10/site-packages/airflow/example_dags/example_kubernetes_executor.py
[2023-11-04T21:13:31.732+0400] {processor.py:829} INFO - Processing file /home/pyretttt/repos/mlops4/env/lib/python3.10/site-packages/airflow/example_dags/example_kubernetes_executor.py for tasks to queue
[2023-11-04T21:13:31.733+0400] {logging_mixin.py:151} INFO - [2023-11-04T21:13:31.732+0400] {dagbag.py:536} INFO - Filling up the DagBag from /home/pyretttt/repos/mlops4/env/lib/python3.10/site-packages/airflow/example_dags/example_kubernetes_executor.py
[2023-11-04T21:13:31.735+0400] {logging_mixin.py:151} INFO - [2023-11-04T21:13:31.735+0400] {example_kubernetes_executor.py:38} WARNING - The example_kubernetes_executor example DAG requires the kubernetes provider. Please install it with: pip install apache-airflow[cncf.kubernetes]
[2023-11-04T21:13:31.735+0400] {processor.py:841} WARNING - No viable dags retrieved from /home/pyretttt/repos/mlops4/env/lib/python3.10/site-packages/airflow/example_dags/example_kubernetes_executor.py
[2023-11-04T21:13:31.740+0400] {processor.py:179} INFO - Processing /home/pyretttt/repos/mlops4/env/lib/python3.10/site-packages/airflow/example_dags/example_kubernetes_executor.py took 0.013 seconds
[2023-11-04T21:14:20.449+0400] {processor.py:157} INFO - Started process (PID=37446) to work on /home/pyretttt/repos/mlops4/env/lib/python3.10/site-packages/airflow/example_dags/example_kubernetes_executor.py
[2023-11-04T21:14:20.451+0400] {processor.py:829} INFO - Processing file /home/pyretttt/repos/mlops4/env/lib/python3.10/site-packages/airflow/example_dags/example_kubernetes_executor.py for tasks to queue
[2023-11-04T21:14:20.452+0400] {logging_mixin.py:151} INFO - [2023-11-04T21:14:20.451+0400] {dagbag.py:536} INFO - Filling up the DagBag from /home/pyretttt/repos/mlops4/env/lib/python3.10/site-packages/airflow/example_dags/example_kubernetes_executor.py
[2023-11-04T21:14:20.455+0400] {logging_mixin.py:151} INFO - [2023-11-04T21:14:20.455+0400] {example_kubernetes_executor.py:38} WARNING - The example_kubernetes_executor example DAG requires the kubernetes provider. Please install it with: pip install apache-airflow[cncf.kubernetes]
[2023-11-04T21:14:20.455+0400] {processor.py:841} WARNING - No viable dags retrieved from /home/pyretttt/repos/mlops4/env/lib/python3.10/site-packages/airflow/example_dags/example_kubernetes_executor.py
[2023-11-04T21:14:20.465+0400] {processor.py:179} INFO - Processing /home/pyretttt/repos/mlops4/env/lib/python3.10/site-packages/airflow/example_dags/example_kubernetes_executor.py took 0.019 seconds
[2023-11-04T21:15:10.360+0400] {processor.py:157} INFO - Started process (PID=37497) to work on /home/pyretttt/repos/mlops4/env/lib/python3.10/site-packages/airflow/example_dags/example_kubernetes_executor.py
[2023-11-04T21:15:10.362+0400] {processor.py:829} INFO - Processing file /home/pyretttt/repos/mlops4/env/lib/python3.10/site-packages/airflow/example_dags/example_kubernetes_executor.py for tasks to queue
[2023-11-04T21:15:10.363+0400] {logging_mixin.py:151} INFO - [2023-11-04T21:15:10.362+0400] {dagbag.py:536} INFO - Filling up the DagBag from /home/pyretttt/repos/mlops4/env/lib/python3.10/site-packages/airflow/example_dags/example_kubernetes_executor.py
[2023-11-04T21:15:10.367+0400] {logging_mixin.py:151} INFO - [2023-11-04T21:15:10.367+0400] {example_kubernetes_executor.py:38} WARNING - The example_kubernetes_executor example DAG requires the kubernetes provider. Please install it with: pip install apache-airflow[cncf.kubernetes]
[2023-11-04T21:15:10.367+0400] {processor.py:841} WARNING - No viable dags retrieved from /home/pyretttt/repos/mlops4/env/lib/python3.10/site-packages/airflow/example_dags/example_kubernetes_executor.py
[2023-11-04T21:15:10.378+0400] {processor.py:179} INFO - Processing /home/pyretttt/repos/mlops4/env/lib/python3.10/site-packages/airflow/example_dags/example_kubernetes_executor.py took 0.023 seconds
[2023-11-04T21:16:02.060+0400] {processor.py:157} INFO - Started process (PID=37557) to work on /home/pyretttt/repos/mlops4/env/lib/python3.10/site-packages/airflow/example_dags/example_kubernetes_executor.py
[2023-11-04T21:16:02.061+0400] {processor.py:829} INFO - Processing file /home/pyretttt/repos/mlops4/env/lib/python3.10/site-packages/airflow/example_dags/example_kubernetes_executor.py for tasks to queue
[2023-11-04T21:16:02.062+0400] {logging_mixin.py:151} INFO - [2023-11-04T21:16:02.062+0400] {dagbag.py:536} INFO - Filling up the DagBag from /home/pyretttt/repos/mlops4/env/lib/python3.10/site-packages/airflow/example_dags/example_kubernetes_executor.py
[2023-11-04T21:16:02.064+0400] {logging_mixin.py:151} INFO - [2023-11-04T21:16:02.064+0400] {example_kubernetes_executor.py:38} WARNING - The example_kubernetes_executor example DAG requires the kubernetes provider. Please install it with: pip install apache-airflow[cncf.kubernetes]
[2023-11-04T21:16:02.064+0400] {processor.py:841} WARNING - No viable dags retrieved from /home/pyretttt/repos/mlops4/env/lib/python3.10/site-packages/airflow/example_dags/example_kubernetes_executor.py
[2023-11-04T21:16:02.070+0400] {processor.py:179} INFO - Processing /home/pyretttt/repos/mlops4/env/lib/python3.10/site-packages/airflow/example_dags/example_kubernetes_executor.py took 0.012 seconds
[2023-11-04T21:16:50.927+0400] {processor.py:157} INFO - Started process (PID=37608) to work on /home/pyretttt/repos/mlops4/env/lib/python3.10/site-packages/airflow/example_dags/example_kubernetes_executor.py
[2023-11-04T21:16:50.930+0400] {processor.py:829} INFO - Processing file /home/pyretttt/repos/mlops4/env/lib/python3.10/site-packages/airflow/example_dags/example_kubernetes_executor.py for tasks to queue
[2023-11-04T21:16:50.930+0400] {logging_mixin.py:151} INFO - [2023-11-04T21:16:50.930+0400] {dagbag.py:536} INFO - Filling up the DagBag from /home/pyretttt/repos/mlops4/env/lib/python3.10/site-packages/airflow/example_dags/example_kubernetes_executor.py
[2023-11-04T21:16:50.934+0400] {logging_mixin.py:151} INFO - [2023-11-04T21:16:50.934+0400] {example_kubernetes_executor.py:38} WARNING - The example_kubernetes_executor example DAG requires the kubernetes provider. Please install it with: pip install apache-airflow[cncf.kubernetes]
[2023-11-04T21:16:50.934+0400] {processor.py:841} WARNING - No viable dags retrieved from /home/pyretttt/repos/mlops4/env/lib/python3.10/site-packages/airflow/example_dags/example_kubernetes_executor.py
[2023-11-04T21:16:50.941+0400] {processor.py:179} INFO - Processing /home/pyretttt/repos/mlops4/env/lib/python3.10/site-packages/airflow/example_dags/example_kubernetes_executor.py took 0.018 seconds
