[2023-11-04T21:12:34.249+0400] {processor.py:157} INFO - Started process (PID=37261) to work on /home/pyretttt/repos/mlops4/env/lib/python3.10/site-packages/airflow/example_dags/example_python_operator.py
[2023-11-04T21:12:34.250+0400] {processor.py:829} INFO - Processing file /home/pyretttt/repos/mlops4/env/lib/python3.10/site-packages/airflow/example_dags/example_python_operator.py for tasks to queue
[2023-11-04T21:12:34.252+0400] {logging_mixin.py:151} INFO - [2023-11-04T21:12:34.251+0400] {dagbag.py:536} INFO - Filling up the DagBag from /home/pyretttt/repos/mlops4/env/lib/python3.10/site-packages/airflow/example_dags/example_python_operator.py
[2023-11-04T21:12:34.261+0400] {logging_mixin.py:151} INFO - [2023-11-04T21:12:34.261+0400] {example_python_operator.py:89} WARNING - The virtalenv_python example task requires virtualenv, please install it.
[2023-11-04T21:12:34.264+0400] {processor.py:839} INFO - DAG(s) dict_keys(['example_python_operator']) retrieved from /home/pyretttt/repos/mlops4/env/lib/python3.10/site-packages/airflow/example_dags/example_python_operator.py
[2023-11-04T21:12:34.328+0400] {logging_mixin.py:151} INFO - [2023-11-04T21:12:34.327+0400] {manager.py:499} INFO - Created Permission View: %s
[2023-11-04T21:12:34.334+0400] {logging_mixin.py:151} INFO - [2023-11-04T21:12:34.333+0400] {manager.py:499} INFO - Created Permission View: %s
[2023-11-04T21:12:34.338+0400] {logging_mixin.py:151} INFO - [2023-11-04T21:12:34.338+0400] {manager.py:499} INFO - Created Permission View: %s
[2023-11-04T21:12:34.338+0400] {logging_mixin.py:151} INFO - [2023-11-04T21:12:34.338+0400] {dag.py:2941} INFO - Sync 1 DAGs
[2023-11-04T21:12:34.344+0400] {logging_mixin.py:151} INFO - [2023-11-04T21:12:34.344+0400] {dag.py:2963} INFO - Creating ORM DAG for example_python_operator
[2023-11-04T21:12:34.345+0400] {logging_mixin.py:151} INFO - [2023-11-04T21:12:34.345+0400] {dag.py:3722} INFO - Setting next_dagrun for example_python_operator to None, run_after=None
[2023-11-04T21:12:34.372+0400] {processor.py:179} INFO - Processing /home/pyretttt/repos/mlops4/env/lib/python3.10/site-packages/airflow/example_dags/example_python_operator.py took 0.128 seconds
[2023-11-04T21:13:31.050+0400] {processor.py:157} INFO - Started process (PID=37396) to work on /home/pyretttt/repos/mlops4/env/lib/python3.10/site-packages/airflow/example_dags/example_python_operator.py
[2023-11-04T21:13:31.052+0400] {processor.py:829} INFO - Processing file /home/pyretttt/repos/mlops4/env/lib/python3.10/site-packages/airflow/example_dags/example_python_operator.py for tasks to queue
[2023-11-04T21:13:31.053+0400] {logging_mixin.py:151} INFO - [2023-11-04T21:13:31.052+0400] {dagbag.py:536} INFO - Filling up the DagBag from /home/pyretttt/repos/mlops4/env/lib/python3.10/site-packages/airflow/example_dags/example_python_operator.py
[2023-11-04T21:13:31.065+0400] {logging_mixin.py:151} INFO - [2023-11-04T21:13:31.065+0400] {example_python_operator.py:89} WARNING - The virtalenv_python example task requires virtualenv, please install it.
[2023-11-04T21:13:31.065+0400] {processor.py:839} INFO - DAG(s) dict_keys(['example_python_operator']) retrieved from /home/pyretttt/repos/mlops4/env/lib/python3.10/site-packages/airflow/example_dags/example_python_operator.py
[2023-11-04T21:13:31.083+0400] {logging_mixin.py:151} INFO - [2023-11-04T21:13:31.083+0400] {dag.py:2941} INFO - Sync 1 DAGs
[2023-11-04T21:13:31.092+0400] {logging_mixin.py:151} INFO - [2023-11-04T21:13:31.091+0400] {dag.py:3722} INFO - Setting next_dagrun for example_python_operator to None, run_after=None
[2023-11-04T21:13:31.108+0400] {processor.py:179} INFO - Processing /home/pyretttt/repos/mlops4/env/lib/python3.10/site-packages/airflow/example_dags/example_python_operator.py took 0.062 seconds
[2023-11-04T21:14:19.240+0400] {processor.py:157} INFO - Started process (PID=37445) to work on /home/pyretttt/repos/mlops4/env/lib/python3.10/site-packages/airflow/example_dags/example_python_operator.py
[2023-11-04T21:14:19.242+0400] {processor.py:829} INFO - Processing file /home/pyretttt/repos/mlops4/env/lib/python3.10/site-packages/airflow/example_dags/example_python_operator.py for tasks to queue
[2023-11-04T21:14:19.243+0400] {logging_mixin.py:151} INFO - [2023-11-04T21:14:19.243+0400] {dagbag.py:536} INFO - Filling up the DagBag from /home/pyretttt/repos/mlops4/env/lib/python3.10/site-packages/airflow/example_dags/example_python_operator.py
[2023-11-04T21:14:19.253+0400] {logging_mixin.py:151} INFO - [2023-11-04T21:14:19.253+0400] {example_python_operator.py:89} WARNING - The virtalenv_python example task requires virtualenv, please install it.
[2023-11-04T21:14:19.253+0400] {processor.py:839} INFO - DAG(s) dict_keys(['example_python_operator']) retrieved from /home/pyretttt/repos/mlops4/env/lib/python3.10/site-packages/airflow/example_dags/example_python_operator.py
[2023-11-04T21:14:19.272+0400] {logging_mixin.py:151} INFO - [2023-11-04T21:14:19.272+0400] {dag.py:2941} INFO - Sync 1 DAGs
[2023-11-04T21:14:19.281+0400] {logging_mixin.py:151} INFO - [2023-11-04T21:14:19.281+0400] {dag.py:3722} INFO - Setting next_dagrun for example_python_operator to None, run_after=None
[2023-11-04T21:14:19.296+0400] {processor.py:179} INFO - Processing /home/pyretttt/repos/mlops4/env/lib/python3.10/site-packages/airflow/example_dags/example_python_operator.py took 0.060 seconds
[2023-11-04T21:15:09.988+0400] {processor.py:157} INFO - Started process (PID=37496) to work on /home/pyretttt/repos/mlops4/env/lib/python3.10/site-packages/airflow/example_dags/example_python_operator.py
[2023-11-04T21:15:09.990+0400] {processor.py:829} INFO - Processing file /home/pyretttt/repos/mlops4/env/lib/python3.10/site-packages/airflow/example_dags/example_python_operator.py for tasks to queue
[2023-11-04T21:15:09.991+0400] {logging_mixin.py:151} INFO - [2023-11-04T21:15:09.990+0400] {dagbag.py:536} INFO - Filling up the DagBag from /home/pyretttt/repos/mlops4/env/lib/python3.10/site-packages/airflow/example_dags/example_python_operator.py
[2023-11-04T21:15:09.999+0400] {logging_mixin.py:151} INFO - [2023-11-04T21:15:09.999+0400] {example_python_operator.py:89} WARNING - The virtalenv_python example task requires virtualenv, please install it.
[2023-11-04T21:15:09.999+0400] {processor.py:839} INFO - DAG(s) dict_keys(['example_python_operator']) retrieved from /home/pyretttt/repos/mlops4/env/lib/python3.10/site-packages/airflow/example_dags/example_python_operator.py
[2023-11-04T21:15:10.014+0400] {logging_mixin.py:151} INFO - [2023-11-04T21:15:10.014+0400] {dag.py:2941} INFO - Sync 1 DAGs
[2023-11-04T21:15:10.022+0400] {logging_mixin.py:151} INFO - [2023-11-04T21:15:10.022+0400] {dag.py:3722} INFO - Setting next_dagrun for example_python_operator to None, run_after=None
[2023-11-04T21:15:10.035+0400] {processor.py:179} INFO - Processing /home/pyretttt/repos/mlops4/env/lib/python3.10/site-packages/airflow/example_dags/example_python_operator.py took 0.050 seconds
[2023-11-04T21:16:01.536+0400] {processor.py:157} INFO - Started process (PID=37555) to work on /home/pyretttt/repos/mlops4/env/lib/python3.10/site-packages/airflow/example_dags/example_python_operator.py
[2023-11-04T21:16:01.537+0400] {processor.py:829} INFO - Processing file /home/pyretttt/repos/mlops4/env/lib/python3.10/site-packages/airflow/example_dags/example_python_operator.py for tasks to queue
[2023-11-04T21:16:01.538+0400] {logging_mixin.py:151} INFO - [2023-11-04T21:16:01.537+0400] {dagbag.py:536} INFO - Filling up the DagBag from /home/pyretttt/repos/mlops4/env/lib/python3.10/site-packages/airflow/example_dags/example_python_operator.py
[2023-11-04T21:16:01.543+0400] {logging_mixin.py:151} INFO - [2023-11-04T21:16:01.542+0400] {example_python_operator.py:89} WARNING - The virtalenv_python example task requires virtualenv, please install it.
[2023-11-04T21:16:01.543+0400] {processor.py:839} INFO - DAG(s) dict_keys(['example_python_operator']) retrieved from /home/pyretttt/repos/mlops4/env/lib/python3.10/site-packages/airflow/example_dags/example_python_operator.py
[2023-11-04T21:16:01.557+0400] {logging_mixin.py:151} INFO - [2023-11-04T21:16:01.557+0400] {dag.py:2941} INFO - Sync 1 DAGs
[2023-11-04T21:16:01.564+0400] {logging_mixin.py:151} INFO - [2023-11-04T21:16:01.564+0400] {dag.py:3722} INFO - Setting next_dagrun for example_python_operator to None, run_after=None
[2023-11-04T21:16:01.578+0400] {processor.py:179} INFO - Processing /home/pyretttt/repos/mlops4/env/lib/python3.10/site-packages/airflow/example_dags/example_python_operator.py took 0.044 seconds
[2023-11-04T21:16:49.815+0400] {processor.py:157} INFO - Started process (PID=37607) to work on /home/pyretttt/repos/mlops4/env/lib/python3.10/site-packages/airflow/example_dags/example_python_operator.py
[2023-11-04T21:16:49.818+0400] {processor.py:829} INFO - Processing file /home/pyretttt/repos/mlops4/env/lib/python3.10/site-packages/airflow/example_dags/example_python_operator.py for tasks to queue
[2023-11-04T21:16:49.819+0400] {logging_mixin.py:151} INFO - [2023-11-04T21:16:49.818+0400] {dagbag.py:536} INFO - Filling up the DagBag from /home/pyretttt/repos/mlops4/env/lib/python3.10/site-packages/airflow/example_dags/example_python_operator.py
[2023-11-04T21:16:49.832+0400] {logging_mixin.py:151} INFO - [2023-11-04T21:16:49.831+0400] {example_python_operator.py:89} WARNING - The virtalenv_python example task requires virtualenv, please install it.
[2023-11-04T21:16:49.832+0400] {processor.py:839} INFO - DAG(s) dict_keys(['example_python_operator']) retrieved from /home/pyretttt/repos/mlops4/env/lib/python3.10/site-packages/airflow/example_dags/example_python_operator.py
[2023-11-04T21:16:49.852+0400] {logging_mixin.py:151} INFO - [2023-11-04T21:16:49.851+0400] {dag.py:2941} INFO - Sync 1 DAGs
[2023-11-04T21:16:49.861+0400] {logging_mixin.py:151} INFO - [2023-11-04T21:16:49.861+0400] {dag.py:3722} INFO - Setting next_dagrun for example_python_operator to None, run_after=None
[2023-11-04T21:16:49.875+0400] {processor.py:179} INFO - Processing /home/pyretttt/repos/mlops4/env/lib/python3.10/site-packages/airflow/example_dags/example_python_operator.py took 0.065 seconds
[2023-11-04T21:17:40.468+0400] {processor.py:157} INFO - Started process (PID=37691) to work on /home/pyretttt/repos/mlops4/env/lib/python3.10/site-packages/airflow/example_dags/example_python_operator.py
[2023-11-04T21:17:40.470+0400] {processor.py:829} INFO - Processing file /home/pyretttt/repos/mlops4/env/lib/python3.10/site-packages/airflow/example_dags/example_python_operator.py for tasks to queue
[2023-11-04T21:17:40.472+0400] {logging_mixin.py:151} INFO - [2023-11-04T21:17:40.471+0400] {dagbag.py:536} INFO - Filling up the DagBag from /home/pyretttt/repos/mlops4/env/lib/python3.10/site-packages/airflow/example_dags/example_python_operator.py
[2023-11-04T21:17:40.484+0400] {logging_mixin.py:151} INFO - [2023-11-04T21:17:40.484+0400] {example_python_operator.py:89} WARNING - The virtalenv_python example task requires virtualenv, please install it.
[2023-11-04T21:17:40.484+0400] {processor.py:839} INFO - DAG(s) dict_keys(['example_python_operator']) retrieved from /home/pyretttt/repos/mlops4/env/lib/python3.10/site-packages/airflow/example_dags/example_python_operator.py
[2023-11-04T21:17:40.501+0400] {logging_mixin.py:151} INFO - [2023-11-04T21:17:40.501+0400] {dag.py:2941} INFO - Sync 1 DAGs
[2023-11-04T21:17:40.507+0400] {logging_mixin.py:151} INFO - [2023-11-04T21:17:40.507+0400] {dag.py:3722} INFO - Setting next_dagrun for example_python_operator to None, run_after=None
[2023-11-04T21:17:40.520+0400] {processor.py:179} INFO - Processing /home/pyretttt/repos/mlops4/env/lib/python3.10/site-packages/airflow/example_dags/example_python_operator.py took 0.057 seconds
[2023-11-04T21:18:32.168+0400] {processor.py:157} INFO - Started process (PID=37757) to work on /home/pyretttt/repos/mlops4/env/lib/python3.10/site-packages/airflow/example_dags/example_python_operator.py
[2023-11-04T21:18:32.170+0400] {processor.py:829} INFO - Processing file /home/pyretttt/repos/mlops4/env/lib/python3.10/site-packages/airflow/example_dags/example_python_operator.py for tasks to queue
[2023-11-04T21:18:32.172+0400] {logging_mixin.py:151} INFO - [2023-11-04T21:18:32.171+0400] {dagbag.py:536} INFO - Filling up the DagBag from /home/pyretttt/repos/mlops4/env/lib/python3.10/site-packages/airflow/example_dags/example_python_operator.py
[2023-11-04T21:18:32.183+0400] {logging_mixin.py:151} INFO - [2023-11-04T21:18:32.183+0400] {example_python_operator.py:89} WARNING - The virtalenv_python example task requires virtualenv, please install it.
[2023-11-04T21:18:32.183+0400] {processor.py:839} INFO - DAG(s) dict_keys(['example_python_operator']) retrieved from /home/pyretttt/repos/mlops4/env/lib/python3.10/site-packages/airflow/example_dags/example_python_operator.py
[2023-11-04T21:18:32.202+0400] {logging_mixin.py:151} INFO - [2023-11-04T21:18:32.201+0400] {dag.py:2941} INFO - Sync 1 DAGs
[2023-11-04T21:18:32.211+0400] {logging_mixin.py:151} INFO - [2023-11-04T21:18:32.211+0400] {dag.py:3722} INFO - Setting next_dagrun for example_python_operator to None, run_after=None
[2023-11-04T21:18:32.227+0400] {processor.py:179} INFO - Processing /home/pyretttt/repos/mlops4/env/lib/python3.10/site-packages/airflow/example_dags/example_python_operator.py took 0.064 seconds
[2023-11-04T21:19:18.940+0400] {processor.py:157} INFO - Started process (PID=37805) to work on /home/pyretttt/repos/mlops4/env/lib/python3.10/site-packages/airflow/example_dags/example_python_operator.py
[2023-11-04T21:19:18.941+0400] {processor.py:829} INFO - Processing file /home/pyretttt/repos/mlops4/env/lib/python3.10/site-packages/airflow/example_dags/example_python_operator.py for tasks to queue
[2023-11-04T21:19:18.942+0400] {logging_mixin.py:151} INFO - [2023-11-04T21:19:18.942+0400] {dagbag.py:536} INFO - Filling up the DagBag from /home/pyretttt/repos/mlops4/env/lib/python3.10/site-packages/airflow/example_dags/example_python_operator.py
[2023-11-04T21:19:18.950+0400] {logging_mixin.py:151} INFO - [2023-11-04T21:19:18.950+0400] {example_python_operator.py:89} WARNING - The virtalenv_python example task requires virtualenv, please install it.
[2023-11-04T21:19:18.950+0400] {processor.py:839} INFO - DAG(s) dict_keys(['example_python_operator']) retrieved from /home/pyretttt/repos/mlops4/env/lib/python3.10/site-packages/airflow/example_dags/example_python_operator.py
[2023-11-04T21:19:18.961+0400] {logging_mixin.py:151} INFO - [2023-11-04T21:19:18.961+0400] {dag.py:2941} INFO - Sync 1 DAGs
[2023-11-04T21:19:18.967+0400] {logging_mixin.py:151} INFO - [2023-11-04T21:19:18.967+0400] {dag.py:3722} INFO - Setting next_dagrun for example_python_operator to None, run_after=None
[2023-11-04T21:19:18.979+0400] {processor.py:179} INFO - Processing /home/pyretttt/repos/mlops4/env/lib/python3.10/site-packages/airflow/example_dags/example_python_operator.py took 0.049 seconds
[2023-11-04T21:20:08.412+0400] {processor.py:157} INFO - Started process (PID=37856) to work on /home/pyretttt/repos/mlops4/env/lib/python3.10/site-packages/airflow/example_dags/example_python_operator.py
[2023-11-04T21:20:08.414+0400] {processor.py:829} INFO - Processing file /home/pyretttt/repos/mlops4/env/lib/python3.10/site-packages/airflow/example_dags/example_python_operator.py for tasks to queue
[2023-11-04T21:20:08.416+0400] {logging_mixin.py:151} INFO - [2023-11-04T21:20:08.415+0400] {dagbag.py:536} INFO - Filling up the DagBag from /home/pyretttt/repos/mlops4/env/lib/python3.10/site-packages/airflow/example_dags/example_python_operator.py
[2023-11-04T21:20:08.426+0400] {logging_mixin.py:151} INFO - [2023-11-04T21:20:08.426+0400] {example_python_operator.py:89} WARNING - The virtalenv_python example task requires virtualenv, please install it.
[2023-11-04T21:20:08.426+0400] {processor.py:839} INFO - DAG(s) dict_keys(['example_python_operator']) retrieved from /home/pyretttt/repos/mlops4/env/lib/python3.10/site-packages/airflow/example_dags/example_python_operator.py
[2023-11-04T21:20:08.445+0400] {logging_mixin.py:151} INFO - [2023-11-04T21:20:08.445+0400] {dag.py:2941} INFO - Sync 1 DAGs
[2023-11-04T21:20:08.454+0400] {logging_mixin.py:151} INFO - [2023-11-04T21:20:08.454+0400] {dag.py:3722} INFO - Setting next_dagrun for example_python_operator to None, run_after=None
[2023-11-04T21:20:08.466+0400] {processor.py:179} INFO - Processing /home/pyretttt/repos/mlops4/env/lib/python3.10/site-packages/airflow/example_dags/example_python_operator.py took 0.058 seconds
[2023-11-04T21:21:05.265+0400] {processor.py:157} INFO - Started process (PID=37911) to work on /home/pyretttt/repos/mlops4/env/lib/python3.10/site-packages/airflow/example_dags/example_python_operator.py
[2023-11-04T21:21:05.267+0400] {processor.py:829} INFO - Processing file /home/pyretttt/repos/mlops4/env/lib/python3.10/site-packages/airflow/example_dags/example_python_operator.py for tasks to queue
[2023-11-04T21:21:05.268+0400] {logging_mixin.py:151} INFO - [2023-11-04T21:21:05.267+0400] {dagbag.py:536} INFO - Filling up the DagBag from /home/pyretttt/repos/mlops4/env/lib/python3.10/site-packages/airflow/example_dags/example_python_operator.py
[2023-11-04T21:21:05.278+0400] {logging_mixin.py:151} INFO - [2023-11-04T21:21:05.278+0400] {example_python_operator.py:89} WARNING - The virtalenv_python example task requires virtualenv, please install it.
[2023-11-04T21:21:05.279+0400] {processor.py:839} INFO - DAG(s) dict_keys(['example_python_operator']) retrieved from /home/pyretttt/repos/mlops4/env/lib/python3.10/site-packages/airflow/example_dags/example_python_operator.py
[2023-11-04T21:21:05.295+0400] {logging_mixin.py:151} INFO - [2023-11-04T21:21:05.295+0400] {dag.py:2941} INFO - Sync 1 DAGs
[2023-11-04T21:21:05.304+0400] {logging_mixin.py:151} INFO - [2023-11-04T21:21:05.304+0400] {dag.py:3722} INFO - Setting next_dagrun for example_python_operator to None, run_after=None
[2023-11-04T21:21:05.317+0400] {processor.py:179} INFO - Processing /home/pyretttt/repos/mlops4/env/lib/python3.10/site-packages/airflow/example_dags/example_python_operator.py took 0.056 seconds
[2023-11-04T21:21:54.466+0400] {processor.py:157} INFO - Started process (PID=37963) to work on /home/pyretttt/repos/mlops4/env/lib/python3.10/site-packages/airflow/example_dags/example_python_operator.py
[2023-11-04T21:21:54.468+0400] {processor.py:829} INFO - Processing file /home/pyretttt/repos/mlops4/env/lib/python3.10/site-packages/airflow/example_dags/example_python_operator.py for tasks to queue
[2023-11-04T21:21:54.469+0400] {logging_mixin.py:151} INFO - [2023-11-04T21:21:54.468+0400] {dagbag.py:536} INFO - Filling up the DagBag from /home/pyretttt/repos/mlops4/env/lib/python3.10/site-packages/airflow/example_dags/example_python_operator.py
[2023-11-04T21:21:54.480+0400] {logging_mixin.py:151} INFO - [2023-11-04T21:21:54.480+0400] {example_python_operator.py:89} WARNING - The virtalenv_python example task requires virtualenv, please install it.
[2023-11-04T21:21:54.481+0400] {processor.py:839} INFO - DAG(s) dict_keys(['example_python_operator']) retrieved from /home/pyretttt/repos/mlops4/env/lib/python3.10/site-packages/airflow/example_dags/example_python_operator.py
[2023-11-04T21:21:54.498+0400] {logging_mixin.py:151} INFO - [2023-11-04T21:21:54.498+0400] {dag.py:2941} INFO - Sync 1 DAGs
[2023-11-04T21:21:54.506+0400] {logging_mixin.py:151} INFO - [2023-11-04T21:21:54.506+0400] {dag.py:3722} INFO - Setting next_dagrun for example_python_operator to None, run_after=None
[2023-11-04T21:21:54.518+0400] {processor.py:179} INFO - Processing /home/pyretttt/repos/mlops4/env/lib/python3.10/site-packages/airflow/example_dags/example_python_operator.py took 0.056 seconds
[2023-11-04T21:22:44.805+0400] {processor.py:157} INFO - Started process (PID=38015) to work on /home/pyretttt/repos/mlops4/env/lib/python3.10/site-packages/airflow/example_dags/example_python_operator.py
[2023-11-04T21:22:44.807+0400] {processor.py:829} INFO - Processing file /home/pyretttt/repos/mlops4/env/lib/python3.10/site-packages/airflow/example_dags/example_python_operator.py for tasks to queue
[2023-11-04T21:22:44.809+0400] {logging_mixin.py:151} INFO - [2023-11-04T21:22:44.808+0400] {dagbag.py:536} INFO - Filling up the DagBag from /home/pyretttt/repos/mlops4/env/lib/python3.10/site-packages/airflow/example_dags/example_python_operator.py
[2023-11-04T21:22:44.819+0400] {logging_mixin.py:151} INFO - [2023-11-04T21:22:44.818+0400] {example_python_operator.py:89} WARNING - The virtalenv_python example task requires virtualenv, please install it.
[2023-11-04T21:22:44.819+0400] {processor.py:839} INFO - DAG(s) dict_keys(['example_python_operator']) retrieved from /home/pyretttt/repos/mlops4/env/lib/python3.10/site-packages/airflow/example_dags/example_python_operator.py
[2023-11-04T21:22:44.836+0400] {logging_mixin.py:151} INFO - [2023-11-04T21:22:44.836+0400] {dag.py:2941} INFO - Sync 1 DAGs
[2023-11-04T21:22:44.845+0400] {logging_mixin.py:151} INFO - [2023-11-04T21:22:44.845+0400] {dag.py:3722} INFO - Setting next_dagrun for example_python_operator to None, run_after=None
[2023-11-04T21:22:44.869+0400] {processor.py:179} INFO - Processing /home/pyretttt/repos/mlops4/env/lib/python3.10/site-packages/airflow/example_dags/example_python_operator.py took 0.068 seconds
[2023-11-04T21:23:37.867+0400] {processor.py:157} INFO - Started process (PID=38068) to work on /home/pyretttt/repos/mlops4/env/lib/python3.10/site-packages/airflow/example_dags/example_python_operator.py
[2023-11-04T21:23:37.870+0400] {processor.py:829} INFO - Processing file /home/pyretttt/repos/mlops4/env/lib/python3.10/site-packages/airflow/example_dags/example_python_operator.py for tasks to queue
[2023-11-04T21:23:37.871+0400] {logging_mixin.py:151} INFO - [2023-11-04T21:23:37.870+0400] {dagbag.py:536} INFO - Filling up the DagBag from /home/pyretttt/repos/mlops4/env/lib/python3.10/site-packages/airflow/example_dags/example_python_operator.py
[2023-11-04T21:23:37.883+0400] {logging_mixin.py:151} INFO - [2023-11-04T21:23:37.883+0400] {example_python_operator.py:89} WARNING - The virtalenv_python example task requires virtualenv, please install it.
[2023-11-04T21:23:37.883+0400] {processor.py:839} INFO - DAG(s) dict_keys(['example_python_operator']) retrieved from /home/pyretttt/repos/mlops4/env/lib/python3.10/site-packages/airflow/example_dags/example_python_operator.py
[2023-11-04T21:23:37.904+0400] {logging_mixin.py:151} INFO - [2023-11-04T21:23:37.904+0400] {dag.py:2941} INFO - Sync 1 DAGs
[2023-11-04T21:23:37.913+0400] {logging_mixin.py:151} INFO - [2023-11-04T21:23:37.913+0400] {dag.py:3722} INFO - Setting next_dagrun for example_python_operator to None, run_after=None
[2023-11-04T21:23:37.928+0400] {processor.py:179} INFO - Processing /home/pyretttt/repos/mlops4/env/lib/python3.10/site-packages/airflow/example_dags/example_python_operator.py took 0.066 seconds
[2023-11-04T21:24:22.902+0400] {processor.py:157} INFO - Started process (PID=38116) to work on /home/pyretttt/repos/mlops4/env/lib/python3.10/site-packages/airflow/example_dags/example_python_operator.py
[2023-11-04T21:24:22.904+0400] {processor.py:829} INFO - Processing file /home/pyretttt/repos/mlops4/env/lib/python3.10/site-packages/airflow/example_dags/example_python_operator.py for tasks to queue
[2023-11-04T21:24:22.906+0400] {logging_mixin.py:151} INFO - [2023-11-04T21:24:22.905+0400] {dagbag.py:536} INFO - Filling up the DagBag from /home/pyretttt/repos/mlops4/env/lib/python3.10/site-packages/airflow/example_dags/example_python_operator.py
[2023-11-04T21:24:22.915+0400] {logging_mixin.py:151} INFO - [2023-11-04T21:24:22.915+0400] {example_python_operator.py:89} WARNING - The virtalenv_python example task requires virtualenv, please install it.
[2023-11-04T21:24:22.916+0400] {processor.py:839} INFO - DAG(s) dict_keys(['example_python_operator']) retrieved from /home/pyretttt/repos/mlops4/env/lib/python3.10/site-packages/airflow/example_dags/example_python_operator.py
[2023-11-04T21:24:22.932+0400] {logging_mixin.py:151} INFO - [2023-11-04T21:24:22.932+0400] {dag.py:2941} INFO - Sync 1 DAGs
[2023-11-04T21:24:22.940+0400] {logging_mixin.py:151} INFO - [2023-11-04T21:24:22.940+0400] {dag.py:3722} INFO - Setting next_dagrun for example_python_operator to None, run_after=None
[2023-11-04T21:24:22.953+0400] {processor.py:179} INFO - Processing /home/pyretttt/repos/mlops4/env/lib/python3.10/site-packages/airflow/example_dags/example_python_operator.py took 0.055 seconds
[2023-11-04T21:25:16.884+0400] {processor.py:157} INFO - Started process (PID=38169) to work on /home/pyretttt/repos/mlops4/env/lib/python3.10/site-packages/airflow/example_dags/example_python_operator.py
[2023-11-04T21:25:16.886+0400] {processor.py:829} INFO - Processing file /home/pyretttt/repos/mlops4/env/lib/python3.10/site-packages/airflow/example_dags/example_python_operator.py for tasks to queue
[2023-11-04T21:25:16.888+0400] {logging_mixin.py:151} INFO - [2023-11-04T21:25:16.887+0400] {dagbag.py:536} INFO - Filling up the DagBag from /home/pyretttt/repos/mlops4/env/lib/python3.10/site-packages/airflow/example_dags/example_python_operator.py
[2023-11-04T21:25:16.900+0400] {logging_mixin.py:151} INFO - [2023-11-04T21:25:16.900+0400] {example_python_operator.py:89} WARNING - The virtalenv_python example task requires virtualenv, please install it.
[2023-11-04T21:25:16.900+0400] {processor.py:839} INFO - DAG(s) dict_keys(['example_python_operator']) retrieved from /home/pyretttt/repos/mlops4/env/lib/python3.10/site-packages/airflow/example_dags/example_python_operator.py
[2023-11-04T21:25:16.919+0400] {logging_mixin.py:151} INFO - [2023-11-04T21:25:16.919+0400] {dag.py:2941} INFO - Sync 1 DAGs
[2023-11-04T21:25:16.929+0400] {logging_mixin.py:151} INFO - [2023-11-04T21:25:16.929+0400] {dag.py:3722} INFO - Setting next_dagrun for example_python_operator to None, run_after=None
[2023-11-04T21:25:16.942+0400] {processor.py:179} INFO - Processing /home/pyretttt/repos/mlops4/env/lib/python3.10/site-packages/airflow/example_dags/example_python_operator.py took 0.063 seconds
[2023-11-04T21:26:10.167+0400] {processor.py:157} INFO - Started process (PID=38222) to work on /home/pyretttt/repos/mlops4/env/lib/python3.10/site-packages/airflow/example_dags/example_python_operator.py
[2023-11-04T21:26:10.169+0400] {processor.py:829} INFO - Processing file /home/pyretttt/repos/mlops4/env/lib/python3.10/site-packages/airflow/example_dags/example_python_operator.py for tasks to queue
[2023-11-04T21:26:10.170+0400] {logging_mixin.py:151} INFO - [2023-11-04T21:26:10.169+0400] {dagbag.py:536} INFO - Filling up the DagBag from /home/pyretttt/repos/mlops4/env/lib/python3.10/site-packages/airflow/example_dags/example_python_operator.py
[2023-11-04T21:26:10.179+0400] {logging_mixin.py:151} INFO - [2023-11-04T21:26:10.179+0400] {example_python_operator.py:89} WARNING - The virtalenv_python example task requires virtualenv, please install it.
[2023-11-04T21:26:10.180+0400] {processor.py:839} INFO - DAG(s) dict_keys(['example_python_operator']) retrieved from /home/pyretttt/repos/mlops4/env/lib/python3.10/site-packages/airflow/example_dags/example_python_operator.py
[2023-11-04T21:26:10.196+0400] {logging_mixin.py:151} INFO - [2023-11-04T21:26:10.196+0400] {dag.py:2941} INFO - Sync 1 DAGs
[2023-11-04T21:26:10.203+0400] {logging_mixin.py:151} INFO - [2023-11-04T21:26:10.202+0400] {dag.py:3722} INFO - Setting next_dagrun for example_python_operator to None, run_after=None
[2023-11-04T21:26:10.215+0400] {processor.py:179} INFO - Processing /home/pyretttt/repos/mlops4/env/lib/python3.10/site-packages/airflow/example_dags/example_python_operator.py took 0.052 seconds
[2023-11-04T21:27:07.153+0400] {processor.py:157} INFO - Started process (PID=38277) to work on /home/pyretttt/repos/mlops4/env/lib/python3.10/site-packages/airflow/example_dags/example_python_operator.py
[2023-11-04T21:27:07.155+0400] {processor.py:829} INFO - Processing file /home/pyretttt/repos/mlops4/env/lib/python3.10/site-packages/airflow/example_dags/example_python_operator.py for tasks to queue
[2023-11-04T21:27:07.156+0400] {logging_mixin.py:151} INFO - [2023-11-04T21:27:07.156+0400] {dagbag.py:536} INFO - Filling up the DagBag from /home/pyretttt/repos/mlops4/env/lib/python3.10/site-packages/airflow/example_dags/example_python_operator.py
[2023-11-04T21:27:07.167+0400] {logging_mixin.py:151} INFO - [2023-11-04T21:27:07.167+0400] {example_python_operator.py:89} WARNING - The virtalenv_python example task requires virtualenv, please install it.
[2023-11-04T21:27:07.167+0400] {processor.py:839} INFO - DAG(s) dict_keys(['example_python_operator']) retrieved from /home/pyretttt/repos/mlops4/env/lib/python3.10/site-packages/airflow/example_dags/example_python_operator.py
[2023-11-04T21:27:07.186+0400] {logging_mixin.py:151} INFO - [2023-11-04T21:27:07.185+0400] {dag.py:2941} INFO - Sync 1 DAGs
[2023-11-04T21:27:07.195+0400] {logging_mixin.py:151} INFO - [2023-11-04T21:27:07.195+0400] {dag.py:3722} INFO - Setting next_dagrun for example_python_operator to None, run_after=None
[2023-11-04T21:27:07.207+0400] {processor.py:179} INFO - Processing /home/pyretttt/repos/mlops4/env/lib/python3.10/site-packages/airflow/example_dags/example_python_operator.py took 0.058 seconds
[2023-11-04T21:28:00.219+0400] {processor.py:157} INFO - Started process (PID=38332) to work on /home/pyretttt/repos/mlops4/env/lib/python3.10/site-packages/airflow/example_dags/example_python_operator.py
[2023-11-04T21:28:00.220+0400] {processor.py:829} INFO - Processing file /home/pyretttt/repos/mlops4/env/lib/python3.10/site-packages/airflow/example_dags/example_python_operator.py for tasks to queue
[2023-11-04T21:28:00.221+0400] {logging_mixin.py:151} INFO - [2023-11-04T21:28:00.221+0400] {dagbag.py:536} INFO - Filling up the DagBag from /home/pyretttt/repos/mlops4/env/lib/python3.10/site-packages/airflow/example_dags/example_python_operator.py
[2023-11-04T21:28:00.228+0400] {logging_mixin.py:151} INFO - [2023-11-04T21:28:00.228+0400] {example_python_operator.py:89} WARNING - The virtalenv_python example task requires virtualenv, please install it.
[2023-11-04T21:28:00.228+0400] {processor.py:839} INFO - DAG(s) dict_keys(['example_python_operator']) retrieved from /home/pyretttt/repos/mlops4/env/lib/python3.10/site-packages/airflow/example_dags/example_python_operator.py
[2023-11-04T21:28:00.243+0400] {logging_mixin.py:151} INFO - [2023-11-04T21:28:00.243+0400] {dag.py:2941} INFO - Sync 1 DAGs
[2023-11-04T21:28:00.248+0400] {logging_mixin.py:151} INFO - [2023-11-04T21:28:00.248+0400] {dag.py:3722} INFO - Setting next_dagrun for example_python_operator to None, run_after=None
[2023-11-04T21:28:00.263+0400] {processor.py:179} INFO - Processing /home/pyretttt/repos/mlops4/env/lib/python3.10/site-packages/airflow/example_dags/example_python_operator.py took 0.047 seconds
[2023-11-04T21:28:52.763+0400] {processor.py:157} INFO - Started process (PID=38403) to work on /home/pyretttt/repos/mlops4/env/lib/python3.10/site-packages/airflow/example_dags/example_python_operator.py
[2023-11-04T21:28:52.766+0400] {processor.py:829} INFO - Processing file /home/pyretttt/repos/mlops4/env/lib/python3.10/site-packages/airflow/example_dags/example_python_operator.py for tasks to queue
[2023-11-04T21:28:52.767+0400] {logging_mixin.py:151} INFO - [2023-11-04T21:28:52.766+0400] {dagbag.py:536} INFO - Filling up the DagBag from /home/pyretttt/repos/mlops4/env/lib/python3.10/site-packages/airflow/example_dags/example_python_operator.py
[2023-11-04T21:28:52.779+0400] {logging_mixin.py:151} INFO - [2023-11-04T21:28:52.779+0400] {example_python_operator.py:89} WARNING - The virtalenv_python example task requires virtualenv, please install it.
[2023-11-04T21:28:52.779+0400] {processor.py:839} INFO - DAG(s) dict_keys(['example_python_operator']) retrieved from /home/pyretttt/repos/mlops4/env/lib/python3.10/site-packages/airflow/example_dags/example_python_operator.py
[2023-11-04T21:28:52.798+0400] {logging_mixin.py:151} INFO - [2023-11-04T21:28:52.797+0400] {dag.py:2941} INFO - Sync 1 DAGs
[2023-11-04T21:28:52.806+0400] {logging_mixin.py:151} INFO - [2023-11-04T21:28:52.805+0400] {dag.py:3722} INFO - Setting next_dagrun for example_python_operator to None, run_after=None
[2023-11-04T21:28:52.817+0400] {processor.py:179} INFO - Processing /home/pyretttt/repos/mlops4/env/lib/python3.10/site-packages/airflow/example_dags/example_python_operator.py took 0.059 seconds
[2023-11-04T21:29:45.307+0400] {processor.py:157} INFO - Started process (PID=38456) to work on /home/pyretttt/repos/mlops4/env/lib/python3.10/site-packages/airflow/example_dags/example_python_operator.py
[2023-11-04T21:29:45.308+0400] {processor.py:829} INFO - Processing file /home/pyretttt/repos/mlops4/env/lib/python3.10/site-packages/airflow/example_dags/example_python_operator.py for tasks to queue
[2023-11-04T21:29:45.309+0400] {logging_mixin.py:151} INFO - [2023-11-04T21:29:45.308+0400] {dagbag.py:536} INFO - Filling up the DagBag from /home/pyretttt/repos/mlops4/env/lib/python3.10/site-packages/airflow/example_dags/example_python_operator.py
[2023-11-04T21:29:45.315+0400] {logging_mixin.py:151} INFO - [2023-11-04T21:29:45.315+0400] {example_python_operator.py:89} WARNING - The virtalenv_python example task requires virtualenv, please install it.
[2023-11-04T21:29:45.315+0400] {processor.py:839} INFO - DAG(s) dict_keys(['example_python_operator']) retrieved from /home/pyretttt/repos/mlops4/env/lib/python3.10/site-packages/airflow/example_dags/example_python_operator.py
[2023-11-04T21:29:45.326+0400] {logging_mixin.py:151} INFO - [2023-11-04T21:29:45.326+0400] {dag.py:2941} INFO - Sync 1 DAGs
[2023-11-04T21:29:45.331+0400] {logging_mixin.py:151} INFO - [2023-11-04T21:29:45.331+0400] {dag.py:3722} INFO - Setting next_dagrun for example_python_operator to None, run_after=None
[2023-11-04T21:29:45.349+0400] {processor.py:179} INFO - Processing /home/pyretttt/repos/mlops4/env/lib/python3.10/site-packages/airflow/example_dags/example_python_operator.py took 0.044 seconds
[2023-11-04T21:30:38.983+0400] {processor.py:157} INFO - Started process (PID=38509) to work on /home/pyretttt/repos/mlops4/env/lib/python3.10/site-packages/airflow/example_dags/example_python_operator.py
[2023-11-04T21:30:38.985+0400] {processor.py:829} INFO - Processing file /home/pyretttt/repos/mlops4/env/lib/python3.10/site-packages/airflow/example_dags/example_python_operator.py for tasks to queue
[2023-11-04T21:30:38.986+0400] {logging_mixin.py:151} INFO - [2023-11-04T21:30:38.985+0400] {dagbag.py:536} INFO - Filling up the DagBag from /home/pyretttt/repos/mlops4/env/lib/python3.10/site-packages/airflow/example_dags/example_python_operator.py
[2023-11-04T21:30:38.996+0400] {logging_mixin.py:151} INFO - [2023-11-04T21:30:38.996+0400] {example_python_operator.py:89} WARNING - The virtalenv_python example task requires virtualenv, please install it.
[2023-11-04T21:30:38.996+0400] {processor.py:839} INFO - DAG(s) dict_keys(['example_python_operator']) retrieved from /home/pyretttt/repos/mlops4/env/lib/python3.10/site-packages/airflow/example_dags/example_python_operator.py
[2023-11-04T21:30:39.013+0400] {logging_mixin.py:151} INFO - [2023-11-04T21:30:39.013+0400] {dag.py:2941} INFO - Sync 1 DAGs
[2023-11-04T21:30:39.021+0400] {logging_mixin.py:151} INFO - [2023-11-04T21:30:39.021+0400] {dag.py:3722} INFO - Setting next_dagrun for example_python_operator to None, run_after=None
[2023-11-04T21:30:39.032+0400] {processor.py:179} INFO - Processing /home/pyretttt/repos/mlops4/env/lib/python3.10/site-packages/airflow/example_dags/example_python_operator.py took 0.054 seconds
[2023-11-04T21:31:35.118+0400] {processor.py:157} INFO - Started process (PID=38574) to work on /home/pyretttt/repos/mlops4/env/lib/python3.10/site-packages/airflow/example_dags/example_python_operator.py
[2023-11-04T21:31:35.120+0400] {processor.py:829} INFO - Processing file /home/pyretttt/repos/mlops4/env/lib/python3.10/site-packages/airflow/example_dags/example_python_operator.py for tasks to queue
[2023-11-04T21:31:35.121+0400] {logging_mixin.py:151} INFO - [2023-11-04T21:31:35.120+0400] {dagbag.py:536} INFO - Filling up the DagBag from /home/pyretttt/repos/mlops4/env/lib/python3.10/site-packages/airflow/example_dags/example_python_operator.py
[2023-11-04T21:31:35.131+0400] {logging_mixin.py:151} INFO - [2023-11-04T21:31:35.131+0400] {example_python_operator.py:89} WARNING - The virtalenv_python example task requires virtualenv, please install it.
[2023-11-04T21:31:35.131+0400] {processor.py:839} INFO - DAG(s) dict_keys(['example_python_operator']) retrieved from /home/pyretttt/repos/mlops4/env/lib/python3.10/site-packages/airflow/example_dags/example_python_operator.py
[2023-11-04T21:31:35.148+0400] {logging_mixin.py:151} INFO - [2023-11-04T21:31:35.148+0400] {dag.py:2941} INFO - Sync 1 DAGs
[2023-11-04T21:31:35.157+0400] {logging_mixin.py:151} INFO - [2023-11-04T21:31:35.157+0400] {dag.py:3722} INFO - Setting next_dagrun for example_python_operator to None, run_after=None
[2023-11-04T21:31:35.171+0400] {processor.py:179} INFO - Processing /home/pyretttt/repos/mlops4/env/lib/python3.10/site-packages/airflow/example_dags/example_python_operator.py took 0.057 seconds
[2023-11-04T21:32:23.751+0400] {processor.py:157} INFO - Started process (PID=38624) to work on /home/pyretttt/repos/mlops4/env/lib/python3.10/site-packages/airflow/example_dags/example_python_operator.py
[2023-11-04T21:32:23.753+0400] {processor.py:829} INFO - Processing file /home/pyretttt/repos/mlops4/env/lib/python3.10/site-packages/airflow/example_dags/example_python_operator.py for tasks to queue
[2023-11-04T21:32:23.754+0400] {logging_mixin.py:151} INFO - [2023-11-04T21:32:23.753+0400] {dagbag.py:536} INFO - Filling up the DagBag from /home/pyretttt/repos/mlops4/env/lib/python3.10/site-packages/airflow/example_dags/example_python_operator.py
[2023-11-04T21:32:23.765+0400] {logging_mixin.py:151} INFO - [2023-11-04T21:32:23.765+0400] {example_python_operator.py:89} WARNING - The virtalenv_python example task requires virtualenv, please install it.
[2023-11-04T21:32:23.766+0400] {processor.py:839} INFO - DAG(s) dict_keys(['example_python_operator']) retrieved from /home/pyretttt/repos/mlops4/env/lib/python3.10/site-packages/airflow/example_dags/example_python_operator.py
[2023-11-04T21:32:23.784+0400] {logging_mixin.py:151} INFO - [2023-11-04T21:32:23.784+0400] {dag.py:2941} INFO - Sync 1 DAGs
[2023-11-04T21:32:23.792+0400] {logging_mixin.py:151} INFO - [2023-11-04T21:32:23.792+0400] {dag.py:3722} INFO - Setting next_dagrun for example_python_operator to None, run_after=None
[2023-11-04T21:32:23.805+0400] {processor.py:179} INFO - Processing /home/pyretttt/repos/mlops4/env/lib/python3.10/site-packages/airflow/example_dags/example_python_operator.py took 0.059 seconds
[2023-11-04T21:33:29.708+0400] {processor.py:157} INFO - Started process (PID=38685) to work on /home/pyretttt/repos/mlops4/env/lib/python3.10/site-packages/airflow/example_dags/example_python_operator.py
[2023-11-04T21:33:29.710+0400] {processor.py:829} INFO - Processing file /home/pyretttt/repos/mlops4/env/lib/python3.10/site-packages/airflow/example_dags/example_python_operator.py for tasks to queue
[2023-11-04T21:33:29.711+0400] {logging_mixin.py:151} INFO - [2023-11-04T21:33:29.711+0400] {dagbag.py:536} INFO - Filling up the DagBag from /home/pyretttt/repos/mlops4/env/lib/python3.10/site-packages/airflow/example_dags/example_python_operator.py
[2023-11-04T21:33:29.722+0400] {logging_mixin.py:151} INFO - [2023-11-04T21:33:29.722+0400] {example_python_operator.py:89} WARNING - The virtalenv_python example task requires virtualenv, please install it.
[2023-11-04T21:33:29.723+0400] {processor.py:839} INFO - DAG(s) dict_keys(['example_python_operator']) retrieved from /home/pyretttt/repos/mlops4/env/lib/python3.10/site-packages/airflow/example_dags/example_python_operator.py
[2023-11-04T21:33:29.741+0400] {logging_mixin.py:151} INFO - [2023-11-04T21:33:29.741+0400] {dag.py:2941} INFO - Sync 1 DAGs
[2023-11-04T21:33:29.749+0400] {logging_mixin.py:151} INFO - [2023-11-04T21:33:29.749+0400] {dag.py:3722} INFO - Setting next_dagrun for example_python_operator to None, run_after=None
[2023-11-04T21:33:29.762+0400] {processor.py:179} INFO - Processing /home/pyretttt/repos/mlops4/env/lib/python3.10/site-packages/airflow/example_dags/example_python_operator.py took 0.059 seconds
[2023-11-04T21:34:28.330+0400] {processor.py:157} INFO - Started process (PID=38741) to work on /home/pyretttt/repos/mlops4/env/lib/python3.10/site-packages/airflow/example_dags/example_python_operator.py
[2023-11-04T21:34:28.332+0400] {processor.py:829} INFO - Processing file /home/pyretttt/repos/mlops4/env/lib/python3.10/site-packages/airflow/example_dags/example_python_operator.py for tasks to queue
[2023-11-04T21:34:28.333+0400] {logging_mixin.py:151} INFO - [2023-11-04T21:34:28.333+0400] {dagbag.py:536} INFO - Filling up the DagBag from /home/pyretttt/repos/mlops4/env/lib/python3.10/site-packages/airflow/example_dags/example_python_operator.py
[2023-11-04T21:34:28.344+0400] {logging_mixin.py:151} INFO - [2023-11-04T21:34:28.343+0400] {example_python_operator.py:89} WARNING - The virtalenv_python example task requires virtualenv, please install it.
[2023-11-04T21:34:28.344+0400] {processor.py:839} INFO - DAG(s) dict_keys(['example_python_operator']) retrieved from /home/pyretttt/repos/mlops4/env/lib/python3.10/site-packages/airflow/example_dags/example_python_operator.py
[2023-11-04T21:34:28.361+0400] {logging_mixin.py:151} INFO - [2023-11-04T21:34:28.361+0400] {dag.py:2941} INFO - Sync 1 DAGs
[2023-11-04T21:34:28.370+0400] {logging_mixin.py:151} INFO - [2023-11-04T21:34:28.369+0400] {dag.py:3722} INFO - Setting next_dagrun for example_python_operator to None, run_after=None
[2023-11-04T21:34:28.383+0400] {processor.py:179} INFO - Processing /home/pyretttt/repos/mlops4/env/lib/python3.10/site-packages/airflow/example_dags/example_python_operator.py took 0.056 seconds
[2023-11-04T21:35:29.192+0400] {processor.py:157} INFO - Started process (PID=38800) to work on /home/pyretttt/repos/mlops4/env/lib/python3.10/site-packages/airflow/example_dags/example_python_operator.py
[2023-11-04T21:35:29.196+0400] {processor.py:829} INFO - Processing file /home/pyretttt/repos/mlops4/env/lib/python3.10/site-packages/airflow/example_dags/example_python_operator.py for tasks to queue
[2023-11-04T21:35:29.197+0400] {logging_mixin.py:151} INFO - [2023-11-04T21:35:29.196+0400] {dagbag.py:536} INFO - Filling up the DagBag from /home/pyretttt/repos/mlops4/env/lib/python3.10/site-packages/airflow/example_dags/example_python_operator.py
[2023-11-04T21:35:29.207+0400] {logging_mixin.py:151} INFO - [2023-11-04T21:35:29.207+0400] {example_python_operator.py:89} WARNING - The virtalenv_python example task requires virtualenv, please install it.
[2023-11-04T21:35:29.208+0400] {processor.py:839} INFO - DAG(s) dict_keys(['example_python_operator']) retrieved from /home/pyretttt/repos/mlops4/env/lib/python3.10/site-packages/airflow/example_dags/example_python_operator.py
[2023-11-04T21:35:29.225+0400] {logging_mixin.py:151} INFO - [2023-11-04T21:35:29.225+0400] {dag.py:2941} INFO - Sync 1 DAGs
[2023-11-04T21:35:29.233+0400] {logging_mixin.py:151} INFO - [2023-11-04T21:35:29.233+0400] {dag.py:3722} INFO - Setting next_dagrun for example_python_operator to None, run_after=None
[2023-11-04T21:35:29.245+0400] {processor.py:179} INFO - Processing /home/pyretttt/repos/mlops4/env/lib/python3.10/site-packages/airflow/example_dags/example_python_operator.py took 0.057 seconds
[2023-11-04T21:36:25.970+0400] {processor.py:157} INFO - Started process (PID=38855) to work on /home/pyretttt/repos/mlops4/env/lib/python3.10/site-packages/airflow/example_dags/example_python_operator.py
[2023-11-04T21:36:25.973+0400] {processor.py:829} INFO - Processing file /home/pyretttt/repos/mlops4/env/lib/python3.10/site-packages/airflow/example_dags/example_python_operator.py for tasks to queue
[2023-11-04T21:36:25.975+0400] {logging_mixin.py:151} INFO - [2023-11-04T21:36:25.974+0400] {dagbag.py:536} INFO - Filling up the DagBag from /home/pyretttt/repos/mlops4/env/lib/python3.10/site-packages/airflow/example_dags/example_python_operator.py
[2023-11-04T21:36:25.985+0400] {logging_mixin.py:151} INFO - [2023-11-04T21:36:25.985+0400] {example_python_operator.py:89} WARNING - The virtalenv_python example task requires virtualenv, please install it.
[2023-11-04T21:36:25.985+0400] {processor.py:839} INFO - DAG(s) dict_keys(['example_python_operator']) retrieved from /home/pyretttt/repos/mlops4/env/lib/python3.10/site-packages/airflow/example_dags/example_python_operator.py
[2023-11-04T21:36:26.003+0400] {logging_mixin.py:151} INFO - [2023-11-04T21:36:26.003+0400] {dag.py:2941} INFO - Sync 1 DAGs
[2023-11-04T21:36:26.012+0400] {logging_mixin.py:151} INFO - [2023-11-04T21:36:26.012+0400] {dag.py:3722} INFO - Setting next_dagrun for example_python_operator to None, run_after=None
[2023-11-04T21:36:26.023+0400] {processor.py:179} INFO - Processing /home/pyretttt/repos/mlops4/env/lib/python3.10/site-packages/airflow/example_dags/example_python_operator.py took 0.058 seconds
[2023-11-04T21:37:25.677+0400] {processor.py:157} INFO - Started process (PID=38912) to work on /home/pyretttt/repos/mlops4/env/lib/python3.10/site-packages/airflow/example_dags/example_python_operator.py
[2023-11-04T21:37:25.679+0400] {processor.py:829} INFO - Processing file /home/pyretttt/repos/mlops4/env/lib/python3.10/site-packages/airflow/example_dags/example_python_operator.py for tasks to queue
[2023-11-04T21:37:25.680+0400] {logging_mixin.py:151} INFO - [2023-11-04T21:37:25.679+0400] {dagbag.py:536} INFO - Filling up the DagBag from /home/pyretttt/repos/mlops4/env/lib/python3.10/site-packages/airflow/example_dags/example_python_operator.py
[2023-11-04T21:37:25.691+0400] {logging_mixin.py:151} INFO - [2023-11-04T21:37:25.690+0400] {example_python_operator.py:89} WARNING - The virtalenv_python example task requires virtualenv, please install it.
[2023-11-04T21:37:25.691+0400] {processor.py:839} INFO - DAG(s) dict_keys(['example_python_operator']) retrieved from /home/pyretttt/repos/mlops4/env/lib/python3.10/site-packages/airflow/example_dags/example_python_operator.py
[2023-11-04T21:37:25.708+0400] {logging_mixin.py:151} INFO - [2023-11-04T21:37:25.708+0400] {dag.py:2941} INFO - Sync 1 DAGs
[2023-11-04T21:37:25.716+0400] {logging_mixin.py:151} INFO - [2023-11-04T21:37:25.716+0400] {dag.py:3722} INFO - Setting next_dagrun for example_python_operator to None, run_after=None
[2023-11-04T21:37:25.729+0400] {processor.py:179} INFO - Processing /home/pyretttt/repos/mlops4/env/lib/python3.10/site-packages/airflow/example_dags/example_python_operator.py took 0.056 seconds
[2023-11-04T21:38:27.239+0400] {processor.py:157} INFO - Started process (PID=38969) to work on /home/pyretttt/repos/mlops4/env/lib/python3.10/site-packages/airflow/example_dags/example_python_operator.py
[2023-11-04T21:38:27.241+0400] {processor.py:829} INFO - Processing file /home/pyretttt/repos/mlops4/env/lib/python3.10/site-packages/airflow/example_dags/example_python_operator.py for tasks to queue
[2023-11-04T21:38:27.242+0400] {logging_mixin.py:151} INFO - [2023-11-04T21:38:27.241+0400] {dagbag.py:536} INFO - Filling up the DagBag from /home/pyretttt/repos/mlops4/env/lib/python3.10/site-packages/airflow/example_dags/example_python_operator.py
[2023-11-04T21:38:27.253+0400] {logging_mixin.py:151} INFO - [2023-11-04T21:38:27.253+0400] {example_python_operator.py:89} WARNING - The virtalenv_python example task requires virtualenv, please install it.
[2023-11-04T21:38:27.253+0400] {processor.py:839} INFO - DAG(s) dict_keys(['example_python_operator']) retrieved from /home/pyretttt/repos/mlops4/env/lib/python3.10/site-packages/airflow/example_dags/example_python_operator.py
[2023-11-04T21:38:27.271+0400] {logging_mixin.py:151} INFO - [2023-11-04T21:38:27.271+0400] {dag.py:2941} INFO - Sync 1 DAGs
[2023-11-04T21:38:27.281+0400] {logging_mixin.py:151} INFO - [2023-11-04T21:38:27.281+0400] {dag.py:3722} INFO - Setting next_dagrun for example_python_operator to None, run_after=None
[2023-11-04T21:38:27.297+0400] {processor.py:179} INFO - Processing /home/pyretttt/repos/mlops4/env/lib/python3.10/site-packages/airflow/example_dags/example_python_operator.py took 0.063 seconds
[2023-11-04T21:39:29.868+0400] {processor.py:157} INFO - Started process (PID=39029) to work on /home/pyretttt/repos/mlops4/env/lib/python3.10/site-packages/airflow/example_dags/example_python_operator.py
[2023-11-04T21:39:29.869+0400] {processor.py:829} INFO - Processing file /home/pyretttt/repos/mlops4/env/lib/python3.10/site-packages/airflow/example_dags/example_python_operator.py for tasks to queue
[2023-11-04T21:39:29.869+0400] {logging_mixin.py:151} INFO - [2023-11-04T21:39:29.869+0400] {dagbag.py:536} INFO - Filling up the DagBag from /home/pyretttt/repos/mlops4/env/lib/python3.10/site-packages/airflow/example_dags/example_python_operator.py
[2023-11-04T21:39:29.874+0400] {logging_mixin.py:151} INFO - [2023-11-04T21:39:29.874+0400] {example_python_operator.py:89} WARNING - The virtalenv_python example task requires virtualenv, please install it.
[2023-11-04T21:39:29.875+0400] {processor.py:839} INFO - DAG(s) dict_keys(['example_python_operator']) retrieved from /home/pyretttt/repos/mlops4/env/lib/python3.10/site-packages/airflow/example_dags/example_python_operator.py
[2023-11-04T21:39:29.883+0400] {logging_mixin.py:151} INFO - [2023-11-04T21:39:29.883+0400] {dag.py:2941} INFO - Sync 1 DAGs
[2023-11-04T21:39:29.888+0400] {logging_mixin.py:151} INFO - [2023-11-04T21:39:29.888+0400] {dag.py:3722} INFO - Setting next_dagrun for example_python_operator to None, run_after=None
[2023-11-04T21:39:29.899+0400] {processor.py:179} INFO - Processing /home/pyretttt/repos/mlops4/env/lib/python3.10/site-packages/airflow/example_dags/example_python_operator.py took 0.034 seconds
[2023-11-04T21:40:29.170+0400] {processor.py:157} INFO - Started process (PID=39085) to work on /home/pyretttt/repos/mlops4/env/lib/python3.10/site-packages/airflow/example_dags/example_python_operator.py
[2023-11-04T21:40:29.172+0400] {processor.py:829} INFO - Processing file /home/pyretttt/repos/mlops4/env/lib/python3.10/site-packages/airflow/example_dags/example_python_operator.py for tasks to queue
[2023-11-04T21:40:29.174+0400] {logging_mixin.py:151} INFO - [2023-11-04T21:40:29.173+0400] {dagbag.py:536} INFO - Filling up the DagBag from /home/pyretttt/repos/mlops4/env/lib/python3.10/site-packages/airflow/example_dags/example_python_operator.py
[2023-11-04T21:40:29.184+0400] {logging_mixin.py:151} INFO - [2023-11-04T21:40:29.184+0400] {example_python_operator.py:89} WARNING - The virtalenv_python example task requires virtualenv, please install it.
[2023-11-04T21:40:29.184+0400] {processor.py:839} INFO - DAG(s) dict_keys(['example_python_operator']) retrieved from /home/pyretttt/repos/mlops4/env/lib/python3.10/site-packages/airflow/example_dags/example_python_operator.py
[2023-11-04T21:40:29.203+0400] {logging_mixin.py:151} INFO - [2023-11-04T21:40:29.203+0400] {dag.py:2941} INFO - Sync 1 DAGs
[2023-11-04T21:40:29.212+0400] {logging_mixin.py:151} INFO - [2023-11-04T21:40:29.212+0400] {dag.py:3722} INFO - Setting next_dagrun for example_python_operator to None, run_after=None
[2023-11-04T21:40:29.224+0400] {processor.py:179} INFO - Processing /home/pyretttt/repos/mlops4/env/lib/python3.10/site-packages/airflow/example_dags/example_python_operator.py took 0.058 seconds
[2023-11-04T21:41:37.146+0400] {processor.py:157} INFO - Started process (PID=39147) to work on /home/pyretttt/repos/mlops4/env/lib/python3.10/site-packages/airflow/example_dags/example_python_operator.py
[2023-11-04T21:41:37.148+0400] {processor.py:829} INFO - Processing file /home/pyretttt/repos/mlops4/env/lib/python3.10/site-packages/airflow/example_dags/example_python_operator.py for tasks to queue
[2023-11-04T21:41:37.149+0400] {logging_mixin.py:151} INFO - [2023-11-04T21:41:37.148+0400] {dagbag.py:536} INFO - Filling up the DagBag from /home/pyretttt/repos/mlops4/env/lib/python3.10/site-packages/airflow/example_dags/example_python_operator.py
[2023-11-04T21:41:37.157+0400] {logging_mixin.py:151} INFO - [2023-11-04T21:41:37.157+0400] {example_python_operator.py:89} WARNING - The virtalenv_python example task requires virtualenv, please install it.
[2023-11-04T21:41:37.158+0400] {processor.py:839} INFO - DAG(s) dict_keys(['example_python_operator']) retrieved from /home/pyretttt/repos/mlops4/env/lib/python3.10/site-packages/airflow/example_dags/example_python_operator.py
[2023-11-04T21:41:37.527+0400] {logging_mixin.py:151} INFO - [2023-11-04T21:41:37.526+0400] {dag.py:2941} INFO - Sync 1 DAGs
[2023-11-04T21:41:37.545+0400] {logging_mixin.py:151} INFO - [2023-11-04T21:41:37.545+0400] {dag.py:3722} INFO - Setting next_dagrun for example_python_operator to None, run_after=None
[2023-11-04T21:41:37.647+0400] {processor.py:179} INFO - Processing /home/pyretttt/repos/mlops4/env/lib/python3.10/site-packages/airflow/example_dags/example_python_operator.py took 0.505 seconds
[2023-11-04T21:42:35.819+0400] {processor.py:157} INFO - Started process (PID=39204) to work on /home/pyretttt/repos/mlops4/env/lib/python3.10/site-packages/airflow/example_dags/example_python_operator.py
[2023-11-04T21:42:35.822+0400] {processor.py:829} INFO - Processing file /home/pyretttt/repos/mlops4/env/lib/python3.10/site-packages/airflow/example_dags/example_python_operator.py for tasks to queue
[2023-11-04T21:42:35.823+0400] {logging_mixin.py:151} INFO - [2023-11-04T21:42:35.823+0400] {dagbag.py:536} INFO - Filling up the DagBag from /home/pyretttt/repos/mlops4/env/lib/python3.10/site-packages/airflow/example_dags/example_python_operator.py
[2023-11-04T21:42:35.834+0400] {logging_mixin.py:151} INFO - [2023-11-04T21:42:35.834+0400] {example_python_operator.py:89} WARNING - The virtalenv_python example task requires virtualenv, please install it.
[2023-11-04T21:42:35.835+0400] {processor.py:839} INFO - DAG(s) dict_keys(['example_python_operator']) retrieved from /home/pyretttt/repos/mlops4/env/lib/python3.10/site-packages/airflow/example_dags/example_python_operator.py
[2023-11-04T21:42:35.853+0400] {logging_mixin.py:151} INFO - [2023-11-04T21:42:35.853+0400] {dag.py:2941} INFO - Sync 1 DAGs
[2023-11-04T21:42:35.861+0400] {logging_mixin.py:151} INFO - [2023-11-04T21:42:35.861+0400] {dag.py:3722} INFO - Setting next_dagrun for example_python_operator to None, run_after=None
[2023-11-04T21:42:35.873+0400] {processor.py:179} INFO - Processing /home/pyretttt/repos/mlops4/env/lib/python3.10/site-packages/airflow/example_dags/example_python_operator.py took 0.059 seconds
[2023-11-04T21:43:27.854+0400] {processor.py:157} INFO - Started process (PID=39257) to work on /home/pyretttt/repos/mlops4/env/lib/python3.10/site-packages/airflow/example_dags/example_python_operator.py
[2023-11-04T21:43:27.855+0400] {processor.py:829} INFO - Processing file /home/pyretttt/repos/mlops4/env/lib/python3.10/site-packages/airflow/example_dags/example_python_operator.py for tasks to queue
[2023-11-04T21:43:27.856+0400] {logging_mixin.py:151} INFO - [2023-11-04T21:43:27.855+0400] {dagbag.py:536} INFO - Filling up the DagBag from /home/pyretttt/repos/mlops4/env/lib/python3.10/site-packages/airflow/example_dags/example_python_operator.py
[2023-11-04T21:43:27.862+0400] {logging_mixin.py:151} INFO - [2023-11-04T21:43:27.862+0400] {example_python_operator.py:89} WARNING - The virtalenv_python example task requires virtualenv, please install it.
[2023-11-04T21:43:27.863+0400] {processor.py:839} INFO - DAG(s) dict_keys(['example_python_operator']) retrieved from /home/pyretttt/repos/mlops4/env/lib/python3.10/site-packages/airflow/example_dags/example_python_operator.py
[2023-11-04T21:43:27.873+0400] {logging_mixin.py:151} INFO - [2023-11-04T21:43:27.873+0400] {dag.py:2941} INFO - Sync 1 DAGs
[2023-11-04T21:43:27.879+0400] {logging_mixin.py:151} INFO - [2023-11-04T21:43:27.879+0400] {dag.py:3722} INFO - Setting next_dagrun for example_python_operator to None, run_after=None
[2023-11-04T21:43:27.913+0400] {processor.py:179} INFO - Processing /home/pyretttt/repos/mlops4/env/lib/python3.10/site-packages/airflow/example_dags/example_python_operator.py took 0.064 seconds
[2023-11-04T21:44:20.033+0400] {processor.py:157} INFO - Started process (PID=39309) to work on /home/pyretttt/repos/mlops4/env/lib/python3.10/site-packages/airflow/example_dags/example_python_operator.py
[2023-11-04T21:44:20.035+0400] {processor.py:829} INFO - Processing file /home/pyretttt/repos/mlops4/env/lib/python3.10/site-packages/airflow/example_dags/example_python_operator.py for tasks to queue
[2023-11-04T21:44:20.036+0400] {logging_mixin.py:151} INFO - [2023-11-04T21:44:20.035+0400] {dagbag.py:536} INFO - Filling up the DagBag from /home/pyretttt/repos/mlops4/env/lib/python3.10/site-packages/airflow/example_dags/example_python_operator.py
[2023-11-04T21:44:20.045+0400] {logging_mixin.py:151} INFO - [2023-11-04T21:44:20.045+0400] {example_python_operator.py:89} WARNING - The virtalenv_python example task requires virtualenv, please install it.
[2023-11-04T21:44:20.046+0400] {processor.py:839} INFO - DAG(s) dict_keys(['example_python_operator']) retrieved from /home/pyretttt/repos/mlops4/env/lib/python3.10/site-packages/airflow/example_dags/example_python_operator.py
[2023-11-04T21:44:20.063+0400] {logging_mixin.py:151} INFO - [2023-11-04T21:44:20.063+0400] {dag.py:2941} INFO - Sync 1 DAGs
[2023-11-04T21:44:20.074+0400] {logging_mixin.py:151} INFO - [2023-11-04T21:44:20.073+0400] {dag.py:3722} INFO - Setting next_dagrun for example_python_operator to None, run_after=None
[2023-11-04T21:44:20.093+0400] {processor.py:179} INFO - Processing /home/pyretttt/repos/mlops4/env/lib/python3.10/site-packages/airflow/example_dags/example_python_operator.py took 0.064 seconds
[2023-11-04T21:45:15.968+0400] {processor.py:157} INFO - Started process (PID=39364) to work on /home/pyretttt/repos/mlops4/env/lib/python3.10/site-packages/airflow/example_dags/example_python_operator.py
[2023-11-04T21:45:15.970+0400] {processor.py:829} INFO - Processing file /home/pyretttt/repos/mlops4/env/lib/python3.10/site-packages/airflow/example_dags/example_python_operator.py for tasks to queue
[2023-11-04T21:45:15.970+0400] {logging_mixin.py:151} INFO - [2023-11-04T21:45:15.970+0400] {dagbag.py:536} INFO - Filling up the DagBag from /home/pyretttt/repos/mlops4/env/lib/python3.10/site-packages/airflow/example_dags/example_python_operator.py
[2023-11-04T21:45:15.979+0400] {logging_mixin.py:151} INFO - [2023-11-04T21:45:15.979+0400] {example_python_operator.py:89} WARNING - The virtalenv_python example task requires virtualenv, please install it.
[2023-11-04T21:45:15.979+0400] {processor.py:839} INFO - DAG(s) dict_keys(['example_python_operator']) retrieved from /home/pyretttt/repos/mlops4/env/lib/python3.10/site-packages/airflow/example_dags/example_python_operator.py
[2023-11-04T21:45:15.993+0400] {logging_mixin.py:151} INFO - [2023-11-04T21:45:15.992+0400] {dag.py:2941} INFO - Sync 1 DAGs
[2023-11-04T21:45:16.000+0400] {logging_mixin.py:151} INFO - [2023-11-04T21:45:16.000+0400] {dag.py:3722} INFO - Setting next_dagrun for example_python_operator to None, run_after=None
[2023-11-04T21:45:16.014+0400] {processor.py:179} INFO - Processing /home/pyretttt/repos/mlops4/env/lib/python3.10/site-packages/airflow/example_dags/example_python_operator.py took 0.048 seconds
[2023-11-04T21:46:08.564+0400] {processor.py:157} INFO - Started process (PID=39417) to work on /home/pyretttt/repos/mlops4/env/lib/python3.10/site-packages/airflow/example_dags/example_python_operator.py
[2023-11-04T21:46:08.566+0400] {processor.py:829} INFO - Processing file /home/pyretttt/repos/mlops4/env/lib/python3.10/site-packages/airflow/example_dags/example_python_operator.py for tasks to queue
[2023-11-04T21:46:08.567+0400] {logging_mixin.py:151} INFO - [2023-11-04T21:46:08.566+0400] {dagbag.py:536} INFO - Filling up the DagBag from /home/pyretttt/repos/mlops4/env/lib/python3.10/site-packages/airflow/example_dags/example_python_operator.py
[2023-11-04T21:46:08.578+0400] {logging_mixin.py:151} INFO - [2023-11-04T21:46:08.577+0400] {example_python_operator.py:89} WARNING - The virtalenv_python example task requires virtualenv, please install it.
[2023-11-04T21:46:08.578+0400] {processor.py:839} INFO - DAG(s) dict_keys(['example_python_operator']) retrieved from /home/pyretttt/repos/mlops4/env/lib/python3.10/site-packages/airflow/example_dags/example_python_operator.py
[2023-11-04T21:46:08.595+0400] {logging_mixin.py:151} INFO - [2023-11-04T21:46:08.595+0400] {dag.py:2941} INFO - Sync 1 DAGs
[2023-11-04T21:46:08.604+0400] {logging_mixin.py:151} INFO - [2023-11-04T21:46:08.604+0400] {dag.py:3722} INFO - Setting next_dagrun for example_python_operator to None, run_after=None
[2023-11-04T21:46:08.616+0400] {processor.py:179} INFO - Processing /home/pyretttt/repos/mlops4/env/lib/python3.10/site-packages/airflow/example_dags/example_python_operator.py took 0.056 seconds
[2023-11-04T21:47:01.783+0400] {processor.py:157} INFO - Started process (PID=39471) to work on /home/pyretttt/repos/mlops4/env/lib/python3.10/site-packages/airflow/example_dags/example_python_operator.py
[2023-11-04T21:47:01.785+0400] {processor.py:829} INFO - Processing file /home/pyretttt/repos/mlops4/env/lib/python3.10/site-packages/airflow/example_dags/example_python_operator.py for tasks to queue
[2023-11-04T21:47:01.786+0400] {logging_mixin.py:151} INFO - [2023-11-04T21:47:01.785+0400] {dagbag.py:536} INFO - Filling up the DagBag from /home/pyretttt/repos/mlops4/env/lib/python3.10/site-packages/airflow/example_dags/example_python_operator.py
[2023-11-04T21:47:01.796+0400] {logging_mixin.py:151} INFO - [2023-11-04T21:47:01.796+0400] {example_python_operator.py:89} WARNING - The virtalenv_python example task requires virtualenv, please install it.
[2023-11-04T21:47:01.797+0400] {processor.py:839} INFO - DAG(s) dict_keys(['example_python_operator']) retrieved from /home/pyretttt/repos/mlops4/env/lib/python3.10/site-packages/airflow/example_dags/example_python_operator.py
[2023-11-04T21:47:01.814+0400] {logging_mixin.py:151} INFO - [2023-11-04T21:47:01.813+0400] {dag.py:2941} INFO - Sync 1 DAGs
[2023-11-04T21:47:01.822+0400] {logging_mixin.py:151} INFO - [2023-11-04T21:47:01.822+0400] {dag.py:3722} INFO - Setting next_dagrun for example_python_operator to None, run_after=None
[2023-11-04T21:47:01.834+0400] {processor.py:179} INFO - Processing /home/pyretttt/repos/mlops4/env/lib/python3.10/site-packages/airflow/example_dags/example_python_operator.py took 0.056 seconds
[2023-11-04T21:47:51.037+0400] {processor.py:157} INFO - Started process (PID=39522) to work on /home/pyretttt/repos/mlops4/env/lib/python3.10/site-packages/airflow/example_dags/example_python_operator.py
[2023-11-04T21:47:51.039+0400] {processor.py:829} INFO - Processing file /home/pyretttt/repos/mlops4/env/lib/python3.10/site-packages/airflow/example_dags/example_python_operator.py for tasks to queue
[2023-11-04T21:47:51.040+0400] {logging_mixin.py:151} INFO - [2023-11-04T21:47:51.039+0400] {dagbag.py:536} INFO - Filling up the DagBag from /home/pyretttt/repos/mlops4/env/lib/python3.10/site-packages/airflow/example_dags/example_python_operator.py
[2023-11-04T21:47:51.052+0400] {logging_mixin.py:151} INFO - [2023-11-04T21:47:51.052+0400] {example_python_operator.py:89} WARNING - The virtalenv_python example task requires virtualenv, please install it.
[2023-11-04T21:47:51.052+0400] {processor.py:839} INFO - DAG(s) dict_keys(['example_python_operator']) retrieved from /home/pyretttt/repos/mlops4/env/lib/python3.10/site-packages/airflow/example_dags/example_python_operator.py
[2023-11-04T21:47:51.070+0400] {logging_mixin.py:151} INFO - [2023-11-04T21:47:51.070+0400] {dag.py:2941} INFO - Sync 1 DAGs
[2023-11-04T21:47:51.079+0400] {logging_mixin.py:151} INFO - [2023-11-04T21:47:51.078+0400] {dag.py:3722} INFO - Setting next_dagrun for example_python_operator to None, run_after=None
[2023-11-04T21:47:51.090+0400] {processor.py:179} INFO - Processing /home/pyretttt/repos/mlops4/env/lib/python3.10/site-packages/airflow/example_dags/example_python_operator.py took 0.058 seconds
[2023-11-04T21:48:39.011+0400] {processor.py:157} INFO - Started process (PID=39571) to work on /home/pyretttt/repos/mlops4/env/lib/python3.10/site-packages/airflow/example_dags/example_python_operator.py
[2023-11-04T21:48:39.013+0400] {processor.py:829} INFO - Processing file /home/pyretttt/repos/mlops4/env/lib/python3.10/site-packages/airflow/example_dags/example_python_operator.py for tasks to queue
[2023-11-04T21:48:39.014+0400] {logging_mixin.py:151} INFO - [2023-11-04T21:48:39.013+0400] {dagbag.py:536} INFO - Filling up the DagBag from /home/pyretttt/repos/mlops4/env/lib/python3.10/site-packages/airflow/example_dags/example_python_operator.py
[2023-11-04T21:48:39.024+0400] {logging_mixin.py:151} INFO - [2023-11-04T21:48:39.024+0400] {example_python_operator.py:89} WARNING - The virtalenv_python example task requires virtualenv, please install it.
[2023-11-04T21:48:39.025+0400] {processor.py:839} INFO - DAG(s) dict_keys(['example_python_operator']) retrieved from /home/pyretttt/repos/mlops4/env/lib/python3.10/site-packages/airflow/example_dags/example_python_operator.py
[2023-11-04T21:48:39.042+0400] {logging_mixin.py:151} INFO - [2023-11-04T21:48:39.042+0400] {dag.py:2941} INFO - Sync 1 DAGs
[2023-11-04T21:48:39.050+0400] {logging_mixin.py:151} INFO - [2023-11-04T21:48:39.050+0400] {dag.py:3722} INFO - Setting next_dagrun for example_python_operator to None, run_after=None
[2023-11-04T21:48:39.062+0400] {processor.py:179} INFO - Processing /home/pyretttt/repos/mlops4/env/lib/python3.10/site-packages/airflow/example_dags/example_python_operator.py took 0.055 seconds
[2023-11-04T21:49:32.060+0400] {processor.py:157} INFO - Started process (PID=39623) to work on /home/pyretttt/repos/mlops4/env/lib/python3.10/site-packages/airflow/example_dags/example_python_operator.py
[2023-11-04T21:49:32.062+0400] {processor.py:829} INFO - Processing file /home/pyretttt/repos/mlops4/env/lib/python3.10/site-packages/airflow/example_dags/example_python_operator.py for tasks to queue
[2023-11-04T21:49:32.064+0400] {logging_mixin.py:151} INFO - [2023-11-04T21:49:32.063+0400] {dagbag.py:536} INFO - Filling up the DagBag from /home/pyretttt/repos/mlops4/env/lib/python3.10/site-packages/airflow/example_dags/example_python_operator.py
[2023-11-04T21:49:32.074+0400] {logging_mixin.py:151} INFO - [2023-11-04T21:49:32.074+0400] {example_python_operator.py:89} WARNING - The virtalenv_python example task requires virtualenv, please install it.
[2023-11-04T21:49:32.075+0400] {processor.py:839} INFO - DAG(s) dict_keys(['example_python_operator']) retrieved from /home/pyretttt/repos/mlops4/env/lib/python3.10/site-packages/airflow/example_dags/example_python_operator.py
[2023-11-04T21:49:32.093+0400] {logging_mixin.py:151} INFO - [2023-11-04T21:49:32.093+0400] {dag.py:2941} INFO - Sync 1 DAGs
[2023-11-04T21:49:32.101+0400] {logging_mixin.py:151} INFO - [2023-11-04T21:49:32.101+0400] {dag.py:3722} INFO - Setting next_dagrun for example_python_operator to None, run_after=None
[2023-11-04T21:49:32.113+0400] {processor.py:179} INFO - Processing /home/pyretttt/repos/mlops4/env/lib/python3.10/site-packages/airflow/example_dags/example_python_operator.py took 0.057 seconds
[2023-11-04T21:50:29.239+0400] {processor.py:157} INFO - Started process (PID=39680) to work on /home/pyretttt/repos/mlops4/env/lib/python3.10/site-packages/airflow/example_dags/example_python_operator.py
[2023-11-04T21:50:29.240+0400] {processor.py:829} INFO - Processing file /home/pyretttt/repos/mlops4/env/lib/python3.10/site-packages/airflow/example_dags/example_python_operator.py for tasks to queue
[2023-11-04T21:50:29.241+0400] {logging_mixin.py:151} INFO - [2023-11-04T21:50:29.240+0400] {dagbag.py:536} INFO - Filling up the DagBag from /home/pyretttt/repos/mlops4/env/lib/python3.10/site-packages/airflow/example_dags/example_python_operator.py
[2023-11-04T21:50:29.247+0400] {logging_mixin.py:151} INFO - [2023-11-04T21:50:29.247+0400] {example_python_operator.py:89} WARNING - The virtalenv_python example task requires virtualenv, please install it.
[2023-11-04T21:50:29.247+0400] {processor.py:839} INFO - DAG(s) dict_keys(['example_python_operator']) retrieved from /home/pyretttt/repos/mlops4/env/lib/python3.10/site-packages/airflow/example_dags/example_python_operator.py
[2023-11-04T21:50:29.260+0400] {logging_mixin.py:151} INFO - [2023-11-04T21:50:29.260+0400] {dag.py:2941} INFO - Sync 1 DAGs
[2023-11-04T21:50:29.269+0400] {logging_mixin.py:151} INFO - [2023-11-04T21:50:29.269+0400] {dag.py:3722} INFO - Setting next_dagrun for example_python_operator to None, run_after=None
[2023-11-04T21:50:29.287+0400] {processor.py:179} INFO - Processing /home/pyretttt/repos/mlops4/env/lib/python3.10/site-packages/airflow/example_dags/example_python_operator.py took 0.051 seconds
[2023-11-04T21:51:21.457+0400] {processor.py:157} INFO - Started process (PID=39732) to work on /home/pyretttt/repos/mlops4/env/lib/python3.10/site-packages/airflow/example_dags/example_python_operator.py
[2023-11-04T21:51:21.459+0400] {processor.py:829} INFO - Processing file /home/pyretttt/repos/mlops4/env/lib/python3.10/site-packages/airflow/example_dags/example_python_operator.py for tasks to queue
[2023-11-04T21:51:21.460+0400] {logging_mixin.py:151} INFO - [2023-11-04T21:51:21.460+0400] {dagbag.py:536} INFO - Filling up the DagBag from /home/pyretttt/repos/mlops4/env/lib/python3.10/site-packages/airflow/example_dags/example_python_operator.py
[2023-11-04T21:51:21.469+0400] {logging_mixin.py:151} INFO - [2023-11-04T21:51:21.469+0400] {example_python_operator.py:89} WARNING - The virtalenv_python example task requires virtualenv, please install it.
[2023-11-04T21:51:21.469+0400] {processor.py:839} INFO - DAG(s) dict_keys(['example_python_operator']) retrieved from /home/pyretttt/repos/mlops4/env/lib/python3.10/site-packages/airflow/example_dags/example_python_operator.py
[2023-11-04T21:51:21.487+0400] {logging_mixin.py:151} INFO - [2023-11-04T21:51:21.487+0400] {dag.py:2941} INFO - Sync 1 DAGs
[2023-11-04T21:51:21.495+0400] {logging_mixin.py:151} INFO - [2023-11-04T21:51:21.495+0400] {dag.py:3722} INFO - Setting next_dagrun for example_python_operator to None, run_after=None
[2023-11-04T21:51:21.511+0400] {processor.py:179} INFO - Processing /home/pyretttt/repos/mlops4/env/lib/python3.10/site-packages/airflow/example_dags/example_python_operator.py took 0.057 seconds
[2023-11-04T21:52:11.237+0400] {processor.py:157} INFO - Started process (PID=39784) to work on /home/pyretttt/repos/mlops4/env/lib/python3.10/site-packages/airflow/example_dags/example_python_operator.py
[2023-11-04T21:52:11.239+0400] {processor.py:829} INFO - Processing file /home/pyretttt/repos/mlops4/env/lib/python3.10/site-packages/airflow/example_dags/example_python_operator.py for tasks to queue
[2023-11-04T21:52:11.240+0400] {logging_mixin.py:151} INFO - [2023-11-04T21:52:11.239+0400] {dagbag.py:536} INFO - Filling up the DagBag from /home/pyretttt/repos/mlops4/env/lib/python3.10/site-packages/airflow/example_dags/example_python_operator.py
[2023-11-04T21:52:11.251+0400] {logging_mixin.py:151} INFO - [2023-11-04T21:52:11.251+0400] {example_python_operator.py:89} WARNING - The virtalenv_python example task requires virtualenv, please install it.
[2023-11-04T21:52:11.251+0400] {processor.py:839} INFO - DAG(s) dict_keys(['example_python_operator']) retrieved from /home/pyretttt/repos/mlops4/env/lib/python3.10/site-packages/airflow/example_dags/example_python_operator.py
[2023-11-04T21:52:11.269+0400] {logging_mixin.py:151} INFO - [2023-11-04T21:52:11.268+0400] {dag.py:2941} INFO - Sync 1 DAGs
[2023-11-04T21:52:11.277+0400] {logging_mixin.py:151} INFO - [2023-11-04T21:52:11.276+0400] {dag.py:3722} INFO - Setting next_dagrun for example_python_operator to None, run_after=None
[2023-11-04T21:52:11.289+0400] {processor.py:179} INFO - Processing /home/pyretttt/repos/mlops4/env/lib/python3.10/site-packages/airflow/example_dags/example_python_operator.py took 0.057 seconds
[2023-11-04T21:53:02.072+0400] {processor.py:157} INFO - Started process (PID=39835) to work on /home/pyretttt/repos/mlops4/env/lib/python3.10/site-packages/airflow/example_dags/example_python_operator.py
[2023-11-04T21:53:02.073+0400] {processor.py:829} INFO - Processing file /home/pyretttt/repos/mlops4/env/lib/python3.10/site-packages/airflow/example_dags/example_python_operator.py for tasks to queue
[2023-11-04T21:53:02.074+0400] {logging_mixin.py:151} INFO - [2023-11-04T21:53:02.073+0400] {dagbag.py:536} INFO - Filling up the DagBag from /home/pyretttt/repos/mlops4/env/lib/python3.10/site-packages/airflow/example_dags/example_python_operator.py
[2023-11-04T21:53:02.084+0400] {logging_mixin.py:151} INFO - [2023-11-04T21:53:02.084+0400] {example_python_operator.py:89} WARNING - The virtalenv_python example task requires virtualenv, please install it.
[2023-11-04T21:53:02.084+0400] {processor.py:839} INFO - DAG(s) dict_keys(['example_python_operator']) retrieved from /home/pyretttt/repos/mlops4/env/lib/python3.10/site-packages/airflow/example_dags/example_python_operator.py
[2023-11-04T21:53:02.100+0400] {logging_mixin.py:151} INFO - [2023-11-04T21:53:02.100+0400] {dag.py:2941} INFO - Sync 1 DAGs
[2023-11-04T21:53:02.108+0400] {logging_mixin.py:151} INFO - [2023-11-04T21:53:02.107+0400] {dag.py:3722} INFO - Setting next_dagrun for example_python_operator to None, run_after=None
[2023-11-04T21:53:02.123+0400] {processor.py:179} INFO - Processing /home/pyretttt/repos/mlops4/env/lib/python3.10/site-packages/airflow/example_dags/example_python_operator.py took 0.054 seconds
[2023-11-04T21:53:55.898+0400] {processor.py:157} INFO - Started process (PID=39889) to work on /home/pyretttt/repos/mlops4/env/lib/python3.10/site-packages/airflow/example_dags/example_python_operator.py
[2023-11-04T21:53:55.900+0400] {processor.py:829} INFO - Processing file /home/pyretttt/repos/mlops4/env/lib/python3.10/site-packages/airflow/example_dags/example_python_operator.py for tasks to queue
[2023-11-04T21:53:55.901+0400] {logging_mixin.py:151} INFO - [2023-11-04T21:53:55.901+0400] {dagbag.py:536} INFO - Filling up the DagBag from /home/pyretttt/repos/mlops4/env/lib/python3.10/site-packages/airflow/example_dags/example_python_operator.py
[2023-11-04T21:53:55.911+0400] {logging_mixin.py:151} INFO - [2023-11-04T21:53:55.911+0400] {example_python_operator.py:89} WARNING - The virtalenv_python example task requires virtualenv, please install it.
[2023-11-04T21:53:55.912+0400] {processor.py:839} INFO - DAG(s) dict_keys(['example_python_operator']) retrieved from /home/pyretttt/repos/mlops4/env/lib/python3.10/site-packages/airflow/example_dags/example_python_operator.py
[2023-11-04T21:53:55.929+0400] {logging_mixin.py:151} INFO - [2023-11-04T21:53:55.929+0400] {dag.py:2941} INFO - Sync 1 DAGs
[2023-11-04T21:53:55.937+0400] {logging_mixin.py:151} INFO - [2023-11-04T21:53:55.937+0400] {dag.py:3722} INFO - Setting next_dagrun for example_python_operator to None, run_after=None
[2023-11-04T21:53:55.949+0400] {processor.py:179} INFO - Processing /home/pyretttt/repos/mlops4/env/lib/python3.10/site-packages/airflow/example_dags/example_python_operator.py took 0.055 seconds
[2023-11-04T21:54:50.581+0400] {processor.py:157} INFO - Started process (PID=39942) to work on /home/pyretttt/repos/mlops4/env/lib/python3.10/site-packages/airflow/example_dags/example_python_operator.py
[2023-11-04T21:54:50.582+0400] {processor.py:829} INFO - Processing file /home/pyretttt/repos/mlops4/env/lib/python3.10/site-packages/airflow/example_dags/example_python_operator.py for tasks to queue
[2023-11-04T21:54:50.583+0400] {logging_mixin.py:151} INFO - [2023-11-04T21:54:50.582+0400] {dagbag.py:536} INFO - Filling up the DagBag from /home/pyretttt/repos/mlops4/env/lib/python3.10/site-packages/airflow/example_dags/example_python_operator.py
[2023-11-04T21:54:50.593+0400] {logging_mixin.py:151} INFO - [2023-11-04T21:54:50.592+0400] {example_python_operator.py:89} WARNING - The virtalenv_python example task requires virtualenv, please install it.
[2023-11-04T21:54:50.593+0400] {processor.py:839} INFO - DAG(s) dict_keys(['example_python_operator']) retrieved from /home/pyretttt/repos/mlops4/env/lib/python3.10/site-packages/airflow/example_dags/example_python_operator.py
[2023-11-04T21:54:50.608+0400] {logging_mixin.py:151} INFO - [2023-11-04T21:54:50.607+0400] {dag.py:2941} INFO - Sync 1 DAGs
[2023-11-04T21:54:50.615+0400] {logging_mixin.py:151} INFO - [2023-11-04T21:54:50.614+0400] {dag.py:3722} INFO - Setting next_dagrun for example_python_operator to None, run_after=None
[2023-11-04T21:54:50.628+0400] {processor.py:179} INFO - Processing /home/pyretttt/repos/mlops4/env/lib/python3.10/site-packages/airflow/example_dags/example_python_operator.py took 0.052 seconds
[2023-11-04T21:55:38.706+0400] {processor.py:157} INFO - Started process (PID=39994) to work on /home/pyretttt/repos/mlops4/env/lib/python3.10/site-packages/airflow/example_dags/example_python_operator.py
[2023-11-04T21:55:38.707+0400] {processor.py:829} INFO - Processing file /home/pyretttt/repos/mlops4/env/lib/python3.10/site-packages/airflow/example_dags/example_python_operator.py for tasks to queue
[2023-11-04T21:55:38.709+0400] {logging_mixin.py:151} INFO - [2023-11-04T21:55:38.708+0400] {dagbag.py:536} INFO - Filling up the DagBag from /home/pyretttt/repos/mlops4/env/lib/python3.10/site-packages/airflow/example_dags/example_python_operator.py
[2023-11-04T21:55:38.719+0400] {logging_mixin.py:151} INFO - [2023-11-04T21:55:38.718+0400] {example_python_operator.py:89} WARNING - The virtalenv_python example task requires virtualenv, please install it.
[2023-11-04T21:55:38.719+0400] {processor.py:839} INFO - DAG(s) dict_keys(['example_python_operator']) retrieved from /home/pyretttt/repos/mlops4/env/lib/python3.10/site-packages/airflow/example_dags/example_python_operator.py
[2023-11-04T21:55:38.738+0400] {logging_mixin.py:151} INFO - [2023-11-04T21:55:38.737+0400] {dag.py:2941} INFO - Sync 1 DAGs
[2023-11-04T21:55:38.747+0400] {logging_mixin.py:151} INFO - [2023-11-04T21:55:38.746+0400] {dag.py:3722} INFO - Setting next_dagrun for example_python_operator to None, run_after=None
[2023-11-04T21:55:38.761+0400] {processor.py:179} INFO - Processing /home/pyretttt/repos/mlops4/env/lib/python3.10/site-packages/airflow/example_dags/example_python_operator.py took 0.058 seconds
[2023-11-04T21:56:30.552+0400] {processor.py:157} INFO - Started process (PID=40045) to work on /home/pyretttt/repos/mlops4/env/lib/python3.10/site-packages/airflow/example_dags/example_python_operator.py
[2023-11-04T21:56:30.554+0400] {processor.py:829} INFO - Processing file /home/pyretttt/repos/mlops4/env/lib/python3.10/site-packages/airflow/example_dags/example_python_operator.py for tasks to queue
[2023-11-04T21:56:30.555+0400] {logging_mixin.py:151} INFO - [2023-11-04T21:56:30.554+0400] {dagbag.py:536} INFO - Filling up the DagBag from /home/pyretttt/repos/mlops4/env/lib/python3.10/site-packages/airflow/example_dags/example_python_operator.py
[2023-11-04T21:56:30.568+0400] {logging_mixin.py:151} INFO - [2023-11-04T21:56:30.567+0400] {example_python_operator.py:89} WARNING - The virtalenv_python example task requires virtualenv, please install it.
[2023-11-04T21:56:30.568+0400] {processor.py:839} INFO - DAG(s) dict_keys(['example_python_operator']) retrieved from /home/pyretttt/repos/mlops4/env/lib/python3.10/site-packages/airflow/example_dags/example_python_operator.py
[2023-11-04T21:56:30.588+0400] {logging_mixin.py:151} INFO - [2023-11-04T21:56:30.588+0400] {dag.py:2941} INFO - Sync 1 DAGs
[2023-11-04T21:56:30.599+0400] {logging_mixin.py:151} INFO - [2023-11-04T21:56:30.599+0400] {dag.py:3722} INFO - Setting next_dagrun for example_python_operator to None, run_after=None
[2023-11-04T21:56:30.617+0400] {processor.py:179} INFO - Processing /home/pyretttt/repos/mlops4/env/lib/python3.10/site-packages/airflow/example_dags/example_python_operator.py took 0.070 seconds
[2023-11-04T21:57:26.677+0400] {processor.py:157} INFO - Started process (PID=40100) to work on /home/pyretttt/repos/mlops4/env/lib/python3.10/site-packages/airflow/example_dags/example_python_operator.py
[2023-11-04T21:57:26.679+0400] {processor.py:829} INFO - Processing file /home/pyretttt/repos/mlops4/env/lib/python3.10/site-packages/airflow/example_dags/example_python_operator.py for tasks to queue
[2023-11-04T21:57:26.680+0400] {logging_mixin.py:151} INFO - [2023-11-04T21:57:26.679+0400] {dagbag.py:536} INFO - Filling up the DagBag from /home/pyretttt/repos/mlops4/env/lib/python3.10/site-packages/airflow/example_dags/example_python_operator.py
[2023-11-04T21:57:26.686+0400] {logging_mixin.py:151} INFO - [2023-11-04T21:57:26.686+0400] {example_python_operator.py:89} WARNING - The virtalenv_python example task requires virtualenv, please install it.
[2023-11-04T21:57:26.687+0400] {processor.py:839} INFO - DAG(s) dict_keys(['example_python_operator']) retrieved from /home/pyretttt/repos/mlops4/env/lib/python3.10/site-packages/airflow/example_dags/example_python_operator.py
[2023-11-04T21:57:26.698+0400] {logging_mixin.py:151} INFO - [2023-11-04T21:57:26.698+0400] {dag.py:2941} INFO - Sync 1 DAGs
[2023-11-04T21:57:26.707+0400] {logging_mixin.py:151} INFO - [2023-11-04T21:57:26.707+0400] {dag.py:3722} INFO - Setting next_dagrun for example_python_operator to None, run_after=None
[2023-11-04T21:57:26.721+0400] {processor.py:179} INFO - Processing /home/pyretttt/repos/mlops4/env/lib/python3.10/site-packages/airflow/example_dags/example_python_operator.py took 0.048 seconds
[2023-11-04T21:58:20.004+0400] {processor.py:157} INFO - Started process (PID=40153) to work on /home/pyretttt/repos/mlops4/env/lib/python3.10/site-packages/airflow/example_dags/example_python_operator.py
[2023-11-04T21:58:20.006+0400] {processor.py:829} INFO - Processing file /home/pyretttt/repos/mlops4/env/lib/python3.10/site-packages/airflow/example_dags/example_python_operator.py for tasks to queue
[2023-11-04T21:58:20.007+0400] {logging_mixin.py:151} INFO - [2023-11-04T21:58:20.006+0400] {dagbag.py:536} INFO - Filling up the DagBag from /home/pyretttt/repos/mlops4/env/lib/python3.10/site-packages/airflow/example_dags/example_python_operator.py
[2023-11-04T21:58:20.016+0400] {logging_mixin.py:151} INFO - [2023-11-04T21:58:20.016+0400] {example_python_operator.py:89} WARNING - The virtalenv_python example task requires virtualenv, please install it.
[2023-11-04T21:58:20.017+0400] {processor.py:839} INFO - DAG(s) dict_keys(['example_python_operator']) retrieved from /home/pyretttt/repos/mlops4/env/lib/python3.10/site-packages/airflow/example_dags/example_python_operator.py
[2023-11-04T21:58:20.043+0400] {logging_mixin.py:151} INFO - [2023-11-04T21:58:20.042+0400] {dag.py:2941} INFO - Sync 1 DAGs
[2023-11-04T21:58:20.050+0400] {logging_mixin.py:151} INFO - [2023-11-04T21:58:20.050+0400] {dag.py:3722} INFO - Setting next_dagrun for example_python_operator to None, run_after=None
[2023-11-04T21:58:20.064+0400] {processor.py:179} INFO - Processing /home/pyretttt/repos/mlops4/env/lib/python3.10/site-packages/airflow/example_dags/example_python_operator.py took 0.065 seconds
[2023-11-04T21:59:13.734+0400] {processor.py:157} INFO - Started process (PID=40207) to work on /home/pyretttt/repos/mlops4/env/lib/python3.10/site-packages/airflow/example_dags/example_python_operator.py
[2023-11-04T21:59:13.736+0400] {processor.py:829} INFO - Processing file /home/pyretttt/repos/mlops4/env/lib/python3.10/site-packages/airflow/example_dags/example_python_operator.py for tasks to queue
[2023-11-04T21:59:13.738+0400] {logging_mixin.py:151} INFO - [2023-11-04T21:59:13.737+0400] {dagbag.py:536} INFO - Filling up the DagBag from /home/pyretttt/repos/mlops4/env/lib/python3.10/site-packages/airflow/example_dags/example_python_operator.py
[2023-11-04T21:59:13.749+0400] {logging_mixin.py:151} INFO - [2023-11-04T21:59:13.749+0400] {example_python_operator.py:89} WARNING - The virtalenv_python example task requires virtualenv, please install it.
[2023-11-04T21:59:13.750+0400] {processor.py:839} INFO - DAG(s) dict_keys(['example_python_operator']) retrieved from /home/pyretttt/repos/mlops4/env/lib/python3.10/site-packages/airflow/example_dags/example_python_operator.py
[2023-11-04T21:59:13.768+0400] {logging_mixin.py:151} INFO - [2023-11-04T21:59:13.768+0400] {dag.py:2941} INFO - Sync 1 DAGs
[2023-11-04T21:59:13.777+0400] {logging_mixin.py:151} INFO - [2023-11-04T21:59:13.777+0400] {dag.py:3722} INFO - Setting next_dagrun for example_python_operator to None, run_after=None
[2023-11-04T21:59:13.791+0400] {processor.py:179} INFO - Processing /home/pyretttt/repos/mlops4/env/lib/python3.10/site-packages/airflow/example_dags/example_python_operator.py took 0.061 seconds
[2023-11-04T22:00:08.002+0400] {processor.py:157} INFO - Started process (PID=40261) to work on /home/pyretttt/repos/mlops4/env/lib/python3.10/site-packages/airflow/example_dags/example_python_operator.py
[2023-11-04T22:00:08.004+0400] {processor.py:829} INFO - Processing file /home/pyretttt/repos/mlops4/env/lib/python3.10/site-packages/airflow/example_dags/example_python_operator.py for tasks to queue
[2023-11-04T22:00:08.005+0400] {logging_mixin.py:151} INFO - [2023-11-04T22:00:08.004+0400] {dagbag.py:536} INFO - Filling up the DagBag from /home/pyretttt/repos/mlops4/env/lib/python3.10/site-packages/airflow/example_dags/example_python_operator.py
[2023-11-04T22:00:08.017+0400] {logging_mixin.py:151} INFO - [2023-11-04T22:00:08.016+0400] {example_python_operator.py:89} WARNING - The virtalenv_python example task requires virtualenv, please install it.
[2023-11-04T22:00:08.017+0400] {processor.py:839} INFO - DAG(s) dict_keys(['example_python_operator']) retrieved from /home/pyretttt/repos/mlops4/env/lib/python3.10/site-packages/airflow/example_dags/example_python_operator.py
[2023-11-04T22:00:08.037+0400] {logging_mixin.py:151} INFO - [2023-11-04T22:00:08.037+0400] {dag.py:2941} INFO - Sync 1 DAGs
[2023-11-04T22:00:08.046+0400] {logging_mixin.py:151} INFO - [2023-11-04T22:00:08.046+0400] {dag.py:3722} INFO - Setting next_dagrun for example_python_operator to None, run_after=None
[2023-11-04T22:00:08.059+0400] {processor.py:179} INFO - Processing /home/pyretttt/repos/mlops4/env/lib/python3.10/site-packages/airflow/example_dags/example_python_operator.py took 0.061 seconds
[2023-11-04T22:00:56.458+0400] {processor.py:157} INFO - Started process (PID=40312) to work on /home/pyretttt/repos/mlops4/env/lib/python3.10/site-packages/airflow/example_dags/example_python_operator.py
[2023-11-04T22:00:56.460+0400] {processor.py:829} INFO - Processing file /home/pyretttt/repos/mlops4/env/lib/python3.10/site-packages/airflow/example_dags/example_python_operator.py for tasks to queue
[2023-11-04T22:00:56.462+0400] {logging_mixin.py:151} INFO - [2023-11-04T22:00:56.461+0400] {dagbag.py:536} INFO - Filling up the DagBag from /home/pyretttt/repos/mlops4/env/lib/python3.10/site-packages/airflow/example_dags/example_python_operator.py
[2023-11-04T22:00:56.469+0400] {logging_mixin.py:151} INFO - [2023-11-04T22:00:56.469+0400] {example_python_operator.py:89} WARNING - The virtalenv_python example task requires virtualenv, please install it.
[2023-11-04T22:00:56.470+0400] {processor.py:839} INFO - DAG(s) dict_keys(['example_python_operator']) retrieved from /home/pyretttt/repos/mlops4/env/lib/python3.10/site-packages/airflow/example_dags/example_python_operator.py
[2023-11-04T22:00:56.481+0400] {logging_mixin.py:151} INFO - [2023-11-04T22:00:56.481+0400] {dag.py:2941} INFO - Sync 1 DAGs
[2023-11-04T22:00:56.487+0400] {logging_mixin.py:151} INFO - [2023-11-04T22:00:56.487+0400] {dag.py:3722} INFO - Setting next_dagrun for example_python_operator to None, run_after=None
[2023-11-04T22:00:56.501+0400] {processor.py:179} INFO - Processing /home/pyretttt/repos/mlops4/env/lib/python3.10/site-packages/airflow/example_dags/example_python_operator.py took 0.047 seconds
[2023-11-04T22:01:45.497+0400] {processor.py:157} INFO - Started process (PID=40361) to work on /home/pyretttt/repos/mlops4/env/lib/python3.10/site-packages/airflow/example_dags/example_python_operator.py
[2023-11-04T22:01:45.499+0400] {processor.py:829} INFO - Processing file /home/pyretttt/repos/mlops4/env/lib/python3.10/site-packages/airflow/example_dags/example_python_operator.py for tasks to queue
[2023-11-04T22:01:45.501+0400] {logging_mixin.py:151} INFO - [2023-11-04T22:01:45.500+0400] {dagbag.py:536} INFO - Filling up the DagBag from /home/pyretttt/repos/mlops4/env/lib/python3.10/site-packages/airflow/example_dags/example_python_operator.py
[2023-11-04T22:01:45.511+0400] {logging_mixin.py:151} INFO - [2023-11-04T22:01:45.511+0400] {example_python_operator.py:89} WARNING - The virtalenv_python example task requires virtualenv, please install it.
[2023-11-04T22:01:45.512+0400] {processor.py:839} INFO - DAG(s) dict_keys(['example_python_operator']) retrieved from /home/pyretttt/repos/mlops4/env/lib/python3.10/site-packages/airflow/example_dags/example_python_operator.py
[2023-11-04T22:01:45.529+0400] {logging_mixin.py:151} INFO - [2023-11-04T22:01:45.529+0400] {dag.py:2941} INFO - Sync 1 DAGs
[2023-11-04T22:01:45.537+0400] {logging_mixin.py:151} INFO - [2023-11-04T22:01:45.537+0400] {dag.py:3722} INFO - Setting next_dagrun for example_python_operator to None, run_after=None
[2023-11-04T22:01:45.550+0400] {processor.py:179} INFO - Processing /home/pyretttt/repos/mlops4/env/lib/python3.10/site-packages/airflow/example_dags/example_python_operator.py took 0.057 seconds
[2023-11-04T22:02:36.053+0400] {processor.py:157} INFO - Started process (PID=40413) to work on /home/pyretttt/repos/mlops4/env/lib/python3.10/site-packages/airflow/example_dags/example_python_operator.py
[2023-11-04T22:02:36.055+0400] {processor.py:829} INFO - Processing file /home/pyretttt/repos/mlops4/env/lib/python3.10/site-packages/airflow/example_dags/example_python_operator.py for tasks to queue
[2023-11-04T22:02:36.056+0400] {logging_mixin.py:151} INFO - [2023-11-04T22:02:36.055+0400] {dagbag.py:536} INFO - Filling up the DagBag from /home/pyretttt/repos/mlops4/env/lib/python3.10/site-packages/airflow/example_dags/example_python_operator.py
[2023-11-04T22:02:36.067+0400] {logging_mixin.py:151} INFO - [2023-11-04T22:02:36.066+0400] {example_python_operator.py:89} WARNING - The virtalenv_python example task requires virtualenv, please install it.
[2023-11-04T22:02:36.067+0400] {processor.py:839} INFO - DAG(s) dict_keys(['example_python_operator']) retrieved from /home/pyretttt/repos/mlops4/env/lib/python3.10/site-packages/airflow/example_dags/example_python_operator.py
[2023-11-04T22:02:36.085+0400] {logging_mixin.py:151} INFO - [2023-11-04T22:02:36.085+0400] {dag.py:2941} INFO - Sync 1 DAGs
[2023-11-04T22:02:36.093+0400] {logging_mixin.py:151} INFO - [2023-11-04T22:02:36.093+0400] {dag.py:3722} INFO - Setting next_dagrun for example_python_operator to None, run_after=None
[2023-11-04T22:02:36.104+0400] {processor.py:179} INFO - Processing /home/pyretttt/repos/mlops4/env/lib/python3.10/site-packages/airflow/example_dags/example_python_operator.py took 0.056 seconds
[2023-11-04T22:03:26.789+0400] {processor.py:157} INFO - Started process (PID=40464) to work on /home/pyretttt/repos/mlops4/env/lib/python3.10/site-packages/airflow/example_dags/example_python_operator.py
[2023-11-04T22:03:26.791+0400] {processor.py:829} INFO - Processing file /home/pyretttt/repos/mlops4/env/lib/python3.10/site-packages/airflow/example_dags/example_python_operator.py for tasks to queue
[2023-11-04T22:03:26.792+0400] {logging_mixin.py:151} INFO - [2023-11-04T22:03:26.791+0400] {dagbag.py:536} INFO - Filling up the DagBag from /home/pyretttt/repos/mlops4/env/lib/python3.10/site-packages/airflow/example_dags/example_python_operator.py
[2023-11-04T22:03:26.803+0400] {logging_mixin.py:151} INFO - [2023-11-04T22:03:26.802+0400] {example_python_operator.py:89} WARNING - The virtalenv_python example task requires virtualenv, please install it.
[2023-11-04T22:03:26.803+0400] {processor.py:839} INFO - DAG(s) dict_keys(['example_python_operator']) retrieved from /home/pyretttt/repos/mlops4/env/lib/python3.10/site-packages/airflow/example_dags/example_python_operator.py
[2023-11-04T22:03:26.821+0400] {logging_mixin.py:151} INFO - [2023-11-04T22:03:26.821+0400] {dag.py:2941} INFO - Sync 1 DAGs
[2023-11-04T22:03:26.829+0400] {logging_mixin.py:151} INFO - [2023-11-04T22:03:26.829+0400] {dag.py:3722} INFO - Setting next_dagrun for example_python_operator to None, run_after=None
[2023-11-04T22:03:26.842+0400] {processor.py:179} INFO - Processing /home/pyretttt/repos/mlops4/env/lib/python3.10/site-packages/airflow/example_dags/example_python_operator.py took 0.059 seconds
