[2023-11-04T21:12:02.317+0400] {processor.py:157} INFO - Started process (PID=37233) to work on /home/pyretttt/repos/mlops4/env/lib/python3.10/site-packages/airflow/example_dags/example_dynamic_task_mapping_with_no_taskflow_operators.py
[2023-11-04T21:12:02.318+0400] {processor.py:829} INFO - Processing file /home/pyretttt/repos/mlops4/env/lib/python3.10/site-packages/airflow/example_dags/example_dynamic_task_mapping_with_no_taskflow_operators.py for tasks to queue
[2023-11-04T21:12:02.320+0400] {logging_mixin.py:151} INFO - [2023-11-04T21:12:02.319+0400] {dagbag.py:536} INFO - Filling up the DagBag from /home/pyretttt/repos/mlops4/env/lib/python3.10/site-packages/airflow/example_dags/example_dynamic_task_mapping_with_no_taskflow_operators.py
[2023-11-04T21:12:02.332+0400] {processor.py:839} INFO - DAG(s) dict_keys(['example_dynamic_task_mapping_with_no_taskflow_operators']) retrieved from /home/pyretttt/repos/mlops4/env/lib/python3.10/site-packages/airflow/example_dags/example_dynamic_task_mapping_with_no_taskflow_operators.py
[2023-11-04T21:12:02.402+0400] {logging_mixin.py:151} INFO - [2023-11-04T21:12:02.402+0400] {manager.py:499} INFO - Created Permission View: %s
[2023-11-04T21:12:02.408+0400] {logging_mixin.py:151} INFO - [2023-11-04T21:12:02.408+0400] {manager.py:499} INFO - Created Permission View: %s
[2023-11-04T21:12:02.413+0400] {logging_mixin.py:151} INFO - [2023-11-04T21:12:02.413+0400] {manager.py:499} INFO - Created Permission View: %s
[2023-11-04T21:12:02.414+0400] {logging_mixin.py:151} INFO - [2023-11-04T21:12:02.414+0400] {dag.py:2941} INFO - Sync 1 DAGs
[2023-11-04T21:12:02.419+0400] {logging_mixin.py:151} INFO - [2023-11-04T21:12:02.419+0400] {dag.py:2963} INFO - Creating ORM DAG for example_dynamic_task_mapping_with_no_taskflow_operators
[2023-11-04T21:12:02.424+0400] {logging_mixin.py:151} INFO - [2023-11-04T21:12:02.424+0400] {dag.py:3722} INFO - Setting next_dagrun for example_dynamic_task_mapping_with_no_taskflow_operators to 2023-11-03T17:12:02.424213+00:00, run_after=2023-11-04T17:12:02.424213+00:00
[2023-11-04T21:12:02.435+0400] {processor.py:179} INFO - Processing /home/pyretttt/repos/mlops4/env/lib/python3.10/site-packages/airflow/example_dags/example_dynamic_task_mapping_with_no_taskflow_operators.py took 0.122 seconds
[2023-11-04T21:12:53.861+0400] {processor.py:157} INFO - Started process (PID=37318) to work on /home/pyretttt/repos/mlops4/env/lib/python3.10/site-packages/airflow/example_dags/example_dynamic_task_mapping_with_no_taskflow_operators.py
[2023-11-04T21:12:53.863+0400] {processor.py:829} INFO - Processing file /home/pyretttt/repos/mlops4/env/lib/python3.10/site-packages/airflow/example_dags/example_dynamic_task_mapping_with_no_taskflow_operators.py for tasks to queue
[2023-11-04T21:12:53.864+0400] {logging_mixin.py:151} INFO - [2023-11-04T21:12:53.863+0400] {dagbag.py:536} INFO - Filling up the DagBag from /home/pyretttt/repos/mlops4/env/lib/python3.10/site-packages/airflow/example_dags/example_dynamic_task_mapping_with_no_taskflow_operators.py
[2023-11-04T21:12:53.875+0400] {processor.py:839} INFO - DAG(s) dict_keys(['example_dynamic_task_mapping_with_no_taskflow_operators']) retrieved from /home/pyretttt/repos/mlops4/env/lib/python3.10/site-packages/airflow/example_dags/example_dynamic_task_mapping_with_no_taskflow_operators.py
[2023-11-04T21:12:53.890+0400] {logging_mixin.py:151} INFO - [2023-11-04T21:12:53.890+0400] {dag.py:2941} INFO - Sync 1 DAGs
[2023-11-04T21:12:53.902+0400] {logging_mixin.py:151} INFO - [2023-11-04T21:12:53.902+0400] {dag.py:3722} INFO - Setting next_dagrun for example_dynamic_task_mapping_with_no_taskflow_operators to 2023-11-03T17:12:53.902401+00:00, run_after=2023-11-04T17:12:53.902401+00:00
[2023-11-04T21:12:53.914+0400] {processor.py:179} INFO - Processing /home/pyretttt/repos/mlops4/env/lib/python3.10/site-packages/airflow/example_dags/example_dynamic_task_mapping_with_no_taskflow_operators.py took 0.058 seconds
[2023-11-04T21:13:40.105+0400] {processor.py:157} INFO - Started process (PID=37406) to work on /home/pyretttt/repos/mlops4/env/lib/python3.10/site-packages/airflow/example_dags/example_dynamic_task_mapping_with_no_taskflow_operators.py
[2023-11-04T21:13:40.107+0400] {processor.py:829} INFO - Processing file /home/pyretttt/repos/mlops4/env/lib/python3.10/site-packages/airflow/example_dags/example_dynamic_task_mapping_with_no_taskflow_operators.py for tasks to queue
[2023-11-04T21:13:40.108+0400] {logging_mixin.py:151} INFO - [2023-11-04T21:13:40.108+0400] {dagbag.py:536} INFO - Filling up the DagBag from /home/pyretttt/repos/mlops4/env/lib/python3.10/site-packages/airflow/example_dags/example_dynamic_task_mapping_with_no_taskflow_operators.py
[2023-11-04T21:13:40.118+0400] {processor.py:839} INFO - DAG(s) dict_keys(['example_dynamic_task_mapping_with_no_taskflow_operators']) retrieved from /home/pyretttt/repos/mlops4/env/lib/python3.10/site-packages/airflow/example_dags/example_dynamic_task_mapping_with_no_taskflow_operators.py
[2023-11-04T21:13:40.134+0400] {logging_mixin.py:151} INFO - [2023-11-04T21:13:40.134+0400] {dag.py:2941} INFO - Sync 1 DAGs
[2023-11-04T21:13:40.149+0400] {logging_mixin.py:151} INFO - [2023-11-04T21:13:40.149+0400] {dag.py:3722} INFO - Setting next_dagrun for example_dynamic_task_mapping_with_no_taskflow_operators to 2023-11-03T17:13:40.149496+00:00, run_after=2023-11-04T17:13:40.149496+00:00
[2023-11-04T21:13:40.162+0400] {processor.py:179} INFO - Processing /home/pyretttt/repos/mlops4/env/lib/python3.10/site-packages/airflow/example_dags/example_dynamic_task_mapping_with_no_taskflow_operators.py took 0.062 seconds
[2023-11-04T21:14:28.516+0400] {processor.py:157} INFO - Started process (PID=37454) to work on /home/pyretttt/repos/mlops4/env/lib/python3.10/site-packages/airflow/example_dags/example_dynamic_task_mapping_with_no_taskflow_operators.py
[2023-11-04T21:14:28.518+0400] {processor.py:829} INFO - Processing file /home/pyretttt/repos/mlops4/env/lib/python3.10/site-packages/airflow/example_dags/example_dynamic_task_mapping_with_no_taskflow_operators.py for tasks to queue
[2023-11-04T21:14:28.519+0400] {logging_mixin.py:151} INFO - [2023-11-04T21:14:28.518+0400] {dagbag.py:536} INFO - Filling up the DagBag from /home/pyretttt/repos/mlops4/env/lib/python3.10/site-packages/airflow/example_dags/example_dynamic_task_mapping_with_no_taskflow_operators.py
[2023-11-04T21:14:28.529+0400] {processor.py:839} INFO - DAG(s) dict_keys(['example_dynamic_task_mapping_with_no_taskflow_operators']) retrieved from /home/pyretttt/repos/mlops4/env/lib/python3.10/site-packages/airflow/example_dags/example_dynamic_task_mapping_with_no_taskflow_operators.py
[2023-11-04T21:14:28.543+0400] {logging_mixin.py:151} INFO - [2023-11-04T21:14:28.543+0400] {dag.py:2941} INFO - Sync 1 DAGs
[2023-11-04T21:14:28.557+0400] {logging_mixin.py:151} INFO - [2023-11-04T21:14:28.557+0400] {dag.py:3722} INFO - Setting next_dagrun for example_dynamic_task_mapping_with_no_taskflow_operators to 2023-11-03T17:14:28.556808+00:00, run_after=2023-11-04T17:14:28.556808+00:00
[2023-11-04T21:14:28.570+0400] {processor.py:179} INFO - Processing /home/pyretttt/repos/mlops4/env/lib/python3.10/site-packages/airflow/example_dags/example_dynamic_task_mapping_with_no_taskflow_operators.py took 0.059 seconds
[2023-11-04T21:15:19.183+0400] {processor.py:157} INFO - Started process (PID=37505) to work on /home/pyretttt/repos/mlops4/env/lib/python3.10/site-packages/airflow/example_dags/example_dynamic_task_mapping_with_no_taskflow_operators.py
[2023-11-04T21:15:19.185+0400] {processor.py:829} INFO - Processing file /home/pyretttt/repos/mlops4/env/lib/python3.10/site-packages/airflow/example_dags/example_dynamic_task_mapping_with_no_taskflow_operators.py for tasks to queue
[2023-11-04T21:15:19.186+0400] {logging_mixin.py:151} INFO - [2023-11-04T21:15:19.185+0400] {dagbag.py:536} INFO - Filling up the DagBag from /home/pyretttt/repos/mlops4/env/lib/python3.10/site-packages/airflow/example_dags/example_dynamic_task_mapping_with_no_taskflow_operators.py
[2023-11-04T21:15:19.194+0400] {processor.py:839} INFO - DAG(s) dict_keys(['example_dynamic_task_mapping_with_no_taskflow_operators']) retrieved from /home/pyretttt/repos/mlops4/env/lib/python3.10/site-packages/airflow/example_dags/example_dynamic_task_mapping_with_no_taskflow_operators.py
[2023-11-04T21:15:19.207+0400] {logging_mixin.py:151} INFO - [2023-11-04T21:15:19.207+0400] {dag.py:2941} INFO - Sync 1 DAGs
[2023-11-04T21:15:19.223+0400] {logging_mixin.py:151} INFO - [2023-11-04T21:15:19.222+0400] {dag.py:3722} INFO - Setting next_dagrun for example_dynamic_task_mapping_with_no_taskflow_operators to 2023-11-03T17:15:19.222443+00:00, run_after=2023-11-04T17:15:19.222443+00:00
[2023-11-04T21:15:19.240+0400] {processor.py:179} INFO - Processing /home/pyretttt/repos/mlops4/env/lib/python3.10/site-packages/airflow/example_dags/example_dynamic_task_mapping_with_no_taskflow_operators.py took 0.061 seconds
[2023-11-04T21:15:56.909+0400] {processor.py:157} INFO - Started process (PID=37550) to work on /home/pyretttt/repos/mlops4/env/lib/python3.10/site-packages/airflow/example_dags/example_dynamic_task_mapping_with_no_taskflow_operators.py
[2023-11-04T21:15:56.911+0400] {processor.py:829} INFO - Processing file /home/pyretttt/repos/mlops4/env/lib/python3.10/site-packages/airflow/example_dags/example_dynamic_task_mapping_with_no_taskflow_operators.py for tasks to queue
[2023-11-04T21:15:56.912+0400] {logging_mixin.py:151} INFO - [2023-11-04T21:15:56.911+0400] {dagbag.py:536} INFO - Filling up the DagBag from /home/pyretttt/repos/mlops4/env/lib/python3.10/site-packages/airflow/example_dags/example_dynamic_task_mapping_with_no_taskflow_operators.py
[2023-11-04T21:15:56.921+0400] {processor.py:839} INFO - DAG(s) dict_keys(['example_dynamic_task_mapping_with_no_taskflow_operators']) retrieved from /home/pyretttt/repos/mlops4/env/lib/python3.10/site-packages/airflow/example_dags/example_dynamic_task_mapping_with_no_taskflow_operators.py
[2023-11-04T21:15:56.937+0400] {logging_mixin.py:151} INFO - [2023-11-04T21:15:56.937+0400] {dag.py:2941} INFO - Sync 1 DAGs
[2023-11-04T21:15:56.952+0400] {logging_mixin.py:151} INFO - [2023-11-04T21:15:56.951+0400] {dag.py:3722} INFO - Setting next_dagrun for example_dynamic_task_mapping_with_no_taskflow_operators to 2023-11-03T17:15:56.951389+00:00, run_after=2023-11-04T17:15:56.951389+00:00
[2023-11-04T21:15:56.967+0400] {processor.py:179} INFO - Processing /home/pyretttt/repos/mlops4/env/lib/python3.10/site-packages/airflow/example_dags/example_dynamic_task_mapping_with_no_taskflow_operators.py took 0.061 seconds
[2023-11-04T21:16:45.908+0400] {processor.py:157} INFO - Started process (PID=37603) to work on /home/pyretttt/repos/mlops4/env/lib/python3.10/site-packages/airflow/example_dags/example_dynamic_task_mapping_with_no_taskflow_operators.py
[2023-11-04T21:16:45.910+0400] {processor.py:829} INFO - Processing file /home/pyretttt/repos/mlops4/env/lib/python3.10/site-packages/airflow/example_dags/example_dynamic_task_mapping_with_no_taskflow_operators.py for tasks to queue
[2023-11-04T21:16:45.911+0400] {logging_mixin.py:151} INFO - [2023-11-04T21:16:45.911+0400] {dagbag.py:536} INFO - Filling up the DagBag from /home/pyretttt/repos/mlops4/env/lib/python3.10/site-packages/airflow/example_dags/example_dynamic_task_mapping_with_no_taskflow_operators.py
[2023-11-04T21:16:45.921+0400] {processor.py:839} INFO - DAG(s) dict_keys(['example_dynamic_task_mapping_with_no_taskflow_operators']) retrieved from /home/pyretttt/repos/mlops4/env/lib/python3.10/site-packages/airflow/example_dags/example_dynamic_task_mapping_with_no_taskflow_operators.py
[2023-11-04T21:16:45.940+0400] {logging_mixin.py:151} INFO - [2023-11-04T21:16:45.940+0400] {dag.py:2941} INFO - Sync 1 DAGs
[2023-11-04T21:16:45.956+0400] {logging_mixin.py:151} INFO - [2023-11-04T21:16:45.956+0400] {dag.py:3722} INFO - Setting next_dagrun for example_dynamic_task_mapping_with_no_taskflow_operators to 2023-11-03T17:16:45.956123+00:00, run_after=2023-11-04T17:16:45.956123+00:00
[2023-11-04T21:16:45.968+0400] {processor.py:179} INFO - Processing /home/pyretttt/repos/mlops4/env/lib/python3.10/site-packages/airflow/example_dags/example_dynamic_task_mapping_with_no_taskflow_operators.py took 0.063 seconds
[2023-11-04T21:17:36.466+0400] {processor.py:157} INFO - Started process (PID=37686) to work on /home/pyretttt/repos/mlops4/env/lib/python3.10/site-packages/airflow/example_dags/example_dynamic_task_mapping_with_no_taskflow_operators.py
[2023-11-04T21:17:36.468+0400] {processor.py:829} INFO - Processing file /home/pyretttt/repos/mlops4/env/lib/python3.10/site-packages/airflow/example_dags/example_dynamic_task_mapping_with_no_taskflow_operators.py for tasks to queue
[2023-11-04T21:17:36.470+0400] {logging_mixin.py:151} INFO - [2023-11-04T21:17:36.469+0400] {dagbag.py:536} INFO - Filling up the DagBag from /home/pyretttt/repos/mlops4/env/lib/python3.10/site-packages/airflow/example_dags/example_dynamic_task_mapping_with_no_taskflow_operators.py
[2023-11-04T21:17:36.481+0400] {processor.py:839} INFO - DAG(s) dict_keys(['example_dynamic_task_mapping_with_no_taskflow_operators']) retrieved from /home/pyretttt/repos/mlops4/env/lib/python3.10/site-packages/airflow/example_dags/example_dynamic_task_mapping_with_no_taskflow_operators.py
[2023-11-04T21:17:36.500+0400] {logging_mixin.py:151} INFO - [2023-11-04T21:17:36.499+0400] {dag.py:2941} INFO - Sync 1 DAGs
[2023-11-04T21:17:36.511+0400] {logging_mixin.py:151} INFO - [2023-11-04T21:17:36.511+0400] {dag.py:3722} INFO - Setting next_dagrun for example_dynamic_task_mapping_with_no_taskflow_operators to 2023-11-03T17:17:36.511567+00:00, run_after=2023-11-04T17:17:36.511567+00:00
[2023-11-04T21:17:36.523+0400] {processor.py:179} INFO - Processing /home/pyretttt/repos/mlops4/env/lib/python3.10/site-packages/airflow/example_dags/example_dynamic_task_mapping_with_no_taskflow_operators.py took 0.062 seconds
