[2023-11-04T21:12:19.762+0400] {processor.py:157} INFO - Started process (PID=37249) to work on /home/pyretttt/repos/mlops4/env/lib/python3.10/site-packages/airflow/example_dags/example_external_task_marker_dag.py
[2023-11-04T21:12:19.763+0400] {processor.py:829} INFO - Processing file /home/pyretttt/repos/mlops4/env/lib/python3.10/site-packages/airflow/example_dags/example_external_task_marker_dag.py for tasks to queue
[2023-11-04T21:12:19.765+0400] {logging_mixin.py:151} INFO - [2023-11-04T21:12:19.764+0400] {dagbag.py:536} INFO - Filling up the DagBag from /home/pyretttt/repos/mlops4/env/lib/python3.10/site-packages/airflow/example_dags/example_external_task_marker_dag.py
[2023-11-04T21:12:19.774+0400] {processor.py:839} INFO - DAG(s) dict_keys(['example_external_task_marker_child', 'example_external_task_marker_parent']) retrieved from /home/pyretttt/repos/mlops4/env/lib/python3.10/site-packages/airflow/example_dags/example_external_task_marker_dag.py
[2023-11-04T21:12:19.839+0400] {logging_mixin.py:151} INFO - [2023-11-04T21:12:19.839+0400] {manager.py:499} INFO - Created Permission View: %s
[2023-11-04T21:12:19.844+0400] {logging_mixin.py:151} INFO - [2023-11-04T21:12:19.844+0400] {manager.py:499} INFO - Created Permission View: %s
[2023-11-04T21:12:19.849+0400] {logging_mixin.py:151} INFO - [2023-11-04T21:12:19.849+0400] {manager.py:499} INFO - Created Permission View: %s
[2023-11-04T21:12:19.859+0400] {logging_mixin.py:151} INFO - [2023-11-04T21:12:19.859+0400] {manager.py:499} INFO - Created Permission View: %s
[2023-11-04T21:12:19.864+0400] {logging_mixin.py:151} INFO - [2023-11-04T21:12:19.864+0400] {manager.py:499} INFO - Created Permission View: %s
[2023-11-04T21:12:19.869+0400] {logging_mixin.py:151} INFO - [2023-11-04T21:12:19.869+0400] {manager.py:499} INFO - Created Permission View: %s
[2023-11-04T21:12:19.869+0400] {logging_mixin.py:151} INFO - [2023-11-04T21:12:19.869+0400] {dag.py:2941} INFO - Sync 2 DAGs
[2023-11-04T21:12:19.874+0400] {logging_mixin.py:151} INFO - [2023-11-04T21:12:19.874+0400] {dag.py:2963} INFO - Creating ORM DAG for example_external_task_marker_parent
[2023-11-04T21:12:19.874+0400] {logging_mixin.py:151} INFO - [2023-11-04T21:12:19.874+0400] {dag.py:2963} INFO - Creating ORM DAG for example_external_task_marker_child
[2023-11-04T21:12:19.874+0400] {logging_mixin.py:151} INFO - [2023-11-04T21:12:19.874+0400] {dag.py:3722} INFO - Setting next_dagrun for example_external_task_marker_child to None, run_after=None
[2023-11-04T21:12:19.874+0400] {logging_mixin.py:151} INFO - [2023-11-04T21:12:19.874+0400] {dag.py:3722} INFO - Setting next_dagrun for example_external_task_marker_parent to None, run_after=None
[2023-11-04T21:12:19.884+0400] {processor.py:179} INFO - Processing /home/pyretttt/repos/mlops4/env/lib/python3.10/site-packages/airflow/example_dags/example_external_task_marker_dag.py took 0.125 seconds
[2023-11-04T21:13:09.543+0400] {processor.py:157} INFO - Started process (PID=37373) to work on /home/pyretttt/repos/mlops4/env/lib/python3.10/site-packages/airflow/example_dags/example_external_task_marker_dag.py
[2023-11-04T21:13:09.544+0400] {processor.py:829} INFO - Processing file /home/pyretttt/repos/mlops4/env/lib/python3.10/site-packages/airflow/example_dags/example_external_task_marker_dag.py for tasks to queue
[2023-11-04T21:13:09.546+0400] {logging_mixin.py:151} INFO - [2023-11-04T21:13:09.545+0400] {dagbag.py:536} INFO - Filling up the DagBag from /home/pyretttt/repos/mlops4/env/lib/python3.10/site-packages/airflow/example_dags/example_external_task_marker_dag.py
[2023-11-04T21:13:09.553+0400] {processor.py:839} INFO - DAG(s) dict_keys(['example_external_task_marker_parent', 'example_external_task_marker_child']) retrieved from /home/pyretttt/repos/mlops4/env/lib/python3.10/site-packages/airflow/example_dags/example_external_task_marker_dag.py
[2023-11-04T21:13:09.570+0400] {logging_mixin.py:151} INFO - [2023-11-04T21:13:09.570+0400] {dag.py:2941} INFO - Sync 2 DAGs
[2023-11-04T21:13:09.578+0400] {logging_mixin.py:151} INFO - [2023-11-04T21:13:09.577+0400] {dag.py:3722} INFO - Setting next_dagrun for example_external_task_marker_child to None, run_after=None
[2023-11-04T21:13:09.579+0400] {logging_mixin.py:151} INFO - [2023-11-04T21:13:09.579+0400] {dag.py:3722} INFO - Setting next_dagrun for example_external_task_marker_parent to None, run_after=None
[2023-11-04T21:13:09.590+0400] {processor.py:179} INFO - Processing /home/pyretttt/repos/mlops4/env/lib/python3.10/site-packages/airflow/example_dags/example_external_task_marker_dag.py took 0.051 seconds
[2023-11-04T21:13:58.936+0400] {processor.py:157} INFO - Started process (PID=37425) to work on /home/pyretttt/repos/mlops4/env/lib/python3.10/site-packages/airflow/example_dags/example_external_task_marker_dag.py
[2023-11-04T21:13:58.937+0400] {processor.py:829} INFO - Processing file /home/pyretttt/repos/mlops4/env/lib/python3.10/site-packages/airflow/example_dags/example_external_task_marker_dag.py for tasks to queue
[2023-11-04T21:13:58.938+0400] {logging_mixin.py:151} INFO - [2023-11-04T21:13:58.937+0400] {dagbag.py:536} INFO - Filling up the DagBag from /home/pyretttt/repos/mlops4/env/lib/python3.10/site-packages/airflow/example_dags/example_external_task_marker_dag.py
[2023-11-04T21:13:58.941+0400] {processor.py:839} INFO - DAG(s) dict_keys(['example_external_task_marker_parent', 'example_external_task_marker_child']) retrieved from /home/pyretttt/repos/mlops4/env/lib/python3.10/site-packages/airflow/example_dags/example_external_task_marker_dag.py
[2023-11-04T21:13:58.953+0400] {logging_mixin.py:151} INFO - [2023-11-04T21:13:58.952+0400] {dag.py:2941} INFO - Sync 2 DAGs
[2023-11-04T21:13:58.960+0400] {logging_mixin.py:151} INFO - [2023-11-04T21:13:58.959+0400] {dag.py:3722} INFO - Setting next_dagrun for example_external_task_marker_child to None, run_after=None
[2023-11-04T21:13:58.961+0400] {logging_mixin.py:151} INFO - [2023-11-04T21:13:58.961+0400] {dag.py:3722} INFO - Setting next_dagrun for example_external_task_marker_parent to None, run_after=None
[2023-11-04T21:13:58.975+0400] {processor.py:179} INFO - Processing /home/pyretttt/repos/mlops4/env/lib/python3.10/site-packages/airflow/example_dags/example_external_task_marker_dag.py took 0.041 seconds
[2023-11-04T21:14:47.689+0400] {processor.py:157} INFO - Started process (PID=37475) to work on /home/pyretttt/repos/mlops4/env/lib/python3.10/site-packages/airflow/example_dags/example_external_task_marker_dag.py
[2023-11-04T21:14:47.691+0400] {processor.py:829} INFO - Processing file /home/pyretttt/repos/mlops4/env/lib/python3.10/site-packages/airflow/example_dags/example_external_task_marker_dag.py for tasks to queue
[2023-11-04T21:14:47.692+0400] {logging_mixin.py:151} INFO - [2023-11-04T21:14:47.692+0400] {dagbag.py:536} INFO - Filling up the DagBag from /home/pyretttt/repos/mlops4/env/lib/python3.10/site-packages/airflow/example_dags/example_external_task_marker_dag.py
[2023-11-04T21:14:47.700+0400] {processor.py:839} INFO - DAG(s) dict_keys(['example_external_task_marker_parent', 'example_external_task_marker_child']) retrieved from /home/pyretttt/repos/mlops4/env/lib/python3.10/site-packages/airflow/example_dags/example_external_task_marker_dag.py
[2023-11-04T21:14:47.718+0400] {logging_mixin.py:151} INFO - [2023-11-04T21:14:47.718+0400] {dag.py:2941} INFO - Sync 2 DAGs
[2023-11-04T21:14:47.726+0400] {logging_mixin.py:151} INFO - [2023-11-04T21:14:47.726+0400] {dag.py:3722} INFO - Setting next_dagrun for example_external_task_marker_child to None, run_after=None
[2023-11-04T21:14:47.727+0400] {logging_mixin.py:151} INFO - [2023-11-04T21:14:47.727+0400] {dag.py:3722} INFO - Setting next_dagrun for example_external_task_marker_parent to None, run_after=None
[2023-11-04T21:14:47.738+0400] {processor.py:179} INFO - Processing /home/pyretttt/repos/mlops4/env/lib/python3.10/site-packages/airflow/example_dags/example_external_task_marker_dag.py took 0.053 seconds
[2023-11-04T21:15:41.208+0400] {processor.py:157} INFO - Started process (PID=37527) to work on /home/pyretttt/repos/mlops4/env/lib/python3.10/site-packages/airflow/example_dags/example_external_task_marker_dag.py
[2023-11-04T21:15:41.209+0400] {processor.py:829} INFO - Processing file /home/pyretttt/repos/mlops4/env/lib/python3.10/site-packages/airflow/example_dags/example_external_task_marker_dag.py for tasks to queue
[2023-11-04T21:15:41.211+0400] {logging_mixin.py:151} INFO - [2023-11-04T21:15:41.210+0400] {dagbag.py:536} INFO - Filling up the DagBag from /home/pyretttt/repos/mlops4/env/lib/python3.10/site-packages/airflow/example_dags/example_external_task_marker_dag.py
[2023-11-04T21:15:41.219+0400] {processor.py:839} INFO - DAG(s) dict_keys(['example_external_task_marker_child', 'example_external_task_marker_parent']) retrieved from /home/pyretttt/repos/mlops4/env/lib/python3.10/site-packages/airflow/example_dags/example_external_task_marker_dag.py
[2023-11-04T21:15:41.237+0400] {logging_mixin.py:151} INFO - [2023-11-04T21:15:41.237+0400] {dag.py:2941} INFO - Sync 2 DAGs
[2023-11-04T21:15:41.244+0400] {logging_mixin.py:151} INFO - [2023-11-04T21:15:41.244+0400] {dag.py:3722} INFO - Setting next_dagrun for example_external_task_marker_child to None, run_after=None
[2023-11-04T21:15:41.246+0400] {logging_mixin.py:151} INFO - [2023-11-04T21:15:41.246+0400] {dag.py:3722} INFO - Setting next_dagrun for example_external_task_marker_parent to None, run_after=None
[2023-11-04T21:15:41.258+0400] {processor.py:179} INFO - Processing /home/pyretttt/repos/mlops4/env/lib/python3.10/site-packages/airflow/example_dags/example_external_task_marker_dag.py took 0.055 seconds
[2023-11-04T21:16:30.336+0400] {processor.py:157} INFO - Started process (PID=37586) to work on /home/pyretttt/repos/mlops4/env/lib/python3.10/site-packages/airflow/example_dags/example_external_task_marker_dag.py
[2023-11-04T21:16:30.337+0400] {processor.py:829} INFO - Processing file /home/pyretttt/repos/mlops4/env/lib/python3.10/site-packages/airflow/example_dags/example_external_task_marker_dag.py for tasks to queue
[2023-11-04T21:16:30.338+0400] {logging_mixin.py:151} INFO - [2023-11-04T21:16:30.338+0400] {dagbag.py:536} INFO - Filling up the DagBag from /home/pyretttt/repos/mlops4/env/lib/python3.10/site-packages/airflow/example_dags/example_external_task_marker_dag.py
[2023-11-04T21:16:30.343+0400] {processor.py:839} INFO - DAG(s) dict_keys(['example_external_task_marker_child', 'example_external_task_marker_parent']) retrieved from /home/pyretttt/repos/mlops4/env/lib/python3.10/site-packages/airflow/example_dags/example_external_task_marker_dag.py
[2023-11-04T21:16:30.356+0400] {logging_mixin.py:151} INFO - [2023-11-04T21:16:30.356+0400] {dag.py:2941} INFO - Sync 2 DAGs
[2023-11-04T21:16:30.363+0400] {logging_mixin.py:151} INFO - [2023-11-04T21:16:30.363+0400] {dag.py:3722} INFO - Setting next_dagrun for example_external_task_marker_child to None, run_after=None
[2023-11-04T21:16:30.365+0400] {logging_mixin.py:151} INFO - [2023-11-04T21:16:30.365+0400] {dag.py:3722} INFO - Setting next_dagrun for example_external_task_marker_parent to None, run_after=None
[2023-11-04T21:16:30.378+0400] {processor.py:179} INFO - Processing /home/pyretttt/repos/mlops4/env/lib/python3.10/site-packages/airflow/example_dags/example_external_task_marker_dag.py took 0.045 seconds
[2023-11-04T21:17:19.745+0400] {processor.py:157} INFO - Started process (PID=37642) to work on /home/pyretttt/repos/mlops4/env/lib/python3.10/site-packages/airflow/example_dags/example_external_task_marker_dag.py
[2023-11-04T21:17:19.746+0400] {processor.py:829} INFO - Processing file /home/pyretttt/repos/mlops4/env/lib/python3.10/site-packages/airflow/example_dags/example_external_task_marker_dag.py for tasks to queue
[2023-11-04T21:17:19.746+0400] {logging_mixin.py:151} INFO - [2023-11-04T21:17:19.746+0400] {dagbag.py:536} INFO - Filling up the DagBag from /home/pyretttt/repos/mlops4/env/lib/python3.10/site-packages/airflow/example_dags/example_external_task_marker_dag.py
[2023-11-04T21:17:19.750+0400] {processor.py:839} INFO - DAG(s) dict_keys(['example_external_task_marker_child', 'example_external_task_marker_parent']) retrieved from /home/pyretttt/repos/mlops4/env/lib/python3.10/site-packages/airflow/example_dags/example_external_task_marker_dag.py
[2023-11-04T21:17:19.759+0400] {logging_mixin.py:151} INFO - [2023-11-04T21:17:19.759+0400] {dag.py:2941} INFO - Sync 2 DAGs
[2023-11-04T21:17:19.763+0400] {logging_mixin.py:151} INFO - [2023-11-04T21:17:19.763+0400] {dag.py:3722} INFO - Setting next_dagrun for example_external_task_marker_child to None, run_after=None
[2023-11-04T21:17:19.765+0400] {logging_mixin.py:151} INFO - [2023-11-04T21:17:19.765+0400] {dag.py:3722} INFO - Setting next_dagrun for example_external_task_marker_parent to None, run_after=None
[2023-11-04T21:17:19.774+0400] {processor.py:179} INFO - Processing /home/pyretttt/repos/mlops4/env/lib/python3.10/site-packages/airflow/example_dags/example_external_task_marker_dag.py took 0.030 seconds
