[2023-11-04T21:11:53.686+0400] {processor.py:157} INFO - Started process (PID=37226) to work on /home/pyretttt/repos/mlops4/env/lib/python3.10/site-packages/airflow/example_dags/example_time_delta_sensor_async.py
[2023-11-04T21:11:53.688+0400] {processor.py:829} INFO - Processing file /home/pyretttt/repos/mlops4/env/lib/python3.10/site-packages/airflow/example_dags/example_time_delta_sensor_async.py for tasks to queue
[2023-11-04T21:11:53.689+0400] {logging_mixin.py:151} INFO - [2023-11-04T21:11:53.688+0400] {dagbag.py:536} INFO - Filling up the DagBag from /home/pyretttt/repos/mlops4/env/lib/python3.10/site-packages/airflow/example_dags/example_time_delta_sensor_async.py
[2023-11-04T21:11:53.698+0400] {processor.py:839} INFO - DAG(s) dict_keys(['example_time_delta_sensor_async']) retrieved from /home/pyretttt/repos/mlops4/env/lib/python3.10/site-packages/airflow/example_dags/example_time_delta_sensor_async.py
[2023-11-04T21:11:53.762+0400] {logging_mixin.py:151} INFO - [2023-11-04T21:11:53.762+0400] {manager.py:499} INFO - Created Permission View: %s
[2023-11-04T21:11:53.767+0400] {logging_mixin.py:151} INFO - [2023-11-04T21:11:53.767+0400] {manager.py:499} INFO - Created Permission View: %s
[2023-11-04T21:11:53.771+0400] {logging_mixin.py:151} INFO - [2023-11-04T21:11:53.771+0400] {manager.py:499} INFO - Created Permission View: %s
[2023-11-04T21:11:53.771+0400] {logging_mixin.py:151} INFO - [2023-11-04T21:11:53.771+0400] {dag.py:2941} INFO - Sync 1 DAGs
[2023-11-04T21:11:53.775+0400] {logging_mixin.py:151} INFO - [2023-11-04T21:11:53.775+0400] {dag.py:2963} INFO - Creating ORM DAG for example_time_delta_sensor_async
[2023-11-04T21:11:53.776+0400] {logging_mixin.py:151} INFO - [2023-11-04T21:11:53.775+0400] {dag.py:3722} INFO - Setting next_dagrun for example_time_delta_sensor_async to None, run_after=None
[2023-11-04T21:11:53.784+0400] {processor.py:179} INFO - Processing /home/pyretttt/repos/mlops4/env/lib/python3.10/site-packages/airflow/example_dags/example_time_delta_sensor_async.py took 0.102 seconds
[2023-11-04T21:12:46.182+0400] {processor.py:157} INFO - Started process (PID=37298) to work on /home/pyretttt/repos/mlops4/env/lib/python3.10/site-packages/airflow/example_dags/example_time_delta_sensor_async.py
[2023-11-04T21:12:46.184+0400] {processor.py:829} INFO - Processing file /home/pyretttt/repos/mlops4/env/lib/python3.10/site-packages/airflow/example_dags/example_time_delta_sensor_async.py for tasks to queue
[2023-11-04T21:12:46.185+0400] {logging_mixin.py:151} INFO - [2023-11-04T21:12:46.184+0400] {dagbag.py:536} INFO - Filling up the DagBag from /home/pyretttt/repos/mlops4/env/lib/python3.10/site-packages/airflow/example_dags/example_time_delta_sensor_async.py
[2023-11-04T21:12:46.191+0400] {processor.py:839} INFO - DAG(s) dict_keys(['example_time_delta_sensor_async']) retrieved from /home/pyretttt/repos/mlops4/env/lib/python3.10/site-packages/airflow/example_dags/example_time_delta_sensor_async.py
[2023-11-04T21:12:46.210+0400] {logging_mixin.py:151} INFO - [2023-11-04T21:12:46.210+0400] {dag.py:2941} INFO - Sync 1 DAGs
[2023-11-04T21:12:46.218+0400] {logging_mixin.py:151} INFO - [2023-11-04T21:12:46.218+0400] {dag.py:3722} INFO - Setting next_dagrun for example_time_delta_sensor_async to None, run_after=None
[2023-11-04T21:12:46.230+0400] {processor.py:179} INFO - Processing /home/pyretttt/repos/mlops4/env/lib/python3.10/site-packages/airflow/example_dags/example_time_delta_sensor_async.py took 0.053 seconds
[2023-11-04T21:13:24.890+0400] {processor.py:157} INFO - Started process (PID=37390) to work on /home/pyretttt/repos/mlops4/env/lib/python3.10/site-packages/airflow/example_dags/example_time_delta_sensor_async.py
[2023-11-04T21:13:24.890+0400] {processor.py:829} INFO - Processing file /home/pyretttt/repos/mlops4/env/lib/python3.10/site-packages/airflow/example_dags/example_time_delta_sensor_async.py for tasks to queue
[2023-11-04T21:13:24.891+0400] {logging_mixin.py:151} INFO - [2023-11-04T21:13:24.891+0400] {dagbag.py:536} INFO - Filling up the DagBag from /home/pyretttt/repos/mlops4/env/lib/python3.10/site-packages/airflow/example_dags/example_time_delta_sensor_async.py
[2023-11-04T21:13:24.894+0400] {processor.py:839} INFO - DAG(s) dict_keys(['example_time_delta_sensor_async']) retrieved from /home/pyretttt/repos/mlops4/env/lib/python3.10/site-packages/airflow/example_dags/example_time_delta_sensor_async.py
[2023-11-04T21:13:24.905+0400] {logging_mixin.py:151} INFO - [2023-11-04T21:13:24.904+0400] {dag.py:2941} INFO - Sync 1 DAGs
[2023-11-04T21:13:24.912+0400] {logging_mixin.py:151} INFO - [2023-11-04T21:13:24.912+0400] {dag.py:3722} INFO - Setting next_dagrun for example_time_delta_sensor_async to None, run_after=None
[2023-11-04T21:13:24.924+0400] {processor.py:179} INFO - Processing /home/pyretttt/repos/mlops4/env/lib/python3.10/site-packages/airflow/example_dags/example_time_delta_sensor_async.py took 0.036 seconds
[2023-11-04T21:14:11.658+0400] {processor.py:157} INFO - Started process (PID=37437) to work on /home/pyretttt/repos/mlops4/env/lib/python3.10/site-packages/airflow/example_dags/example_time_delta_sensor_async.py
[2023-11-04T21:14:11.659+0400] {processor.py:829} INFO - Processing file /home/pyretttt/repos/mlops4/env/lib/python3.10/site-packages/airflow/example_dags/example_time_delta_sensor_async.py for tasks to queue
[2023-11-04T21:14:11.661+0400] {logging_mixin.py:151} INFO - [2023-11-04T21:14:11.660+0400] {dagbag.py:536} INFO - Filling up the DagBag from /home/pyretttt/repos/mlops4/env/lib/python3.10/site-packages/airflow/example_dags/example_time_delta_sensor_async.py
[2023-11-04T21:14:11.665+0400] {processor.py:839} INFO - DAG(s) dict_keys(['example_time_delta_sensor_async']) retrieved from /home/pyretttt/repos/mlops4/env/lib/python3.10/site-packages/airflow/example_dags/example_time_delta_sensor_async.py
[2023-11-04T21:14:11.676+0400] {logging_mixin.py:151} INFO - [2023-11-04T21:14:11.676+0400] {dag.py:2941} INFO - Sync 1 DAGs
[2023-11-04T21:14:11.682+0400] {logging_mixin.py:151} INFO - [2023-11-04T21:14:11.682+0400] {dag.py:3722} INFO - Setting next_dagrun for example_time_delta_sensor_async to None, run_after=None
[2023-11-04T21:14:11.696+0400] {processor.py:179} INFO - Processing /home/pyretttt/repos/mlops4/env/lib/python3.10/site-packages/airflow/example_dags/example_time_delta_sensor_async.py took 0.042 seconds
[2023-11-04T21:15:01.163+0400] {processor.py:157} INFO - Started process (PID=37487) to work on /home/pyretttt/repos/mlops4/env/lib/python3.10/site-packages/airflow/example_dags/example_time_delta_sensor_async.py
[2023-11-04T21:15:01.165+0400] {processor.py:829} INFO - Processing file /home/pyretttt/repos/mlops4/env/lib/python3.10/site-packages/airflow/example_dags/example_time_delta_sensor_async.py for tasks to queue
[2023-11-04T21:15:01.166+0400] {logging_mixin.py:151} INFO - [2023-11-04T21:15:01.165+0400] {dagbag.py:536} INFO - Filling up the DagBag from /home/pyretttt/repos/mlops4/env/lib/python3.10/site-packages/airflow/example_dags/example_time_delta_sensor_async.py
[2023-11-04T21:15:01.172+0400] {processor.py:839} INFO - DAG(s) dict_keys(['example_time_delta_sensor_async']) retrieved from /home/pyretttt/repos/mlops4/env/lib/python3.10/site-packages/airflow/example_dags/example_time_delta_sensor_async.py
[2023-11-04T21:15:01.191+0400] {logging_mixin.py:151} INFO - [2023-11-04T21:15:01.191+0400] {dag.py:2941} INFO - Sync 1 DAGs
[2023-11-04T21:15:01.198+0400] {logging_mixin.py:151} INFO - [2023-11-04T21:15:01.198+0400] {dag.py:3722} INFO - Setting next_dagrun for example_time_delta_sensor_async to None, run_after=None
[2023-11-04T21:15:01.211+0400] {processor.py:179} INFO - Processing /home/pyretttt/repos/mlops4/env/lib/python3.10/site-packages/airflow/example_dags/example_time_delta_sensor_async.py took 0.052 seconds
[2023-11-04T21:15:35.211+0400] {processor.py:157} INFO - Started process (PID=37521) to work on /home/pyretttt/repos/mlops4/env/lib/python3.10/site-packages/airflow/example_dags/example_time_delta_sensor_async.py
[2023-11-04T21:15:35.212+0400] {processor.py:829} INFO - Processing file /home/pyretttt/repos/mlops4/env/lib/python3.10/site-packages/airflow/example_dags/example_time_delta_sensor_async.py for tasks to queue
[2023-11-04T21:15:35.214+0400] {logging_mixin.py:151} INFO - [2023-11-04T21:15:35.213+0400] {dagbag.py:536} INFO - Filling up the DagBag from /home/pyretttt/repos/mlops4/env/lib/python3.10/site-packages/airflow/example_dags/example_time_delta_sensor_async.py
[2023-11-04T21:15:35.220+0400] {processor.py:839} INFO - DAG(s) dict_keys(['example_time_delta_sensor_async']) retrieved from /home/pyretttt/repos/mlops4/env/lib/python3.10/site-packages/airflow/example_dags/example_time_delta_sensor_async.py
[2023-11-04T21:15:35.240+0400] {logging_mixin.py:151} INFO - [2023-11-04T21:15:35.239+0400] {dag.py:2941} INFO - Sync 1 DAGs
[2023-11-04T21:15:35.249+0400] {logging_mixin.py:151} INFO - [2023-11-04T21:15:35.249+0400] {dag.py:3722} INFO - Setting next_dagrun for example_time_delta_sensor_async to None, run_after=None
[2023-11-04T21:15:35.264+0400] {processor.py:179} INFO - Processing /home/pyretttt/repos/mlops4/env/lib/python3.10/site-packages/airflow/example_dags/example_time_delta_sensor_async.py took 0.058 seconds
[2023-11-04T21:16:08.465+0400] {processor.py:157} INFO - Started process (PID=37565) to work on /home/pyretttt/repos/mlops4/env/lib/python3.10/site-packages/airflow/example_dags/example_time_delta_sensor_async.py
[2023-11-04T21:16:08.466+0400] {processor.py:829} INFO - Processing file /home/pyretttt/repos/mlops4/env/lib/python3.10/site-packages/airflow/example_dags/example_time_delta_sensor_async.py for tasks to queue
[2023-11-04T21:16:08.467+0400] {logging_mixin.py:151} INFO - [2023-11-04T21:16:08.466+0400] {dagbag.py:536} INFO - Filling up the DagBag from /home/pyretttt/repos/mlops4/env/lib/python3.10/site-packages/airflow/example_dags/example_time_delta_sensor_async.py
[2023-11-04T21:16:08.472+0400] {processor.py:839} INFO - DAG(s) dict_keys(['example_time_delta_sensor_async']) retrieved from /home/pyretttt/repos/mlops4/env/lib/python3.10/site-packages/airflow/example_dags/example_time_delta_sensor_async.py
[2023-11-04T21:16:08.486+0400] {logging_mixin.py:151} INFO - [2023-11-04T21:16:08.486+0400] {dag.py:2941} INFO - Sync 1 DAGs
[2023-11-04T21:16:08.491+0400] {logging_mixin.py:151} INFO - [2023-11-04T21:16:08.491+0400] {dag.py:3722} INFO - Setting next_dagrun for example_time_delta_sensor_async to None, run_after=None
[2023-11-04T21:16:08.512+0400] {processor.py:179} INFO - Processing /home/pyretttt/repos/mlops4/env/lib/python3.10/site-packages/airflow/example_dags/example_time_delta_sensor_async.py took 0.049 seconds
[2023-11-04T21:16:41.984+0400] {processor.py:157} INFO - Started process (PID=37599) to work on /home/pyretttt/repos/mlops4/env/lib/python3.10/site-packages/airflow/example_dags/example_time_delta_sensor_async.py
[2023-11-04T21:16:41.986+0400] {processor.py:829} INFO - Processing file /home/pyretttt/repos/mlops4/env/lib/python3.10/site-packages/airflow/example_dags/example_time_delta_sensor_async.py for tasks to queue
[2023-11-04T21:16:41.987+0400] {logging_mixin.py:151} INFO - [2023-11-04T21:16:41.987+0400] {dagbag.py:536} INFO - Filling up the DagBag from /home/pyretttt/repos/mlops4/env/lib/python3.10/site-packages/airflow/example_dags/example_time_delta_sensor_async.py
[2023-11-04T21:16:41.995+0400] {processor.py:839} INFO - DAG(s) dict_keys(['example_time_delta_sensor_async']) retrieved from /home/pyretttt/repos/mlops4/env/lib/python3.10/site-packages/airflow/example_dags/example_time_delta_sensor_async.py
[2023-11-04T21:16:42.012+0400] {logging_mixin.py:151} INFO - [2023-11-04T21:16:42.012+0400] {dag.py:2941} INFO - Sync 1 DAGs
[2023-11-04T21:16:42.020+0400] {logging_mixin.py:151} INFO - [2023-11-04T21:16:42.020+0400] {dag.py:3722} INFO - Setting next_dagrun for example_time_delta_sensor_async to None, run_after=None
[2023-11-04T21:16:42.137+0400] {processor.py:179} INFO - Processing /home/pyretttt/repos/mlops4/env/lib/python3.10/site-packages/airflow/example_dags/example_time_delta_sensor_async.py took 0.157 seconds
[2023-11-04T21:17:14.606+0400] {processor.py:157} INFO - Started process (PID=37636) to work on /home/pyretttt/repos/mlops4/env/lib/python3.10/site-packages/airflow/example_dags/example_time_delta_sensor_async.py
[2023-11-04T21:17:14.608+0400] {processor.py:829} INFO - Processing file /home/pyretttt/repos/mlops4/env/lib/python3.10/site-packages/airflow/example_dags/example_time_delta_sensor_async.py for tasks to queue
[2023-11-04T21:17:14.609+0400] {logging_mixin.py:151} INFO - [2023-11-04T21:17:14.608+0400] {dagbag.py:536} INFO - Filling up the DagBag from /home/pyretttt/repos/mlops4/env/lib/python3.10/site-packages/airflow/example_dags/example_time_delta_sensor_async.py
[2023-11-04T21:17:14.616+0400] {processor.py:839} INFO - DAG(s) dict_keys(['example_time_delta_sensor_async']) retrieved from /home/pyretttt/repos/mlops4/env/lib/python3.10/site-packages/airflow/example_dags/example_time_delta_sensor_async.py
[2023-11-04T21:17:14.635+0400] {logging_mixin.py:151} INFO - [2023-11-04T21:17:14.634+0400] {dag.py:2941} INFO - Sync 1 DAGs
[2023-11-04T21:17:14.644+0400] {logging_mixin.py:151} INFO - [2023-11-04T21:17:14.644+0400] {dag.py:3722} INFO - Setting next_dagrun for example_time_delta_sensor_async to None, run_after=None
[2023-11-04T21:17:14.662+0400] {processor.py:179} INFO - Processing /home/pyretttt/repos/mlops4/env/lib/python3.10/site-packages/airflow/example_dags/example_time_delta_sensor_async.py took 0.061 seconds
