[2023-11-04T21:12:27.702+0400] {processor.py:157} INFO - Started process (PID=37255) to work on /home/pyretttt/repos/mlops4/env/lib/python3.10/site-packages/airflow/example_dags/example_branch_day_of_week_operator.py
[2023-11-04T21:12:27.704+0400] {processor.py:829} INFO - Processing file /home/pyretttt/repos/mlops4/env/lib/python3.10/site-packages/airflow/example_dags/example_branch_day_of_week_operator.py for tasks to queue
[2023-11-04T21:12:27.705+0400] {logging_mixin.py:151} INFO - [2023-11-04T21:12:27.704+0400] {dagbag.py:536} INFO - Filling up the DagBag from /home/pyretttt/repos/mlops4/env/lib/python3.10/site-packages/airflow/example_dags/example_branch_day_of_week_operator.py
[2023-11-04T21:12:27.716+0400] {processor.py:839} INFO - DAG(s) dict_keys(['example_weekday_branch_operator']) retrieved from /home/pyretttt/repos/mlops4/env/lib/python3.10/site-packages/airflow/example_dags/example_branch_day_of_week_operator.py
[2023-11-04T21:12:27.777+0400] {logging_mixin.py:151} INFO - [2023-11-04T21:12:27.777+0400] {manager.py:499} INFO - Created Permission View: %s
[2023-11-04T21:12:27.782+0400] {logging_mixin.py:151} INFO - [2023-11-04T21:12:27.782+0400] {manager.py:499} INFO - Created Permission View: %s
[2023-11-04T21:12:27.786+0400] {logging_mixin.py:151} INFO - [2023-11-04T21:12:27.786+0400] {manager.py:499} INFO - Created Permission View: %s
[2023-11-04T21:12:27.786+0400] {logging_mixin.py:151} INFO - [2023-11-04T21:12:27.786+0400] {dag.py:2941} INFO - Sync 1 DAGs
[2023-11-04T21:12:27.790+0400] {logging_mixin.py:151} INFO - [2023-11-04T21:12:27.790+0400] {dag.py:2963} INFO - Creating ORM DAG for example_weekday_branch_operator
[2023-11-04T21:12:27.794+0400] {logging_mixin.py:151} INFO - [2023-11-04T21:12:27.794+0400] {dag.py:3722} INFO - Setting next_dagrun for example_weekday_branch_operator to 2023-11-03T00:00:00+00:00, run_after=2023-11-04T00:00:00+00:00
[2023-11-04T21:12:27.803+0400] {processor.py:179} INFO - Processing /home/pyretttt/repos/mlops4/env/lib/python3.10/site-packages/airflow/example_dags/example_branch_day_of_week_operator.py took 0.105 seconds
[2023-11-04T21:13:15.702+0400] {processor.py:157} INFO - Started process (PID=37380) to work on /home/pyretttt/repos/mlops4/env/lib/python3.10/site-packages/airflow/example_dags/example_branch_day_of_week_operator.py
[2023-11-04T21:13:15.704+0400] {processor.py:829} INFO - Processing file /home/pyretttt/repos/mlops4/env/lib/python3.10/site-packages/airflow/example_dags/example_branch_day_of_week_operator.py for tasks to queue
[2023-11-04T21:13:15.706+0400] {logging_mixin.py:151} INFO - [2023-11-04T21:13:15.705+0400] {dagbag.py:536} INFO - Filling up the DagBag from /home/pyretttt/repos/mlops4/env/lib/python3.10/site-packages/airflow/example_dags/example_branch_day_of_week_operator.py
[2023-11-04T21:13:15.714+0400] {processor.py:839} INFO - DAG(s) dict_keys(['example_weekday_branch_operator']) retrieved from /home/pyretttt/repos/mlops4/env/lib/python3.10/site-packages/airflow/example_dags/example_branch_day_of_week_operator.py
[2023-11-04T21:13:15.724+0400] {logging_mixin.py:151} INFO - [2023-11-04T21:13:15.724+0400] {dag.py:2941} INFO - Sync 1 DAGs
[2023-11-04T21:13:15.739+0400] {logging_mixin.py:151} INFO - [2023-11-04T21:13:15.739+0400] {dag.py:3722} INFO - Setting next_dagrun for example_weekday_branch_operator to 2023-11-03T00:00:00+00:00, run_after=2023-11-04T00:00:00+00:00
[2023-11-04T21:13:15.753+0400] {processor.py:179} INFO - Processing /home/pyretttt/repos/mlops4/env/lib/python3.10/site-packages/airflow/example_dags/example_branch_day_of_week_operator.py took 0.055 seconds
[2023-11-04T21:14:05.240+0400] {processor.py:157} INFO - Started process (PID=37431) to work on /home/pyretttt/repos/mlops4/env/lib/python3.10/site-packages/airflow/example_dags/example_branch_day_of_week_operator.py
[2023-11-04T21:14:05.242+0400] {processor.py:829} INFO - Processing file /home/pyretttt/repos/mlops4/env/lib/python3.10/site-packages/airflow/example_dags/example_branch_day_of_week_operator.py for tasks to queue
[2023-11-04T21:14:05.243+0400] {logging_mixin.py:151} INFO - [2023-11-04T21:14:05.242+0400] {dagbag.py:536} INFO - Filling up the DagBag from /home/pyretttt/repos/mlops4/env/lib/python3.10/site-packages/airflow/example_dags/example_branch_day_of_week_operator.py
[2023-11-04T21:14:05.253+0400] {processor.py:839} INFO - DAG(s) dict_keys(['example_weekday_branch_operator']) retrieved from /home/pyretttt/repos/mlops4/env/lib/python3.10/site-packages/airflow/example_dags/example_branch_day_of_week_operator.py
[2023-11-04T21:14:05.275+0400] {logging_mixin.py:151} INFO - [2023-11-04T21:14:05.274+0400] {dag.py:2941} INFO - Sync 1 DAGs
[2023-11-04T21:14:05.290+0400] {logging_mixin.py:151} INFO - [2023-11-04T21:14:05.290+0400] {dag.py:3722} INFO - Setting next_dagrun for example_weekday_branch_operator to 2023-11-03T00:00:00+00:00, run_after=2023-11-04T00:00:00+00:00
[2023-11-04T21:14:05.303+0400] {processor.py:179} INFO - Processing /home/pyretttt/repos/mlops4/env/lib/python3.10/site-packages/airflow/example_dags/example_branch_day_of_week_operator.py took 0.067 seconds
[2023-11-04T21:14:53.726+0400] {processor.py:157} INFO - Started process (PID=37481) to work on /home/pyretttt/repos/mlops4/env/lib/python3.10/site-packages/airflow/example_dags/example_branch_day_of_week_operator.py
[2023-11-04T21:14:53.728+0400] {processor.py:829} INFO - Processing file /home/pyretttt/repos/mlops4/env/lib/python3.10/site-packages/airflow/example_dags/example_branch_day_of_week_operator.py for tasks to queue
[2023-11-04T21:14:53.729+0400] {logging_mixin.py:151} INFO - [2023-11-04T21:14:53.728+0400] {dagbag.py:536} INFO - Filling up the DagBag from /home/pyretttt/repos/mlops4/env/lib/python3.10/site-packages/airflow/example_dags/example_branch_day_of_week_operator.py
[2023-11-04T21:14:53.738+0400] {processor.py:839} INFO - DAG(s) dict_keys(['example_weekday_branch_operator']) retrieved from /home/pyretttt/repos/mlops4/env/lib/python3.10/site-packages/airflow/example_dags/example_branch_day_of_week_operator.py
[2023-11-04T21:14:53.756+0400] {logging_mixin.py:151} INFO - [2023-11-04T21:14:53.756+0400] {dag.py:2941} INFO - Sync 1 DAGs
[2023-11-04T21:14:53.769+0400] {logging_mixin.py:151} INFO - [2023-11-04T21:14:53.769+0400] {dag.py:3722} INFO - Setting next_dagrun for example_weekday_branch_operator to 2023-11-03T00:00:00+00:00, run_after=2023-11-04T00:00:00+00:00
[2023-11-04T21:14:53.780+0400] {processor.py:179} INFO - Processing /home/pyretttt/repos/mlops4/env/lib/python3.10/site-packages/airflow/example_dags/example_branch_day_of_week_operator.py took 0.058 seconds
[2023-11-04T21:15:46.663+0400] {processor.py:157} INFO - Started process (PID=37538) to work on /home/pyretttt/repos/mlops4/env/lib/python3.10/site-packages/airflow/example_dags/example_branch_day_of_week_operator.py
[2023-11-04T21:15:46.664+0400] {processor.py:829} INFO - Processing file /home/pyretttt/repos/mlops4/env/lib/python3.10/site-packages/airflow/example_dags/example_branch_day_of_week_operator.py for tasks to queue
[2023-11-04T21:15:46.665+0400] {logging_mixin.py:151} INFO - [2023-11-04T21:15:46.664+0400] {dagbag.py:536} INFO - Filling up the DagBag from /home/pyretttt/repos/mlops4/env/lib/python3.10/site-packages/airflow/example_dags/example_branch_day_of_week_operator.py
[2023-11-04T21:15:46.669+0400] {processor.py:839} INFO - DAG(s) dict_keys(['example_weekday_branch_operator']) retrieved from /home/pyretttt/repos/mlops4/env/lib/python3.10/site-packages/airflow/example_dags/example_branch_day_of_week_operator.py
[2023-11-04T21:15:46.682+0400] {logging_mixin.py:151} INFO - [2023-11-04T21:15:46.682+0400] {dag.py:2941} INFO - Sync 1 DAGs
[2023-11-04T21:15:46.695+0400] {logging_mixin.py:151} INFO - [2023-11-04T21:15:46.694+0400] {dag.py:3722} INFO - Setting next_dagrun for example_weekday_branch_operator to 2023-11-03T00:00:00+00:00, run_after=2023-11-04T00:00:00+00:00
[2023-11-04T21:15:46.707+0400] {processor.py:179} INFO - Processing /home/pyretttt/repos/mlops4/env/lib/python3.10/site-packages/airflow/example_dags/example_branch_day_of_week_operator.py took 0.046 seconds
[2023-11-04T21:16:35.539+0400] {processor.py:157} INFO - Started process (PID=37592) to work on /home/pyretttt/repos/mlops4/env/lib/python3.10/site-packages/airflow/example_dags/example_branch_day_of_week_operator.py
[2023-11-04T21:16:35.541+0400] {processor.py:829} INFO - Processing file /home/pyretttt/repos/mlops4/env/lib/python3.10/site-packages/airflow/example_dags/example_branch_day_of_week_operator.py for tasks to queue
[2023-11-04T21:16:35.542+0400] {logging_mixin.py:151} INFO - [2023-11-04T21:16:35.541+0400] {dagbag.py:536} INFO - Filling up the DagBag from /home/pyretttt/repos/mlops4/env/lib/python3.10/site-packages/airflow/example_dags/example_branch_day_of_week_operator.py
[2023-11-04T21:16:35.547+0400] {processor.py:839} INFO - DAG(s) dict_keys(['example_weekday_branch_operator']) retrieved from /home/pyretttt/repos/mlops4/env/lib/python3.10/site-packages/airflow/example_dags/example_branch_day_of_week_operator.py
[2023-11-04T21:16:35.562+0400] {logging_mixin.py:151} INFO - [2023-11-04T21:16:35.562+0400] {dag.py:2941} INFO - Sync 1 DAGs
[2023-11-04T21:16:35.577+0400] {logging_mixin.py:151} INFO - [2023-11-04T21:16:35.576+0400] {dag.py:3722} INFO - Setting next_dagrun for example_weekday_branch_operator to 2023-11-03T00:00:00+00:00, run_after=2023-11-04T00:00:00+00:00
[2023-11-04T21:16:35.595+0400] {processor.py:179} INFO - Processing /home/pyretttt/repos/mlops4/env/lib/python3.10/site-packages/airflow/example_dags/example_branch_day_of_week_operator.py took 0.060 seconds
[2023-11-04T21:17:24.917+0400] {processor.py:157} INFO - Started process (PID=37649) to work on /home/pyretttt/repos/mlops4/env/lib/python3.10/site-packages/airflow/example_dags/example_branch_day_of_week_operator.py
[2023-11-04T21:17:24.919+0400] {processor.py:829} INFO - Processing file /home/pyretttt/repos/mlops4/env/lib/python3.10/site-packages/airflow/example_dags/example_branch_day_of_week_operator.py for tasks to queue
[2023-11-04T21:17:24.920+0400] {logging_mixin.py:151} INFO - [2023-11-04T21:17:24.919+0400] {dagbag.py:536} INFO - Filling up the DagBag from /home/pyretttt/repos/mlops4/env/lib/python3.10/site-packages/airflow/example_dags/example_branch_day_of_week_operator.py
[2023-11-04T21:17:24.931+0400] {processor.py:839} INFO - DAG(s) dict_keys(['example_weekday_branch_operator']) retrieved from /home/pyretttt/repos/mlops4/env/lib/python3.10/site-packages/airflow/example_dags/example_branch_day_of_week_operator.py
[2023-11-04T21:17:24.949+0400] {logging_mixin.py:151} INFO - [2023-11-04T21:17:24.949+0400] {dag.py:2941} INFO - Sync 1 DAGs
[2023-11-04T21:17:24.965+0400] {logging_mixin.py:151} INFO - [2023-11-04T21:17:24.965+0400] {dag.py:3722} INFO - Setting next_dagrun for example_weekday_branch_operator to 2023-11-03T00:00:00+00:00, run_after=2023-11-04T00:00:00+00:00
[2023-11-04T21:17:24.978+0400] {processor.py:179} INFO - Processing /home/pyretttt/repos/mlops4/env/lib/python3.10/site-packages/airflow/example_dags/example_branch_day_of_week_operator.py took 0.066 seconds
