[2023-11-04T21:12:13.089+0400] {processor.py:157} INFO - Started process (PID=37242) to work on /home/pyretttt/repos/mlops4/env/lib/python3.10/site-packages/airflow/example_dags/example_branch_operator_decorator.py
[2023-11-04T21:12:13.091+0400] {processor.py:829} INFO - Processing file /home/pyretttt/repos/mlops4/env/lib/python3.10/site-packages/airflow/example_dags/example_branch_operator_decorator.py for tasks to queue
[2023-11-04T21:12:13.092+0400] {logging_mixin.py:151} INFO - [2023-11-04T21:12:13.091+0400] {dagbag.py:536} INFO - Filling up the DagBag from /home/pyretttt/repos/mlops4/env/lib/python3.10/site-packages/airflow/example_dags/example_branch_operator_decorator.py
[2023-11-04T21:12:13.107+0400] {processor.py:839} INFO - DAG(s) dict_keys(['example_branch_python_operator_decorator']) retrieved from /home/pyretttt/repos/mlops4/env/lib/python3.10/site-packages/airflow/example_dags/example_branch_operator_decorator.py
[2023-11-04T21:12:13.174+0400] {logging_mixin.py:151} INFO - [2023-11-04T21:12:13.174+0400] {manager.py:499} INFO - Created Permission View: %s
[2023-11-04T21:12:13.180+0400] {logging_mixin.py:151} INFO - [2023-11-04T21:12:13.180+0400] {manager.py:499} INFO - Created Permission View: %s
[2023-11-04T21:12:13.185+0400] {logging_mixin.py:151} INFO - [2023-11-04T21:12:13.185+0400] {manager.py:499} INFO - Created Permission View: %s
[2023-11-04T21:12:13.185+0400] {logging_mixin.py:151} INFO - [2023-11-04T21:12:13.185+0400] {dag.py:2941} INFO - Sync 1 DAGs
[2023-11-04T21:12:13.190+0400] {logging_mixin.py:151} INFO - [2023-11-04T21:12:13.190+0400] {dag.py:2963} INFO - Creating ORM DAG for example_branch_python_operator_decorator
[2023-11-04T21:12:13.194+0400] {logging_mixin.py:151} INFO - [2023-11-04T21:12:13.194+0400] {dag.py:3722} INFO - Setting next_dagrun for example_branch_python_operator_decorator to 2023-11-03T00:00:00+00:00, run_after=2023-11-04T00:00:00+00:00
[2023-11-04T21:12:13.205+0400] {processor.py:179} INFO - Processing /home/pyretttt/repos/mlops4/env/lib/python3.10/site-packages/airflow/example_dags/example_branch_operator_decorator.py took 0.119 seconds
[2023-11-04T21:13:02.885+0400] {processor.py:157} INFO - Started process (PID=37341) to work on /home/pyretttt/repos/mlops4/env/lib/python3.10/site-packages/airflow/example_dags/example_branch_operator_decorator.py
[2023-11-04T21:13:02.886+0400] {processor.py:829} INFO - Processing file /home/pyretttt/repos/mlops4/env/lib/python3.10/site-packages/airflow/example_dags/example_branch_operator_decorator.py for tasks to queue
[2023-11-04T21:13:02.888+0400] {logging_mixin.py:151} INFO - [2023-11-04T21:13:02.887+0400] {dagbag.py:536} INFO - Filling up the DagBag from /home/pyretttt/repos/mlops4/env/lib/python3.10/site-packages/airflow/example_dags/example_branch_operator_decorator.py
[2023-11-04T21:13:02.900+0400] {processor.py:839} INFO - DAG(s) dict_keys(['example_branch_python_operator_decorator']) retrieved from /home/pyretttt/repos/mlops4/env/lib/python3.10/site-packages/airflow/example_dags/example_branch_operator_decorator.py
[2023-11-04T21:13:02.919+0400] {logging_mixin.py:151} INFO - [2023-11-04T21:13:02.919+0400] {dag.py:2941} INFO - Sync 1 DAGs
[2023-11-04T21:13:02.931+0400] {logging_mixin.py:151} INFO - [2023-11-04T21:13:02.931+0400] {dag.py:3722} INFO - Setting next_dagrun for example_branch_python_operator_decorator to 2023-11-03T00:00:00+00:00, run_after=2023-11-04T00:00:00+00:00
[2023-11-04T21:13:02.942+0400] {processor.py:179} INFO - Processing /home/pyretttt/repos/mlops4/env/lib/python3.10/site-packages/airflow/example_dags/example_branch_operator_decorator.py took 0.062 seconds
[2023-11-04T21:13:48.661+0400] {processor.py:157} INFO - Started process (PID=37415) to work on /home/pyretttt/repos/mlops4/env/lib/python3.10/site-packages/airflow/example_dags/example_branch_operator_decorator.py
[2023-11-04T21:13:48.663+0400] {processor.py:829} INFO - Processing file /home/pyretttt/repos/mlops4/env/lib/python3.10/site-packages/airflow/example_dags/example_branch_operator_decorator.py for tasks to queue
[2023-11-04T21:13:48.665+0400] {logging_mixin.py:151} INFO - [2023-11-04T21:13:48.664+0400] {dagbag.py:536} INFO - Filling up the DagBag from /home/pyretttt/repos/mlops4/env/lib/python3.10/site-packages/airflow/example_dags/example_branch_operator_decorator.py
[2023-11-04T21:13:48.678+0400] {processor.py:839} INFO - DAG(s) dict_keys(['example_branch_python_operator_decorator']) retrieved from /home/pyretttt/repos/mlops4/env/lib/python3.10/site-packages/airflow/example_dags/example_branch_operator_decorator.py
[2023-11-04T21:13:48.699+0400] {logging_mixin.py:151} INFO - [2023-11-04T21:13:48.698+0400] {dag.py:2941} INFO - Sync 1 DAGs
[2023-11-04T21:13:48.712+0400] {logging_mixin.py:151} INFO - [2023-11-04T21:13:48.712+0400] {dag.py:3722} INFO - Setting next_dagrun for example_branch_python_operator_decorator to 2023-11-03T00:00:00+00:00, run_after=2023-11-04T00:00:00+00:00
[2023-11-04T21:13:48.725+0400] {processor.py:179} INFO - Processing /home/pyretttt/repos/mlops4/env/lib/python3.10/site-packages/airflow/example_dags/example_branch_operator_decorator.py took 0.068 seconds
[2023-11-04T21:14:36.856+0400] {processor.py:157} INFO - Started process (PID=37464) to work on /home/pyretttt/repos/mlops4/env/lib/python3.10/site-packages/airflow/example_dags/example_branch_operator_decorator.py
[2023-11-04T21:14:36.857+0400] {processor.py:829} INFO - Processing file /home/pyretttt/repos/mlops4/env/lib/python3.10/site-packages/airflow/example_dags/example_branch_operator_decorator.py for tasks to queue
[2023-11-04T21:14:36.858+0400] {logging_mixin.py:151} INFO - [2023-11-04T21:14:36.858+0400] {dagbag.py:536} INFO - Filling up the DagBag from /home/pyretttt/repos/mlops4/env/lib/python3.10/site-packages/airflow/example_dags/example_branch_operator_decorator.py
[2023-11-04T21:14:36.867+0400] {processor.py:839} INFO - DAG(s) dict_keys(['example_branch_python_operator_decorator']) retrieved from /home/pyretttt/repos/mlops4/env/lib/python3.10/site-packages/airflow/example_dags/example_branch_operator_decorator.py
[2023-11-04T21:14:36.882+0400] {logging_mixin.py:151} INFO - [2023-11-04T21:14:36.881+0400] {dag.py:2941} INFO - Sync 1 DAGs
[2023-11-04T21:14:36.895+0400] {logging_mixin.py:151} INFO - [2023-11-04T21:14:36.895+0400] {dag.py:3722} INFO - Setting next_dagrun for example_branch_python_operator_decorator to 2023-11-03T00:00:00+00:00, run_after=2023-11-04T00:00:00+00:00
[2023-11-04T21:14:36.909+0400] {processor.py:179} INFO - Processing /home/pyretttt/repos/mlops4/env/lib/python3.10/site-packages/airflow/example_dags/example_branch_operator_decorator.py took 0.055 seconds
[2023-11-04T21:15:28.478+0400] {processor.py:157} INFO - Started process (PID=37514) to work on /home/pyretttt/repos/mlops4/env/lib/python3.10/site-packages/airflow/example_dags/example_branch_operator_decorator.py
[2023-11-04T21:15:28.480+0400] {processor.py:829} INFO - Processing file /home/pyretttt/repos/mlops4/env/lib/python3.10/site-packages/airflow/example_dags/example_branch_operator_decorator.py for tasks to queue
[2023-11-04T21:15:28.482+0400] {logging_mixin.py:151} INFO - [2023-11-04T21:15:28.481+0400] {dagbag.py:536} INFO - Filling up the DagBag from /home/pyretttt/repos/mlops4/env/lib/python3.10/site-packages/airflow/example_dags/example_branch_operator_decorator.py
[2023-11-04T21:15:28.494+0400] {processor.py:839} INFO - DAG(s) dict_keys(['example_branch_python_operator_decorator']) retrieved from /home/pyretttt/repos/mlops4/env/lib/python3.10/site-packages/airflow/example_dags/example_branch_operator_decorator.py
[2023-11-04T21:15:28.511+0400] {logging_mixin.py:151} INFO - [2023-11-04T21:15:28.511+0400] {dag.py:2941} INFO - Sync 1 DAGs
[2023-11-04T21:15:28.524+0400] {logging_mixin.py:151} INFO - [2023-11-04T21:15:28.524+0400] {dag.py:3722} INFO - Setting next_dagrun for example_branch_python_operator_decorator to 2023-11-03T00:00:00+00:00, run_after=2023-11-04T00:00:00+00:00
[2023-11-04T21:15:28.534+0400] {processor.py:179} INFO - Processing /home/pyretttt/repos/mlops4/env/lib/python3.10/site-packages/airflow/example_dags/example_branch_operator_decorator.py took 0.062 seconds
[2023-11-04T21:16:17.697+0400] {processor.py:157} INFO - Started process (PID=37574) to work on /home/pyretttt/repos/mlops4/env/lib/python3.10/site-packages/airflow/example_dags/example_branch_operator_decorator.py
[2023-11-04T21:16:17.700+0400] {processor.py:829} INFO - Processing file /home/pyretttt/repos/mlops4/env/lib/python3.10/site-packages/airflow/example_dags/example_branch_operator_decorator.py for tasks to queue
[2023-11-04T21:16:17.701+0400] {logging_mixin.py:151} INFO - [2023-11-04T21:16:17.700+0400] {dagbag.py:536} INFO - Filling up the DagBag from /home/pyretttt/repos/mlops4/env/lib/python3.10/site-packages/airflow/example_dags/example_branch_operator_decorator.py
[2023-11-04T21:16:17.715+0400] {processor.py:839} INFO - DAG(s) dict_keys(['example_branch_python_operator_decorator']) retrieved from /home/pyretttt/repos/mlops4/env/lib/python3.10/site-packages/airflow/example_dags/example_branch_operator_decorator.py
[2023-11-04T21:16:17.734+0400] {logging_mixin.py:151} INFO - [2023-11-04T21:16:17.734+0400] {dag.py:2941} INFO - Sync 1 DAGs
[2023-11-04T21:16:17.750+0400] {logging_mixin.py:151} INFO - [2023-11-04T21:16:17.749+0400] {dag.py:3722} INFO - Setting next_dagrun for example_branch_python_operator_decorator to 2023-11-03T00:00:00+00:00, run_after=2023-11-04T00:00:00+00:00
[2023-11-04T21:16:17.761+0400] {processor.py:179} INFO - Processing /home/pyretttt/repos/mlops4/env/lib/python3.10/site-packages/airflow/example_dags/example_branch_operator_decorator.py took 0.070 seconds
[2023-11-04T21:17:07.308+0400] {processor.py:157} INFO - Started process (PID=37627) to work on /home/pyretttt/repos/mlops4/env/lib/python3.10/site-packages/airflow/example_dags/example_branch_operator_decorator.py
[2023-11-04T21:17:07.310+0400] {processor.py:829} INFO - Processing file /home/pyretttt/repos/mlops4/env/lib/python3.10/site-packages/airflow/example_dags/example_branch_operator_decorator.py for tasks to queue
[2023-11-04T21:17:07.311+0400] {logging_mixin.py:151} INFO - [2023-11-04T21:17:07.311+0400] {dagbag.py:536} INFO - Filling up the DagBag from /home/pyretttt/repos/mlops4/env/lib/python3.10/site-packages/airflow/example_dags/example_branch_operator_decorator.py
[2023-11-04T21:17:07.325+0400] {processor.py:839} INFO - DAG(s) dict_keys(['example_branch_python_operator_decorator']) retrieved from /home/pyretttt/repos/mlops4/env/lib/python3.10/site-packages/airflow/example_dags/example_branch_operator_decorator.py
[2023-11-04T21:17:07.345+0400] {logging_mixin.py:151} INFO - [2023-11-04T21:17:07.344+0400] {dag.py:2941} INFO - Sync 1 DAGs
[2023-11-04T21:17:07.357+0400] {logging_mixin.py:151} INFO - [2023-11-04T21:17:07.357+0400] {dag.py:3722} INFO - Setting next_dagrun for example_branch_python_operator_decorator to 2023-11-03T00:00:00+00:00, run_after=2023-11-04T00:00:00+00:00
[2023-11-04T21:17:07.373+0400] {processor.py:179} INFO - Processing /home/pyretttt/repos/mlops4/env/lib/python3.10/site-packages/airflow/example_dags/example_branch_operator_decorator.py took 0.069 seconds
[2023-11-04T21:17:58.137+0400] {processor.py:157} INFO - Started process (PID=37716) to work on /home/pyretttt/repos/mlops4/env/lib/python3.10/site-packages/airflow/example_dags/example_branch_operator_decorator.py
[2023-11-04T21:17:58.138+0400] {processor.py:829} INFO - Processing file /home/pyretttt/repos/mlops4/env/lib/python3.10/site-packages/airflow/example_dags/example_branch_operator_decorator.py for tasks to queue
[2023-11-04T21:17:58.139+0400] {logging_mixin.py:151} INFO - [2023-11-04T21:17:58.139+0400] {dagbag.py:536} INFO - Filling up the DagBag from /home/pyretttt/repos/mlops4/env/lib/python3.10/site-packages/airflow/example_dags/example_branch_operator_decorator.py
[2023-11-04T21:17:58.147+0400] {processor.py:839} INFO - DAG(s) dict_keys(['example_branch_python_operator_decorator']) retrieved from /home/pyretttt/repos/mlops4/env/lib/python3.10/site-packages/airflow/example_dags/example_branch_operator_decorator.py
[2023-11-04T21:17:58.162+0400] {logging_mixin.py:151} INFO - [2023-11-04T21:17:58.161+0400] {dag.py:2941} INFO - Sync 1 DAGs
[2023-11-04T21:17:58.175+0400] {logging_mixin.py:151} INFO - [2023-11-04T21:17:58.174+0400] {dag.py:3722} INFO - Setting next_dagrun for example_branch_python_operator_decorator to 2023-11-03T00:00:00+00:00, run_after=2023-11-04T00:00:00+00:00
[2023-11-04T21:17:58.187+0400] {processor.py:179} INFO - Processing /home/pyretttt/repos/mlops4/env/lib/python3.10/site-packages/airflow/example_dags/example_branch_operator_decorator.py took 0.053 seconds
[2023-11-04T21:18:48.462+0400] {processor.py:157} INFO - Started process (PID=37774) to work on /home/pyretttt/repos/mlops4/env/lib/python3.10/site-packages/airflow/example_dags/example_branch_operator_decorator.py
[2023-11-04T21:18:48.465+0400] {processor.py:829} INFO - Processing file /home/pyretttt/repos/mlops4/env/lib/python3.10/site-packages/airflow/example_dags/example_branch_operator_decorator.py for tasks to queue
[2023-11-04T21:18:48.466+0400] {logging_mixin.py:151} INFO - [2023-11-04T21:18:48.465+0400] {dagbag.py:536} INFO - Filling up the DagBag from /home/pyretttt/repos/mlops4/env/lib/python3.10/site-packages/airflow/example_dags/example_branch_operator_decorator.py
[2023-11-04T21:18:48.474+0400] {processor.py:839} INFO - DAG(s) dict_keys(['example_branch_python_operator_decorator']) retrieved from /home/pyretttt/repos/mlops4/env/lib/python3.10/site-packages/airflow/example_dags/example_branch_operator_decorator.py
[2023-11-04T21:18:48.487+0400] {logging_mixin.py:151} INFO - [2023-11-04T21:18:48.487+0400] {dag.py:2941} INFO - Sync 1 DAGs
[2023-11-04T21:18:48.501+0400] {logging_mixin.py:151} INFO - [2023-11-04T21:18:48.501+0400] {dag.py:3722} INFO - Setting next_dagrun for example_branch_python_operator_decorator to 2023-11-03T00:00:00+00:00, run_after=2023-11-04T00:00:00+00:00
[2023-11-04T21:18:48.515+0400] {processor.py:179} INFO - Processing /home/pyretttt/repos/mlops4/env/lib/python3.10/site-packages/airflow/example_dags/example_branch_operator_decorator.py took 0.056 seconds
[2023-11-04T21:19:37.639+0400] {processor.py:157} INFO - Started process (PID=37824) to work on /home/pyretttt/repos/mlops4/env/lib/python3.10/site-packages/airflow/example_dags/example_branch_operator_decorator.py
[2023-11-04T21:19:37.641+0400] {processor.py:829} INFO - Processing file /home/pyretttt/repos/mlops4/env/lib/python3.10/site-packages/airflow/example_dags/example_branch_operator_decorator.py for tasks to queue
[2023-11-04T21:19:37.643+0400] {logging_mixin.py:151} INFO - [2023-11-04T21:19:37.642+0400] {dagbag.py:536} INFO - Filling up the DagBag from /home/pyretttt/repos/mlops4/env/lib/python3.10/site-packages/airflow/example_dags/example_branch_operator_decorator.py
[2023-11-04T21:19:37.655+0400] {processor.py:839} INFO - DAG(s) dict_keys(['example_branch_python_operator_decorator']) retrieved from /home/pyretttt/repos/mlops4/env/lib/python3.10/site-packages/airflow/example_dags/example_branch_operator_decorator.py
[2023-11-04T21:19:37.675+0400] {logging_mixin.py:151} INFO - [2023-11-04T21:19:37.674+0400] {dag.py:2941} INFO - Sync 1 DAGs
[2023-11-04T21:19:37.687+0400] {logging_mixin.py:151} INFO - [2023-11-04T21:19:37.687+0400] {dag.py:3722} INFO - Setting next_dagrun for example_branch_python_operator_decorator to 2023-11-03T00:00:00+00:00, run_after=2023-11-04T00:00:00+00:00
[2023-11-04T21:19:37.698+0400] {processor.py:179} INFO - Processing /home/pyretttt/repos/mlops4/env/lib/python3.10/site-packages/airflow/example_dags/example_branch_operator_decorator.py took 0.064 seconds
[2023-11-04T21:20:28.680+0400] {processor.py:157} INFO - Started process (PID=37875) to work on /home/pyretttt/repos/mlops4/env/lib/python3.10/site-packages/airflow/example_dags/example_branch_operator_decorator.py
[2023-11-04T21:20:28.681+0400] {processor.py:829} INFO - Processing file /home/pyretttt/repos/mlops4/env/lib/python3.10/site-packages/airflow/example_dags/example_branch_operator_decorator.py for tasks to queue
[2023-11-04T21:20:28.682+0400] {logging_mixin.py:151} INFO - [2023-11-04T21:20:28.681+0400] {dagbag.py:536} INFO - Filling up the DagBag from /home/pyretttt/repos/mlops4/env/lib/python3.10/site-packages/airflow/example_dags/example_branch_operator_decorator.py
[2023-11-04T21:20:28.689+0400] {processor.py:839} INFO - DAG(s) dict_keys(['example_branch_python_operator_decorator']) retrieved from /home/pyretttt/repos/mlops4/env/lib/python3.10/site-packages/airflow/example_dags/example_branch_operator_decorator.py
[2023-11-04T21:20:28.701+0400] {logging_mixin.py:151} INFO - [2023-11-04T21:20:28.701+0400] {dag.py:2941} INFO - Sync 1 DAGs
[2023-11-04T21:20:28.713+0400] {logging_mixin.py:151} INFO - [2023-11-04T21:20:28.713+0400] {dag.py:3722} INFO - Setting next_dagrun for example_branch_python_operator_decorator to 2023-11-03T00:00:00+00:00, run_after=2023-11-04T00:00:00+00:00
[2023-11-04T21:20:28.728+0400] {processor.py:179} INFO - Processing /home/pyretttt/repos/mlops4/env/lib/python3.10/site-packages/airflow/example_dags/example_branch_operator_decorator.py took 0.050 seconds
[2023-11-04T21:21:22.057+0400] {processor.py:157} INFO - Started process (PID=37929) to work on /home/pyretttt/repos/mlops4/env/lib/python3.10/site-packages/airflow/example_dags/example_branch_operator_decorator.py
[2023-11-04T21:21:22.059+0400] {processor.py:829} INFO - Processing file /home/pyretttt/repos/mlops4/env/lib/python3.10/site-packages/airflow/example_dags/example_branch_operator_decorator.py for tasks to queue
[2023-11-04T21:21:22.061+0400] {logging_mixin.py:151} INFO - [2023-11-04T21:21:22.060+0400] {dagbag.py:536} INFO - Filling up the DagBag from /home/pyretttt/repos/mlops4/env/lib/python3.10/site-packages/airflow/example_dags/example_branch_operator_decorator.py
[2023-11-04T21:21:22.073+0400] {processor.py:839} INFO - DAG(s) dict_keys(['example_branch_python_operator_decorator']) retrieved from /home/pyretttt/repos/mlops4/env/lib/python3.10/site-packages/airflow/example_dags/example_branch_operator_decorator.py
[2023-11-04T21:21:22.092+0400] {logging_mixin.py:151} INFO - [2023-11-04T21:21:22.092+0400] {dag.py:2941} INFO - Sync 1 DAGs
[2023-11-04T21:21:22.108+0400] {logging_mixin.py:151} INFO - [2023-11-04T21:21:22.108+0400] {dag.py:3722} INFO - Setting next_dagrun for example_branch_python_operator_decorator to 2023-11-03T00:00:00+00:00, run_after=2023-11-04T00:00:00+00:00
[2023-11-04T21:21:22.120+0400] {processor.py:179} INFO - Processing /home/pyretttt/repos/mlops4/env/lib/python3.10/site-packages/airflow/example_dags/example_branch_operator_decorator.py took 0.068 seconds
[2023-11-04T21:22:11.355+0400] {processor.py:157} INFO - Started process (PID=37981) to work on /home/pyretttt/repos/mlops4/env/lib/python3.10/site-packages/airflow/example_dags/example_branch_operator_decorator.py
[2023-11-04T21:22:11.357+0400] {processor.py:829} INFO - Processing file /home/pyretttt/repos/mlops4/env/lib/python3.10/site-packages/airflow/example_dags/example_branch_operator_decorator.py for tasks to queue
[2023-11-04T21:22:11.358+0400] {logging_mixin.py:151} INFO - [2023-11-04T21:22:11.357+0400] {dagbag.py:536} INFO - Filling up the DagBag from /home/pyretttt/repos/mlops4/env/lib/python3.10/site-packages/airflow/example_dags/example_branch_operator_decorator.py
[2023-11-04T21:22:11.370+0400] {processor.py:839} INFO - DAG(s) dict_keys(['example_branch_python_operator_decorator']) retrieved from /home/pyretttt/repos/mlops4/env/lib/python3.10/site-packages/airflow/example_dags/example_branch_operator_decorator.py
[2023-11-04T21:22:11.389+0400] {logging_mixin.py:151} INFO - [2023-11-04T21:22:11.389+0400] {dag.py:2941} INFO - Sync 1 DAGs
[2023-11-04T21:22:11.402+0400] {logging_mixin.py:151} INFO - [2023-11-04T21:22:11.402+0400] {dag.py:3722} INFO - Setting next_dagrun for example_branch_python_operator_decorator to 2023-11-03T00:00:00+00:00, run_after=2023-11-04T00:00:00+00:00
[2023-11-04T21:22:11.412+0400] {processor.py:179} INFO - Processing /home/pyretttt/repos/mlops4/env/lib/python3.10/site-packages/airflow/example_dags/example_branch_operator_decorator.py took 0.062 seconds
[2023-11-04T21:23:01.898+0400] {processor.py:157} INFO - Started process (PID=38033) to work on /home/pyretttt/repos/mlops4/env/lib/python3.10/site-packages/airflow/example_dags/example_branch_operator_decorator.py
[2023-11-04T21:23:01.899+0400] {processor.py:829} INFO - Processing file /home/pyretttt/repos/mlops4/env/lib/python3.10/site-packages/airflow/example_dags/example_branch_operator_decorator.py for tasks to queue
[2023-11-04T21:23:01.900+0400] {logging_mixin.py:151} INFO - [2023-11-04T21:23:01.899+0400] {dagbag.py:536} INFO - Filling up the DagBag from /home/pyretttt/repos/mlops4/env/lib/python3.10/site-packages/airflow/example_dags/example_branch_operator_decorator.py
[2023-11-04T21:23:01.907+0400] {processor.py:839} INFO - DAG(s) dict_keys(['example_branch_python_operator_decorator']) retrieved from /home/pyretttt/repos/mlops4/env/lib/python3.10/site-packages/airflow/example_dags/example_branch_operator_decorator.py
[2023-11-04T21:23:01.921+0400] {logging_mixin.py:151} INFO - [2023-11-04T21:23:01.920+0400] {dag.py:2941} INFO - Sync 1 DAGs
[2023-11-04T21:23:01.934+0400] {logging_mixin.py:151} INFO - [2023-11-04T21:23:01.934+0400] {dag.py:3722} INFO - Setting next_dagrun for example_branch_python_operator_decorator to 2023-11-03T00:00:00+00:00, run_after=2023-11-04T00:00:00+00:00
[2023-11-04T21:23:01.948+0400] {processor.py:179} INFO - Processing /home/pyretttt/repos/mlops4/env/lib/python3.10/site-packages/airflow/example_dags/example_branch_operator_decorator.py took 0.053 seconds
[2023-11-04T21:23:53.543+0400] {processor.py:157} INFO - Started process (PID=38085) to work on /home/pyretttt/repos/mlops4/env/lib/python3.10/site-packages/airflow/example_dags/example_branch_operator_decorator.py
[2023-11-04T21:23:53.546+0400] {processor.py:829} INFO - Processing file /home/pyretttt/repos/mlops4/env/lib/python3.10/site-packages/airflow/example_dags/example_branch_operator_decorator.py for tasks to queue
[2023-11-04T21:23:53.547+0400] {logging_mixin.py:151} INFO - [2023-11-04T21:23:53.546+0400] {dagbag.py:536} INFO - Filling up the DagBag from /home/pyretttt/repos/mlops4/env/lib/python3.10/site-packages/airflow/example_dags/example_branch_operator_decorator.py
[2023-11-04T21:23:53.561+0400] {processor.py:839} INFO - DAG(s) dict_keys(['example_branch_python_operator_decorator']) retrieved from /home/pyretttt/repos/mlops4/env/lib/python3.10/site-packages/airflow/example_dags/example_branch_operator_decorator.py
[2023-11-04T21:23:53.581+0400] {logging_mixin.py:151} INFO - [2023-11-04T21:23:53.581+0400] {dag.py:2941} INFO - Sync 1 DAGs
[2023-11-04T21:23:53.595+0400] {logging_mixin.py:151} INFO - [2023-11-04T21:23:53.595+0400] {dag.py:3722} INFO - Setting next_dagrun for example_branch_python_operator_decorator to 2023-11-03T00:00:00+00:00, run_after=2023-11-04T00:00:00+00:00
[2023-11-04T21:23:53.606+0400] {processor.py:179} INFO - Processing /home/pyretttt/repos/mlops4/env/lib/python3.10/site-packages/airflow/example_dags/example_branch_operator_decorator.py took 0.069 seconds
[2023-11-04T21:24:40.617+0400] {processor.py:157} INFO - Started process (PID=38133) to work on /home/pyretttt/repos/mlops4/env/lib/python3.10/site-packages/airflow/example_dags/example_branch_operator_decorator.py
[2023-11-04T21:24:40.618+0400] {processor.py:829} INFO - Processing file /home/pyretttt/repos/mlops4/env/lib/python3.10/site-packages/airflow/example_dags/example_branch_operator_decorator.py for tasks to queue
[2023-11-04T21:24:40.619+0400] {logging_mixin.py:151} INFO - [2023-11-04T21:24:40.619+0400] {dagbag.py:536} INFO - Filling up the DagBag from /home/pyretttt/repos/mlops4/env/lib/python3.10/site-packages/airflow/example_dags/example_branch_operator_decorator.py
[2023-11-04T21:24:40.624+0400] {processor.py:839} INFO - DAG(s) dict_keys(['example_branch_python_operator_decorator']) retrieved from /home/pyretttt/repos/mlops4/env/lib/python3.10/site-packages/airflow/example_dags/example_branch_operator_decorator.py
[2023-11-04T21:24:40.635+0400] {logging_mixin.py:151} INFO - [2023-11-04T21:24:40.635+0400] {dag.py:2941} INFO - Sync 1 DAGs
[2023-11-04T21:24:40.644+0400] {logging_mixin.py:151} INFO - [2023-11-04T21:24:40.644+0400] {dag.py:3722} INFO - Setting next_dagrun for example_branch_python_operator_decorator to 2023-11-03T00:00:00+00:00, run_after=2023-11-04T00:00:00+00:00
[2023-11-04T21:24:40.656+0400] {processor.py:179} INFO - Processing /home/pyretttt/repos/mlops4/env/lib/python3.10/site-packages/airflow/example_dags/example_branch_operator_decorator.py took 0.040 seconds
[2023-11-04T21:25:33.201+0400] {processor.py:157} INFO - Started process (PID=38187) to work on /home/pyretttt/repos/mlops4/env/lib/python3.10/site-packages/airflow/example_dags/example_branch_operator_decorator.py
[2023-11-04T21:25:33.203+0400] {processor.py:829} INFO - Processing file /home/pyretttt/repos/mlops4/env/lib/python3.10/site-packages/airflow/example_dags/example_branch_operator_decorator.py for tasks to queue
[2023-11-04T21:25:33.205+0400] {logging_mixin.py:151} INFO - [2023-11-04T21:25:33.204+0400] {dagbag.py:536} INFO - Filling up the DagBag from /home/pyretttt/repos/mlops4/env/lib/python3.10/site-packages/airflow/example_dags/example_branch_operator_decorator.py
[2023-11-04T21:25:33.217+0400] {processor.py:839} INFO - DAG(s) dict_keys(['example_branch_python_operator_decorator']) retrieved from /home/pyretttt/repos/mlops4/env/lib/python3.10/site-packages/airflow/example_dags/example_branch_operator_decorator.py
[2023-11-04T21:25:33.235+0400] {logging_mixin.py:151} INFO - [2023-11-04T21:25:33.235+0400] {dag.py:2941} INFO - Sync 1 DAGs
[2023-11-04T21:25:33.248+0400] {logging_mixin.py:151} INFO - [2023-11-04T21:25:33.248+0400] {dag.py:3722} INFO - Setting next_dagrun for example_branch_python_operator_decorator to 2023-11-03T00:00:00+00:00, run_after=2023-11-04T00:00:00+00:00
[2023-11-04T21:25:33.259+0400] {processor.py:179} INFO - Processing /home/pyretttt/repos/mlops4/env/lib/python3.10/site-packages/airflow/example_dags/example_branch_operator_decorator.py took 0.062 seconds
[2023-11-04T21:26:27.834+0400] {processor.py:157} INFO - Started process (PID=38239) to work on /home/pyretttt/repos/mlops4/env/lib/python3.10/site-packages/airflow/example_dags/example_branch_operator_decorator.py
[2023-11-04T21:26:27.837+0400] {processor.py:829} INFO - Processing file /home/pyretttt/repos/mlops4/env/lib/python3.10/site-packages/airflow/example_dags/example_branch_operator_decorator.py for tasks to queue
[2023-11-04T21:26:27.838+0400] {logging_mixin.py:151} INFO - [2023-11-04T21:26:27.837+0400] {dagbag.py:536} INFO - Filling up the DagBag from /home/pyretttt/repos/mlops4/env/lib/python3.10/site-packages/airflow/example_dags/example_branch_operator_decorator.py
[2023-11-04T21:26:27.851+0400] {processor.py:839} INFO - DAG(s) dict_keys(['example_branch_python_operator_decorator']) retrieved from /home/pyretttt/repos/mlops4/env/lib/python3.10/site-packages/airflow/example_dags/example_branch_operator_decorator.py
[2023-11-04T21:26:27.868+0400] {logging_mixin.py:151} INFO - [2023-11-04T21:26:27.867+0400] {dag.py:2941} INFO - Sync 1 DAGs
[2023-11-04T21:26:27.880+0400] {logging_mixin.py:151} INFO - [2023-11-04T21:26:27.880+0400] {dag.py:3722} INFO - Setting next_dagrun for example_branch_python_operator_decorator to 2023-11-03T00:00:00+00:00, run_after=2023-11-04T00:00:00+00:00
[2023-11-04T21:26:27.893+0400] {processor.py:179} INFO - Processing /home/pyretttt/repos/mlops4/env/lib/python3.10/site-packages/airflow/example_dags/example_branch_operator_decorator.py took 0.063 seconds
[2023-11-04T21:27:24.011+0400] {processor.py:157} INFO - Started process (PID=38295) to work on /home/pyretttt/repos/mlops4/env/lib/python3.10/site-packages/airflow/example_dags/example_branch_operator_decorator.py
[2023-11-04T21:27:24.013+0400] {processor.py:829} INFO - Processing file /home/pyretttt/repos/mlops4/env/lib/python3.10/site-packages/airflow/example_dags/example_branch_operator_decorator.py for tasks to queue
[2023-11-04T21:27:24.015+0400] {logging_mixin.py:151} INFO - [2023-11-04T21:27:24.014+0400] {dagbag.py:536} INFO - Filling up the DagBag from /home/pyretttt/repos/mlops4/env/lib/python3.10/site-packages/airflow/example_dags/example_branch_operator_decorator.py
[2023-11-04T21:27:24.027+0400] {processor.py:839} INFO - DAG(s) dict_keys(['example_branch_python_operator_decorator']) retrieved from /home/pyretttt/repos/mlops4/env/lib/python3.10/site-packages/airflow/example_dags/example_branch_operator_decorator.py
[2023-11-04T21:27:24.045+0400] {logging_mixin.py:151} INFO - [2023-11-04T21:27:24.045+0400] {dag.py:2941} INFO - Sync 1 DAGs
[2023-11-04T21:27:24.058+0400] {logging_mixin.py:151} INFO - [2023-11-04T21:27:24.058+0400] {dag.py:3722} INFO - Setting next_dagrun for example_branch_python_operator_decorator to 2023-11-03T00:00:00+00:00, run_after=2023-11-04T00:00:00+00:00
[2023-11-04T21:27:24.069+0400] {processor.py:179} INFO - Processing /home/pyretttt/repos/mlops4/env/lib/python3.10/site-packages/airflow/example_dags/example_branch_operator_decorator.py took 0.062 seconds
[2023-11-04T21:28:15.477+0400] {processor.py:157} INFO - Started process (PID=38358) to work on /home/pyretttt/repos/mlops4/env/lib/python3.10/site-packages/airflow/example_dags/example_branch_operator_decorator.py
[2023-11-04T21:28:15.479+0400] {processor.py:829} INFO - Processing file /home/pyretttt/repos/mlops4/env/lib/python3.10/site-packages/airflow/example_dags/example_branch_operator_decorator.py for tasks to queue
[2023-11-04T21:28:15.480+0400] {logging_mixin.py:151} INFO - [2023-11-04T21:28:15.479+0400] {dagbag.py:536} INFO - Filling up the DagBag from /home/pyretttt/repos/mlops4/env/lib/python3.10/site-packages/airflow/example_dags/example_branch_operator_decorator.py
[2023-11-04T21:28:15.492+0400] {processor.py:839} INFO - DAG(s) dict_keys(['example_branch_python_operator_decorator']) retrieved from /home/pyretttt/repos/mlops4/env/lib/python3.10/site-packages/airflow/example_dags/example_branch_operator_decorator.py
[2023-11-04T21:28:15.509+0400] {logging_mixin.py:151} INFO - [2023-11-04T21:28:15.509+0400] {dag.py:2941} INFO - Sync 1 DAGs
[2023-11-04T21:28:15.521+0400] {logging_mixin.py:151} INFO - [2023-11-04T21:28:15.520+0400] {dag.py:3722} INFO - Setting next_dagrun for example_branch_python_operator_decorator to 2023-11-03T00:00:00+00:00, run_after=2023-11-04T00:00:00+00:00
[2023-11-04T21:28:15.532+0400] {processor.py:179} INFO - Processing /home/pyretttt/repos/mlops4/env/lib/python3.10/site-packages/airflow/example_dags/example_branch_operator_decorator.py took 0.059 seconds
[2023-11-04T21:29:07.155+0400] {processor.py:157} INFO - Started process (PID=38418) to work on /home/pyretttt/repos/mlops4/env/lib/python3.10/site-packages/airflow/example_dags/example_branch_operator_decorator.py
[2023-11-04T21:29:07.157+0400] {processor.py:829} INFO - Processing file /home/pyretttt/repos/mlops4/env/lib/python3.10/site-packages/airflow/example_dags/example_branch_operator_decorator.py for tasks to queue
[2023-11-04T21:29:07.158+0400] {logging_mixin.py:151} INFO - [2023-11-04T21:29:07.157+0400] {dagbag.py:536} INFO - Filling up the DagBag from /home/pyretttt/repos/mlops4/env/lib/python3.10/site-packages/airflow/example_dags/example_branch_operator_decorator.py
[2023-11-04T21:29:07.170+0400] {processor.py:839} INFO - DAG(s) dict_keys(['example_branch_python_operator_decorator']) retrieved from /home/pyretttt/repos/mlops4/env/lib/python3.10/site-packages/airflow/example_dags/example_branch_operator_decorator.py
[2023-11-04T21:29:07.187+0400] {logging_mixin.py:151} INFO - [2023-11-04T21:29:07.186+0400] {dag.py:2941} INFO - Sync 1 DAGs
[2023-11-04T21:29:07.200+0400] {logging_mixin.py:151} INFO - [2023-11-04T21:29:07.200+0400] {dag.py:3722} INFO - Setting next_dagrun for example_branch_python_operator_decorator to 2023-11-03T00:00:00+00:00, run_after=2023-11-04T00:00:00+00:00
[2023-11-04T21:29:07.211+0400] {processor.py:179} INFO - Processing /home/pyretttt/repos/mlops4/env/lib/python3.10/site-packages/airflow/example_dags/example_branch_operator_decorator.py took 0.060 seconds
[2023-11-04T21:30:00.542+0400] {processor.py:157} INFO - Started process (PID=38472) to work on /home/pyretttt/repos/mlops4/env/lib/python3.10/site-packages/airflow/example_dags/example_branch_operator_decorator.py
[2023-11-04T21:30:00.544+0400] {processor.py:829} INFO - Processing file /home/pyretttt/repos/mlops4/env/lib/python3.10/site-packages/airflow/example_dags/example_branch_operator_decorator.py for tasks to queue
[2023-11-04T21:30:00.545+0400] {logging_mixin.py:151} INFO - [2023-11-04T21:30:00.544+0400] {dagbag.py:536} INFO - Filling up the DagBag from /home/pyretttt/repos/mlops4/env/lib/python3.10/site-packages/airflow/example_dags/example_branch_operator_decorator.py
[2023-11-04T21:30:00.557+0400] {processor.py:839} INFO - DAG(s) dict_keys(['example_branch_python_operator_decorator']) retrieved from /home/pyretttt/repos/mlops4/env/lib/python3.10/site-packages/airflow/example_dags/example_branch_operator_decorator.py
[2023-11-04T21:30:00.576+0400] {logging_mixin.py:151} INFO - [2023-11-04T21:30:00.576+0400] {dag.py:2941} INFO - Sync 1 DAGs
[2023-11-04T21:30:00.588+0400] {logging_mixin.py:151} INFO - [2023-11-04T21:30:00.588+0400] {dag.py:3722} INFO - Setting next_dagrun for example_branch_python_operator_decorator to 2023-11-03T00:00:00+00:00, run_after=2023-11-04T00:00:00+00:00
[2023-11-04T21:30:00.600+0400] {processor.py:179} INFO - Processing /home/pyretttt/repos/mlops4/env/lib/python3.10/site-packages/airflow/example_dags/example_branch_operator_decorator.py took 0.063 seconds
[2023-11-04T21:30:54.324+0400] {processor.py:157} INFO - Started process (PID=38530) to work on /home/pyretttt/repos/mlops4/env/lib/python3.10/site-packages/airflow/example_dags/example_branch_operator_decorator.py
[2023-11-04T21:30:54.326+0400] {processor.py:829} INFO - Processing file /home/pyretttt/repos/mlops4/env/lib/python3.10/site-packages/airflow/example_dags/example_branch_operator_decorator.py for tasks to queue
[2023-11-04T21:30:54.328+0400] {logging_mixin.py:151} INFO - [2023-11-04T21:30:54.327+0400] {dagbag.py:536} INFO - Filling up the DagBag from /home/pyretttt/repos/mlops4/env/lib/python3.10/site-packages/airflow/example_dags/example_branch_operator_decorator.py
[2023-11-04T21:30:54.339+0400] {processor.py:839} INFO - DAG(s) dict_keys(['example_branch_python_operator_decorator']) retrieved from /home/pyretttt/repos/mlops4/env/lib/python3.10/site-packages/airflow/example_dags/example_branch_operator_decorator.py
[2023-11-04T21:30:54.355+0400] {logging_mixin.py:151} INFO - [2023-11-04T21:30:54.355+0400] {dag.py:2941} INFO - Sync 1 DAGs
[2023-11-04T21:30:54.367+0400] {logging_mixin.py:151} INFO - [2023-11-04T21:30:54.367+0400] {dag.py:3722} INFO - Setting next_dagrun for example_branch_python_operator_decorator to 2023-11-03T00:00:00+00:00, run_after=2023-11-04T00:00:00+00:00
[2023-11-04T21:30:54.378+0400] {processor.py:179} INFO - Processing /home/pyretttt/repos/mlops4/env/lib/python3.10/site-packages/airflow/example_dags/example_branch_operator_decorator.py took 0.058 seconds
[2023-11-04T21:31:50.914+0400] {processor.py:157} INFO - Started process (PID=38591) to work on /home/pyretttt/repos/mlops4/env/lib/python3.10/site-packages/airflow/example_dags/example_branch_operator_decorator.py
[2023-11-04T21:31:50.916+0400] {processor.py:829} INFO - Processing file /home/pyretttt/repos/mlops4/env/lib/python3.10/site-packages/airflow/example_dags/example_branch_operator_decorator.py for tasks to queue
[2023-11-04T21:31:50.917+0400] {logging_mixin.py:151} INFO - [2023-11-04T21:31:50.916+0400] {dagbag.py:536} INFO - Filling up the DagBag from /home/pyretttt/repos/mlops4/env/lib/python3.10/site-packages/airflow/example_dags/example_branch_operator_decorator.py
[2023-11-04T21:31:50.928+0400] {processor.py:839} INFO - DAG(s) dict_keys(['example_branch_python_operator_decorator']) retrieved from /home/pyretttt/repos/mlops4/env/lib/python3.10/site-packages/airflow/example_dags/example_branch_operator_decorator.py
[2023-11-04T21:31:50.945+0400] {logging_mixin.py:151} INFO - [2023-11-04T21:31:50.945+0400] {dag.py:2941} INFO - Sync 1 DAGs
[2023-11-04T21:31:50.957+0400] {logging_mixin.py:151} INFO - [2023-11-04T21:31:50.957+0400] {dag.py:3722} INFO - Setting next_dagrun for example_branch_python_operator_decorator to 2023-11-03T00:00:00+00:00, run_after=2023-11-04T00:00:00+00:00
[2023-11-04T21:31:50.968+0400] {processor.py:179} INFO - Processing /home/pyretttt/repos/mlops4/env/lib/python3.10/site-packages/airflow/example_dags/example_branch_operator_decorator.py took 0.058 seconds
[2023-11-04T21:32:42.527+0400] {processor.py:157} INFO - Started process (PID=38642) to work on /home/pyretttt/repos/mlops4/env/lib/python3.10/site-packages/airflow/example_dags/example_branch_operator_decorator.py
[2023-11-04T21:32:42.529+0400] {processor.py:829} INFO - Processing file /home/pyretttt/repos/mlops4/env/lib/python3.10/site-packages/airflow/example_dags/example_branch_operator_decorator.py for tasks to queue
[2023-11-04T21:32:42.531+0400] {logging_mixin.py:151} INFO - [2023-11-04T21:32:42.530+0400] {dagbag.py:536} INFO - Filling up the DagBag from /home/pyretttt/repos/mlops4/env/lib/python3.10/site-packages/airflow/example_dags/example_branch_operator_decorator.py
[2023-11-04T21:32:42.543+0400] {processor.py:839} INFO - DAG(s) dict_keys(['example_branch_python_operator_decorator']) retrieved from /home/pyretttt/repos/mlops4/env/lib/python3.10/site-packages/airflow/example_dags/example_branch_operator_decorator.py
[2023-11-04T21:32:42.561+0400] {logging_mixin.py:151} INFO - [2023-11-04T21:32:42.561+0400] {dag.py:2941} INFO - Sync 1 DAGs
[2023-11-04T21:32:42.573+0400] {logging_mixin.py:151} INFO - [2023-11-04T21:32:42.572+0400] {dag.py:3722} INFO - Setting next_dagrun for example_branch_python_operator_decorator to 2023-11-03T00:00:00+00:00, run_after=2023-11-04T00:00:00+00:00
[2023-11-04T21:32:42.584+0400] {processor.py:179} INFO - Processing /home/pyretttt/repos/mlops4/env/lib/python3.10/site-packages/airflow/example_dags/example_branch_operator_decorator.py took 0.062 seconds
[2023-11-04T21:33:25.942+0400] {processor.py:157} INFO - Started process (PID=38682) to work on /home/pyretttt/repos/mlops4/env/lib/python3.10/site-packages/airflow/example_dags/example_branch_operator_decorator.py
[2023-11-04T21:33:25.944+0400] {processor.py:829} INFO - Processing file /home/pyretttt/repos/mlops4/env/lib/python3.10/site-packages/airflow/example_dags/example_branch_operator_decorator.py for tasks to queue
[2023-11-04T21:33:25.945+0400] {logging_mixin.py:151} INFO - [2023-11-04T21:33:25.945+0400] {dagbag.py:536} INFO - Filling up the DagBag from /home/pyretttt/repos/mlops4/env/lib/python3.10/site-packages/airflow/example_dags/example_branch_operator_decorator.py
[2023-11-04T21:33:25.958+0400] {processor.py:839} INFO - DAG(s) dict_keys(['example_branch_python_operator_decorator']) retrieved from /home/pyretttt/repos/mlops4/env/lib/python3.10/site-packages/airflow/example_dags/example_branch_operator_decorator.py
[2023-11-04T21:33:25.977+0400] {logging_mixin.py:151} INFO - [2023-11-04T21:33:25.977+0400] {dag.py:2941} INFO - Sync 1 DAGs
[2023-11-04T21:33:25.990+0400] {logging_mixin.py:151} INFO - [2023-11-04T21:33:25.990+0400] {dag.py:3722} INFO - Setting next_dagrun for example_branch_python_operator_decorator to 2023-11-03T00:00:00+00:00, run_after=2023-11-04T00:00:00+00:00
[2023-11-04T21:33:26.001+0400] {processor.py:179} INFO - Processing /home/pyretttt/repos/mlops4/env/lib/python3.10/site-packages/airflow/example_dags/example_branch_operator_decorator.py took 0.064 seconds
[2023-11-04T21:34:24.454+0400] {processor.py:157} INFO - Started process (PID=38738) to work on /home/pyretttt/repos/mlops4/env/lib/python3.10/site-packages/airflow/example_dags/example_branch_operator_decorator.py
[2023-11-04T21:34:24.456+0400] {processor.py:829} INFO - Processing file /home/pyretttt/repos/mlops4/env/lib/python3.10/site-packages/airflow/example_dags/example_branch_operator_decorator.py for tasks to queue
[2023-11-04T21:34:24.457+0400] {logging_mixin.py:151} INFO - [2023-11-04T21:34:24.457+0400] {dagbag.py:536} INFO - Filling up the DagBag from /home/pyretttt/repos/mlops4/env/lib/python3.10/site-packages/airflow/example_dags/example_branch_operator_decorator.py
[2023-11-04T21:34:24.468+0400] {processor.py:839} INFO - DAG(s) dict_keys(['example_branch_python_operator_decorator']) retrieved from /home/pyretttt/repos/mlops4/env/lib/python3.10/site-packages/airflow/example_dags/example_branch_operator_decorator.py
[2023-11-04T21:34:24.486+0400] {logging_mixin.py:151} INFO - [2023-11-04T21:34:24.486+0400] {dag.py:2941} INFO - Sync 1 DAGs
[2023-11-04T21:34:24.498+0400] {logging_mixin.py:151} INFO - [2023-11-04T21:34:24.498+0400] {dag.py:3722} INFO - Setting next_dagrun for example_branch_python_operator_decorator to 2023-11-03T00:00:00+00:00, run_after=2023-11-04T00:00:00+00:00
[2023-11-04T21:34:24.509+0400] {processor.py:179} INFO - Processing /home/pyretttt/repos/mlops4/env/lib/python3.10/site-packages/airflow/example_dags/example_branch_operator_decorator.py took 0.059 seconds
[2023-11-04T21:35:06.033+0400] {processor.py:157} INFO - Started process (PID=38779) to work on /home/pyretttt/repos/mlops4/env/lib/python3.10/site-packages/airflow/example_dags/example_branch_operator_decorator.py
[2023-11-04T21:35:06.035+0400] {processor.py:829} INFO - Processing file /home/pyretttt/repos/mlops4/env/lib/python3.10/site-packages/airflow/example_dags/example_branch_operator_decorator.py for tasks to queue
[2023-11-04T21:35:06.036+0400] {logging_mixin.py:151} INFO - [2023-11-04T21:35:06.035+0400] {dagbag.py:536} INFO - Filling up the DagBag from /home/pyretttt/repos/mlops4/env/lib/python3.10/site-packages/airflow/example_dags/example_branch_operator_decorator.py
[2023-11-04T21:35:06.046+0400] {processor.py:839} INFO - DAG(s) dict_keys(['example_branch_python_operator_decorator']) retrieved from /home/pyretttt/repos/mlops4/env/lib/python3.10/site-packages/airflow/example_dags/example_branch_operator_decorator.py
[2023-11-04T21:35:06.062+0400] {logging_mixin.py:151} INFO - [2023-11-04T21:35:06.062+0400] {dag.py:2941} INFO - Sync 1 DAGs
[2023-11-04T21:35:06.072+0400] {logging_mixin.py:151} INFO - [2023-11-04T21:35:06.071+0400] {dag.py:3722} INFO - Setting next_dagrun for example_branch_python_operator_decorator to 2023-11-03T00:00:00+00:00, run_after=2023-11-04T00:00:00+00:00
[2023-11-04T21:35:06.082+0400] {processor.py:179} INFO - Processing /home/pyretttt/repos/mlops4/env/lib/python3.10/site-packages/airflow/example_dags/example_branch_operator_decorator.py took 0.051 seconds
[2023-11-04T21:36:06.763+0400] {processor.py:157} INFO - Started process (PID=38836) to work on /home/pyretttt/repos/mlops4/env/lib/python3.10/site-packages/airflow/example_dags/example_branch_operator_decorator.py
[2023-11-04T21:36:06.765+0400] {processor.py:829} INFO - Processing file /home/pyretttt/repos/mlops4/env/lib/python3.10/site-packages/airflow/example_dags/example_branch_operator_decorator.py for tasks to queue
[2023-11-04T21:36:06.767+0400] {logging_mixin.py:151} INFO - [2023-11-04T21:36:06.766+0400] {dagbag.py:536} INFO - Filling up the DagBag from /home/pyretttt/repos/mlops4/env/lib/python3.10/site-packages/airflow/example_dags/example_branch_operator_decorator.py
[2023-11-04T21:36:06.778+0400] {processor.py:839} INFO - DAG(s) dict_keys(['example_branch_python_operator_decorator']) retrieved from /home/pyretttt/repos/mlops4/env/lib/python3.10/site-packages/airflow/example_dags/example_branch_operator_decorator.py
[2023-11-04T21:36:06.796+0400] {logging_mixin.py:151} INFO - [2023-11-04T21:36:06.795+0400] {dag.py:2941} INFO - Sync 1 DAGs
[2023-11-04T21:36:06.809+0400] {logging_mixin.py:151} INFO - [2023-11-04T21:36:06.809+0400] {dag.py:3722} INFO - Setting next_dagrun for example_branch_python_operator_decorator to 2023-11-03T00:00:00+00:00, run_after=2023-11-04T00:00:00+00:00
[2023-11-04T21:36:06.821+0400] {processor.py:179} INFO - Processing /home/pyretttt/repos/mlops4/env/lib/python3.10/site-packages/airflow/example_dags/example_branch_operator_decorator.py took 0.062 seconds
[2023-11-04T21:37:05.331+0400] {processor.py:157} INFO - Started process (PID=38891) to work on /home/pyretttt/repos/mlops4/env/lib/python3.10/site-packages/airflow/example_dags/example_branch_operator_decorator.py
[2023-11-04T21:37:05.333+0400] {processor.py:829} INFO - Processing file /home/pyretttt/repos/mlops4/env/lib/python3.10/site-packages/airflow/example_dags/example_branch_operator_decorator.py for tasks to queue
[2023-11-04T21:37:05.334+0400] {logging_mixin.py:151} INFO - [2023-11-04T21:37:05.333+0400] {dagbag.py:536} INFO - Filling up the DagBag from /home/pyretttt/repos/mlops4/env/lib/python3.10/site-packages/airflow/example_dags/example_branch_operator_decorator.py
[2023-11-04T21:37:05.346+0400] {processor.py:839} INFO - DAG(s) dict_keys(['example_branch_python_operator_decorator']) retrieved from /home/pyretttt/repos/mlops4/env/lib/python3.10/site-packages/airflow/example_dags/example_branch_operator_decorator.py
[2023-11-04T21:37:05.364+0400] {logging_mixin.py:151} INFO - [2023-11-04T21:37:05.364+0400] {dag.py:2941} INFO - Sync 1 DAGs
[2023-11-04T21:37:05.375+0400] {logging_mixin.py:151} INFO - [2023-11-04T21:37:05.374+0400] {dag.py:3722} INFO - Setting next_dagrun for example_branch_python_operator_decorator to 2023-11-03T00:00:00+00:00, run_after=2023-11-04T00:00:00+00:00
[2023-11-04T21:37:05.386+0400] {processor.py:179} INFO - Processing /home/pyretttt/repos/mlops4/env/lib/python3.10/site-packages/airflow/example_dags/example_branch_operator_decorator.py took 0.059 seconds
[2023-11-04T21:38:03.601+0400] {processor.py:157} INFO - Started process (PID=38948) to work on /home/pyretttt/repos/mlops4/env/lib/python3.10/site-packages/airflow/example_dags/example_branch_operator_decorator.py
[2023-11-04T21:38:03.602+0400] {processor.py:829} INFO - Processing file /home/pyretttt/repos/mlops4/env/lib/python3.10/site-packages/airflow/example_dags/example_branch_operator_decorator.py for tasks to queue
[2023-11-04T21:38:03.604+0400] {logging_mixin.py:151} INFO - [2023-11-04T21:38:03.603+0400] {dagbag.py:536} INFO - Filling up the DagBag from /home/pyretttt/repos/mlops4/env/lib/python3.10/site-packages/airflow/example_dags/example_branch_operator_decorator.py
[2023-11-04T21:38:03.614+0400] {processor.py:839} INFO - DAG(s) dict_keys(['example_branch_python_operator_decorator']) retrieved from /home/pyretttt/repos/mlops4/env/lib/python3.10/site-packages/airflow/example_dags/example_branch_operator_decorator.py
[2023-11-04T21:38:03.631+0400] {logging_mixin.py:151} INFO - [2023-11-04T21:38:03.631+0400] {dag.py:2941} INFO - Sync 1 DAGs
[2023-11-04T21:38:03.642+0400] {logging_mixin.py:151} INFO - [2023-11-04T21:38:03.641+0400] {dag.py:3722} INFO - Setting next_dagrun for example_branch_python_operator_decorator to 2023-11-03T00:00:00+00:00, run_after=2023-11-04T00:00:00+00:00
[2023-11-04T21:38:03.653+0400] {processor.py:179} INFO - Processing /home/pyretttt/repos/mlops4/env/lib/python3.10/site-packages/airflow/example_dags/example_branch_operator_decorator.py took 0.057 seconds
[2023-11-04T21:38:46.123+0400] {processor.py:157} INFO - Started process (PID=38987) to work on /home/pyretttt/repos/mlops4/env/lib/python3.10/site-packages/airflow/example_dags/example_branch_operator_decorator.py
[2023-11-04T21:38:46.124+0400] {processor.py:829} INFO - Processing file /home/pyretttt/repos/mlops4/env/lib/python3.10/site-packages/airflow/example_dags/example_branch_operator_decorator.py for tasks to queue
[2023-11-04T21:38:46.125+0400] {logging_mixin.py:151} INFO - [2023-11-04T21:38:46.125+0400] {dagbag.py:536} INFO - Filling up the DagBag from /home/pyretttt/repos/mlops4/env/lib/python3.10/site-packages/airflow/example_dags/example_branch_operator_decorator.py
[2023-11-04T21:38:46.133+0400] {processor.py:839} INFO - DAG(s) dict_keys(['example_branch_python_operator_decorator']) retrieved from /home/pyretttt/repos/mlops4/env/lib/python3.10/site-packages/airflow/example_dags/example_branch_operator_decorator.py
[2023-11-04T21:38:46.145+0400] {logging_mixin.py:151} INFO - [2023-11-04T21:38:46.145+0400] {dag.py:2941} INFO - Sync 1 DAGs
[2023-11-04T21:38:46.154+0400] {logging_mixin.py:151} INFO - [2023-11-04T21:38:46.154+0400] {dag.py:3722} INFO - Setting next_dagrun for example_branch_python_operator_decorator to 2023-11-03T00:00:00+00:00, run_after=2023-11-04T00:00:00+00:00
[2023-11-04T21:38:46.165+0400] {processor.py:179} INFO - Processing /home/pyretttt/repos/mlops4/env/lib/python3.10/site-packages/airflow/example_dags/example_branch_operator_decorator.py took 0.044 seconds
[2023-11-04T21:39:28.529+0400] {processor.py:157} INFO - Started process (PID=39028) to work on /home/pyretttt/repos/mlops4/env/lib/python3.10/site-packages/airflow/example_dags/example_branch_operator_decorator.py
[2023-11-04T21:39:28.530+0400] {processor.py:829} INFO - Processing file /home/pyretttt/repos/mlops4/env/lib/python3.10/site-packages/airflow/example_dags/example_branch_operator_decorator.py for tasks to queue
[2023-11-04T21:39:28.532+0400] {logging_mixin.py:151} INFO - [2023-11-04T21:39:28.531+0400] {dagbag.py:536} INFO - Filling up the DagBag from /home/pyretttt/repos/mlops4/env/lib/python3.10/site-packages/airflow/example_dags/example_branch_operator_decorator.py
[2023-11-04T21:39:28.545+0400] {processor.py:839} INFO - DAG(s) dict_keys(['example_branch_python_operator_decorator']) retrieved from /home/pyretttt/repos/mlops4/env/lib/python3.10/site-packages/airflow/example_dags/example_branch_operator_decorator.py
[2023-11-04T21:39:28.561+0400] {logging_mixin.py:151} INFO - [2023-11-04T21:39:28.561+0400] {dag.py:2941} INFO - Sync 1 DAGs
[2023-11-04T21:39:28.572+0400] {logging_mixin.py:151} INFO - [2023-11-04T21:39:28.572+0400] {dag.py:3722} INFO - Setting next_dagrun for example_branch_python_operator_decorator to 2023-11-03T00:00:00+00:00, run_after=2023-11-04T00:00:00+00:00
[2023-11-04T21:39:28.607+0400] {processor.py:179} INFO - Processing /home/pyretttt/repos/mlops4/env/lib/python3.10/site-packages/airflow/example_dags/example_branch_operator_decorator.py took 0.083 seconds
[2023-11-04T21:40:27.986+0400] {processor.py:157} INFO - Started process (PID=39084) to work on /home/pyretttt/repos/mlops4/env/lib/python3.10/site-packages/airflow/example_dags/example_branch_operator_decorator.py
[2023-11-04T21:40:27.988+0400] {processor.py:829} INFO - Processing file /home/pyretttt/repos/mlops4/env/lib/python3.10/site-packages/airflow/example_dags/example_branch_operator_decorator.py for tasks to queue
[2023-11-04T21:40:27.989+0400] {logging_mixin.py:151} INFO - [2023-11-04T21:40:27.988+0400] {dagbag.py:536} INFO - Filling up the DagBag from /home/pyretttt/repos/mlops4/env/lib/python3.10/site-packages/airflow/example_dags/example_branch_operator_decorator.py
[2023-11-04T21:40:28.000+0400] {processor.py:839} INFO - DAG(s) dict_keys(['example_branch_python_operator_decorator']) retrieved from /home/pyretttt/repos/mlops4/env/lib/python3.10/site-packages/airflow/example_dags/example_branch_operator_decorator.py
[2023-11-04T21:40:28.017+0400] {logging_mixin.py:151} INFO - [2023-11-04T21:40:28.017+0400] {dag.py:2941} INFO - Sync 1 DAGs
[2023-11-04T21:40:28.029+0400] {logging_mixin.py:151} INFO - [2023-11-04T21:40:28.029+0400] {dag.py:3722} INFO - Setting next_dagrun for example_branch_python_operator_decorator to 2023-11-03T00:00:00+00:00, run_after=2023-11-04T00:00:00+00:00
[2023-11-04T21:40:28.041+0400] {processor.py:179} INFO - Processing /home/pyretttt/repos/mlops4/env/lib/python3.10/site-packages/airflow/example_dags/example_branch_operator_decorator.py took 0.059 seconds
[2023-11-04T21:41:30.473+0400] {processor.py:157} INFO - Started process (PID=39141) to work on /home/pyretttt/repos/mlops4/env/lib/python3.10/site-packages/airflow/example_dags/example_branch_operator_decorator.py
[2023-11-04T21:41:30.475+0400] {processor.py:829} INFO - Processing file /home/pyretttt/repos/mlops4/env/lib/python3.10/site-packages/airflow/example_dags/example_branch_operator_decorator.py for tasks to queue
[2023-11-04T21:41:30.477+0400] {logging_mixin.py:151} INFO - [2023-11-04T21:41:30.476+0400] {dagbag.py:536} INFO - Filling up the DagBag from /home/pyretttt/repos/mlops4/env/lib/python3.10/site-packages/airflow/example_dags/example_branch_operator_decorator.py
[2023-11-04T21:41:30.489+0400] {processor.py:839} INFO - DAG(s) dict_keys(['example_branch_python_operator_decorator']) retrieved from /home/pyretttt/repos/mlops4/env/lib/python3.10/site-packages/airflow/example_dags/example_branch_operator_decorator.py
[2023-11-04T21:41:30.509+0400] {logging_mixin.py:151} INFO - [2023-11-04T21:41:30.509+0400] {dag.py:2941} INFO - Sync 1 DAGs
[2023-11-04T21:41:30.523+0400] {logging_mixin.py:151} INFO - [2023-11-04T21:41:30.523+0400] {dag.py:3722} INFO - Setting next_dagrun for example_branch_python_operator_decorator to 2023-11-03T00:00:00+00:00, run_after=2023-11-04T00:00:00+00:00
[2023-11-04T21:41:30.533+0400] {processor.py:179} INFO - Processing /home/pyretttt/repos/mlops4/env/lib/python3.10/site-packages/airflow/example_dags/example_branch_operator_decorator.py took 0.064 seconds
[2023-11-04T21:42:14.304+0400] {processor.py:157} INFO - Started process (PID=39183) to work on /home/pyretttt/repos/mlops4/env/lib/python3.10/site-packages/airflow/example_dags/example_branch_operator_decorator.py
[2023-11-04T21:42:14.306+0400] {processor.py:829} INFO - Processing file /home/pyretttt/repos/mlops4/env/lib/python3.10/site-packages/airflow/example_dags/example_branch_operator_decorator.py for tasks to queue
[2023-11-04T21:42:14.307+0400] {logging_mixin.py:151} INFO - [2023-11-04T21:42:14.306+0400] {dagbag.py:536} INFO - Filling up the DagBag from /home/pyretttt/repos/mlops4/env/lib/python3.10/site-packages/airflow/example_dags/example_branch_operator_decorator.py
[2023-11-04T21:42:14.316+0400] {processor.py:839} INFO - DAG(s) dict_keys(['example_branch_python_operator_decorator']) retrieved from /home/pyretttt/repos/mlops4/env/lib/python3.10/site-packages/airflow/example_dags/example_branch_operator_decorator.py
[2023-11-04T21:42:14.337+0400] {logging_mixin.py:151} INFO - [2023-11-04T21:42:14.336+0400] {dag.py:2941} INFO - Sync 1 DAGs
[2023-11-04T21:42:14.353+0400] {logging_mixin.py:151} INFO - [2023-11-04T21:42:14.353+0400] {dag.py:3722} INFO - Setting next_dagrun for example_branch_python_operator_decorator to 2023-11-03T00:00:00+00:00, run_after=2023-11-04T00:00:00+00:00
[2023-11-04T21:42:14.369+0400] {processor.py:179} INFO - Processing /home/pyretttt/repos/mlops4/env/lib/python3.10/site-packages/airflow/example_dags/example_branch_operator_decorator.py took 0.068 seconds
[2023-11-04T21:43:06.547+0400] {processor.py:157} INFO - Started process (PID=39236) to work on /home/pyretttt/repos/mlops4/env/lib/python3.10/site-packages/airflow/example_dags/example_branch_operator_decorator.py
[2023-11-04T21:43:06.551+0400] {processor.py:829} INFO - Processing file /home/pyretttt/repos/mlops4/env/lib/python3.10/site-packages/airflow/example_dags/example_branch_operator_decorator.py for tasks to queue
[2023-11-04T21:43:06.552+0400] {logging_mixin.py:151} INFO - [2023-11-04T21:43:06.551+0400] {dagbag.py:536} INFO - Filling up the DagBag from /home/pyretttt/repos/mlops4/env/lib/python3.10/site-packages/airflow/example_dags/example_branch_operator_decorator.py
[2023-11-04T21:43:06.560+0400] {processor.py:839} INFO - DAG(s) dict_keys(['example_branch_python_operator_decorator']) retrieved from /home/pyretttt/repos/mlops4/env/lib/python3.10/site-packages/airflow/example_dags/example_branch_operator_decorator.py
[2023-11-04T21:43:06.570+0400] {logging_mixin.py:151} INFO - [2023-11-04T21:43:06.570+0400] {dag.py:2941} INFO - Sync 1 DAGs
[2023-11-04T21:43:06.579+0400] {logging_mixin.py:151} INFO - [2023-11-04T21:43:06.579+0400] {dag.py:3722} INFO - Setting next_dagrun for example_branch_python_operator_decorator to 2023-11-03T00:00:00+00:00, run_after=2023-11-04T00:00:00+00:00
[2023-11-04T21:43:06.600+0400] {processor.py:179} INFO - Processing /home/pyretttt/repos/mlops4/env/lib/python3.10/site-packages/airflow/example_dags/example_branch_operator_decorator.py took 0.057 seconds
[2023-11-04T21:43:58.272+0400] {processor.py:157} INFO - Started process (PID=39289) to work on /home/pyretttt/repos/mlops4/env/lib/python3.10/site-packages/airflow/example_dags/example_branch_operator_decorator.py
[2023-11-04T21:43:58.274+0400] {processor.py:829} INFO - Processing file /home/pyretttt/repos/mlops4/env/lib/python3.10/site-packages/airflow/example_dags/example_branch_operator_decorator.py for tasks to queue
[2023-11-04T21:43:58.276+0400] {logging_mixin.py:151} INFO - [2023-11-04T21:43:58.275+0400] {dagbag.py:536} INFO - Filling up the DagBag from /home/pyretttt/repos/mlops4/env/lib/python3.10/site-packages/airflow/example_dags/example_branch_operator_decorator.py
[2023-11-04T21:43:58.287+0400] {processor.py:839} INFO - DAG(s) dict_keys(['example_branch_python_operator_decorator']) retrieved from /home/pyretttt/repos/mlops4/env/lib/python3.10/site-packages/airflow/example_dags/example_branch_operator_decorator.py
[2023-11-04T21:43:58.307+0400] {logging_mixin.py:151} INFO - [2023-11-04T21:43:58.307+0400] {dag.py:2941} INFO - Sync 1 DAGs
[2023-11-04T21:43:58.320+0400] {logging_mixin.py:151} INFO - [2023-11-04T21:43:58.319+0400] {dag.py:3722} INFO - Setting next_dagrun for example_branch_python_operator_decorator to 2023-11-03T00:00:00+00:00, run_after=2023-11-04T00:00:00+00:00
[2023-11-04T21:43:58.342+0400] {processor.py:179} INFO - Processing /home/pyretttt/repos/mlops4/env/lib/python3.10/site-packages/airflow/example_dags/example_branch_operator_decorator.py took 0.075 seconds
[2023-11-04T21:44:53.030+0400] {processor.py:157} INFO - Started process (PID=39342) to work on /home/pyretttt/repos/mlops4/env/lib/python3.10/site-packages/airflow/example_dags/example_branch_operator_decorator.py
[2023-11-04T21:44:53.031+0400] {processor.py:829} INFO - Processing file /home/pyretttt/repos/mlops4/env/lib/python3.10/site-packages/airflow/example_dags/example_branch_operator_decorator.py for tasks to queue
[2023-11-04T21:44:53.032+0400] {logging_mixin.py:151} INFO - [2023-11-04T21:44:53.031+0400] {dagbag.py:536} INFO - Filling up the DagBag from /home/pyretttt/repos/mlops4/env/lib/python3.10/site-packages/airflow/example_dags/example_branch_operator_decorator.py
[2023-11-04T21:44:53.037+0400] {processor.py:839} INFO - DAG(s) dict_keys(['example_branch_python_operator_decorator']) retrieved from /home/pyretttt/repos/mlops4/env/lib/python3.10/site-packages/airflow/example_dags/example_branch_operator_decorator.py
[2023-11-04T21:44:53.052+0400] {logging_mixin.py:151} INFO - [2023-11-04T21:44:53.052+0400] {dag.py:2941} INFO - Sync 1 DAGs
[2023-11-04T21:44:53.062+0400] {logging_mixin.py:151} INFO - [2023-11-04T21:44:53.062+0400] {dag.py:3722} INFO - Setting next_dagrun for example_branch_python_operator_decorator to 2023-11-03T00:00:00+00:00, run_after=2023-11-04T00:00:00+00:00
[2023-11-04T21:44:53.073+0400] {processor.py:179} INFO - Processing /home/pyretttt/repos/mlops4/env/lib/python3.10/site-packages/airflow/example_dags/example_branch_operator_decorator.py took 0.047 seconds
[2023-11-04T21:45:47.973+0400] {processor.py:157} INFO - Started process (PID=39396) to work on /home/pyretttt/repos/mlops4/env/lib/python3.10/site-packages/airflow/example_dags/example_branch_operator_decorator.py
[2023-11-04T21:45:47.975+0400] {processor.py:829} INFO - Processing file /home/pyretttt/repos/mlops4/env/lib/python3.10/site-packages/airflow/example_dags/example_branch_operator_decorator.py for tasks to queue
[2023-11-04T21:45:47.977+0400] {logging_mixin.py:151} INFO - [2023-11-04T21:45:47.976+0400] {dagbag.py:536} INFO - Filling up the DagBag from /home/pyretttt/repos/mlops4/env/lib/python3.10/site-packages/airflow/example_dags/example_branch_operator_decorator.py
[2023-11-04T21:45:48.026+0400] {processor.py:839} INFO - DAG(s) dict_keys(['example_branch_python_operator_decorator']) retrieved from /home/pyretttt/repos/mlops4/env/lib/python3.10/site-packages/airflow/example_dags/example_branch_operator_decorator.py
[2023-11-04T21:45:48.037+0400] {logging_mixin.py:151} INFO - [2023-11-04T21:45:48.037+0400] {dag.py:2941} INFO - Sync 1 DAGs
[2023-11-04T21:45:48.046+0400] {logging_mixin.py:151} INFO - [2023-11-04T21:45:48.046+0400] {dag.py:3722} INFO - Setting next_dagrun for example_branch_python_operator_decorator to 2023-11-03T00:00:00+00:00, run_after=2023-11-04T00:00:00+00:00
[2023-11-04T21:45:48.059+0400] {processor.py:179} INFO - Processing /home/pyretttt/repos/mlops4/env/lib/python3.10/site-packages/airflow/example_dags/example_branch_operator_decorator.py took 0.104 seconds
[2023-11-04T21:46:40.165+0400] {processor.py:157} INFO - Started process (PID=39448) to work on /home/pyretttt/repos/mlops4/env/lib/python3.10/site-packages/airflow/example_dags/example_branch_operator_decorator.py
[2023-11-04T21:46:40.167+0400] {processor.py:829} INFO - Processing file /home/pyretttt/repos/mlops4/env/lib/python3.10/site-packages/airflow/example_dags/example_branch_operator_decorator.py for tasks to queue
[2023-11-04T21:46:40.169+0400] {logging_mixin.py:151} INFO - [2023-11-04T21:46:40.168+0400] {dagbag.py:536} INFO - Filling up the DagBag from /home/pyretttt/repos/mlops4/env/lib/python3.10/site-packages/airflow/example_dags/example_branch_operator_decorator.py
[2023-11-04T21:46:40.180+0400] {processor.py:839} INFO - DAG(s) dict_keys(['example_branch_python_operator_decorator']) retrieved from /home/pyretttt/repos/mlops4/env/lib/python3.10/site-packages/airflow/example_dags/example_branch_operator_decorator.py
[2023-11-04T21:46:40.199+0400] {logging_mixin.py:151} INFO - [2023-11-04T21:46:40.198+0400] {dag.py:2941} INFO - Sync 1 DAGs
[2023-11-04T21:46:40.212+0400] {logging_mixin.py:151} INFO - [2023-11-04T21:46:40.212+0400] {dag.py:3722} INFO - Setting next_dagrun for example_branch_python_operator_decorator to 2023-11-03T00:00:00+00:00, run_after=2023-11-04T00:00:00+00:00
[2023-11-04T21:46:40.223+0400] {processor.py:179} INFO - Processing /home/pyretttt/repos/mlops4/env/lib/python3.10/site-packages/airflow/example_dags/example_branch_operator_decorator.py took 0.063 seconds
[2023-11-04T21:47:31.106+0400] {processor.py:157} INFO - Started process (PID=39501) to work on /home/pyretttt/repos/mlops4/env/lib/python3.10/site-packages/airflow/example_dags/example_branch_operator_decorator.py
[2023-11-04T21:47:31.108+0400] {processor.py:829} INFO - Processing file /home/pyretttt/repos/mlops4/env/lib/python3.10/site-packages/airflow/example_dags/example_branch_operator_decorator.py for tasks to queue
[2023-11-04T21:47:31.109+0400] {logging_mixin.py:151} INFO - [2023-11-04T21:47:31.108+0400] {dagbag.py:536} INFO - Filling up the DagBag from /home/pyretttt/repos/mlops4/env/lib/python3.10/site-packages/airflow/example_dags/example_branch_operator_decorator.py
[2023-11-04T21:47:31.120+0400] {processor.py:839} INFO - DAG(s) dict_keys(['example_branch_python_operator_decorator']) retrieved from /home/pyretttt/repos/mlops4/env/lib/python3.10/site-packages/airflow/example_dags/example_branch_operator_decorator.py
[2023-11-04T21:47:31.137+0400] {logging_mixin.py:151} INFO - [2023-11-04T21:47:31.136+0400] {dag.py:2941} INFO - Sync 1 DAGs
[2023-11-04T21:47:31.150+0400] {logging_mixin.py:151} INFO - [2023-11-04T21:47:31.150+0400] {dag.py:3722} INFO - Setting next_dagrun for example_branch_python_operator_decorator to 2023-11-03T00:00:00+00:00, run_after=2023-11-04T00:00:00+00:00
[2023-11-04T21:47:31.161+0400] {processor.py:179} INFO - Processing /home/pyretttt/repos/mlops4/env/lib/python3.10/site-packages/airflow/example_dags/example_branch_operator_decorator.py took 0.060 seconds
[2023-11-04T21:48:18.184+0400] {processor.py:157} INFO - Started process (PID=39549) to work on /home/pyretttt/repos/mlops4/env/lib/python3.10/site-packages/airflow/example_dags/example_branch_operator_decorator.py
[2023-11-04T21:48:18.186+0400] {processor.py:829} INFO - Processing file /home/pyretttt/repos/mlops4/env/lib/python3.10/site-packages/airflow/example_dags/example_branch_operator_decorator.py for tasks to queue
[2023-11-04T21:48:18.187+0400] {logging_mixin.py:151} INFO - [2023-11-04T21:48:18.186+0400] {dagbag.py:536} INFO - Filling up the DagBag from /home/pyretttt/repos/mlops4/env/lib/python3.10/site-packages/airflow/example_dags/example_branch_operator_decorator.py
[2023-11-04T21:48:18.199+0400] {processor.py:839} INFO - DAG(s) dict_keys(['example_branch_python_operator_decorator']) retrieved from /home/pyretttt/repos/mlops4/env/lib/python3.10/site-packages/airflow/example_dags/example_branch_operator_decorator.py
[2023-11-04T21:48:18.216+0400] {logging_mixin.py:151} INFO - [2023-11-04T21:48:18.216+0400] {dag.py:2941} INFO - Sync 1 DAGs
[2023-11-04T21:48:18.229+0400] {logging_mixin.py:151} INFO - [2023-11-04T21:48:18.229+0400] {dag.py:3722} INFO - Setting next_dagrun for example_branch_python_operator_decorator to 2023-11-03T00:00:00+00:00, run_after=2023-11-04T00:00:00+00:00
[2023-11-04T21:48:18.241+0400] {processor.py:179} INFO - Processing /home/pyretttt/repos/mlops4/env/lib/python3.10/site-packages/airflow/example_dags/example_branch_operator_decorator.py took 0.061 seconds
[2023-11-04T21:49:10.184+0400] {processor.py:157} INFO - Started process (PID=39602) to work on /home/pyretttt/repos/mlops4/env/lib/python3.10/site-packages/airflow/example_dags/example_branch_operator_decorator.py
[2023-11-04T21:49:10.186+0400] {processor.py:829} INFO - Processing file /home/pyretttt/repos/mlops4/env/lib/python3.10/site-packages/airflow/example_dags/example_branch_operator_decorator.py for tasks to queue
[2023-11-04T21:49:10.187+0400] {logging_mixin.py:151} INFO - [2023-11-04T21:49:10.186+0400] {dagbag.py:536} INFO - Filling up the DagBag from /home/pyretttt/repos/mlops4/env/lib/python3.10/site-packages/airflow/example_dags/example_branch_operator_decorator.py
[2023-11-04T21:49:10.199+0400] {processor.py:839} INFO - DAG(s) dict_keys(['example_branch_python_operator_decorator']) retrieved from /home/pyretttt/repos/mlops4/env/lib/python3.10/site-packages/airflow/example_dags/example_branch_operator_decorator.py
[2023-11-04T21:49:10.218+0400] {logging_mixin.py:151} INFO - [2023-11-04T21:49:10.217+0400] {dag.py:2941} INFO - Sync 1 DAGs
[2023-11-04T21:49:10.229+0400] {logging_mixin.py:151} INFO - [2023-11-04T21:49:10.229+0400] {dag.py:3722} INFO - Setting next_dagrun for example_branch_python_operator_decorator to 2023-11-03T00:00:00+00:00, run_after=2023-11-04T00:00:00+00:00
[2023-11-04T21:49:10.241+0400] {processor.py:179} INFO - Processing /home/pyretttt/repos/mlops4/env/lib/python3.10/site-packages/airflow/example_dags/example_branch_operator_decorator.py took 0.061 seconds
[2023-11-04T21:50:06.228+0400] {processor.py:157} INFO - Started process (PID=39657) to work on /home/pyretttt/repos/mlops4/env/lib/python3.10/site-packages/airflow/example_dags/example_branch_operator_decorator.py
[2023-11-04T21:50:06.230+0400] {processor.py:829} INFO - Processing file /home/pyretttt/repos/mlops4/env/lib/python3.10/site-packages/airflow/example_dags/example_branch_operator_decorator.py for tasks to queue
[2023-11-04T21:50:06.231+0400] {logging_mixin.py:151} INFO - [2023-11-04T21:50:06.230+0400] {dagbag.py:536} INFO - Filling up the DagBag from /home/pyretttt/repos/mlops4/env/lib/python3.10/site-packages/airflow/example_dags/example_branch_operator_decorator.py
[2023-11-04T21:50:06.242+0400] {processor.py:839} INFO - DAG(s) dict_keys(['example_branch_python_operator_decorator']) retrieved from /home/pyretttt/repos/mlops4/env/lib/python3.10/site-packages/airflow/example_dags/example_branch_operator_decorator.py
[2023-11-04T21:50:06.261+0400] {logging_mixin.py:151} INFO - [2023-11-04T21:50:06.261+0400] {dag.py:2941} INFO - Sync 1 DAGs
[2023-11-04T21:50:06.273+0400] {logging_mixin.py:151} INFO - [2023-11-04T21:50:06.273+0400] {dag.py:3722} INFO - Setting next_dagrun for example_branch_python_operator_decorator to 2023-11-03T00:00:00+00:00, run_after=2023-11-04T00:00:00+00:00
[2023-11-04T21:50:06.286+0400] {processor.py:179} INFO - Processing /home/pyretttt/repos/mlops4/env/lib/python3.10/site-packages/airflow/example_dags/example_branch_operator_decorator.py took 0.062 seconds
[2023-11-04T21:51:00.696+0400] {processor.py:157} INFO - Started process (PID=39712) to work on /home/pyretttt/repos/mlops4/env/lib/python3.10/site-packages/airflow/example_dags/example_branch_operator_decorator.py
[2023-11-04T21:51:00.698+0400] {processor.py:829} INFO - Processing file /home/pyretttt/repos/mlops4/env/lib/python3.10/site-packages/airflow/example_dags/example_branch_operator_decorator.py for tasks to queue
[2023-11-04T21:51:00.699+0400] {logging_mixin.py:151} INFO - [2023-11-04T21:51:00.698+0400] {dagbag.py:536} INFO - Filling up the DagBag from /home/pyretttt/repos/mlops4/env/lib/python3.10/site-packages/airflow/example_dags/example_branch_operator_decorator.py
[2023-11-04T21:51:00.713+0400] {processor.py:839} INFO - DAG(s) dict_keys(['example_branch_python_operator_decorator']) retrieved from /home/pyretttt/repos/mlops4/env/lib/python3.10/site-packages/airflow/example_dags/example_branch_operator_decorator.py
[2023-11-04T21:51:00.733+0400] {logging_mixin.py:151} INFO - [2023-11-04T21:51:00.733+0400] {dag.py:2941} INFO - Sync 1 DAGs
[2023-11-04T21:51:00.748+0400] {logging_mixin.py:151} INFO - [2023-11-04T21:51:00.747+0400] {dag.py:3722} INFO - Setting next_dagrun for example_branch_python_operator_decorator to 2023-11-03T00:00:00+00:00, run_after=2023-11-04T00:00:00+00:00
[2023-11-04T21:51:00.760+0400] {processor.py:179} INFO - Processing /home/pyretttt/repos/mlops4/env/lib/python3.10/site-packages/airflow/example_dags/example_branch_operator_decorator.py took 0.070 seconds
[2023-11-04T21:51:52.684+0400] {processor.py:157} INFO - Started process (PID=39764) to work on /home/pyretttt/repos/mlops4/env/lib/python3.10/site-packages/airflow/example_dags/example_branch_operator_decorator.py
[2023-11-04T21:51:52.686+0400] {processor.py:829} INFO - Processing file /home/pyretttt/repos/mlops4/env/lib/python3.10/site-packages/airflow/example_dags/example_branch_operator_decorator.py for tasks to queue
[2023-11-04T21:51:52.687+0400] {logging_mixin.py:151} INFO - [2023-11-04T21:51:52.687+0400] {dagbag.py:536} INFO - Filling up the DagBag from /home/pyretttt/repos/mlops4/env/lib/python3.10/site-packages/airflow/example_dags/example_branch_operator_decorator.py
[2023-11-04T21:51:52.694+0400] {processor.py:839} INFO - DAG(s) dict_keys(['example_branch_python_operator_decorator']) retrieved from /home/pyretttt/repos/mlops4/env/lib/python3.10/site-packages/airflow/example_dags/example_branch_operator_decorator.py
[2023-11-04T21:51:52.707+0400] {logging_mixin.py:151} INFO - [2023-11-04T21:51:52.707+0400] {dag.py:2941} INFO - Sync 1 DAGs
[2023-11-04T21:51:52.720+0400] {logging_mixin.py:151} INFO - [2023-11-04T21:51:52.720+0400] {dag.py:3722} INFO - Setting next_dagrun for example_branch_python_operator_decorator to 2023-11-03T00:00:00+00:00, run_after=2023-11-04T00:00:00+00:00
[2023-11-04T21:51:52.733+0400] {processor.py:179} INFO - Processing /home/pyretttt/repos/mlops4/env/lib/python3.10/site-packages/airflow/example_dags/example_branch_operator_decorator.py took 0.053 seconds
[2023-11-04T21:52:40.767+0400] {processor.py:157} INFO - Started process (PID=39814) to work on /home/pyretttt/repos/mlops4/env/lib/python3.10/site-packages/airflow/example_dags/example_branch_operator_decorator.py
[2023-11-04T21:52:40.769+0400] {processor.py:829} INFO - Processing file /home/pyretttt/repos/mlops4/env/lib/python3.10/site-packages/airflow/example_dags/example_branch_operator_decorator.py for tasks to queue
[2023-11-04T21:52:40.771+0400] {logging_mixin.py:151} INFO - [2023-11-04T21:52:40.770+0400] {dagbag.py:536} INFO - Filling up the DagBag from /home/pyretttt/repos/mlops4/env/lib/python3.10/site-packages/airflow/example_dags/example_branch_operator_decorator.py
[2023-11-04T21:52:40.783+0400] {processor.py:839} INFO - DAG(s) dict_keys(['example_branch_python_operator_decorator']) retrieved from /home/pyretttt/repos/mlops4/env/lib/python3.10/site-packages/airflow/example_dags/example_branch_operator_decorator.py
[2023-11-04T21:52:40.802+0400] {logging_mixin.py:151} INFO - [2023-11-04T21:52:40.802+0400] {dag.py:2941} INFO - Sync 1 DAGs
[2023-11-04T21:52:40.813+0400] {logging_mixin.py:151} INFO - [2023-11-04T21:52:40.813+0400] {dag.py:3722} INFO - Setting next_dagrun for example_branch_python_operator_decorator to 2023-11-03T00:00:00+00:00, run_after=2023-11-04T00:00:00+00:00
[2023-11-04T21:52:40.825+0400] {processor.py:179} INFO - Processing /home/pyretttt/repos/mlops4/env/lib/python3.10/site-packages/airflow/example_dags/example_branch_operator_decorator.py took 0.063 seconds
[2023-11-04T21:53:35.699+0400] {processor.py:157} INFO - Started process (PID=39868) to work on /home/pyretttt/repos/mlops4/env/lib/python3.10/site-packages/airflow/example_dags/example_branch_operator_decorator.py
[2023-11-04T21:53:35.701+0400] {processor.py:829} INFO - Processing file /home/pyretttt/repos/mlops4/env/lib/python3.10/site-packages/airflow/example_dags/example_branch_operator_decorator.py for tasks to queue
[2023-11-04T21:53:35.702+0400] {logging_mixin.py:151} INFO - [2023-11-04T21:53:35.701+0400] {dagbag.py:536} INFO - Filling up the DagBag from /home/pyretttt/repos/mlops4/env/lib/python3.10/site-packages/airflow/example_dags/example_branch_operator_decorator.py
[2023-11-04T21:53:35.716+0400] {processor.py:839} INFO - DAG(s) dict_keys(['example_branch_python_operator_decorator']) retrieved from /home/pyretttt/repos/mlops4/env/lib/python3.10/site-packages/airflow/example_dags/example_branch_operator_decorator.py
[2023-11-04T21:53:35.736+0400] {logging_mixin.py:151} INFO - [2023-11-04T21:53:35.736+0400] {dag.py:2941} INFO - Sync 1 DAGs
[2023-11-04T21:53:35.762+0400] {logging_mixin.py:151} INFO - [2023-11-04T21:53:35.762+0400] {dag.py:3722} INFO - Setting next_dagrun for example_branch_python_operator_decorator to 2023-11-03T00:00:00+00:00, run_after=2023-11-04T00:00:00+00:00
[2023-11-04T21:53:35.775+0400] {processor.py:179} INFO - Processing /home/pyretttt/repos/mlops4/env/lib/python3.10/site-packages/airflow/example_dags/example_branch_operator_decorator.py took 0.081 seconds
[2023-11-04T21:54:28.664+0400] {processor.py:157} INFO - Started process (PID=39921) to work on /home/pyretttt/repos/mlops4/env/lib/python3.10/site-packages/airflow/example_dags/example_branch_operator_decorator.py
[2023-11-04T21:54:28.665+0400] {processor.py:829} INFO - Processing file /home/pyretttt/repos/mlops4/env/lib/python3.10/site-packages/airflow/example_dags/example_branch_operator_decorator.py for tasks to queue
[2023-11-04T21:54:28.667+0400] {logging_mixin.py:151} INFO - [2023-11-04T21:54:28.666+0400] {dagbag.py:536} INFO - Filling up the DagBag from /home/pyretttt/repos/mlops4/env/lib/python3.10/site-packages/airflow/example_dags/example_branch_operator_decorator.py
[2023-11-04T21:54:28.678+0400] {processor.py:839} INFO - DAG(s) dict_keys(['example_branch_python_operator_decorator']) retrieved from /home/pyretttt/repos/mlops4/env/lib/python3.10/site-packages/airflow/example_dags/example_branch_operator_decorator.py
[2023-11-04T21:54:28.696+0400] {logging_mixin.py:151} INFO - [2023-11-04T21:54:28.696+0400] {dag.py:2941} INFO - Sync 1 DAGs
[2023-11-04T21:54:28.709+0400] {logging_mixin.py:151} INFO - [2023-11-04T21:54:28.709+0400] {dag.py:3722} INFO - Setting next_dagrun for example_branch_python_operator_decorator to 2023-11-03T00:00:00+00:00, run_after=2023-11-04T00:00:00+00:00
[2023-11-04T21:54:28.721+0400] {processor.py:179} INFO - Processing /home/pyretttt/repos/mlops4/env/lib/python3.10/site-packages/airflow/example_dags/example_branch_operator_decorator.py took 0.062 seconds
[2023-11-04T21:55:18.351+0400] {processor.py:157} INFO - Started process (PID=39972) to work on /home/pyretttt/repos/mlops4/env/lib/python3.10/site-packages/airflow/example_dags/example_branch_operator_decorator.py
[2023-11-04T21:55:18.353+0400] {processor.py:829} INFO - Processing file /home/pyretttt/repos/mlops4/env/lib/python3.10/site-packages/airflow/example_dags/example_branch_operator_decorator.py for tasks to queue
[2023-11-04T21:55:18.354+0400] {logging_mixin.py:151} INFO - [2023-11-04T21:55:18.353+0400] {dagbag.py:536} INFO - Filling up the DagBag from /home/pyretttt/repos/mlops4/env/lib/python3.10/site-packages/airflow/example_dags/example_branch_operator_decorator.py
[2023-11-04T21:55:18.366+0400] {processor.py:839} INFO - DAG(s) dict_keys(['example_branch_python_operator_decorator']) retrieved from /home/pyretttt/repos/mlops4/env/lib/python3.10/site-packages/airflow/example_dags/example_branch_operator_decorator.py
[2023-11-04T21:55:18.384+0400] {logging_mixin.py:151} INFO - [2023-11-04T21:55:18.384+0400] {dag.py:2941} INFO - Sync 1 DAGs
[2023-11-04T21:55:18.396+0400] {logging_mixin.py:151} INFO - [2023-11-04T21:55:18.396+0400] {dag.py:3722} INFO - Setting next_dagrun for example_branch_python_operator_decorator to 2023-11-03T00:00:00+00:00, run_after=2023-11-04T00:00:00+00:00
[2023-11-04T21:55:18.409+0400] {processor.py:179} INFO - Processing /home/pyretttt/repos/mlops4/env/lib/python3.10/site-packages/airflow/example_dags/example_branch_operator_decorator.py took 0.063 seconds
[2023-11-04T21:56:08.517+0400] {processor.py:157} INFO - Started process (PID=40024) to work on /home/pyretttt/repos/mlops4/env/lib/python3.10/site-packages/airflow/example_dags/example_branch_operator_decorator.py
[2023-11-04T21:56:08.518+0400] {processor.py:829} INFO - Processing file /home/pyretttt/repos/mlops4/env/lib/python3.10/site-packages/airflow/example_dags/example_branch_operator_decorator.py for tasks to queue
[2023-11-04T21:56:08.520+0400] {logging_mixin.py:151} INFO - [2023-11-04T21:56:08.519+0400] {dagbag.py:536} INFO - Filling up the DagBag from /home/pyretttt/repos/mlops4/env/lib/python3.10/site-packages/airflow/example_dags/example_branch_operator_decorator.py
[2023-11-04T21:56:08.530+0400] {processor.py:839} INFO - DAG(s) dict_keys(['example_branch_python_operator_decorator']) retrieved from /home/pyretttt/repos/mlops4/env/lib/python3.10/site-packages/airflow/example_dags/example_branch_operator_decorator.py
[2023-11-04T21:56:08.543+0400] {logging_mixin.py:151} INFO - [2023-11-04T21:56:08.543+0400] {dag.py:2941} INFO - Sync 1 DAGs
[2023-11-04T21:56:08.554+0400] {logging_mixin.py:151} INFO - [2023-11-04T21:56:08.554+0400] {dag.py:3722} INFO - Setting next_dagrun for example_branch_python_operator_decorator to 2023-11-03T00:00:00+00:00, run_after=2023-11-04T00:00:00+00:00
[2023-11-04T21:56:08.566+0400] {processor.py:179} INFO - Processing /home/pyretttt/repos/mlops4/env/lib/python3.10/site-packages/airflow/example_dags/example_branch_operator_decorator.py took 0.053 seconds
[2023-11-04T21:57:03.173+0400] {processor.py:157} INFO - Started process (PID=40077) to work on /home/pyretttt/repos/mlops4/env/lib/python3.10/site-packages/airflow/example_dags/example_branch_operator_decorator.py
[2023-11-04T21:57:03.175+0400] {processor.py:829} INFO - Processing file /home/pyretttt/repos/mlops4/env/lib/python3.10/site-packages/airflow/example_dags/example_branch_operator_decorator.py for tasks to queue
[2023-11-04T21:57:03.177+0400] {logging_mixin.py:151} INFO - [2023-11-04T21:57:03.176+0400] {dagbag.py:536} INFO - Filling up the DagBag from /home/pyretttt/repos/mlops4/env/lib/python3.10/site-packages/airflow/example_dags/example_branch_operator_decorator.py
[2023-11-04T21:57:03.188+0400] {processor.py:839} INFO - DAG(s) dict_keys(['example_branch_python_operator_decorator']) retrieved from /home/pyretttt/repos/mlops4/env/lib/python3.10/site-packages/airflow/example_dags/example_branch_operator_decorator.py
[2023-11-04T21:57:03.205+0400] {logging_mixin.py:151} INFO - [2023-11-04T21:57:03.205+0400] {dag.py:2941} INFO - Sync 1 DAGs
[2023-11-04T21:57:03.218+0400] {logging_mixin.py:151} INFO - [2023-11-04T21:57:03.218+0400] {dag.py:3722} INFO - Setting next_dagrun for example_branch_python_operator_decorator to 2023-11-03T00:00:00+00:00, run_after=2023-11-04T00:00:00+00:00
[2023-11-04T21:57:03.229+0400] {processor.py:179} INFO - Processing /home/pyretttt/repos/mlops4/env/lib/python3.10/site-packages/airflow/example_dags/example_branch_operator_decorator.py took 0.060 seconds
[2023-11-04T21:57:57.824+0400] {processor.py:157} INFO - Started process (PID=40132) to work on /home/pyretttt/repos/mlops4/env/lib/python3.10/site-packages/airflow/example_dags/example_branch_operator_decorator.py
[2023-11-04T21:57:57.826+0400] {processor.py:829} INFO - Processing file /home/pyretttt/repos/mlops4/env/lib/python3.10/site-packages/airflow/example_dags/example_branch_operator_decorator.py for tasks to queue
[2023-11-04T21:57:57.827+0400] {logging_mixin.py:151} INFO - [2023-11-04T21:57:57.826+0400] {dagbag.py:536} INFO - Filling up the DagBag from /home/pyretttt/repos/mlops4/env/lib/python3.10/site-packages/airflow/example_dags/example_branch_operator_decorator.py
[2023-11-04T21:57:57.839+0400] {processor.py:839} INFO - DAG(s) dict_keys(['example_branch_python_operator_decorator']) retrieved from /home/pyretttt/repos/mlops4/env/lib/python3.10/site-packages/airflow/example_dags/example_branch_operator_decorator.py
[2023-11-04T21:57:57.857+0400] {logging_mixin.py:151} INFO - [2023-11-04T21:57:57.857+0400] {dag.py:2941} INFO - Sync 1 DAGs
[2023-11-04T21:57:57.868+0400] {logging_mixin.py:151} INFO - [2023-11-04T21:57:57.868+0400] {dag.py:3722} INFO - Setting next_dagrun for example_branch_python_operator_decorator to 2023-11-03T00:00:00+00:00, run_after=2023-11-04T00:00:00+00:00
[2023-11-04T21:57:57.879+0400] {processor.py:179} INFO - Processing /home/pyretttt/repos/mlops4/env/lib/python3.10/site-packages/airflow/example_dags/example_branch_operator_decorator.py took 0.060 seconds
[2023-11-04T21:58:52.005+0400] {processor.py:157} INFO - Started process (PID=40185) to work on /home/pyretttt/repos/mlops4/env/lib/python3.10/site-packages/airflow/example_dags/example_branch_operator_decorator.py
[2023-11-04T21:58:52.007+0400] {processor.py:829} INFO - Processing file /home/pyretttt/repos/mlops4/env/lib/python3.10/site-packages/airflow/example_dags/example_branch_operator_decorator.py for tasks to queue
[2023-11-04T21:58:52.008+0400] {logging_mixin.py:151} INFO - [2023-11-04T21:58:52.007+0400] {dagbag.py:536} INFO - Filling up the DagBag from /home/pyretttt/repos/mlops4/env/lib/python3.10/site-packages/airflow/example_dags/example_branch_operator_decorator.py
[2023-11-04T21:58:52.020+0400] {processor.py:839} INFO - DAG(s) dict_keys(['example_branch_python_operator_decorator']) retrieved from /home/pyretttt/repos/mlops4/env/lib/python3.10/site-packages/airflow/example_dags/example_branch_operator_decorator.py
[2023-11-04T21:58:52.040+0400] {logging_mixin.py:151} INFO - [2023-11-04T21:58:52.039+0400] {dag.py:2941} INFO - Sync 1 DAGs
[2023-11-04T21:58:52.054+0400] {logging_mixin.py:151} INFO - [2023-11-04T21:58:52.054+0400] {dag.py:3722} INFO - Setting next_dagrun for example_branch_python_operator_decorator to 2023-11-03T00:00:00+00:00, run_after=2023-11-04T00:00:00+00:00
[2023-11-04T21:58:52.066+0400] {processor.py:179} INFO - Processing /home/pyretttt/repos/mlops4/env/lib/python3.10/site-packages/airflow/example_dags/example_branch_operator_decorator.py took 0.066 seconds
[2023-11-04T21:59:45.404+0400] {processor.py:157} INFO - Started process (PID=40239) to work on /home/pyretttt/repos/mlops4/env/lib/python3.10/site-packages/airflow/example_dags/example_branch_operator_decorator.py
[2023-11-04T21:59:45.406+0400] {processor.py:829} INFO - Processing file /home/pyretttt/repos/mlops4/env/lib/python3.10/site-packages/airflow/example_dags/example_branch_operator_decorator.py for tasks to queue
[2023-11-04T21:59:45.407+0400] {logging_mixin.py:151} INFO - [2023-11-04T21:59:45.406+0400] {dagbag.py:536} INFO - Filling up the DagBag from /home/pyretttt/repos/mlops4/env/lib/python3.10/site-packages/airflow/example_dags/example_branch_operator_decorator.py
[2023-11-04T21:59:45.421+0400] {processor.py:839} INFO - DAG(s) dict_keys(['example_branch_python_operator_decorator']) retrieved from /home/pyretttt/repos/mlops4/env/lib/python3.10/site-packages/airflow/example_dags/example_branch_operator_decorator.py
[2023-11-04T21:59:45.436+0400] {logging_mixin.py:151} INFO - [2023-11-04T21:59:45.435+0400] {dag.py:2941} INFO - Sync 1 DAGs
[2023-11-04T21:59:45.450+0400] {logging_mixin.py:151} INFO - [2023-11-04T21:59:45.450+0400] {dag.py:3722} INFO - Setting next_dagrun for example_branch_python_operator_decorator to 2023-11-03T00:00:00+00:00, run_after=2023-11-04T00:00:00+00:00
[2023-11-04T21:59:45.463+0400] {processor.py:179} INFO - Processing /home/pyretttt/repos/mlops4/env/lib/python3.10/site-packages/airflow/example_dags/example_branch_operator_decorator.py took 0.063 seconds
[2023-11-04T22:00:37.555+0400] {processor.py:157} INFO - Started process (PID=40291) to work on /home/pyretttt/repos/mlops4/env/lib/python3.10/site-packages/airflow/example_dags/example_branch_operator_decorator.py
[2023-11-04T22:00:37.556+0400] {processor.py:829} INFO - Processing file /home/pyretttt/repos/mlops4/env/lib/python3.10/site-packages/airflow/example_dags/example_branch_operator_decorator.py for tasks to queue
[2023-11-04T22:00:37.557+0400] {logging_mixin.py:151} INFO - [2023-11-04T22:00:37.556+0400] {dagbag.py:536} INFO - Filling up the DagBag from /home/pyretttt/repos/mlops4/env/lib/python3.10/site-packages/airflow/example_dags/example_branch_operator_decorator.py
[2023-11-04T22:00:37.563+0400] {processor.py:839} INFO - DAG(s) dict_keys(['example_branch_python_operator_decorator']) retrieved from /home/pyretttt/repos/mlops4/env/lib/python3.10/site-packages/airflow/example_dags/example_branch_operator_decorator.py
[2023-11-04T22:00:37.577+0400] {logging_mixin.py:151} INFO - [2023-11-04T22:00:37.577+0400] {dag.py:2941} INFO - Sync 1 DAGs
[2023-11-04T22:00:37.590+0400] {logging_mixin.py:151} INFO - [2023-11-04T22:00:37.590+0400] {dag.py:3722} INFO - Setting next_dagrun for example_branch_python_operator_decorator to 2023-11-03T00:00:00+00:00, run_after=2023-11-04T00:00:00+00:00
[2023-11-04T22:00:37.606+0400] {processor.py:179} INFO - Processing /home/pyretttt/repos/mlops4/env/lib/python3.10/site-packages/airflow/example_dags/example_branch_operator_decorator.py took 0.055 seconds
[2023-11-04T22:01:25.011+0400] {processor.py:157} INFO - Started process (PID=40340) to work on /home/pyretttt/repos/mlops4/env/lib/python3.10/site-packages/airflow/example_dags/example_branch_operator_decorator.py
[2023-11-04T22:01:25.013+0400] {processor.py:829} INFO - Processing file /home/pyretttt/repos/mlops4/env/lib/python3.10/site-packages/airflow/example_dags/example_branch_operator_decorator.py for tasks to queue
[2023-11-04T22:01:25.015+0400] {logging_mixin.py:151} INFO - [2023-11-04T22:01:25.014+0400] {dagbag.py:536} INFO - Filling up the DagBag from /home/pyretttt/repos/mlops4/env/lib/python3.10/site-packages/airflow/example_dags/example_branch_operator_decorator.py
[2023-11-04T22:01:25.026+0400] {processor.py:839} INFO - DAG(s) dict_keys(['example_branch_python_operator_decorator']) retrieved from /home/pyretttt/repos/mlops4/env/lib/python3.10/site-packages/airflow/example_dags/example_branch_operator_decorator.py
[2023-11-04T22:01:25.044+0400] {logging_mixin.py:151} INFO - [2023-11-04T22:01:25.044+0400] {dag.py:2941} INFO - Sync 1 DAGs
[2023-11-04T22:01:25.057+0400] {logging_mixin.py:151} INFO - [2023-11-04T22:01:25.057+0400] {dag.py:3722} INFO - Setting next_dagrun for example_branch_python_operator_decorator to 2023-11-03T00:00:00+00:00, run_after=2023-11-04T00:00:00+00:00
[2023-11-04T22:01:25.069+0400] {processor.py:179} INFO - Processing /home/pyretttt/repos/mlops4/env/lib/python3.10/site-packages/airflow/example_dags/example_branch_operator_decorator.py took 0.062 seconds
[2023-11-04T22:02:15.168+0400] {processor.py:157} INFO - Started process (PID=40391) to work on /home/pyretttt/repos/mlops4/env/lib/python3.10/site-packages/airflow/example_dags/example_branch_operator_decorator.py
[2023-11-04T22:02:15.170+0400] {processor.py:829} INFO - Processing file /home/pyretttt/repos/mlops4/env/lib/python3.10/site-packages/airflow/example_dags/example_branch_operator_decorator.py for tasks to queue
[2023-11-04T22:02:15.171+0400] {logging_mixin.py:151} INFO - [2023-11-04T22:02:15.170+0400] {dagbag.py:536} INFO - Filling up the DagBag from /home/pyretttt/repos/mlops4/env/lib/python3.10/site-packages/airflow/example_dags/example_branch_operator_decorator.py
[2023-11-04T22:02:15.182+0400] {processor.py:839} INFO - DAG(s) dict_keys(['example_branch_python_operator_decorator']) retrieved from /home/pyretttt/repos/mlops4/env/lib/python3.10/site-packages/airflow/example_dags/example_branch_operator_decorator.py
[2023-11-04T22:02:15.200+0400] {logging_mixin.py:151} INFO - [2023-11-04T22:02:15.199+0400] {dag.py:2941} INFO - Sync 1 DAGs
[2023-11-04T22:02:15.212+0400] {logging_mixin.py:151} INFO - [2023-11-04T22:02:15.212+0400] {dag.py:3722} INFO - Setting next_dagrun for example_branch_python_operator_decorator to 2023-11-03T00:00:00+00:00, run_after=2023-11-04T00:00:00+00:00
[2023-11-04T22:02:15.224+0400] {processor.py:179} INFO - Processing /home/pyretttt/repos/mlops4/env/lib/python3.10/site-packages/airflow/example_dags/example_branch_operator_decorator.py took 0.061 seconds
[2023-11-04T22:03:06.053+0400] {processor.py:157} INFO - Started process (PID=40444) to work on /home/pyretttt/repos/mlops4/env/lib/python3.10/site-packages/airflow/example_dags/example_branch_operator_decorator.py
[2023-11-04T22:03:06.054+0400] {processor.py:829} INFO - Processing file /home/pyretttt/repos/mlops4/env/lib/python3.10/site-packages/airflow/example_dags/example_branch_operator_decorator.py for tasks to queue
[2023-11-04T22:03:06.055+0400] {logging_mixin.py:151} INFO - [2023-11-04T22:03:06.054+0400] {dagbag.py:536} INFO - Filling up the DagBag from /home/pyretttt/repos/mlops4/env/lib/python3.10/site-packages/airflow/example_dags/example_branch_operator_decorator.py
[2023-11-04T22:03:06.065+0400] {processor.py:839} INFO - DAG(s) dict_keys(['example_branch_python_operator_decorator']) retrieved from /home/pyretttt/repos/mlops4/env/lib/python3.10/site-packages/airflow/example_dags/example_branch_operator_decorator.py
[2023-11-04T22:03:06.081+0400] {logging_mixin.py:151} INFO - [2023-11-04T22:03:06.081+0400] {dag.py:2941} INFO - Sync 1 DAGs
[2023-11-04T22:03:06.097+0400] {logging_mixin.py:151} INFO - [2023-11-04T22:03:06.097+0400] {dag.py:3722} INFO - Setting next_dagrun for example_branch_python_operator_decorator to 2023-11-03T00:00:00+00:00, run_after=2023-11-04T00:00:00+00:00
[2023-11-04T22:03:06.111+0400] {processor.py:179} INFO - Processing /home/pyretttt/repos/mlops4/env/lib/python3.10/site-packages/airflow/example_dags/example_branch_operator_decorator.py took 0.063 seconds
[2023-11-04T22:03:57.604+0400] {processor.py:157} INFO - Started process (PID=40496) to work on /home/pyretttt/repos/mlops4/env/lib/python3.10/site-packages/airflow/example_dags/example_branch_operator_decorator.py
[2023-11-04T22:03:57.606+0400] {processor.py:829} INFO - Processing file /home/pyretttt/repos/mlops4/env/lib/python3.10/site-packages/airflow/example_dags/example_branch_operator_decorator.py for tasks to queue
[2023-11-04T22:03:57.607+0400] {logging_mixin.py:151} INFO - [2023-11-04T22:03:57.607+0400] {dagbag.py:536} INFO - Filling up the DagBag from /home/pyretttt/repos/mlops4/env/lib/python3.10/site-packages/airflow/example_dags/example_branch_operator_decorator.py
[2023-11-04T22:03:57.619+0400] {processor.py:839} INFO - DAG(s) dict_keys(['example_branch_python_operator_decorator']) retrieved from /home/pyretttt/repos/mlops4/env/lib/python3.10/site-packages/airflow/example_dags/example_branch_operator_decorator.py
[2023-11-04T22:03:57.638+0400] {logging_mixin.py:151} INFO - [2023-11-04T22:03:57.637+0400] {dag.py:2941} INFO - Sync 1 DAGs
[2023-11-04T22:03:57.656+0400] {logging_mixin.py:151} INFO - [2023-11-04T22:03:57.655+0400] {dag.py:3722} INFO - Setting next_dagrun for example_branch_python_operator_decorator to 2023-11-03T00:00:00+00:00, run_after=2023-11-04T00:00:00+00:00
[2023-11-04T22:03:57.667+0400] {processor.py:179} INFO - Processing /home/pyretttt/repos/mlops4/env/lib/python3.10/site-packages/airflow/example_dags/example_branch_operator_decorator.py took 0.068 seconds
