[2023-11-04T21:12:31.635+0400] {processor.py:157} INFO - Started process (PID=37259) to work on /home/pyretttt/repos/mlops4/env/lib/python3.10/site-packages/airflow/example_dags/example_branch_python_dop_operator_3.py
[2023-11-04T21:12:31.636+0400] {processor.py:829} INFO - Processing file /home/pyretttt/repos/mlops4/env/lib/python3.10/site-packages/airflow/example_dags/example_branch_python_dop_operator_3.py for tasks to queue
[2023-11-04T21:12:31.638+0400] {logging_mixin.py:151} INFO - [2023-11-04T21:12:31.637+0400] {dagbag.py:536} INFO - Filling up the DagBag from /home/pyretttt/repos/mlops4/env/lib/python3.10/site-packages/airflow/example_dags/example_branch_python_dop_operator_3.py
[2023-11-04T21:12:31.650+0400] {processor.py:839} INFO - DAG(s) dict_keys(['example_branch_dop_operator_v3']) retrieved from /home/pyretttt/repos/mlops4/env/lib/python3.10/site-packages/airflow/example_dags/example_branch_python_dop_operator_3.py
[2023-11-04T21:12:31.709+0400] {logging_mixin.py:151} INFO - [2023-11-04T21:12:31.708+0400] {manager.py:499} INFO - Created Permission View: %s
[2023-11-04T21:12:31.714+0400] {logging_mixin.py:151} INFO - [2023-11-04T21:12:31.714+0400] {manager.py:499} INFO - Created Permission View: %s
[2023-11-04T21:12:31.718+0400] {logging_mixin.py:151} INFO - [2023-11-04T21:12:31.718+0400] {manager.py:499} INFO - Created Permission View: %s
[2023-11-04T21:12:31.718+0400] {logging_mixin.py:151} INFO - [2023-11-04T21:12:31.718+0400] {dag.py:2941} INFO - Sync 1 DAGs
[2023-11-04T21:12:31.723+0400] {logging_mixin.py:151} INFO - [2023-11-04T21:12:31.723+0400] {dag.py:2963} INFO - Creating ORM DAG for example_branch_dop_operator_v3
[2023-11-04T21:12:31.727+0400] {logging_mixin.py:151} INFO - [2023-11-04T21:12:31.727+0400] {dag.py:3722} INFO - Setting next_dagrun for example_branch_dop_operator_v3 to 2023-11-04T17:11:00+00:00, run_after=2023-11-04T17:12:00+00:00
[2023-11-04T21:12:31.737+0400] {processor.py:179} INFO - Processing /home/pyretttt/repos/mlops4/env/lib/python3.10/site-packages/airflow/example_dags/example_branch_python_dop_operator_3.py took 0.106 seconds
[2023-11-04T21:13:28.875+0400] {processor.py:157} INFO - Started process (PID=37394) to work on /home/pyretttt/repos/mlops4/env/lib/python3.10/site-packages/airflow/example_dags/example_branch_python_dop_operator_3.py
[2023-11-04T21:13:28.877+0400] {processor.py:829} INFO - Processing file /home/pyretttt/repos/mlops4/env/lib/python3.10/site-packages/airflow/example_dags/example_branch_python_dop_operator_3.py for tasks to queue
[2023-11-04T21:13:28.878+0400] {logging_mixin.py:151} INFO - [2023-11-04T21:13:28.878+0400] {dagbag.py:536} INFO - Filling up the DagBag from /home/pyretttt/repos/mlops4/env/lib/python3.10/site-packages/airflow/example_dags/example_branch_python_dop_operator_3.py
[2023-11-04T21:13:28.888+0400] {processor.py:839} INFO - DAG(s) dict_keys(['example_branch_dop_operator_v3']) retrieved from /home/pyretttt/repos/mlops4/env/lib/python3.10/site-packages/airflow/example_dags/example_branch_python_dop_operator_3.py
[2023-11-04T21:13:28.905+0400] {logging_mixin.py:151} INFO - [2023-11-04T21:13:28.905+0400] {dag.py:2941} INFO - Sync 1 DAGs
[2023-11-04T21:13:28.923+0400] {logging_mixin.py:151} INFO - [2023-11-04T21:13:28.923+0400] {dag.py:3722} INFO - Setting next_dagrun for example_branch_dop_operator_v3 to 2023-11-04T17:12:00+00:00, run_after=2023-11-04T17:13:00+00:00
[2023-11-04T21:13:28.936+0400] {processor.py:179} INFO - Processing /home/pyretttt/repos/mlops4/env/lib/python3.10/site-packages/airflow/example_dags/example_branch_python_dop_operator_3.py took 0.065 seconds
[2023-11-04T21:14:18.187+0400] {processor.py:157} INFO - Started process (PID=37443) to work on /home/pyretttt/repos/mlops4/env/lib/python3.10/site-packages/airflow/example_dags/example_branch_python_dop_operator_3.py
[2023-11-04T21:14:18.189+0400] {processor.py:829} INFO - Processing file /home/pyretttt/repos/mlops4/env/lib/python3.10/site-packages/airflow/example_dags/example_branch_python_dop_operator_3.py for tasks to queue
[2023-11-04T21:14:18.190+0400] {logging_mixin.py:151} INFO - [2023-11-04T21:14:18.189+0400] {dagbag.py:536} INFO - Filling up the DagBag from /home/pyretttt/repos/mlops4/env/lib/python3.10/site-packages/airflow/example_dags/example_branch_python_dop_operator_3.py
[2023-11-04T21:14:18.203+0400] {processor.py:839} INFO - DAG(s) dict_keys(['example_branch_dop_operator_v3']) retrieved from /home/pyretttt/repos/mlops4/env/lib/python3.10/site-packages/airflow/example_dags/example_branch_python_dop_operator_3.py
[2023-11-04T21:14:18.223+0400] {logging_mixin.py:151} INFO - [2023-11-04T21:14:18.222+0400] {dag.py:2941} INFO - Sync 1 DAGs
[2023-11-04T21:14:18.239+0400] {logging_mixin.py:151} INFO - [2023-11-04T21:14:18.239+0400] {dag.py:3722} INFO - Setting next_dagrun for example_branch_dop_operator_v3 to 2023-11-04T17:13:00+00:00, run_after=2023-11-04T17:14:00+00:00
[2023-11-04T21:14:18.251+0400] {processor.py:179} INFO - Processing /home/pyretttt/repos/mlops4/env/lib/python3.10/site-packages/airflow/example_dags/example_branch_python_dop_operator_3.py took 0.069 seconds
[2023-11-04T21:15:07.595+0400] {processor.py:157} INFO - Started process (PID=37494) to work on /home/pyretttt/repos/mlops4/env/lib/python3.10/site-packages/airflow/example_dags/example_branch_python_dop_operator_3.py
[2023-11-04T21:15:07.596+0400] {processor.py:829} INFO - Processing file /home/pyretttt/repos/mlops4/env/lib/python3.10/site-packages/airflow/example_dags/example_branch_python_dop_operator_3.py for tasks to queue
[2023-11-04T21:15:07.597+0400] {logging_mixin.py:151} INFO - [2023-11-04T21:15:07.597+0400] {dagbag.py:536} INFO - Filling up the DagBag from /home/pyretttt/repos/mlops4/env/lib/python3.10/site-packages/airflow/example_dags/example_branch_python_dop_operator_3.py
[2023-11-04T21:15:07.606+0400] {processor.py:839} INFO - DAG(s) dict_keys(['example_branch_dop_operator_v3']) retrieved from /home/pyretttt/repos/mlops4/env/lib/python3.10/site-packages/airflow/example_dags/example_branch_python_dop_operator_3.py
[2023-11-04T21:15:07.620+0400] {logging_mixin.py:151} INFO - [2023-11-04T21:15:07.620+0400] {dag.py:2941} INFO - Sync 1 DAGs
[2023-11-04T21:15:07.635+0400] {logging_mixin.py:151} INFO - [2023-11-04T21:15:07.634+0400] {dag.py:3722} INFO - Setting next_dagrun for example_branch_dop_operator_v3 to 2023-11-04T17:14:00+00:00, run_after=2023-11-04T17:15:00+00:00
[2023-11-04T21:15:07.646+0400] {processor.py:179} INFO - Processing /home/pyretttt/repos/mlops4/env/lib/python3.10/site-packages/airflow/example_dags/example_branch_python_dop_operator_3.py took 0.054 seconds
[2023-11-04T21:15:59.228+0400] {processor.py:157} INFO - Started process (PID=37552) to work on /home/pyretttt/repos/mlops4/env/lib/python3.10/site-packages/airflow/example_dags/example_branch_python_dop_operator_3.py
[2023-11-04T21:15:59.229+0400] {processor.py:829} INFO - Processing file /home/pyretttt/repos/mlops4/env/lib/python3.10/site-packages/airflow/example_dags/example_branch_python_dop_operator_3.py for tasks to queue
[2023-11-04T21:15:59.229+0400] {logging_mixin.py:151} INFO - [2023-11-04T21:15:59.229+0400] {dagbag.py:536} INFO - Filling up the DagBag from /home/pyretttt/repos/mlops4/env/lib/python3.10/site-packages/airflow/example_dags/example_branch_python_dop_operator_3.py
[2023-11-04T21:15:59.235+0400] {processor.py:839} INFO - DAG(s) dict_keys(['example_branch_dop_operator_v3']) retrieved from /home/pyretttt/repos/mlops4/env/lib/python3.10/site-packages/airflow/example_dags/example_branch_python_dop_operator_3.py
[2023-11-04T21:15:59.244+0400] {logging_mixin.py:151} INFO - [2023-11-04T21:15:59.244+0400] {dag.py:2941} INFO - Sync 1 DAGs
[2023-11-04T21:15:59.255+0400] {logging_mixin.py:151} INFO - [2023-11-04T21:15:59.255+0400] {dag.py:3722} INFO - Setting next_dagrun for example_branch_dop_operator_v3 to 2023-11-04T17:14:00+00:00, run_after=2023-11-04T17:15:00+00:00
[2023-11-04T21:15:59.267+0400] {processor.py:179} INFO - Processing /home/pyretttt/repos/mlops4/env/lib/python3.10/site-packages/airflow/example_dags/example_branch_python_dop_operator_3.py took 0.040 seconds
[2023-11-04T21:16:48.059+0400] {processor.py:157} INFO - Started process (PID=37605) to work on /home/pyretttt/repos/mlops4/env/lib/python3.10/site-packages/airflow/example_dags/example_branch_python_dop_operator_3.py
[2023-11-04T21:16:48.060+0400] {processor.py:829} INFO - Processing file /home/pyretttt/repos/mlops4/env/lib/python3.10/site-packages/airflow/example_dags/example_branch_python_dop_operator_3.py for tasks to queue
[2023-11-04T21:16:48.061+0400] {logging_mixin.py:151} INFO - [2023-11-04T21:16:48.060+0400] {dagbag.py:536} INFO - Filling up the DagBag from /home/pyretttt/repos/mlops4/env/lib/python3.10/site-packages/airflow/example_dags/example_branch_python_dop_operator_3.py
[2023-11-04T21:16:48.066+0400] {processor.py:839} INFO - DAG(s) dict_keys(['example_branch_dop_operator_v3']) retrieved from /home/pyretttt/repos/mlops4/env/lib/python3.10/site-packages/airflow/example_dags/example_branch_python_dop_operator_3.py
[2023-11-04T21:16:48.077+0400] {logging_mixin.py:151} INFO - [2023-11-04T21:16:48.077+0400] {dag.py:2941} INFO - Sync 1 DAGs
[2023-11-04T21:16:48.091+0400] {logging_mixin.py:151} INFO - [2023-11-04T21:16:48.091+0400] {dag.py:3722} INFO - Setting next_dagrun for example_branch_dop_operator_v3 to 2023-11-04T17:15:00+00:00, run_after=2023-11-04T17:16:00+00:00
[2023-11-04T21:16:48.104+0400] {processor.py:179} INFO - Processing /home/pyretttt/repos/mlops4/env/lib/python3.10/site-packages/airflow/example_dags/example_branch_python_dop_operator_3.py took 0.047 seconds
