[2023-11-04T21:12:05.415+0400] {processor.py:157} INFO - Started process (PID=37236) to work on /home/pyretttt/repos/mlops4/env/lib/python3.10/site-packages/airflow/example_dags/example_xcomargs.py
[2023-11-04T21:12:05.416+0400] {processor.py:829} INFO - Processing file /home/pyretttt/repos/mlops4/env/lib/python3.10/site-packages/airflow/example_dags/example_xcomargs.py for tasks to queue
[2023-11-04T21:12:05.418+0400] {logging_mixin.py:151} INFO - [2023-11-04T21:12:05.417+0400] {dagbag.py:536} INFO - Filling up the DagBag from /home/pyretttt/repos/mlops4/env/lib/python3.10/site-packages/airflow/example_dags/example_xcomargs.py
[2023-11-04T21:12:05.430+0400] {processor.py:839} INFO - DAG(s) dict_keys(['example_xcom_args', 'example_xcom_args_with_operators']) retrieved from /home/pyretttt/repos/mlops4/env/lib/python3.10/site-packages/airflow/example_dags/example_xcomargs.py
[2023-11-04T21:12:05.497+0400] {logging_mixin.py:151} INFO - [2023-11-04T21:12:05.497+0400] {manager.py:499} INFO - Created Permission View: %s
[2023-11-04T21:12:05.503+0400] {logging_mixin.py:151} INFO - [2023-11-04T21:12:05.503+0400] {manager.py:499} INFO - Created Permission View: %s
[2023-11-04T21:12:05.509+0400] {logging_mixin.py:151} INFO - [2023-11-04T21:12:05.508+0400] {manager.py:499} INFO - Created Permission View: %s
[2023-11-04T21:12:05.519+0400] {logging_mixin.py:151} INFO - [2023-11-04T21:12:05.519+0400] {manager.py:499} INFO - Created Permission View: %s
[2023-11-04T21:12:05.523+0400] {logging_mixin.py:151} INFO - [2023-11-04T21:12:05.523+0400] {manager.py:499} INFO - Created Permission View: %s
[2023-11-04T21:12:05.528+0400] {logging_mixin.py:151} INFO - [2023-11-04T21:12:05.528+0400] {manager.py:499} INFO - Created Permission View: %s
[2023-11-04T21:12:05.528+0400] {logging_mixin.py:151} INFO - [2023-11-04T21:12:05.528+0400] {dag.py:2941} INFO - Sync 2 DAGs
[2023-11-04T21:12:05.532+0400] {logging_mixin.py:151} INFO - [2023-11-04T21:12:05.532+0400] {dag.py:2963} INFO - Creating ORM DAG for example_xcom_args
[2023-11-04T21:12:05.533+0400] {logging_mixin.py:151} INFO - [2023-11-04T21:12:05.533+0400] {dag.py:2963} INFO - Creating ORM DAG for example_xcom_args_with_operators
[2023-11-04T21:12:05.533+0400] {logging_mixin.py:151} INFO - [2023-11-04T21:12:05.533+0400] {dag.py:3722} INFO - Setting next_dagrun for example_xcom_args to None, run_after=None
[2023-11-04T21:12:05.533+0400] {logging_mixin.py:151} INFO - [2023-11-04T21:12:05.533+0400] {dag.py:3722} INFO - Setting next_dagrun for example_xcom_args_with_operators to None, run_after=None
[2023-11-04T21:12:05.545+0400] {processor.py:179} INFO - Processing /home/pyretttt/repos/mlops4/env/lib/python3.10/site-packages/airflow/example_dags/example_xcomargs.py took 0.135 seconds
[2023-11-04T21:12:56.630+0400] {processor.py:157} INFO - Started process (PID=37322) to work on /home/pyretttt/repos/mlops4/env/lib/python3.10/site-packages/airflow/example_dags/example_xcomargs.py
[2023-11-04T21:12:56.632+0400] {processor.py:829} INFO - Processing file /home/pyretttt/repos/mlops4/env/lib/python3.10/site-packages/airflow/example_dags/example_xcomargs.py for tasks to queue
[2023-11-04T21:12:56.634+0400] {logging_mixin.py:151} INFO - [2023-11-04T21:12:56.633+0400] {dagbag.py:536} INFO - Filling up the DagBag from /home/pyretttt/repos/mlops4/env/lib/python3.10/site-packages/airflow/example_dags/example_xcomargs.py
[2023-11-04T21:12:56.645+0400] {processor.py:839} INFO - DAG(s) dict_keys(['example_xcom_args_with_operators', 'example_xcom_args']) retrieved from /home/pyretttt/repos/mlops4/env/lib/python3.10/site-packages/airflow/example_dags/example_xcomargs.py
[2023-11-04T21:12:56.666+0400] {logging_mixin.py:151} INFO - [2023-11-04T21:12:56.666+0400] {dag.py:2941} INFO - Sync 2 DAGs
[2023-11-04T21:12:56.674+0400] {logging_mixin.py:151} INFO - [2023-11-04T21:12:56.674+0400] {dag.py:3722} INFO - Setting next_dagrun for example_xcom_args to None, run_after=None
[2023-11-04T21:12:56.676+0400] {logging_mixin.py:151} INFO - [2023-11-04T21:12:56.676+0400] {dag.py:3722} INFO - Setting next_dagrun for example_xcom_args_with_operators to None, run_after=None
[2023-11-04T21:12:56.688+0400] {processor.py:179} INFO - Processing /home/pyretttt/repos/mlops4/env/lib/python3.10/site-packages/airflow/example_dags/example_xcomargs.py took 0.061 seconds
[2023-11-04T21:13:43.431+0400] {processor.py:157} INFO - Started process (PID=37409) to work on /home/pyretttt/repos/mlops4/env/lib/python3.10/site-packages/airflow/example_dags/example_xcomargs.py
[2023-11-04T21:13:43.433+0400] {processor.py:829} INFO - Processing file /home/pyretttt/repos/mlops4/env/lib/python3.10/site-packages/airflow/example_dags/example_xcomargs.py for tasks to queue
[2023-11-04T21:13:43.434+0400] {logging_mixin.py:151} INFO - [2023-11-04T21:13:43.434+0400] {dagbag.py:536} INFO - Filling up the DagBag from /home/pyretttt/repos/mlops4/env/lib/python3.10/site-packages/airflow/example_dags/example_xcomargs.py
[2023-11-04T21:13:43.445+0400] {processor.py:839} INFO - DAG(s) dict_keys(['example_xcom_args_with_operators', 'example_xcom_args']) retrieved from /home/pyretttt/repos/mlops4/env/lib/python3.10/site-packages/airflow/example_dags/example_xcomargs.py
[2023-11-04T21:13:43.465+0400] {logging_mixin.py:151} INFO - [2023-11-04T21:13:43.465+0400] {dag.py:2941} INFO - Sync 2 DAGs
[2023-11-04T21:13:43.475+0400] {logging_mixin.py:151} INFO - [2023-11-04T21:13:43.475+0400] {dag.py:3722} INFO - Setting next_dagrun for example_xcom_args to None, run_after=None
[2023-11-04T21:13:43.477+0400] {logging_mixin.py:151} INFO - [2023-11-04T21:13:43.477+0400] {dag.py:3722} INFO - Setting next_dagrun for example_xcom_args_with_operators to None, run_after=None
[2023-11-04T21:13:43.490+0400] {processor.py:179} INFO - Processing /home/pyretttt/repos/mlops4/env/lib/python3.10/site-packages/airflow/example_dags/example_xcomargs.py took 0.063 seconds
[2023-11-04T21:14:30.937+0400] {processor.py:157} INFO - Started process (PID=37458) to work on /home/pyretttt/repos/mlops4/env/lib/python3.10/site-packages/airflow/example_dags/example_xcomargs.py
[2023-11-04T21:14:30.938+0400] {processor.py:829} INFO - Processing file /home/pyretttt/repos/mlops4/env/lib/python3.10/site-packages/airflow/example_dags/example_xcomargs.py for tasks to queue
[2023-11-04T21:14:30.940+0400] {logging_mixin.py:151} INFO - [2023-11-04T21:14:30.939+0400] {dagbag.py:536} INFO - Filling up the DagBag from /home/pyretttt/repos/mlops4/env/lib/python3.10/site-packages/airflow/example_dags/example_xcomargs.py
[2023-11-04T21:14:30.949+0400] {processor.py:839} INFO - DAG(s) dict_keys(['example_xcom_args_with_operators', 'example_xcom_args']) retrieved from /home/pyretttt/repos/mlops4/env/lib/python3.10/site-packages/airflow/example_dags/example_xcomargs.py
[2023-11-04T21:14:30.967+0400] {logging_mixin.py:151} INFO - [2023-11-04T21:14:30.966+0400] {dag.py:2941} INFO - Sync 2 DAGs
[2023-11-04T21:14:30.976+0400] {logging_mixin.py:151} INFO - [2023-11-04T21:14:30.976+0400] {dag.py:3722} INFO - Setting next_dagrun for example_xcom_args to None, run_after=None
[2023-11-04T21:14:30.979+0400] {logging_mixin.py:151} INFO - [2023-11-04T21:14:30.978+0400] {dag.py:3722} INFO - Setting next_dagrun for example_xcom_args_with_operators to None, run_after=None
[2023-11-04T21:14:30.993+0400] {processor.py:179} INFO - Processing /home/pyretttt/repos/mlops4/env/lib/python3.10/site-packages/airflow/example_dags/example_xcomargs.py took 0.059 seconds
[2023-11-04T21:15:21.773+0400] {processor.py:157} INFO - Started process (PID=37508) to work on /home/pyretttt/repos/mlops4/env/lib/python3.10/site-packages/airflow/example_dags/example_xcomargs.py
[2023-11-04T21:15:21.775+0400] {processor.py:829} INFO - Processing file /home/pyretttt/repos/mlops4/env/lib/python3.10/site-packages/airflow/example_dags/example_xcomargs.py for tasks to queue
[2023-11-04T21:15:21.776+0400] {logging_mixin.py:151} INFO - [2023-11-04T21:15:21.775+0400] {dagbag.py:536} INFO - Filling up the DagBag from /home/pyretttt/repos/mlops4/env/lib/python3.10/site-packages/airflow/example_dags/example_xcomargs.py
[2023-11-04T21:15:21.786+0400] {processor.py:839} INFO - DAG(s) dict_keys(['example_xcom_args_with_operators', 'example_xcom_args']) retrieved from /home/pyretttt/repos/mlops4/env/lib/python3.10/site-packages/airflow/example_dags/example_xcomargs.py
[2023-11-04T21:15:21.803+0400] {logging_mixin.py:151} INFO - [2023-11-04T21:15:21.803+0400] {dag.py:2941} INFO - Sync 2 DAGs
[2023-11-04T21:15:21.811+0400] {logging_mixin.py:151} INFO - [2023-11-04T21:15:21.811+0400] {dag.py:3722} INFO - Setting next_dagrun for example_xcom_args to None, run_after=None
[2023-11-04T21:15:21.813+0400] {logging_mixin.py:151} INFO - [2023-11-04T21:15:21.813+0400] {dag.py:3722} INFO - Setting next_dagrun for example_xcom_args_with_operators to None, run_after=None
[2023-11-04T21:15:21.824+0400] {processor.py:179} INFO - Processing /home/pyretttt/repos/mlops4/env/lib/python3.10/site-packages/airflow/example_dags/example_xcomargs.py took 0.054 seconds
[2023-11-04T21:16:11.965+0400] {processor.py:157} INFO - Started process (PID=37568) to work on /home/pyretttt/repos/mlops4/env/lib/python3.10/site-packages/airflow/example_dags/example_xcomargs.py
[2023-11-04T21:16:11.967+0400] {processor.py:829} INFO - Processing file /home/pyretttt/repos/mlops4/env/lib/python3.10/site-packages/airflow/example_dags/example_xcomargs.py for tasks to queue
[2023-11-04T21:16:11.968+0400] {logging_mixin.py:151} INFO - [2023-11-04T21:16:11.967+0400] {dagbag.py:536} INFO - Filling up the DagBag from /home/pyretttt/repos/mlops4/env/lib/python3.10/site-packages/airflow/example_dags/example_xcomargs.py
[2023-11-04T21:16:11.978+0400] {processor.py:839} INFO - DAG(s) dict_keys(['example_xcom_args', 'example_xcom_args_with_operators']) retrieved from /home/pyretttt/repos/mlops4/env/lib/python3.10/site-packages/airflow/example_dags/example_xcomargs.py
[2023-11-04T21:16:11.996+0400] {logging_mixin.py:151} INFO - [2023-11-04T21:16:11.996+0400] {dag.py:2941} INFO - Sync 2 DAGs
[2023-11-04T21:16:12.004+0400] {logging_mixin.py:151} INFO - [2023-11-04T21:16:12.004+0400] {dag.py:3722} INFO - Setting next_dagrun for example_xcom_args to None, run_after=None
[2023-11-04T21:16:12.005+0400] {logging_mixin.py:151} INFO - [2023-11-04T21:16:12.005+0400] {dag.py:3722} INFO - Setting next_dagrun for example_xcom_args_with_operators to None, run_after=None
[2023-11-04T21:16:12.018+0400] {processor.py:179} INFO - Processing /home/pyretttt/repos/mlops4/env/lib/python3.10/site-packages/airflow/example_dags/example_xcomargs.py took 0.057 seconds
[2023-11-04T21:17:01.409+0400] {processor.py:157} INFO - Started process (PID=37618) to work on /home/pyretttt/repos/mlops4/env/lib/python3.10/site-packages/airflow/example_dags/example_xcomargs.py
[2023-11-04T21:17:01.411+0400] {processor.py:829} INFO - Processing file /home/pyretttt/repos/mlops4/env/lib/python3.10/site-packages/airflow/example_dags/example_xcomargs.py for tasks to queue
[2023-11-04T21:17:01.413+0400] {logging_mixin.py:151} INFO - [2023-11-04T21:17:01.412+0400] {dagbag.py:536} INFO - Filling up the DagBag from /home/pyretttt/repos/mlops4/env/lib/python3.10/site-packages/airflow/example_dags/example_xcomargs.py
[2023-11-04T21:17:01.423+0400] {processor.py:839} INFO - DAG(s) dict_keys(['example_xcom_args', 'example_xcom_args_with_operators']) retrieved from /home/pyretttt/repos/mlops4/env/lib/python3.10/site-packages/airflow/example_dags/example_xcomargs.py
[2023-11-04T21:17:01.443+0400] {logging_mixin.py:151} INFO - [2023-11-04T21:17:01.443+0400] {dag.py:2941} INFO - Sync 2 DAGs
[2023-11-04T21:17:01.450+0400] {logging_mixin.py:151} INFO - [2023-11-04T21:17:01.450+0400] {dag.py:3722} INFO - Setting next_dagrun for example_xcom_args to None, run_after=None
[2023-11-04T21:17:01.452+0400] {logging_mixin.py:151} INFO - [2023-11-04T21:17:01.452+0400] {dag.py:3722} INFO - Setting next_dagrun for example_xcom_args_with_operators to None, run_after=None
[2023-11-04T21:17:01.464+0400] {processor.py:179} INFO - Processing /home/pyretttt/repos/mlops4/env/lib/python3.10/site-packages/airflow/example_dags/example_xcomargs.py took 0.059 seconds
