[2023-11-04T21:12:04.042+0400] {processor.py:157} INFO - Started process (PID=37235) to work on /home/pyretttt/repos/mlops4/env/lib/python3.10/site-packages/airflow/example_dags/example_setup_teardown_taskflow.py
[2023-11-04T21:12:04.044+0400] {processor.py:829} INFO - Processing file /home/pyretttt/repos/mlops4/env/lib/python3.10/site-packages/airflow/example_dags/example_setup_teardown_taskflow.py for tasks to queue
[2023-11-04T21:12:04.045+0400] {logging_mixin.py:151} INFO - [2023-11-04T21:12:04.044+0400] {dagbag.py:536} INFO - Filling up the DagBag from /home/pyretttt/repos/mlops4/env/lib/python3.10/site-packages/airflow/example_dags/example_setup_teardown_taskflow.py
[2023-11-04T21:12:04.058+0400] {processor.py:839} INFO - DAG(s) dict_keys(['example_setup_teardown_taskflow']) retrieved from /home/pyretttt/repos/mlops4/env/lib/python3.10/site-packages/airflow/example_dags/example_setup_teardown_taskflow.py
[2023-11-04T21:12:04.127+0400] {logging_mixin.py:151} INFO - [2023-11-04T21:12:04.126+0400] {manager.py:499} INFO - Created Permission View: %s
[2023-11-04T21:12:04.133+0400] {logging_mixin.py:151} INFO - [2023-11-04T21:12:04.133+0400] {manager.py:499} INFO - Created Permission View: %s
[2023-11-04T21:12:04.138+0400] {logging_mixin.py:151} INFO - [2023-11-04T21:12:04.137+0400] {manager.py:499} INFO - Created Permission View: %s
[2023-11-04T21:12:04.138+0400] {logging_mixin.py:151} INFO - [2023-11-04T21:12:04.138+0400] {dag.py:2941} INFO - Sync 1 DAGs
[2023-11-04T21:12:04.143+0400] {logging_mixin.py:151} INFO - [2023-11-04T21:12:04.143+0400] {dag.py:2963} INFO - Creating ORM DAG for example_setup_teardown_taskflow
[2023-11-04T21:12:04.147+0400] {logging_mixin.py:151} INFO - [2023-11-04T21:12:04.147+0400] {dag.py:3722} INFO - Setting next_dagrun for example_setup_teardown_taskflow to 2023-11-03T17:12:04.147202+00:00, run_after=2023-11-04T17:12:04.147202+00:00
[2023-11-04T21:12:04.157+0400] {processor.py:179} INFO - Processing /home/pyretttt/repos/mlops4/env/lib/python3.10/site-packages/airflow/example_dags/example_setup_teardown_taskflow.py took 0.119 seconds
[2023-11-04T21:12:55.391+0400] {processor.py:157} INFO - Started process (PID=37321) to work on /home/pyretttt/repos/mlops4/env/lib/python3.10/site-packages/airflow/example_dags/example_setup_teardown_taskflow.py
[2023-11-04T21:12:55.393+0400] {processor.py:829} INFO - Processing file /home/pyretttt/repos/mlops4/env/lib/python3.10/site-packages/airflow/example_dags/example_setup_teardown_taskflow.py for tasks to queue
[2023-11-04T21:12:55.394+0400] {logging_mixin.py:151} INFO - [2023-11-04T21:12:55.393+0400] {dagbag.py:536} INFO - Filling up the DagBag from /home/pyretttt/repos/mlops4/env/lib/python3.10/site-packages/airflow/example_dags/example_setup_teardown_taskflow.py
[2023-11-04T21:12:55.406+0400] {processor.py:839} INFO - DAG(s) dict_keys(['example_setup_teardown_taskflow']) retrieved from /home/pyretttt/repos/mlops4/env/lib/python3.10/site-packages/airflow/example_dags/example_setup_teardown_taskflow.py
[2023-11-04T21:12:55.422+0400] {logging_mixin.py:151} INFO - [2023-11-04T21:12:55.422+0400] {dag.py:2941} INFO - Sync 1 DAGs
[2023-11-04T21:12:55.433+0400] {logging_mixin.py:151} INFO - [2023-11-04T21:12:55.433+0400] {dag.py:3722} INFO - Setting next_dagrun for example_setup_teardown_taskflow to 2023-11-03T17:12:55.433556+00:00, run_after=2023-11-04T17:12:55.433556+00:00
[2023-11-04T21:12:55.445+0400] {processor.py:179} INFO - Processing /home/pyretttt/repos/mlops4/env/lib/python3.10/site-packages/airflow/example_dags/example_setup_teardown_taskflow.py took 0.057 seconds
[2023-11-04T21:13:42.251+0400] {processor.py:157} INFO - Started process (PID=37408) to work on /home/pyretttt/repos/mlops4/env/lib/python3.10/site-packages/airflow/example_dags/example_setup_teardown_taskflow.py
[2023-11-04T21:13:42.252+0400] {processor.py:829} INFO - Processing file /home/pyretttt/repos/mlops4/env/lib/python3.10/site-packages/airflow/example_dags/example_setup_teardown_taskflow.py for tasks to queue
[2023-11-04T21:13:42.254+0400] {logging_mixin.py:151} INFO - [2023-11-04T21:13:42.253+0400] {dagbag.py:536} INFO - Filling up the DagBag from /home/pyretttt/repos/mlops4/env/lib/python3.10/site-packages/airflow/example_dags/example_setup_teardown_taskflow.py
[2023-11-04T21:13:42.267+0400] {processor.py:839} INFO - DAG(s) dict_keys(['example_setup_teardown_taskflow']) retrieved from /home/pyretttt/repos/mlops4/env/lib/python3.10/site-packages/airflow/example_dags/example_setup_teardown_taskflow.py
[2023-11-04T21:13:42.285+0400] {logging_mixin.py:151} INFO - [2023-11-04T21:13:42.284+0400] {dag.py:2941} INFO - Sync 1 DAGs
[2023-11-04T21:13:42.300+0400] {logging_mixin.py:151} INFO - [2023-11-04T21:13:42.300+0400] {dag.py:3722} INFO - Setting next_dagrun for example_setup_teardown_taskflow to 2023-11-03T17:13:42.300417+00:00, run_after=2023-11-04T17:13:42.300417+00:00
[2023-11-04T21:13:42.312+0400] {processor.py:179} INFO - Processing /home/pyretttt/repos/mlops4/env/lib/python3.10/site-packages/airflow/example_dags/example_setup_teardown_taskflow.py took 0.065 seconds
[2023-11-04T21:14:30.108+0400] {processor.py:157} INFO - Started process (PID=37456) to work on /home/pyretttt/repos/mlops4/env/lib/python3.10/site-packages/airflow/example_dags/example_setup_teardown_taskflow.py
[2023-11-04T21:14:30.109+0400] {processor.py:829} INFO - Processing file /home/pyretttt/repos/mlops4/env/lib/python3.10/site-packages/airflow/example_dags/example_setup_teardown_taskflow.py for tasks to queue
[2023-11-04T21:14:30.110+0400] {logging_mixin.py:151} INFO - [2023-11-04T21:14:30.110+0400] {dagbag.py:536} INFO - Filling up the DagBag from /home/pyretttt/repos/mlops4/env/lib/python3.10/site-packages/airflow/example_dags/example_setup_teardown_taskflow.py
[2023-11-04T21:14:30.120+0400] {processor.py:839} INFO - DAG(s) dict_keys(['example_setup_teardown_taskflow']) retrieved from /home/pyretttt/repos/mlops4/env/lib/python3.10/site-packages/airflow/example_dags/example_setup_teardown_taskflow.py
[2023-11-04T21:14:30.134+0400] {logging_mixin.py:151} INFO - [2023-11-04T21:14:30.134+0400] {dag.py:2941} INFO - Sync 1 DAGs
[2023-11-04T21:14:30.145+0400] {logging_mixin.py:151} INFO - [2023-11-04T21:14:30.145+0400] {dag.py:3722} INFO - Setting next_dagrun for example_setup_teardown_taskflow to 2023-11-03T17:14:30.145462+00:00, run_after=2023-11-04T17:14:30.145462+00:00
[2023-11-04T21:14:30.158+0400] {processor.py:179} INFO - Processing /home/pyretttt/repos/mlops4/env/lib/python3.10/site-packages/airflow/example_dags/example_setup_teardown_taskflow.py took 0.053 seconds
[2023-11-04T21:15:20.807+0400] {processor.py:157} INFO - Started process (PID=37507) to work on /home/pyretttt/repos/mlops4/env/lib/python3.10/site-packages/airflow/example_dags/example_setup_teardown_taskflow.py
[2023-11-04T21:15:20.809+0400] {processor.py:829} INFO - Processing file /home/pyretttt/repos/mlops4/env/lib/python3.10/site-packages/airflow/example_dags/example_setup_teardown_taskflow.py for tasks to queue
[2023-11-04T21:15:20.811+0400] {logging_mixin.py:151} INFO - [2023-11-04T21:15:20.810+0400] {dagbag.py:536} INFO - Filling up the DagBag from /home/pyretttt/repos/mlops4/env/lib/python3.10/site-packages/airflow/example_dags/example_setup_teardown_taskflow.py
[2023-11-04T21:15:20.823+0400] {processor.py:839} INFO - DAG(s) dict_keys(['example_setup_teardown_taskflow']) retrieved from /home/pyretttt/repos/mlops4/env/lib/python3.10/site-packages/airflow/example_dags/example_setup_teardown_taskflow.py
[2023-11-04T21:15:20.840+0400] {logging_mixin.py:151} INFO - [2023-11-04T21:15:20.839+0400] {dag.py:2941} INFO - Sync 1 DAGs
[2023-11-04T21:15:20.852+0400] {logging_mixin.py:151} INFO - [2023-11-04T21:15:20.851+0400] {dag.py:3722} INFO - Setting next_dagrun for example_setup_teardown_taskflow to 2023-11-03T17:15:20.851806+00:00, run_after=2023-11-04T17:15:20.851806+00:00
[2023-11-04T21:15:20.863+0400] {processor.py:179} INFO - Processing /home/pyretttt/repos/mlops4/env/lib/python3.10/site-packages/airflow/example_dags/example_setup_teardown_taskflow.py took 0.060 seconds
[2023-11-04T21:16:10.747+0400] {processor.py:157} INFO - Started process (PID=37567) to work on /home/pyretttt/repos/mlops4/env/lib/python3.10/site-packages/airflow/example_dags/example_setup_teardown_taskflow.py
[2023-11-04T21:16:10.748+0400] {processor.py:829} INFO - Processing file /home/pyretttt/repos/mlops4/env/lib/python3.10/site-packages/airflow/example_dags/example_setup_teardown_taskflow.py for tasks to queue
[2023-11-04T21:16:10.749+0400] {logging_mixin.py:151} INFO - [2023-11-04T21:16:10.749+0400] {dagbag.py:536} INFO - Filling up the DagBag from /home/pyretttt/repos/mlops4/env/lib/python3.10/site-packages/airflow/example_dags/example_setup_teardown_taskflow.py
[2023-11-04T21:16:10.754+0400] {processor.py:839} INFO - DAG(s) dict_keys(['example_setup_teardown_taskflow']) retrieved from /home/pyretttt/repos/mlops4/env/lib/python3.10/site-packages/airflow/example_dags/example_setup_teardown_taskflow.py
[2023-11-04T21:16:10.769+0400] {logging_mixin.py:151} INFO - [2023-11-04T21:16:10.769+0400] {dag.py:2941} INFO - Sync 1 DAGs
[2023-11-04T21:16:10.778+0400] {logging_mixin.py:151} INFO - [2023-11-04T21:16:10.778+0400] {dag.py:3722} INFO - Setting next_dagrun for example_setup_teardown_taskflow to 2023-11-03T17:16:10.778374+00:00, run_after=2023-11-04T17:16:10.778374+00:00
[2023-11-04T21:16:10.791+0400] {processor.py:179} INFO - Processing /home/pyretttt/repos/mlops4/env/lib/python3.10/site-packages/airflow/example_dags/example_setup_teardown_taskflow.py took 0.045 seconds
[2023-11-04T21:17:00.189+0400] {processor.py:157} INFO - Started process (PID=37617) to work on /home/pyretttt/repos/mlops4/env/lib/python3.10/site-packages/airflow/example_dags/example_setup_teardown_taskflow.py
[2023-11-04T21:17:00.191+0400] {processor.py:829} INFO - Processing file /home/pyretttt/repos/mlops4/env/lib/python3.10/site-packages/airflow/example_dags/example_setup_teardown_taskflow.py for tasks to queue
[2023-11-04T21:17:00.192+0400] {logging_mixin.py:151} INFO - [2023-11-04T21:17:00.191+0400] {dagbag.py:536} INFO - Filling up the DagBag from /home/pyretttt/repos/mlops4/env/lib/python3.10/site-packages/airflow/example_dags/example_setup_teardown_taskflow.py
[2023-11-04T21:17:00.204+0400] {processor.py:839} INFO - DAG(s) dict_keys(['example_setup_teardown_taskflow']) retrieved from /home/pyretttt/repos/mlops4/env/lib/python3.10/site-packages/airflow/example_dags/example_setup_teardown_taskflow.py
[2023-11-04T21:17:00.223+0400] {logging_mixin.py:151} INFO - [2023-11-04T21:17:00.223+0400] {dag.py:2941} INFO - Sync 1 DAGs
[2023-11-04T21:17:00.237+0400] {logging_mixin.py:151} INFO - [2023-11-04T21:17:00.237+0400] {dag.py:3722} INFO - Setting next_dagrun for example_setup_teardown_taskflow to 2023-11-03T17:17:00.237252+00:00, run_after=2023-11-04T17:17:00.237252+00:00
[2023-11-04T21:17:00.249+0400] {processor.py:179} INFO - Processing /home/pyretttt/repos/mlops4/env/lib/python3.10/site-packages/airflow/example_dags/example_setup_teardown_taskflow.py took 0.065 seconds
[2023-11-04T21:17:50.630+0400] {processor.py:157} INFO - Started process (PID=37705) to work on /home/pyretttt/repos/mlops4/env/lib/python3.10/site-packages/airflow/example_dags/example_setup_teardown_taskflow.py
[2023-11-04T21:17:50.632+0400] {processor.py:829} INFO - Processing file /home/pyretttt/repos/mlops4/env/lib/python3.10/site-packages/airflow/example_dags/example_setup_teardown_taskflow.py for tasks to queue
[2023-11-04T21:17:50.634+0400] {logging_mixin.py:151} INFO - [2023-11-04T21:17:50.633+0400] {dagbag.py:536} INFO - Filling up the DagBag from /home/pyretttt/repos/mlops4/env/lib/python3.10/site-packages/airflow/example_dags/example_setup_teardown_taskflow.py
[2023-11-04T21:17:50.645+0400] {processor.py:839} INFO - DAG(s) dict_keys(['example_setup_teardown_taskflow']) retrieved from /home/pyretttt/repos/mlops4/env/lib/python3.10/site-packages/airflow/example_dags/example_setup_teardown_taskflow.py
[2023-11-04T21:17:50.663+0400] {logging_mixin.py:151} INFO - [2023-11-04T21:17:50.663+0400] {dag.py:2941} INFO - Sync 1 DAGs
[2023-11-04T21:17:50.679+0400] {logging_mixin.py:151} INFO - [2023-11-04T21:17:50.679+0400] {dag.py:3722} INFO - Setting next_dagrun for example_setup_teardown_taskflow to 2023-11-03T17:17:50.678996+00:00, run_after=2023-11-04T17:17:50.678996+00:00
[2023-11-04T21:17:50.691+0400] {processor.py:179} INFO - Processing /home/pyretttt/repos/mlops4/env/lib/python3.10/site-packages/airflow/example_dags/example_setup_teardown_taskflow.py took 0.065 seconds
[2023-11-04T21:18:29.398+0400] {processor.py:157} INFO - Started process (PID=37754) to work on /home/pyretttt/repos/mlops4/env/lib/python3.10/site-packages/airflow/example_dags/example_setup_teardown_taskflow.py
[2023-11-04T21:18:29.400+0400] {processor.py:829} INFO - Processing file /home/pyretttt/repos/mlops4/env/lib/python3.10/site-packages/airflow/example_dags/example_setup_teardown_taskflow.py for tasks to queue
[2023-11-04T21:18:29.401+0400] {logging_mixin.py:151} INFO - [2023-11-04T21:18:29.400+0400] {dagbag.py:536} INFO - Filling up the DagBag from /home/pyretttt/repos/mlops4/env/lib/python3.10/site-packages/airflow/example_dags/example_setup_teardown_taskflow.py
[2023-11-04T21:18:29.410+0400] {processor.py:839} INFO - DAG(s) dict_keys(['example_setup_teardown_taskflow']) retrieved from /home/pyretttt/repos/mlops4/env/lib/python3.10/site-packages/airflow/example_dags/example_setup_teardown_taskflow.py
[2023-11-04T21:18:29.426+0400] {logging_mixin.py:151} INFO - [2023-11-04T21:18:29.426+0400] {dag.py:2941} INFO - Sync 1 DAGs
[2023-11-04T21:18:29.440+0400] {logging_mixin.py:151} INFO - [2023-11-04T21:18:29.440+0400] {dag.py:3722} INFO - Setting next_dagrun for example_setup_teardown_taskflow to 2023-11-03T17:18:29.440501+00:00, run_after=2023-11-04T17:18:29.440501+00:00
[2023-11-04T21:18:29.457+0400] {processor.py:179} INFO - Processing /home/pyretttt/repos/mlops4/env/lib/python3.10/site-packages/airflow/example_dags/example_setup_teardown_taskflow.py took 0.063 seconds
[2023-11-04T21:19:15.939+0400] {processor.py:157} INFO - Started process (PID=37802) to work on /home/pyretttt/repos/mlops4/env/lib/python3.10/site-packages/airflow/example_dags/example_setup_teardown_taskflow.py
[2023-11-04T21:19:15.941+0400] {processor.py:829} INFO - Processing file /home/pyretttt/repos/mlops4/env/lib/python3.10/site-packages/airflow/example_dags/example_setup_teardown_taskflow.py for tasks to queue
[2023-11-04T21:19:15.942+0400] {logging_mixin.py:151} INFO - [2023-11-04T21:19:15.941+0400] {dagbag.py:536} INFO - Filling up the DagBag from /home/pyretttt/repos/mlops4/env/lib/python3.10/site-packages/airflow/example_dags/example_setup_teardown_taskflow.py
[2023-11-04T21:19:15.948+0400] {processor.py:839} INFO - DAG(s) dict_keys(['example_setup_teardown_taskflow']) retrieved from /home/pyretttt/repos/mlops4/env/lib/python3.10/site-packages/airflow/example_dags/example_setup_teardown_taskflow.py
[2023-11-04T21:19:15.958+0400] {logging_mixin.py:151} INFO - [2023-11-04T21:19:15.958+0400] {dag.py:2941} INFO - Sync 1 DAGs
[2023-11-04T21:19:15.968+0400] {logging_mixin.py:151} INFO - [2023-11-04T21:19:15.968+0400] {dag.py:3722} INFO - Setting next_dagrun for example_setup_teardown_taskflow to 2023-11-03T17:19:15.967926+00:00, run_after=2023-11-04T17:19:15.967926+00:00
[2023-11-04T21:19:15.980+0400] {processor.py:179} INFO - Processing /home/pyretttt/repos/mlops4/env/lib/python3.10/site-packages/airflow/example_dags/example_setup_teardown_taskflow.py took 0.044 seconds
[2023-11-04T21:20:05.439+0400] {processor.py:157} INFO - Started process (PID=37853) to work on /home/pyretttt/repos/mlops4/env/lib/python3.10/site-packages/airflow/example_dags/example_setup_teardown_taskflow.py
[2023-11-04T21:20:05.440+0400] {processor.py:829} INFO - Processing file /home/pyretttt/repos/mlops4/env/lib/python3.10/site-packages/airflow/example_dags/example_setup_teardown_taskflow.py for tasks to queue
[2023-11-04T21:20:05.441+0400] {logging_mixin.py:151} INFO - [2023-11-04T21:20:05.440+0400] {dagbag.py:536} INFO - Filling up the DagBag from /home/pyretttt/repos/mlops4/env/lib/python3.10/site-packages/airflow/example_dags/example_setup_teardown_taskflow.py
[2023-11-04T21:20:05.447+0400] {processor.py:839} INFO - DAG(s) dict_keys(['example_setup_teardown_taskflow']) retrieved from /home/pyretttt/repos/mlops4/env/lib/python3.10/site-packages/airflow/example_dags/example_setup_teardown_taskflow.py
[2023-11-04T21:20:05.459+0400] {logging_mixin.py:151} INFO - [2023-11-04T21:20:05.459+0400] {dag.py:2941} INFO - Sync 1 DAGs
[2023-11-04T21:20:05.471+0400] {logging_mixin.py:151} INFO - [2023-11-04T21:20:05.471+0400] {dag.py:3722} INFO - Setting next_dagrun for example_setup_teardown_taskflow to 2023-11-03T17:20:05.471355+00:00, run_after=2023-11-04T17:20:05.471355+00:00
[2023-11-04T21:20:05.485+0400] {processor.py:179} INFO - Processing /home/pyretttt/repos/mlops4/env/lib/python3.10/site-packages/airflow/example_dags/example_setup_teardown_taskflow.py took 0.050 seconds
[2023-11-04T21:21:00.412+0400] {processor.py:157} INFO - Started process (PID=37907) to work on /home/pyretttt/repos/mlops4/env/lib/python3.10/site-packages/airflow/example_dags/example_setup_teardown_taskflow.py
[2023-11-04T21:21:00.415+0400] {processor.py:829} INFO - Processing file /home/pyretttt/repos/mlops4/env/lib/python3.10/site-packages/airflow/example_dags/example_setup_teardown_taskflow.py for tasks to queue
[2023-11-04T21:21:00.417+0400] {logging_mixin.py:151} INFO - [2023-11-04T21:21:00.415+0400] {dagbag.py:536} INFO - Filling up the DagBag from /home/pyretttt/repos/mlops4/env/lib/python3.10/site-packages/airflow/example_dags/example_setup_teardown_taskflow.py
[2023-11-04T21:21:00.428+0400] {processor.py:839} INFO - DAG(s) dict_keys(['example_setup_teardown_taskflow']) retrieved from /home/pyretttt/repos/mlops4/env/lib/python3.10/site-packages/airflow/example_dags/example_setup_teardown_taskflow.py
[2023-11-04T21:21:00.446+0400] {logging_mixin.py:151} INFO - [2023-11-04T21:21:00.446+0400] {dag.py:2941} INFO - Sync 1 DAGs
[2023-11-04T21:21:00.462+0400] {logging_mixin.py:151} INFO - [2023-11-04T21:21:00.462+0400] {dag.py:3722} INFO - Setting next_dagrun for example_setup_teardown_taskflow to 2023-11-03T17:21:00.461852+00:00, run_after=2023-11-04T17:21:00.461852+00:00
[2023-11-04T21:21:00.474+0400] {processor.py:179} INFO - Processing /home/pyretttt/repos/mlops4/env/lib/python3.10/site-packages/airflow/example_dags/example_setup_teardown_taskflow.py took 0.066 seconds
[2023-11-04T21:21:50.635+0400] {processor.py:157} INFO - Started process (PID=37959) to work on /home/pyretttt/repos/mlops4/env/lib/python3.10/site-packages/airflow/example_dags/example_setup_teardown_taskflow.py
[2023-11-04T21:21:50.637+0400] {processor.py:829} INFO - Processing file /home/pyretttt/repos/mlops4/env/lib/python3.10/site-packages/airflow/example_dags/example_setup_teardown_taskflow.py for tasks to queue
[2023-11-04T21:21:50.638+0400] {logging_mixin.py:151} INFO - [2023-11-04T21:21:50.637+0400] {dagbag.py:536} INFO - Filling up the DagBag from /home/pyretttt/repos/mlops4/env/lib/python3.10/site-packages/airflow/example_dags/example_setup_teardown_taskflow.py
[2023-11-04T21:21:50.649+0400] {processor.py:839} INFO - DAG(s) dict_keys(['example_setup_teardown_taskflow']) retrieved from /home/pyretttt/repos/mlops4/env/lib/python3.10/site-packages/airflow/example_dags/example_setup_teardown_taskflow.py
[2023-11-04T21:21:50.665+0400] {logging_mixin.py:151} INFO - [2023-11-04T21:21:50.665+0400] {dag.py:2941} INFO - Sync 1 DAGs
[2023-11-04T21:21:50.677+0400] {logging_mixin.py:151} INFO - [2023-11-04T21:21:50.677+0400] {dag.py:3722} INFO - Setting next_dagrun for example_setup_teardown_taskflow to 2023-11-03T17:21:50.677445+00:00, run_after=2023-11-04T17:21:50.677445+00:00
[2023-11-04T21:21:50.688+0400] {processor.py:179} INFO - Processing /home/pyretttt/repos/mlops4/env/lib/python3.10/site-packages/airflow/example_dags/example_setup_teardown_taskflow.py took 0.057 seconds
[2023-11-04T21:22:39.993+0400] {processor.py:157} INFO - Started process (PID=38011) to work on /home/pyretttt/repos/mlops4/env/lib/python3.10/site-packages/airflow/example_dags/example_setup_teardown_taskflow.py
[2023-11-04T21:22:39.994+0400] {processor.py:829} INFO - Processing file /home/pyretttt/repos/mlops4/env/lib/python3.10/site-packages/airflow/example_dags/example_setup_teardown_taskflow.py for tasks to queue
[2023-11-04T21:22:39.996+0400] {logging_mixin.py:151} INFO - [2023-11-04T21:22:39.995+0400] {dagbag.py:536} INFO - Filling up the DagBag from /home/pyretttt/repos/mlops4/env/lib/python3.10/site-packages/airflow/example_dags/example_setup_teardown_taskflow.py
[2023-11-04T21:22:40.008+0400] {processor.py:839} INFO - DAG(s) dict_keys(['example_setup_teardown_taskflow']) retrieved from /home/pyretttt/repos/mlops4/env/lib/python3.10/site-packages/airflow/example_dags/example_setup_teardown_taskflow.py
[2023-11-04T21:22:40.024+0400] {logging_mixin.py:151} INFO - [2023-11-04T21:22:40.024+0400] {dag.py:2941} INFO - Sync 1 DAGs
[2023-11-04T21:22:40.037+0400] {logging_mixin.py:151} INFO - [2023-11-04T21:22:40.037+0400] {dag.py:3722} INFO - Setting next_dagrun for example_setup_teardown_taskflow to 2023-11-03T17:22:40.037579+00:00, run_after=2023-11-04T17:22:40.037579+00:00
[2023-11-04T21:22:40.049+0400] {processor.py:179} INFO - Processing /home/pyretttt/repos/mlops4/env/lib/python3.10/site-packages/airflow/example_dags/example_setup_teardown_taskflow.py took 0.061 seconds
[2023-11-04T21:23:33.044+0400] {processor.py:157} INFO - Started process (PID=38064) to work on /home/pyretttt/repos/mlops4/env/lib/python3.10/site-packages/airflow/example_dags/example_setup_teardown_taskflow.py
[2023-11-04T21:23:33.046+0400] {processor.py:829} INFO - Processing file /home/pyretttt/repos/mlops4/env/lib/python3.10/site-packages/airflow/example_dags/example_setup_teardown_taskflow.py for tasks to queue
[2023-11-04T21:23:33.047+0400] {logging_mixin.py:151} INFO - [2023-11-04T21:23:33.046+0400] {dagbag.py:536} INFO - Filling up the DagBag from /home/pyretttt/repos/mlops4/env/lib/python3.10/site-packages/airflow/example_dags/example_setup_teardown_taskflow.py
[2023-11-04T21:23:33.059+0400] {processor.py:839} INFO - DAG(s) dict_keys(['example_setup_teardown_taskflow']) retrieved from /home/pyretttt/repos/mlops4/env/lib/python3.10/site-packages/airflow/example_dags/example_setup_teardown_taskflow.py
[2023-11-04T21:23:33.078+0400] {logging_mixin.py:151} INFO - [2023-11-04T21:23:33.078+0400] {dag.py:2941} INFO - Sync 1 DAGs
[2023-11-04T21:23:33.094+0400] {logging_mixin.py:151} INFO - [2023-11-04T21:23:33.094+0400] {dag.py:3722} INFO - Setting next_dagrun for example_setup_teardown_taskflow to 2023-11-03T17:23:33.093806+00:00, run_after=2023-11-04T17:23:33.093806+00:00
[2023-11-04T21:23:33.106+0400] {processor.py:179} INFO - Processing /home/pyretttt/repos/mlops4/env/lib/python3.10/site-packages/airflow/example_dags/example_setup_teardown_taskflow.py took 0.066 seconds
[2023-11-04T21:24:19.323+0400] {processor.py:157} INFO - Started process (PID=38112) to work on /home/pyretttt/repos/mlops4/env/lib/python3.10/site-packages/airflow/example_dags/example_setup_teardown_taskflow.py
[2023-11-04T21:24:19.325+0400] {processor.py:829} INFO - Processing file /home/pyretttt/repos/mlops4/env/lib/python3.10/site-packages/airflow/example_dags/example_setup_teardown_taskflow.py for tasks to queue
[2023-11-04T21:24:19.326+0400] {logging_mixin.py:151} INFO - [2023-11-04T21:24:19.325+0400] {dagbag.py:536} INFO - Filling up the DagBag from /home/pyretttt/repos/mlops4/env/lib/python3.10/site-packages/airflow/example_dags/example_setup_teardown_taskflow.py
[2023-11-04T21:24:19.337+0400] {processor.py:839} INFO - DAG(s) dict_keys(['example_setup_teardown_taskflow']) retrieved from /home/pyretttt/repos/mlops4/env/lib/python3.10/site-packages/airflow/example_dags/example_setup_teardown_taskflow.py
[2023-11-04T21:24:19.353+0400] {logging_mixin.py:151} INFO - [2023-11-04T21:24:19.353+0400] {dag.py:2941} INFO - Sync 1 DAGs
[2023-11-04T21:24:19.365+0400] {logging_mixin.py:151} INFO - [2023-11-04T21:24:19.365+0400] {dag.py:3722} INFO - Setting next_dagrun for example_setup_teardown_taskflow to 2023-11-03T17:24:19.365035+00:00, run_after=2023-11-04T17:24:19.365035+00:00
[2023-11-04T21:24:19.376+0400] {processor.py:179} INFO - Processing /home/pyretttt/repos/mlops4/env/lib/python3.10/site-packages/airflow/example_dags/example_setup_teardown_taskflow.py took 0.058 seconds
[2023-11-04T21:25:12.627+0400] {processor.py:157} INFO - Started process (PID=38165) to work on /home/pyretttt/repos/mlops4/env/lib/python3.10/site-packages/airflow/example_dags/example_setup_teardown_taskflow.py
[2023-11-04T21:25:12.629+0400] {processor.py:829} INFO - Processing file /home/pyretttt/repos/mlops4/env/lib/python3.10/site-packages/airflow/example_dags/example_setup_teardown_taskflow.py for tasks to queue
[2023-11-04T21:25:12.630+0400] {logging_mixin.py:151} INFO - [2023-11-04T21:25:12.630+0400] {dagbag.py:536} INFO - Filling up the DagBag from /home/pyretttt/repos/mlops4/env/lib/python3.10/site-packages/airflow/example_dags/example_setup_teardown_taskflow.py
[2023-11-04T21:25:12.643+0400] {processor.py:839} INFO - DAG(s) dict_keys(['example_setup_teardown_taskflow']) retrieved from /home/pyretttt/repos/mlops4/env/lib/python3.10/site-packages/airflow/example_dags/example_setup_teardown_taskflow.py
[2023-11-04T21:25:12.660+0400] {logging_mixin.py:151} INFO - [2023-11-04T21:25:12.660+0400] {dag.py:2941} INFO - Sync 1 DAGs
[2023-11-04T21:25:12.675+0400] {logging_mixin.py:151} INFO - [2023-11-04T21:25:12.675+0400] {dag.py:3722} INFO - Setting next_dagrun for example_setup_teardown_taskflow to 2023-11-03T17:25:12.675546+00:00, run_after=2023-11-04T17:25:12.675546+00:00
[2023-11-04T21:25:12.689+0400] {processor.py:179} INFO - Processing /home/pyretttt/repos/mlops4/env/lib/python3.10/site-packages/airflow/example_dags/example_setup_teardown_taskflow.py took 0.067 seconds
[2023-11-04T21:26:06.259+0400] {processor.py:157} INFO - Started process (PID=38218) to work on /home/pyretttt/repos/mlops4/env/lib/python3.10/site-packages/airflow/example_dags/example_setup_teardown_taskflow.py
[2023-11-04T21:26:06.260+0400] {processor.py:829} INFO - Processing file /home/pyretttt/repos/mlops4/env/lib/python3.10/site-packages/airflow/example_dags/example_setup_teardown_taskflow.py for tasks to queue
[2023-11-04T21:26:06.261+0400] {logging_mixin.py:151} INFO - [2023-11-04T21:26:06.261+0400] {dagbag.py:536} INFO - Filling up the DagBag from /home/pyretttt/repos/mlops4/env/lib/python3.10/site-packages/airflow/example_dags/example_setup_teardown_taskflow.py
[2023-11-04T21:26:06.270+0400] {processor.py:839} INFO - DAG(s) dict_keys(['example_setup_teardown_taskflow']) retrieved from /home/pyretttt/repos/mlops4/env/lib/python3.10/site-packages/airflow/example_dags/example_setup_teardown_taskflow.py
[2023-11-04T21:26:06.281+0400] {logging_mixin.py:151} INFO - [2023-11-04T21:26:06.281+0400] {dag.py:2941} INFO - Sync 1 DAGs
[2023-11-04T21:26:06.294+0400] {logging_mixin.py:151} INFO - [2023-11-04T21:26:06.294+0400] {dag.py:3722} INFO - Setting next_dagrun for example_setup_teardown_taskflow to 2023-11-03T17:26:06.294614+00:00, run_after=2023-11-04T17:26:06.294614+00:00
[2023-11-04T21:26:06.311+0400] {processor.py:179} INFO - Processing /home/pyretttt/repos/mlops4/env/lib/python3.10/site-packages/airflow/example_dags/example_setup_teardown_taskflow.py took 0.056 seconds
[2023-11-04T21:27:00.913+0400] {processor.py:157} INFO - Started process (PID=38271) to work on /home/pyretttt/repos/mlops4/env/lib/python3.10/site-packages/airflow/example_dags/example_setup_teardown_taskflow.py
[2023-11-04T21:27:00.915+0400] {processor.py:829} INFO - Processing file /home/pyretttt/repos/mlops4/env/lib/python3.10/site-packages/airflow/example_dags/example_setup_teardown_taskflow.py for tasks to queue
[2023-11-04T21:27:00.916+0400] {logging_mixin.py:151} INFO - [2023-11-04T21:27:00.915+0400] {dagbag.py:536} INFO - Filling up the DagBag from /home/pyretttt/repos/mlops4/env/lib/python3.10/site-packages/airflow/example_dags/example_setup_teardown_taskflow.py
[2023-11-04T21:27:00.927+0400] {processor.py:839} INFO - DAG(s) dict_keys(['example_setup_teardown_taskflow']) retrieved from /home/pyretttt/repos/mlops4/env/lib/python3.10/site-packages/airflow/example_dags/example_setup_teardown_taskflow.py
[2023-11-04T21:27:00.943+0400] {logging_mixin.py:151} INFO - [2023-11-04T21:27:00.943+0400] {dag.py:2941} INFO - Sync 1 DAGs
[2023-11-04T21:27:00.956+0400] {logging_mixin.py:151} INFO - [2023-11-04T21:27:00.956+0400] {dag.py:3722} INFO - Setting next_dagrun for example_setup_teardown_taskflow to 2023-11-03T17:27:00.955955+00:00, run_after=2023-11-04T17:27:00.955955+00:00
[2023-11-04T21:27:00.967+0400] {processor.py:179} INFO - Processing /home/pyretttt/repos/mlops4/env/lib/python3.10/site-packages/airflow/example_dags/example_setup_teardown_taskflow.py took 0.058 seconds
[2023-11-04T21:27:38.589+0400] {processor.py:157} INFO - Started process (PID=38310) to work on /home/pyretttt/repos/mlops4/env/lib/python3.10/site-packages/airflow/example_dags/example_setup_teardown_taskflow.py
[2023-11-04T21:27:38.591+0400] {processor.py:829} INFO - Processing file /home/pyretttt/repos/mlops4/env/lib/python3.10/site-packages/airflow/example_dags/example_setup_teardown_taskflow.py for tasks to queue
[2023-11-04T21:27:38.593+0400] {logging_mixin.py:151} INFO - [2023-11-04T21:27:38.592+0400] {dagbag.py:536} INFO - Filling up the DagBag from /home/pyretttt/repos/mlops4/env/lib/python3.10/site-packages/airflow/example_dags/example_setup_teardown_taskflow.py
[2023-11-04T21:27:38.605+0400] {processor.py:839} INFO - DAG(s) dict_keys(['example_setup_teardown_taskflow']) retrieved from /home/pyretttt/repos/mlops4/env/lib/python3.10/site-packages/airflow/example_dags/example_setup_teardown_taskflow.py
[2023-11-04T21:27:38.622+0400] {logging_mixin.py:151} INFO - [2023-11-04T21:27:38.622+0400] {dag.py:2941} INFO - Sync 1 DAGs
[2023-11-04T21:27:38.637+0400] {logging_mixin.py:151} INFO - [2023-11-04T21:27:38.637+0400] {dag.py:3722} INFO - Setting next_dagrun for example_setup_teardown_taskflow to 2023-11-03T17:27:38.636896+00:00, run_after=2023-11-04T17:27:38.636896+00:00
[2023-11-04T21:27:38.647+0400] {processor.py:179} INFO - Processing /home/pyretttt/repos/mlops4/env/lib/python3.10/site-packages/airflow/example_dags/example_setup_teardown_taskflow.py took 0.063 seconds
[2023-11-04T21:28:30.547+0400] {processor.py:157} INFO - Started process (PID=38382) to work on /home/pyretttt/repos/mlops4/env/lib/python3.10/site-packages/airflow/example_dags/example_setup_teardown_taskflow.py
[2023-11-04T21:28:30.550+0400] {processor.py:829} INFO - Processing file /home/pyretttt/repos/mlops4/env/lib/python3.10/site-packages/airflow/example_dags/example_setup_teardown_taskflow.py for tasks to queue
[2023-11-04T21:28:30.551+0400] {logging_mixin.py:151} INFO - [2023-11-04T21:28:30.550+0400] {dagbag.py:536} INFO - Filling up the DagBag from /home/pyretttt/repos/mlops4/env/lib/python3.10/site-packages/airflow/example_dags/example_setup_teardown_taskflow.py
[2023-11-04T21:28:30.564+0400] {processor.py:839} INFO - DAG(s) dict_keys(['example_setup_teardown_taskflow']) retrieved from /home/pyretttt/repos/mlops4/env/lib/python3.10/site-packages/airflow/example_dags/example_setup_teardown_taskflow.py
[2023-11-04T21:28:30.584+0400] {logging_mixin.py:151} INFO - [2023-11-04T21:28:30.584+0400] {dag.py:2941} INFO - Sync 1 DAGs
[2023-11-04T21:28:30.599+0400] {logging_mixin.py:151} INFO - [2023-11-04T21:28:30.599+0400] {dag.py:3722} INFO - Setting next_dagrun for example_setup_teardown_taskflow to 2023-11-03T17:28:30.598811+00:00, run_after=2023-11-04T17:28:30.598811+00:00
[2023-11-04T21:28:30.611+0400] {processor.py:179} INFO - Processing /home/pyretttt/repos/mlops4/env/lib/python3.10/site-packages/airflow/example_dags/example_setup_teardown_taskflow.py took 0.069 seconds
[2023-11-04T21:29:22.539+0400] {processor.py:157} INFO - Started process (PID=38433) to work on /home/pyretttt/repos/mlops4/env/lib/python3.10/site-packages/airflow/example_dags/example_setup_teardown_taskflow.py
[2023-11-04T21:29:22.541+0400] {processor.py:829} INFO - Processing file /home/pyretttt/repos/mlops4/env/lib/python3.10/site-packages/airflow/example_dags/example_setup_teardown_taskflow.py for tasks to queue
[2023-11-04T21:29:22.542+0400] {logging_mixin.py:151} INFO - [2023-11-04T21:29:22.541+0400] {dagbag.py:536} INFO - Filling up the DagBag from /home/pyretttt/repos/mlops4/env/lib/python3.10/site-packages/airflow/example_dags/example_setup_teardown_taskflow.py
[2023-11-04T21:29:22.553+0400] {processor.py:839} INFO - DAG(s) dict_keys(['example_setup_teardown_taskflow']) retrieved from /home/pyretttt/repos/mlops4/env/lib/python3.10/site-packages/airflow/example_dags/example_setup_teardown_taskflow.py
[2023-11-04T21:29:22.570+0400] {logging_mixin.py:151} INFO - [2023-11-04T21:29:22.569+0400] {dag.py:2941} INFO - Sync 1 DAGs
[2023-11-04T21:29:22.590+0400] {logging_mixin.py:151} INFO - [2023-11-04T21:29:22.589+0400] {dag.py:3722} INFO - Setting next_dagrun for example_setup_teardown_taskflow to 2023-11-03T17:29:22.589709+00:00, run_after=2023-11-04T17:29:22.589709+00:00
[2023-11-04T21:29:22.602+0400] {processor.py:179} INFO - Processing /home/pyretttt/repos/mlops4/env/lib/python3.10/site-packages/airflow/example_dags/example_setup_teardown_taskflow.py took 0.067 seconds
[2023-11-04T21:30:15.742+0400] {processor.py:157} INFO - Started process (PID=38487) to work on /home/pyretttt/repos/mlops4/env/lib/python3.10/site-packages/airflow/example_dags/example_setup_teardown_taskflow.py
[2023-11-04T21:30:15.744+0400] {processor.py:829} INFO - Processing file /home/pyretttt/repos/mlops4/env/lib/python3.10/site-packages/airflow/example_dags/example_setup_teardown_taskflow.py for tasks to queue
[2023-11-04T21:30:15.746+0400] {logging_mixin.py:151} INFO - [2023-11-04T21:30:15.745+0400] {dagbag.py:536} INFO - Filling up the DagBag from /home/pyretttt/repos/mlops4/env/lib/python3.10/site-packages/airflow/example_dags/example_setup_teardown_taskflow.py
[2023-11-04T21:30:15.757+0400] {processor.py:839} INFO - DAG(s) dict_keys(['example_setup_teardown_taskflow']) retrieved from /home/pyretttt/repos/mlops4/env/lib/python3.10/site-packages/airflow/example_dags/example_setup_teardown_taskflow.py
[2023-11-04T21:30:15.773+0400] {logging_mixin.py:151} INFO - [2023-11-04T21:30:15.773+0400] {dag.py:2941} INFO - Sync 1 DAGs
[2023-11-04T21:30:15.788+0400] {logging_mixin.py:151} INFO - [2023-11-04T21:30:15.788+0400] {dag.py:3722} INFO - Setting next_dagrun for example_setup_teardown_taskflow to 2023-11-03T17:30:15.787992+00:00, run_after=2023-11-04T17:30:15.787992+00:00
[2023-11-04T21:30:15.800+0400] {processor.py:179} INFO - Processing /home/pyretttt/repos/mlops4/env/lib/python3.10/site-packages/airflow/example_dags/example_setup_teardown_taskflow.py took 0.061 seconds
[2023-11-04T21:31:10.698+0400] {processor.py:157} INFO - Started process (PID=38550) to work on /home/pyretttt/repos/mlops4/env/lib/python3.10/site-packages/airflow/example_dags/example_setup_teardown_taskflow.py
[2023-11-04T21:31:10.700+0400] {processor.py:829} INFO - Processing file /home/pyretttt/repos/mlops4/env/lib/python3.10/site-packages/airflow/example_dags/example_setup_teardown_taskflow.py for tasks to queue
[2023-11-04T21:31:10.701+0400] {logging_mixin.py:151} INFO - [2023-11-04T21:31:10.701+0400] {dagbag.py:536} INFO - Filling up the DagBag from /home/pyretttt/repos/mlops4/env/lib/python3.10/site-packages/airflow/example_dags/example_setup_teardown_taskflow.py
[2023-11-04T21:31:10.713+0400] {processor.py:839} INFO - DAG(s) dict_keys(['example_setup_teardown_taskflow']) retrieved from /home/pyretttt/repos/mlops4/env/lib/python3.10/site-packages/airflow/example_dags/example_setup_teardown_taskflow.py
[2023-11-04T21:31:10.729+0400] {logging_mixin.py:151} INFO - [2023-11-04T21:31:10.729+0400] {dag.py:2941} INFO - Sync 1 DAGs
[2023-11-04T21:31:10.741+0400] {logging_mixin.py:151} INFO - [2023-11-04T21:31:10.741+0400] {dag.py:3722} INFO - Setting next_dagrun for example_setup_teardown_taskflow to 2023-11-03T17:31:10.741333+00:00, run_after=2023-11-04T17:31:10.741333+00:00
[2023-11-04T21:31:10.753+0400] {processor.py:179} INFO - Processing /home/pyretttt/repos/mlops4/env/lib/python3.10/site-packages/airflow/example_dags/example_setup_teardown_taskflow.py took 0.059 seconds
[2023-11-04T21:31:48.937+0400] {processor.py:157} INFO - Started process (PID=38588) to work on /home/pyretttt/repos/mlops4/env/lib/python3.10/site-packages/airflow/example_dags/example_setup_teardown_taskflow.py
[2023-11-04T21:31:48.939+0400] {processor.py:829} INFO - Processing file /home/pyretttt/repos/mlops4/env/lib/python3.10/site-packages/airflow/example_dags/example_setup_teardown_taskflow.py for tasks to queue
[2023-11-04T21:31:48.940+0400] {logging_mixin.py:151} INFO - [2023-11-04T21:31:48.939+0400] {dagbag.py:536} INFO - Filling up the DagBag from /home/pyretttt/repos/mlops4/env/lib/python3.10/site-packages/airflow/example_dags/example_setup_teardown_taskflow.py
[2023-11-04T21:31:48.948+0400] {processor.py:839} INFO - DAG(s) dict_keys(['example_setup_teardown_taskflow']) retrieved from /home/pyretttt/repos/mlops4/env/lib/python3.10/site-packages/airflow/example_dags/example_setup_teardown_taskflow.py
[2023-11-04T21:31:48.961+0400] {logging_mixin.py:151} INFO - [2023-11-04T21:31:48.961+0400] {dag.py:2941} INFO - Sync 1 DAGs
[2023-11-04T21:31:48.969+0400] {logging_mixin.py:151} INFO - [2023-11-04T21:31:48.969+0400] {dag.py:3722} INFO - Setting next_dagrun for example_setup_teardown_taskflow to 2023-11-03T17:31:48.969322+00:00, run_after=2023-11-04T17:31:48.969322+00:00
[2023-11-04T21:31:48.979+0400] {processor.py:179} INFO - Processing /home/pyretttt/repos/mlops4/env/lib/python3.10/site-packages/airflow/example_dags/example_setup_teardown_taskflow.py took 0.045 seconds
[2023-11-04T21:32:39.364+0400] {processor.py:157} INFO - Started process (PID=38639) to work on /home/pyretttt/repos/mlops4/env/lib/python3.10/site-packages/airflow/example_dags/example_setup_teardown_taskflow.py
[2023-11-04T21:32:39.365+0400] {processor.py:829} INFO - Processing file /home/pyretttt/repos/mlops4/env/lib/python3.10/site-packages/airflow/example_dags/example_setup_teardown_taskflow.py for tasks to queue
[2023-11-04T21:32:39.366+0400] {logging_mixin.py:151} INFO - [2023-11-04T21:32:39.366+0400] {dagbag.py:536} INFO - Filling up the DagBag from /home/pyretttt/repos/mlops4/env/lib/python3.10/site-packages/airflow/example_dags/example_setup_teardown_taskflow.py
[2023-11-04T21:32:39.373+0400] {processor.py:839} INFO - DAG(s) dict_keys(['example_setup_teardown_taskflow']) retrieved from /home/pyretttt/repos/mlops4/env/lib/python3.10/site-packages/airflow/example_dags/example_setup_teardown_taskflow.py
[2023-11-04T21:32:39.384+0400] {logging_mixin.py:151} INFO - [2023-11-04T21:32:39.384+0400] {dag.py:2941} INFO - Sync 1 DAGs
[2023-11-04T21:32:39.393+0400] {logging_mixin.py:151} INFO - [2023-11-04T21:32:39.393+0400] {dag.py:3722} INFO - Setting next_dagrun for example_setup_teardown_taskflow to 2023-11-03T17:32:39.393518+00:00, run_after=2023-11-04T17:32:39.393518+00:00
[2023-11-04T21:32:39.405+0400] {processor.py:179} INFO - Processing /home/pyretttt/repos/mlops4/env/lib/python3.10/site-packages/airflow/example_dags/example_setup_teardown_taskflow.py took 0.043 seconds
[2023-11-04T21:33:22.208+0400] {processor.py:157} INFO - Started process (PID=38679) to work on /home/pyretttt/repos/mlops4/env/lib/python3.10/site-packages/airflow/example_dags/example_setup_teardown_taskflow.py
[2023-11-04T21:33:22.210+0400] {processor.py:829} INFO - Processing file /home/pyretttt/repos/mlops4/env/lib/python3.10/site-packages/airflow/example_dags/example_setup_teardown_taskflow.py for tasks to queue
[2023-11-04T21:33:22.211+0400] {logging_mixin.py:151} INFO - [2023-11-04T21:33:22.211+0400] {dagbag.py:536} INFO - Filling up the DagBag from /home/pyretttt/repos/mlops4/env/lib/python3.10/site-packages/airflow/example_dags/example_setup_teardown_taskflow.py
[2023-11-04T21:33:22.223+0400] {processor.py:839} INFO - DAG(s) dict_keys(['example_setup_teardown_taskflow']) retrieved from /home/pyretttt/repos/mlops4/env/lib/python3.10/site-packages/airflow/example_dags/example_setup_teardown_taskflow.py
[2023-11-04T21:33:22.240+0400] {logging_mixin.py:151} INFO - [2023-11-04T21:33:22.240+0400] {dag.py:2941} INFO - Sync 1 DAGs
[2023-11-04T21:33:22.253+0400] {logging_mixin.py:151} INFO - [2023-11-04T21:33:22.253+0400] {dag.py:3722} INFO - Setting next_dagrun for example_setup_teardown_taskflow to 2023-11-03T17:33:22.253219+00:00, run_after=2023-11-04T17:33:22.253219+00:00
[2023-11-04T21:33:22.264+0400] {processor.py:179} INFO - Processing /home/pyretttt/repos/mlops4/env/lib/python3.10/site-packages/airflow/example_dags/example_setup_teardown_taskflow.py took 0.060 seconds
[2023-11-04T21:34:04.801+0400] {processor.py:157} INFO - Started process (PID=38720) to work on /home/pyretttt/repos/mlops4/env/lib/python3.10/site-packages/airflow/example_dags/example_setup_teardown_taskflow.py
[2023-11-04T21:34:04.802+0400] {processor.py:829} INFO - Processing file /home/pyretttt/repos/mlops4/env/lib/python3.10/site-packages/airflow/example_dags/example_setup_teardown_taskflow.py for tasks to queue
[2023-11-04T21:34:04.804+0400] {logging_mixin.py:151} INFO - [2023-11-04T21:34:04.803+0400] {dagbag.py:536} INFO - Filling up the DagBag from /home/pyretttt/repos/mlops4/env/lib/python3.10/site-packages/airflow/example_dags/example_setup_teardown_taskflow.py
[2023-11-04T21:34:04.815+0400] {processor.py:839} INFO - DAG(s) dict_keys(['example_setup_teardown_taskflow']) retrieved from /home/pyretttt/repos/mlops4/env/lib/python3.10/site-packages/airflow/example_dags/example_setup_teardown_taskflow.py
[2023-11-04T21:34:04.831+0400] {logging_mixin.py:151} INFO - [2023-11-04T21:34:04.831+0400] {dag.py:2941} INFO - Sync 1 DAGs
[2023-11-04T21:34:04.842+0400] {logging_mixin.py:151} INFO - [2023-11-04T21:34:04.842+0400] {dag.py:3722} INFO - Setting next_dagrun for example_setup_teardown_taskflow to 2023-11-03T17:34:04.841907+00:00, run_after=2023-11-04T17:34:04.841907+00:00
[2023-11-04T21:34:04.853+0400] {processor.py:179} INFO - Processing /home/pyretttt/repos/mlops4/env/lib/python3.10/site-packages/airflow/example_dags/example_setup_teardown_taskflow.py took 0.056 seconds
[2023-11-04T21:35:00.861+0400] {processor.py:157} INFO - Started process (PID=38773) to work on /home/pyretttt/repos/mlops4/env/lib/python3.10/site-packages/airflow/example_dags/example_setup_teardown_taskflow.py
[2023-11-04T21:35:00.862+0400] {processor.py:829} INFO - Processing file /home/pyretttt/repos/mlops4/env/lib/python3.10/site-packages/airflow/example_dags/example_setup_teardown_taskflow.py for tasks to queue
[2023-11-04T21:35:00.863+0400] {logging_mixin.py:151} INFO - [2023-11-04T21:35:00.863+0400] {dagbag.py:536} INFO - Filling up the DagBag from /home/pyretttt/repos/mlops4/env/lib/python3.10/site-packages/airflow/example_dags/example_setup_teardown_taskflow.py
[2023-11-04T21:35:00.872+0400] {processor.py:839} INFO - DAG(s) dict_keys(['example_setup_teardown_taskflow']) retrieved from /home/pyretttt/repos/mlops4/env/lib/python3.10/site-packages/airflow/example_dags/example_setup_teardown_taskflow.py
[2023-11-04T21:35:00.886+0400] {logging_mixin.py:151} INFO - [2023-11-04T21:35:00.885+0400] {dag.py:2941} INFO - Sync 1 DAGs
[2023-11-04T21:35:00.895+0400] {logging_mixin.py:151} INFO - [2023-11-04T21:35:00.895+0400] {dag.py:3722} INFO - Setting next_dagrun for example_setup_teardown_taskflow to 2023-11-03T17:35:00.894997+00:00, run_after=2023-11-04T17:35:00.894997+00:00
[2023-11-04T21:35:00.906+0400] {processor.py:179} INFO - Processing /home/pyretttt/repos/mlops4/env/lib/python3.10/site-packages/airflow/example_dags/example_setup_teardown_taskflow.py took 0.048 seconds
[2023-11-04T21:35:42.294+0400] {processor.py:157} INFO - Started process (PID=38812) to work on /home/pyretttt/repos/mlops4/env/lib/python3.10/site-packages/airflow/example_dags/example_setup_teardown_taskflow.py
[2023-11-04T21:35:42.296+0400] {processor.py:829} INFO - Processing file /home/pyretttt/repos/mlops4/env/lib/python3.10/site-packages/airflow/example_dags/example_setup_teardown_taskflow.py for tasks to queue
[2023-11-04T21:35:42.297+0400] {logging_mixin.py:151} INFO - [2023-11-04T21:35:42.296+0400] {dagbag.py:536} INFO - Filling up the DagBag from /home/pyretttt/repos/mlops4/env/lib/python3.10/site-packages/airflow/example_dags/example_setup_teardown_taskflow.py
[2023-11-04T21:35:42.308+0400] {processor.py:839} INFO - DAG(s) dict_keys(['example_setup_teardown_taskflow']) retrieved from /home/pyretttt/repos/mlops4/env/lib/python3.10/site-packages/airflow/example_dags/example_setup_teardown_taskflow.py
[2023-11-04T21:35:42.324+0400] {logging_mixin.py:151} INFO - [2023-11-04T21:35:42.324+0400] {dag.py:2941} INFO - Sync 1 DAGs
[2023-11-04T21:35:42.337+0400] {logging_mixin.py:151} INFO - [2023-11-04T21:35:42.337+0400] {dag.py:3722} INFO - Setting next_dagrun for example_setup_teardown_taskflow to 2023-11-03T17:35:42.336913+00:00, run_after=2023-11-04T17:35:42.336913+00:00
[2023-11-04T21:35:42.348+0400] {processor.py:179} INFO - Processing /home/pyretttt/repos/mlops4/env/lib/python3.10/site-packages/airflow/example_dags/example_setup_teardown_taskflow.py took 0.059 seconds
[2023-11-04T21:36:20.706+0400] {processor.py:157} INFO - Started process (PID=38850) to work on /home/pyretttt/repos/mlops4/env/lib/python3.10/site-packages/airflow/example_dags/example_setup_teardown_taskflow.py
[2023-11-04T21:36:20.708+0400] {processor.py:829} INFO - Processing file /home/pyretttt/repos/mlops4/env/lib/python3.10/site-packages/airflow/example_dags/example_setup_teardown_taskflow.py for tasks to queue
[2023-11-04T21:36:20.710+0400] {logging_mixin.py:151} INFO - [2023-11-04T21:36:20.709+0400] {dagbag.py:536} INFO - Filling up the DagBag from /home/pyretttt/repos/mlops4/env/lib/python3.10/site-packages/airflow/example_dags/example_setup_teardown_taskflow.py
[2023-11-04T21:36:20.721+0400] {processor.py:839} INFO - DAG(s) dict_keys(['example_setup_teardown_taskflow']) retrieved from /home/pyretttt/repos/mlops4/env/lib/python3.10/site-packages/airflow/example_dags/example_setup_teardown_taskflow.py
[2023-11-04T21:36:20.737+0400] {logging_mixin.py:151} INFO - [2023-11-04T21:36:20.737+0400] {dag.py:2941} INFO - Sync 1 DAGs
[2023-11-04T21:36:20.751+0400] {logging_mixin.py:151} INFO - [2023-11-04T21:36:20.751+0400] {dag.py:3722} INFO - Setting next_dagrun for example_setup_teardown_taskflow to 2023-11-03T17:36:20.750929+00:00, run_after=2023-11-04T17:36:20.750929+00:00
[2023-11-04T21:36:20.763+0400] {processor.py:179} INFO - Processing /home/pyretttt/repos/mlops4/env/lib/python3.10/site-packages/airflow/example_dags/example_setup_teardown_taskflow.py took 0.061 seconds
[2023-11-04T21:37:00.428+0400] {processor.py:157} INFO - Started process (PID=38887) to work on /home/pyretttt/repos/mlops4/env/lib/python3.10/site-packages/airflow/example_dags/example_setup_teardown_taskflow.py
[2023-11-04T21:37:00.430+0400] {processor.py:829} INFO - Processing file /home/pyretttt/repos/mlops4/env/lib/python3.10/site-packages/airflow/example_dags/example_setup_teardown_taskflow.py for tasks to queue
[2023-11-04T21:37:00.431+0400] {logging_mixin.py:151} INFO - [2023-11-04T21:37:00.431+0400] {dagbag.py:536} INFO - Filling up the DagBag from /home/pyretttt/repos/mlops4/env/lib/python3.10/site-packages/airflow/example_dags/example_setup_teardown_taskflow.py
[2023-11-04T21:37:00.442+0400] {processor.py:839} INFO - DAG(s) dict_keys(['example_setup_teardown_taskflow']) retrieved from /home/pyretttt/repos/mlops4/env/lib/python3.10/site-packages/airflow/example_dags/example_setup_teardown_taskflow.py
[2023-11-04T21:37:00.458+0400] {logging_mixin.py:151} INFO - [2023-11-04T21:37:00.458+0400] {dag.py:2941} INFO - Sync 1 DAGs
[2023-11-04T21:37:00.471+0400] {logging_mixin.py:151} INFO - [2023-11-04T21:37:00.471+0400] {dag.py:3722} INFO - Setting next_dagrun for example_setup_teardown_taskflow to 2023-11-03T17:37:00.471305+00:00, run_after=2023-11-04T17:37:00.471305+00:00
[2023-11-04T21:37:00.483+0400] {processor.py:179} INFO - Processing /home/pyretttt/repos/mlops4/env/lib/python3.10/site-packages/airflow/example_dags/example_setup_teardown_taskflow.py took 0.059 seconds
[2023-11-04T21:37:40.193+0400] {processor.py:157} INFO - Started process (PID=38925) to work on /home/pyretttt/repos/mlops4/env/lib/python3.10/site-packages/airflow/example_dags/example_setup_teardown_taskflow.py
[2023-11-04T21:37:40.195+0400] {processor.py:829} INFO - Processing file /home/pyretttt/repos/mlops4/env/lib/python3.10/site-packages/airflow/example_dags/example_setup_teardown_taskflow.py for tasks to queue
[2023-11-04T21:37:40.197+0400] {logging_mixin.py:151} INFO - [2023-11-04T21:37:40.196+0400] {dagbag.py:536} INFO - Filling up the DagBag from /home/pyretttt/repos/mlops4/env/lib/python3.10/site-packages/airflow/example_dags/example_setup_teardown_taskflow.py
[2023-11-04T21:37:40.208+0400] {processor.py:839} INFO - DAG(s) dict_keys(['example_setup_teardown_taskflow']) retrieved from /home/pyretttt/repos/mlops4/env/lib/python3.10/site-packages/airflow/example_dags/example_setup_teardown_taskflow.py
[2023-11-04T21:37:40.225+0400] {logging_mixin.py:151} INFO - [2023-11-04T21:37:40.225+0400] {dag.py:2941} INFO - Sync 1 DAGs
[2023-11-04T21:37:40.238+0400] {logging_mixin.py:151} INFO - [2023-11-04T21:37:40.238+0400] {dag.py:3722} INFO - Setting next_dagrun for example_setup_teardown_taskflow to 2023-11-03T17:37:40.238452+00:00, run_after=2023-11-04T17:37:40.238452+00:00
[2023-11-04T21:37:40.250+0400] {processor.py:179} INFO - Processing /home/pyretttt/repos/mlops4/env/lib/python3.10/site-packages/airflow/example_dags/example_setup_teardown_taskflow.py took 0.061 seconds
[2023-11-04T21:38:21.964+0400] {processor.py:157} INFO - Started process (PID=38964) to work on /home/pyretttt/repos/mlops4/env/lib/python3.10/site-packages/airflow/example_dags/example_setup_teardown_taskflow.py
[2023-11-04T21:38:21.966+0400] {processor.py:829} INFO - Processing file /home/pyretttt/repos/mlops4/env/lib/python3.10/site-packages/airflow/example_dags/example_setup_teardown_taskflow.py for tasks to queue
[2023-11-04T21:38:21.967+0400] {logging_mixin.py:151} INFO - [2023-11-04T21:38:21.966+0400] {dagbag.py:536} INFO - Filling up the DagBag from /home/pyretttt/repos/mlops4/env/lib/python3.10/site-packages/airflow/example_dags/example_setup_teardown_taskflow.py
[2023-11-04T21:38:21.979+0400] {processor.py:839} INFO - DAG(s) dict_keys(['example_setup_teardown_taskflow']) retrieved from /home/pyretttt/repos/mlops4/env/lib/python3.10/site-packages/airflow/example_dags/example_setup_teardown_taskflow.py
[2023-11-04T21:38:21.996+0400] {logging_mixin.py:151} INFO - [2023-11-04T21:38:21.996+0400] {dag.py:2941} INFO - Sync 1 DAGs
[2023-11-04T21:38:22.009+0400] {logging_mixin.py:151} INFO - [2023-11-04T21:38:22.008+0400] {dag.py:3722} INFO - Setting next_dagrun for example_setup_teardown_taskflow to 2023-11-03T17:38:22.008684+00:00, run_after=2023-11-04T17:38:22.008684+00:00
[2023-11-04T21:38:22.020+0400] {processor.py:179} INFO - Processing /home/pyretttt/repos/mlops4/env/lib/python3.10/site-packages/airflow/example_dags/example_setup_teardown_taskflow.py took 0.061 seconds
[2023-11-04T21:39:04.273+0400] {processor.py:157} INFO - Started process (PID=39004) to work on /home/pyretttt/repos/mlops4/env/lib/python3.10/site-packages/airflow/example_dags/example_setup_teardown_taskflow.py
[2023-11-04T21:39:04.275+0400] {processor.py:829} INFO - Processing file /home/pyretttt/repos/mlops4/env/lib/python3.10/site-packages/airflow/example_dags/example_setup_teardown_taskflow.py for tasks to queue
[2023-11-04T21:39:04.276+0400] {logging_mixin.py:151} INFO - [2023-11-04T21:39:04.275+0400] {dagbag.py:536} INFO - Filling up the DagBag from /home/pyretttt/repos/mlops4/env/lib/python3.10/site-packages/airflow/example_dags/example_setup_teardown_taskflow.py
[2023-11-04T21:39:04.287+0400] {processor.py:839} INFO - DAG(s) dict_keys(['example_setup_teardown_taskflow']) retrieved from /home/pyretttt/repos/mlops4/env/lib/python3.10/site-packages/airflow/example_dags/example_setup_teardown_taskflow.py
[2023-11-04T21:39:04.304+0400] {logging_mixin.py:151} INFO - [2023-11-04T21:39:04.303+0400] {dag.py:2941} INFO - Sync 1 DAGs
[2023-11-04T21:39:04.315+0400] {logging_mixin.py:151} INFO - [2023-11-04T21:39:04.315+0400] {dag.py:3722} INFO - Setting next_dagrun for example_setup_teardown_taskflow to 2023-11-03T17:39:04.315704+00:00, run_after=2023-11-04T17:39:04.315704+00:00
[2023-11-04T21:39:04.327+0400] {processor.py:179} INFO - Processing /home/pyretttt/repos/mlops4/env/lib/python3.10/site-packages/airflow/example_dags/example_setup_teardown_taskflow.py took 0.059 seconds
[2023-11-04T21:39:43.504+0400] {processor.py:157} INFO - Started process (PID=39042) to work on /home/pyretttt/repos/mlops4/env/lib/python3.10/site-packages/airflow/example_dags/example_setup_teardown_taskflow.py
[2023-11-04T21:39:43.506+0400] {processor.py:829} INFO - Processing file /home/pyretttt/repos/mlops4/env/lib/python3.10/site-packages/airflow/example_dags/example_setup_teardown_taskflow.py for tasks to queue
[2023-11-04T21:39:43.507+0400] {logging_mixin.py:151} INFO - [2023-11-04T21:39:43.507+0400] {dagbag.py:536} INFO - Filling up the DagBag from /home/pyretttt/repos/mlops4/env/lib/python3.10/site-packages/airflow/example_dags/example_setup_teardown_taskflow.py
[2023-11-04T21:39:43.519+0400] {processor.py:839} INFO - DAG(s) dict_keys(['example_setup_teardown_taskflow']) retrieved from /home/pyretttt/repos/mlops4/env/lib/python3.10/site-packages/airflow/example_dags/example_setup_teardown_taskflow.py
[2023-11-04T21:39:43.537+0400] {logging_mixin.py:151} INFO - [2023-11-04T21:39:43.537+0400] {dag.py:2941} INFO - Sync 1 DAGs
[2023-11-04T21:39:43.551+0400] {logging_mixin.py:151} INFO - [2023-11-04T21:39:43.551+0400] {dag.py:3722} INFO - Setting next_dagrun for example_setup_teardown_taskflow to 2023-11-03T17:39:43.551309+00:00, run_after=2023-11-04T17:39:43.551309+00:00
[2023-11-04T21:39:43.585+0400] {processor.py:179} INFO - Processing /home/pyretttt/repos/mlops4/env/lib/python3.10/site-packages/airflow/example_dags/example_setup_teardown_taskflow.py took 0.085 seconds
[2023-11-04T21:40:21.875+0400] {processor.py:157} INFO - Started process (PID=39079) to work on /home/pyretttt/repos/mlops4/env/lib/python3.10/site-packages/airflow/example_dags/example_setup_teardown_taskflow.py
[2023-11-04T21:40:21.876+0400] {processor.py:829} INFO - Processing file /home/pyretttt/repos/mlops4/env/lib/python3.10/site-packages/airflow/example_dags/example_setup_teardown_taskflow.py for tasks to queue
[2023-11-04T21:40:21.878+0400] {logging_mixin.py:151} INFO - [2023-11-04T21:40:21.877+0400] {dagbag.py:536} INFO - Filling up the DagBag from /home/pyretttt/repos/mlops4/env/lib/python3.10/site-packages/airflow/example_dags/example_setup_teardown_taskflow.py
[2023-11-04T21:40:21.889+0400] {processor.py:839} INFO - DAG(s) dict_keys(['example_setup_teardown_taskflow']) retrieved from /home/pyretttt/repos/mlops4/env/lib/python3.10/site-packages/airflow/example_dags/example_setup_teardown_taskflow.py
[2023-11-04T21:40:21.905+0400] {logging_mixin.py:151} INFO - [2023-11-04T21:40:21.905+0400] {dag.py:2941} INFO - Sync 1 DAGs
[2023-11-04T21:40:21.918+0400] {logging_mixin.py:151} INFO - [2023-11-04T21:40:21.918+0400] {dag.py:3722} INFO - Setting next_dagrun for example_setup_teardown_taskflow to 2023-11-03T17:40:21.917864+00:00, run_after=2023-11-04T17:40:21.917864+00:00
[2023-11-04T21:40:21.930+0400] {processor.py:179} INFO - Processing /home/pyretttt/repos/mlops4/env/lib/python3.10/site-packages/airflow/example_dags/example_setup_teardown_taskflow.py took 0.059 seconds
[2023-11-04T21:41:04.754+0400] {processor.py:157} INFO - Started process (PID=39118) to work on /home/pyretttt/repos/mlops4/env/lib/python3.10/site-packages/airflow/example_dags/example_setup_teardown_taskflow.py
[2023-11-04T21:41:04.756+0400] {processor.py:829} INFO - Processing file /home/pyretttt/repos/mlops4/env/lib/python3.10/site-packages/airflow/example_dags/example_setup_teardown_taskflow.py for tasks to queue
[2023-11-04T21:41:04.757+0400] {logging_mixin.py:151} INFO - [2023-11-04T21:41:04.756+0400] {dagbag.py:536} INFO - Filling up the DagBag from /home/pyretttt/repos/mlops4/env/lib/python3.10/site-packages/airflow/example_dags/example_setup_teardown_taskflow.py
[2023-11-04T21:41:04.768+0400] {processor.py:839} INFO - DAG(s) dict_keys(['example_setup_teardown_taskflow']) retrieved from /home/pyretttt/repos/mlops4/env/lib/python3.10/site-packages/airflow/example_dags/example_setup_teardown_taskflow.py
[2023-11-04T21:41:04.787+0400] {logging_mixin.py:151} INFO - [2023-11-04T21:41:04.786+0400] {dag.py:2941} INFO - Sync 1 DAGs
[2023-11-04T21:41:04.805+0400] {logging_mixin.py:151} INFO - [2023-11-04T21:41:04.804+0400] {dag.py:3722} INFO - Setting next_dagrun for example_setup_teardown_taskflow to 2023-11-03T17:41:04.804480+00:00, run_after=2023-11-04T17:41:04.804480+00:00
[2023-11-04T21:41:04.822+0400] {processor.py:179} INFO - Processing /home/pyretttt/repos/mlops4/env/lib/python3.10/site-packages/airflow/example_dags/example_setup_teardown_taskflow.py took 0.072 seconds
[2023-11-04T21:41:53.187+0400] {processor.py:157} INFO - Started process (PID=39160) to work on /home/pyretttt/repos/mlops4/env/lib/python3.10/site-packages/airflow/example_dags/example_setup_teardown_taskflow.py
[2023-11-04T21:41:53.191+0400] {processor.py:829} INFO - Processing file /home/pyretttt/repos/mlops4/env/lib/python3.10/site-packages/airflow/example_dags/example_setup_teardown_taskflow.py for tasks to queue
[2023-11-04T21:41:53.193+0400] {logging_mixin.py:151} INFO - [2023-11-04T21:41:53.192+0400] {dagbag.py:536} INFO - Filling up the DagBag from /home/pyretttt/repos/mlops4/env/lib/python3.10/site-packages/airflow/example_dags/example_setup_teardown_taskflow.py
[2023-11-04T21:41:53.207+0400] {processor.py:839} INFO - DAG(s) dict_keys(['example_setup_teardown_taskflow']) retrieved from /home/pyretttt/repos/mlops4/env/lib/python3.10/site-packages/airflow/example_dags/example_setup_teardown_taskflow.py
[2023-11-04T21:41:53.227+0400] {logging_mixin.py:151} INFO - [2023-11-04T21:41:53.226+0400] {dag.py:2941} INFO - Sync 1 DAGs
[2023-11-04T21:41:53.240+0400] {logging_mixin.py:151} INFO - [2023-11-04T21:41:53.240+0400] {dag.py:3722} INFO - Setting next_dagrun for example_setup_teardown_taskflow to 2023-11-03T17:41:53.240512+00:00, run_after=2023-11-04T17:41:53.240512+00:00
[2023-11-04T21:41:53.250+0400] {processor.py:179} INFO - Processing /home/pyretttt/repos/mlops4/env/lib/python3.10/site-packages/airflow/example_dags/example_setup_teardown_taskflow.py took 0.070 seconds
[2023-11-04T21:42:31.992+0400] {processor.py:157} INFO - Started process (PID=39200) to work on /home/pyretttt/repos/mlops4/env/lib/python3.10/site-packages/airflow/example_dags/example_setup_teardown_taskflow.py
[2023-11-04T21:42:31.994+0400] {processor.py:829} INFO - Processing file /home/pyretttt/repos/mlops4/env/lib/python3.10/site-packages/airflow/example_dags/example_setup_teardown_taskflow.py for tasks to queue
[2023-11-04T21:42:31.996+0400] {logging_mixin.py:151} INFO - [2023-11-04T21:42:31.995+0400] {dagbag.py:536} INFO - Filling up the DagBag from /home/pyretttt/repos/mlops4/env/lib/python3.10/site-packages/airflow/example_dags/example_setup_teardown_taskflow.py
[2023-11-04T21:42:32.007+0400] {processor.py:839} INFO - DAG(s) dict_keys(['example_setup_teardown_taskflow']) retrieved from /home/pyretttt/repos/mlops4/env/lib/python3.10/site-packages/airflow/example_dags/example_setup_teardown_taskflow.py
[2023-11-04T21:42:32.023+0400] {logging_mixin.py:151} INFO - [2023-11-04T21:42:32.023+0400] {dag.py:2941} INFO - Sync 1 DAGs
[2023-11-04T21:42:32.035+0400] {logging_mixin.py:151} INFO - [2023-11-04T21:42:32.035+0400] {dag.py:3722} INFO - Setting next_dagrun for example_setup_teardown_taskflow to 2023-11-03T17:42:32.035642+00:00, run_after=2023-11-04T17:42:32.035642+00:00
[2023-11-04T21:42:32.047+0400] {processor.py:179} INFO - Processing /home/pyretttt/repos/mlops4/env/lib/python3.10/site-packages/airflow/example_dags/example_setup_teardown_taskflow.py took 0.059 seconds
[2023-11-04T21:43:23.906+0400] {processor.py:157} INFO - Started process (PID=39253) to work on /home/pyretttt/repos/mlops4/env/lib/python3.10/site-packages/airflow/example_dags/example_setup_teardown_taskflow.py
[2023-11-04T21:43:23.908+0400] {processor.py:829} INFO - Processing file /home/pyretttt/repos/mlops4/env/lib/python3.10/site-packages/airflow/example_dags/example_setup_teardown_taskflow.py for tasks to queue
[2023-11-04T21:43:23.909+0400] {logging_mixin.py:151} INFO - [2023-11-04T21:43:23.908+0400] {dagbag.py:536} INFO - Filling up the DagBag from /home/pyretttt/repos/mlops4/env/lib/python3.10/site-packages/airflow/example_dags/example_setup_teardown_taskflow.py
[2023-11-04T21:43:23.922+0400] {processor.py:839} INFO - DAG(s) dict_keys(['example_setup_teardown_taskflow']) retrieved from /home/pyretttt/repos/mlops4/env/lib/python3.10/site-packages/airflow/example_dags/example_setup_teardown_taskflow.py
[2023-11-04T21:43:23.939+0400] {logging_mixin.py:151} INFO - [2023-11-04T21:43:23.939+0400] {dag.py:2941} INFO - Sync 1 DAGs
[2023-11-04T21:43:23.951+0400] {logging_mixin.py:151} INFO - [2023-11-04T21:43:23.951+0400] {dag.py:3722} INFO - Setting next_dagrun for example_setup_teardown_taskflow to 2023-11-03T17:43:23.951252+00:00, run_after=2023-11-04T17:43:23.951252+00:00
[2023-11-04T21:43:23.962+0400] {processor.py:179} INFO - Processing /home/pyretttt/repos/mlops4/env/lib/python3.10/site-packages/airflow/example_dags/example_setup_teardown_taskflow.py took 0.061 seconds
[2023-11-04T21:44:15.872+0400] {processor.py:157} INFO - Started process (PID=39305) to work on /home/pyretttt/repos/mlops4/env/lib/python3.10/site-packages/airflow/example_dags/example_setup_teardown_taskflow.py
[2023-11-04T21:44:15.874+0400] {processor.py:829} INFO - Processing file /home/pyretttt/repos/mlops4/env/lib/python3.10/site-packages/airflow/example_dags/example_setup_teardown_taskflow.py for tasks to queue
[2023-11-04T21:44:15.876+0400] {logging_mixin.py:151} INFO - [2023-11-04T21:44:15.875+0400] {dagbag.py:536} INFO - Filling up the DagBag from /home/pyretttt/repos/mlops4/env/lib/python3.10/site-packages/airflow/example_dags/example_setup_teardown_taskflow.py
[2023-11-04T21:44:15.886+0400] {processor.py:839} INFO - DAG(s) dict_keys(['example_setup_teardown_taskflow']) retrieved from /home/pyretttt/repos/mlops4/env/lib/python3.10/site-packages/airflow/example_dags/example_setup_teardown_taskflow.py
[2023-11-04T21:44:15.902+0400] {logging_mixin.py:151} INFO - [2023-11-04T21:44:15.902+0400] {dag.py:2941} INFO - Sync 1 DAGs
[2023-11-04T21:44:15.915+0400] {logging_mixin.py:151} INFO - [2023-11-04T21:44:15.915+0400] {dag.py:3722} INFO - Setting next_dagrun for example_setup_teardown_taskflow to 2023-11-03T17:44:15.914862+00:00, run_after=2023-11-04T17:44:15.914862+00:00
[2023-11-04T21:44:15.927+0400] {processor.py:179} INFO - Processing /home/pyretttt/repos/mlops4/env/lib/python3.10/site-packages/airflow/example_dags/example_setup_teardown_taskflow.py took 0.058 seconds
[2023-11-04T21:45:12.049+0400] {processor.py:157} INFO - Started process (PID=39360) to work on /home/pyretttt/repos/mlops4/env/lib/python3.10/site-packages/airflow/example_dags/example_setup_teardown_taskflow.py
[2023-11-04T21:45:12.050+0400] {processor.py:829} INFO - Processing file /home/pyretttt/repos/mlops4/env/lib/python3.10/site-packages/airflow/example_dags/example_setup_teardown_taskflow.py for tasks to queue
[2023-11-04T21:45:12.051+0400] {logging_mixin.py:151} INFO - [2023-11-04T21:45:12.050+0400] {dagbag.py:536} INFO - Filling up the DagBag from /home/pyretttt/repos/mlops4/env/lib/python3.10/site-packages/airflow/example_dags/example_setup_teardown_taskflow.py
[2023-11-04T21:45:12.064+0400] {processor.py:839} INFO - DAG(s) dict_keys(['example_setup_teardown_taskflow']) retrieved from /home/pyretttt/repos/mlops4/env/lib/python3.10/site-packages/airflow/example_dags/example_setup_teardown_taskflow.py
[2023-11-04T21:45:12.078+0400] {logging_mixin.py:151} INFO - [2023-11-04T21:45:12.078+0400] {dag.py:2941} INFO - Sync 1 DAGs
[2023-11-04T21:45:12.089+0400] {logging_mixin.py:151} INFO - [2023-11-04T21:45:12.089+0400] {dag.py:3722} INFO - Setting next_dagrun for example_setup_teardown_taskflow to 2023-11-03T17:45:12.088796+00:00, run_after=2023-11-04T17:45:12.088796+00:00
[2023-11-04T21:45:12.101+0400] {processor.py:179} INFO - Processing /home/pyretttt/repos/mlops4/env/lib/python3.10/site-packages/airflow/example_dags/example_setup_teardown_taskflow.py took 0.057 seconds
[2023-11-04T21:46:05.250+0400] {processor.py:157} INFO - Started process (PID=39413) to work on /home/pyretttt/repos/mlops4/env/lib/python3.10/site-packages/airflow/example_dags/example_setup_teardown_taskflow.py
[2023-11-04T21:46:05.252+0400] {processor.py:829} INFO - Processing file /home/pyretttt/repos/mlops4/env/lib/python3.10/site-packages/airflow/example_dags/example_setup_teardown_taskflow.py for tasks to queue
[2023-11-04T21:46:05.254+0400] {logging_mixin.py:151} INFO - [2023-11-04T21:46:05.253+0400] {dagbag.py:536} INFO - Filling up the DagBag from /home/pyretttt/repos/mlops4/env/lib/python3.10/site-packages/airflow/example_dags/example_setup_teardown_taskflow.py
[2023-11-04T21:46:05.265+0400] {processor.py:839} INFO - DAG(s) dict_keys(['example_setup_teardown_taskflow']) retrieved from /home/pyretttt/repos/mlops4/env/lib/python3.10/site-packages/airflow/example_dags/example_setup_teardown_taskflow.py
[2023-11-04T21:46:05.281+0400] {logging_mixin.py:151} INFO - [2023-11-04T21:46:05.281+0400] {dag.py:2941} INFO - Sync 1 DAGs
[2023-11-04T21:46:05.294+0400] {logging_mixin.py:151} INFO - [2023-11-04T21:46:05.294+0400] {dag.py:3722} INFO - Setting next_dagrun for example_setup_teardown_taskflow to 2023-11-03T17:46:05.294478+00:00, run_after=2023-11-04T17:46:05.294478+00:00
[2023-11-04T21:46:05.306+0400] {processor.py:179} INFO - Processing /home/pyretttt/repos/mlops4/env/lib/python3.10/site-packages/airflow/example_dags/example_setup_teardown_taskflow.py took 0.061 seconds
[2023-11-04T21:46:58.859+0400] {processor.py:157} INFO - Started process (PID=39467) to work on /home/pyretttt/repos/mlops4/env/lib/python3.10/site-packages/airflow/example_dags/example_setup_teardown_taskflow.py
[2023-11-04T21:46:58.860+0400] {processor.py:829} INFO - Processing file /home/pyretttt/repos/mlops4/env/lib/python3.10/site-packages/airflow/example_dags/example_setup_teardown_taskflow.py for tasks to queue
[2023-11-04T21:46:58.862+0400] {logging_mixin.py:151} INFO - [2023-11-04T21:46:58.861+0400] {dagbag.py:536} INFO - Filling up the DagBag from /home/pyretttt/repos/mlops4/env/lib/python3.10/site-packages/airflow/example_dags/example_setup_teardown_taskflow.py
[2023-11-04T21:46:58.873+0400] {processor.py:839} INFO - DAG(s) dict_keys(['example_setup_teardown_taskflow']) retrieved from /home/pyretttt/repos/mlops4/env/lib/python3.10/site-packages/airflow/example_dags/example_setup_teardown_taskflow.py
[2023-11-04T21:46:58.890+0400] {logging_mixin.py:151} INFO - [2023-11-04T21:46:58.890+0400] {dag.py:2941} INFO - Sync 1 DAGs
[2023-11-04T21:46:58.903+0400] {logging_mixin.py:151} INFO - [2023-11-04T21:46:58.903+0400] {dag.py:3722} INFO - Setting next_dagrun for example_setup_teardown_taskflow to 2023-11-03T17:46:58.903546+00:00, run_after=2023-11-04T17:46:58.903546+00:00
[2023-11-04T21:46:58.916+0400] {processor.py:179} INFO - Processing /home/pyretttt/repos/mlops4/env/lib/python3.10/site-packages/airflow/example_dags/example_setup_teardown_taskflow.py took 0.062 seconds
[2023-11-04T21:47:48.424+0400] {processor.py:157} INFO - Started process (PID=39518) to work on /home/pyretttt/repos/mlops4/env/lib/python3.10/site-packages/airflow/example_dags/example_setup_teardown_taskflow.py
[2023-11-04T21:47:48.425+0400] {processor.py:829} INFO - Processing file /home/pyretttt/repos/mlops4/env/lib/python3.10/site-packages/airflow/example_dags/example_setup_teardown_taskflow.py for tasks to queue
[2023-11-04T21:47:48.426+0400] {logging_mixin.py:151} INFO - [2023-11-04T21:47:48.426+0400] {dagbag.py:536} INFO - Filling up the DagBag from /home/pyretttt/repos/mlops4/env/lib/python3.10/site-packages/airflow/example_dags/example_setup_teardown_taskflow.py
[2023-11-04T21:47:48.436+0400] {processor.py:839} INFO - DAG(s) dict_keys(['example_setup_teardown_taskflow']) retrieved from /home/pyretttt/repos/mlops4/env/lib/python3.10/site-packages/airflow/example_dags/example_setup_teardown_taskflow.py
[2023-11-04T21:47:48.453+0400] {logging_mixin.py:151} INFO - [2023-11-04T21:47:48.453+0400] {dag.py:2941} INFO - Sync 1 DAGs
[2023-11-04T21:47:48.468+0400] {logging_mixin.py:151} INFO - [2023-11-04T21:47:48.468+0400] {dag.py:3722} INFO - Setting next_dagrun for example_setup_teardown_taskflow to 2023-11-03T17:47:48.468456+00:00, run_after=2023-11-04T17:47:48.468456+00:00
[2023-11-04T21:47:48.484+0400] {processor.py:179} INFO - Processing /home/pyretttt/repos/mlops4/env/lib/python3.10/site-packages/airflow/example_dags/example_setup_teardown_taskflow.py took 0.062 seconds
[2023-11-04T21:48:35.053+0400] {processor.py:157} INFO - Started process (PID=39567) to work on /home/pyretttt/repos/mlops4/env/lib/python3.10/site-packages/airflow/example_dags/example_setup_teardown_taskflow.py
[2023-11-04T21:48:35.055+0400] {processor.py:829} INFO - Processing file /home/pyretttt/repos/mlops4/env/lib/python3.10/site-packages/airflow/example_dags/example_setup_teardown_taskflow.py for tasks to queue
[2023-11-04T21:48:35.056+0400] {logging_mixin.py:151} INFO - [2023-11-04T21:48:35.055+0400] {dagbag.py:536} INFO - Filling up the DagBag from /home/pyretttt/repos/mlops4/env/lib/python3.10/site-packages/airflow/example_dags/example_setup_teardown_taskflow.py
[2023-11-04T21:48:35.068+0400] {processor.py:839} INFO - DAG(s) dict_keys(['example_setup_teardown_taskflow']) retrieved from /home/pyretttt/repos/mlops4/env/lib/python3.10/site-packages/airflow/example_dags/example_setup_teardown_taskflow.py
[2023-11-04T21:48:35.084+0400] {logging_mixin.py:151} INFO - [2023-11-04T21:48:35.084+0400] {dag.py:2941} INFO - Sync 1 DAGs
[2023-11-04T21:48:35.097+0400] {logging_mixin.py:151} INFO - [2023-11-04T21:48:35.097+0400] {dag.py:3722} INFO - Setting next_dagrun for example_setup_teardown_taskflow to 2023-11-03T17:48:35.097420+00:00, run_after=2023-11-04T17:48:35.097420+00:00
[2023-11-04T21:48:35.109+0400] {processor.py:179} INFO - Processing /home/pyretttt/repos/mlops4/env/lib/python3.10/site-packages/airflow/example_dags/example_setup_teardown_taskflow.py took 0.061 seconds
[2023-11-04T21:49:28.201+0400] {processor.py:157} INFO - Started process (PID=39619) to work on /home/pyretttt/repos/mlops4/env/lib/python3.10/site-packages/airflow/example_dags/example_setup_teardown_taskflow.py
[2023-11-04T21:49:28.203+0400] {processor.py:829} INFO - Processing file /home/pyretttt/repos/mlops4/env/lib/python3.10/site-packages/airflow/example_dags/example_setup_teardown_taskflow.py for tasks to queue
[2023-11-04T21:49:28.205+0400] {logging_mixin.py:151} INFO - [2023-11-04T21:49:28.204+0400] {dagbag.py:536} INFO - Filling up the DagBag from /home/pyretttt/repos/mlops4/env/lib/python3.10/site-packages/airflow/example_dags/example_setup_teardown_taskflow.py
[2023-11-04T21:49:28.216+0400] {processor.py:839} INFO - DAG(s) dict_keys(['example_setup_teardown_taskflow']) retrieved from /home/pyretttt/repos/mlops4/env/lib/python3.10/site-packages/airflow/example_dags/example_setup_teardown_taskflow.py
[2023-11-04T21:49:28.233+0400] {logging_mixin.py:151} INFO - [2023-11-04T21:49:28.233+0400] {dag.py:2941} INFO - Sync 1 DAGs
[2023-11-04T21:49:28.246+0400] {logging_mixin.py:151} INFO - [2023-11-04T21:49:28.246+0400] {dag.py:3722} INFO - Setting next_dagrun for example_setup_teardown_taskflow to 2023-11-03T17:49:28.246203+00:00, run_after=2023-11-04T17:49:28.246203+00:00
[2023-11-04T21:49:28.257+0400] {processor.py:179} INFO - Processing /home/pyretttt/repos/mlops4/env/lib/python3.10/site-packages/airflow/example_dags/example_setup_teardown_taskflow.py took 0.060 seconds
[2023-11-04T21:50:24.068+0400] {processor.py:157} INFO - Started process (PID=39675) to work on /home/pyretttt/repos/mlops4/env/lib/python3.10/site-packages/airflow/example_dags/example_setup_teardown_taskflow.py
[2023-11-04T21:50:24.070+0400] {processor.py:829} INFO - Processing file /home/pyretttt/repos/mlops4/env/lib/python3.10/site-packages/airflow/example_dags/example_setup_teardown_taskflow.py for tasks to queue
[2023-11-04T21:50:24.071+0400] {logging_mixin.py:151} INFO - [2023-11-04T21:50:24.070+0400] {dagbag.py:536} INFO - Filling up the DagBag from /home/pyretttt/repos/mlops4/env/lib/python3.10/site-packages/airflow/example_dags/example_setup_teardown_taskflow.py
[2023-11-04T21:50:24.084+0400] {processor.py:839} INFO - DAG(s) dict_keys(['example_setup_teardown_taskflow']) retrieved from /home/pyretttt/repos/mlops4/env/lib/python3.10/site-packages/airflow/example_dags/example_setup_teardown_taskflow.py
[2023-11-04T21:50:24.104+0400] {logging_mixin.py:151} INFO - [2023-11-04T21:50:24.104+0400] {dag.py:2941} INFO - Sync 1 DAGs
[2023-11-04T21:50:24.118+0400] {logging_mixin.py:151} INFO - [2023-11-04T21:50:24.118+0400] {dag.py:3722} INFO - Setting next_dagrun for example_setup_teardown_taskflow to 2023-11-03T17:50:24.118348+00:00, run_after=2023-11-04T17:50:24.118348+00:00
[2023-11-04T21:50:24.129+0400] {processor.py:179} INFO - Processing /home/pyretttt/repos/mlops4/env/lib/python3.10/site-packages/airflow/example_dags/example_setup_teardown_taskflow.py took 0.067 seconds
[2023-11-04T21:51:16.211+0400] {processor.py:157} INFO - Started process (PID=39727) to work on /home/pyretttt/repos/mlops4/env/lib/python3.10/site-packages/airflow/example_dags/example_setup_teardown_taskflow.py
[2023-11-04T21:51:16.213+0400] {processor.py:829} INFO - Processing file /home/pyretttt/repos/mlops4/env/lib/python3.10/site-packages/airflow/example_dags/example_setup_teardown_taskflow.py for tasks to queue
[2023-11-04T21:51:16.214+0400] {logging_mixin.py:151} INFO - [2023-11-04T21:51:16.213+0400] {dagbag.py:536} INFO - Filling up the DagBag from /home/pyretttt/repos/mlops4/env/lib/python3.10/site-packages/airflow/example_dags/example_setup_teardown_taskflow.py
[2023-11-04T21:51:16.226+0400] {processor.py:839} INFO - DAG(s) dict_keys(['example_setup_teardown_taskflow']) retrieved from /home/pyretttt/repos/mlops4/env/lib/python3.10/site-packages/airflow/example_dags/example_setup_teardown_taskflow.py
[2023-11-04T21:51:16.244+0400] {logging_mixin.py:151} INFO - [2023-11-04T21:51:16.244+0400] {dag.py:2941} INFO - Sync 1 DAGs
[2023-11-04T21:51:16.259+0400] {logging_mixin.py:151} INFO - [2023-11-04T21:51:16.259+0400] {dag.py:3722} INFO - Setting next_dagrun for example_setup_teardown_taskflow to 2023-11-03T17:51:16.259259+00:00, run_after=2023-11-04T17:51:16.259259+00:00
[2023-11-04T21:51:16.270+0400] {processor.py:179} INFO - Processing /home/pyretttt/repos/mlops4/env/lib/python3.10/site-packages/airflow/example_dags/example_setup_teardown_taskflow.py took 0.065 seconds
[2023-11-04T21:52:05.949+0400] {processor.py:157} INFO - Started process (PID=39779) to work on /home/pyretttt/repos/mlops4/env/lib/python3.10/site-packages/airflow/example_dags/example_setup_teardown_taskflow.py
[2023-11-04T21:52:05.951+0400] {processor.py:829} INFO - Processing file /home/pyretttt/repos/mlops4/env/lib/python3.10/site-packages/airflow/example_dags/example_setup_teardown_taskflow.py for tasks to queue
[2023-11-04T21:52:05.952+0400] {logging_mixin.py:151} INFO - [2023-11-04T21:52:05.951+0400] {dagbag.py:536} INFO - Filling up the DagBag from /home/pyretttt/repos/mlops4/env/lib/python3.10/site-packages/airflow/example_dags/example_setup_teardown_taskflow.py
[2023-11-04T21:52:05.964+0400] {processor.py:839} INFO - DAG(s) dict_keys(['example_setup_teardown_taskflow']) retrieved from /home/pyretttt/repos/mlops4/env/lib/python3.10/site-packages/airflow/example_dags/example_setup_teardown_taskflow.py
[2023-11-04T21:52:05.981+0400] {logging_mixin.py:151} INFO - [2023-11-04T21:52:05.981+0400] {dag.py:2941} INFO - Sync 1 DAGs
[2023-11-04T21:52:05.993+0400] {logging_mixin.py:151} INFO - [2023-11-04T21:52:05.993+0400] {dag.py:3722} INFO - Setting next_dagrun for example_setup_teardown_taskflow to 2023-11-03T17:52:05.993271+00:00, run_after=2023-11-04T17:52:05.993271+00:00
[2023-11-04T21:52:06.004+0400] {processor.py:179} INFO - Processing /home/pyretttt/repos/mlops4/env/lib/python3.10/site-packages/airflow/example_dags/example_setup_teardown_taskflow.py took 0.061 seconds
[2023-11-04T21:52:56.899+0400] {processor.py:157} INFO - Started process (PID=39830) to work on /home/pyretttt/repos/mlops4/env/lib/python3.10/site-packages/airflow/example_dags/example_setup_teardown_taskflow.py
[2023-11-04T21:52:56.901+0400] {processor.py:829} INFO - Processing file /home/pyretttt/repos/mlops4/env/lib/python3.10/site-packages/airflow/example_dags/example_setup_teardown_taskflow.py for tasks to queue
[2023-11-04T21:52:56.903+0400] {logging_mixin.py:151} INFO - [2023-11-04T21:52:56.902+0400] {dagbag.py:536} INFO - Filling up the DagBag from /home/pyretttt/repos/mlops4/env/lib/python3.10/site-packages/airflow/example_dags/example_setup_teardown_taskflow.py
[2023-11-04T21:52:56.914+0400] {processor.py:839} INFO - DAG(s) dict_keys(['example_setup_teardown_taskflow']) retrieved from /home/pyretttt/repos/mlops4/env/lib/python3.10/site-packages/airflow/example_dags/example_setup_teardown_taskflow.py
[2023-11-04T21:52:56.930+0400] {logging_mixin.py:151} INFO - [2023-11-04T21:52:56.930+0400] {dag.py:2941} INFO - Sync 1 DAGs
[2023-11-04T21:52:56.943+0400] {logging_mixin.py:151} INFO - [2023-11-04T21:52:56.943+0400] {dag.py:3722} INFO - Setting next_dagrun for example_setup_teardown_taskflow to 2023-11-03T17:52:56.942844+00:00, run_after=2023-11-04T17:52:56.942844+00:00
[2023-11-04T21:52:56.954+0400] {processor.py:179} INFO - Processing /home/pyretttt/repos/mlops4/env/lib/python3.10/site-packages/airflow/example_dags/example_setup_teardown_taskflow.py took 0.060 seconds
[2023-11-04T21:53:34.512+0400] {processor.py:157} INFO - Started process (PID=39867) to work on /home/pyretttt/repos/mlops4/env/lib/python3.10/site-packages/airflow/example_dags/example_setup_teardown_taskflow.py
[2023-11-04T21:53:34.513+0400] {processor.py:829} INFO - Processing file /home/pyretttt/repos/mlops4/env/lib/python3.10/site-packages/airflow/example_dags/example_setup_teardown_taskflow.py for tasks to queue
[2023-11-04T21:53:34.515+0400] {logging_mixin.py:151} INFO - [2023-11-04T21:53:34.514+0400] {dagbag.py:536} INFO - Filling up the DagBag from /home/pyretttt/repos/mlops4/env/lib/python3.10/site-packages/airflow/example_dags/example_setup_teardown_taskflow.py
[2023-11-04T21:53:34.526+0400] {processor.py:839} INFO - DAG(s) dict_keys(['example_setup_teardown_taskflow']) retrieved from /home/pyretttt/repos/mlops4/env/lib/python3.10/site-packages/airflow/example_dags/example_setup_teardown_taskflow.py
[2023-11-04T21:53:34.544+0400] {logging_mixin.py:151} INFO - [2023-11-04T21:53:34.544+0400] {dag.py:2941} INFO - Sync 1 DAGs
[2023-11-04T21:53:34.560+0400] {logging_mixin.py:151} INFO - [2023-11-04T21:53:34.560+0400] {dag.py:3722} INFO - Setting next_dagrun for example_setup_teardown_taskflow to 2023-11-03T17:53:34.560346+00:00, run_after=2023-11-04T17:53:34.560346+00:00
[2023-11-04T21:53:34.572+0400] {processor.py:179} INFO - Processing /home/pyretttt/repos/mlops4/env/lib/python3.10/site-packages/airflow/example_dags/example_setup_teardown_taskflow.py took 0.066 seconds
[2023-11-04T21:54:27.481+0400] {processor.py:157} INFO - Started process (PID=39920) to work on /home/pyretttt/repos/mlops4/env/lib/python3.10/site-packages/airflow/example_dags/example_setup_teardown_taskflow.py
[2023-11-04T21:54:27.482+0400] {processor.py:829} INFO - Processing file /home/pyretttt/repos/mlops4/env/lib/python3.10/site-packages/airflow/example_dags/example_setup_teardown_taskflow.py for tasks to queue
[2023-11-04T21:54:27.484+0400] {logging_mixin.py:151} INFO - [2023-11-04T21:54:27.483+0400] {dagbag.py:536} INFO - Filling up the DagBag from /home/pyretttt/repos/mlops4/env/lib/python3.10/site-packages/airflow/example_dags/example_setup_teardown_taskflow.py
[2023-11-04T21:54:27.496+0400] {processor.py:839} INFO - DAG(s) dict_keys(['example_setup_teardown_taskflow']) retrieved from /home/pyretttt/repos/mlops4/env/lib/python3.10/site-packages/airflow/example_dags/example_setup_teardown_taskflow.py
[2023-11-04T21:54:27.512+0400] {logging_mixin.py:151} INFO - [2023-11-04T21:54:27.512+0400] {dag.py:2941} INFO - Sync 1 DAGs
[2023-11-04T21:54:27.524+0400] {logging_mixin.py:151} INFO - [2023-11-04T21:54:27.524+0400] {dag.py:3722} INFO - Setting next_dagrun for example_setup_teardown_taskflow to 2023-11-03T17:54:27.524366+00:00, run_after=2023-11-04T17:54:27.524366+00:00
[2023-11-04T21:54:27.535+0400] {processor.py:179} INFO - Processing /home/pyretttt/repos/mlops4/env/lib/python3.10/site-packages/airflow/example_dags/example_setup_teardown_taskflow.py took 0.059 seconds
[2023-11-04T21:55:17.834+0400] {processor.py:157} INFO - Started process (PID=39971) to work on /home/pyretttt/repos/mlops4/env/lib/python3.10/site-packages/airflow/example_dags/example_setup_teardown_taskflow.py
[2023-11-04T21:55:17.836+0400] {processor.py:829} INFO - Processing file /home/pyretttt/repos/mlops4/env/lib/python3.10/site-packages/airflow/example_dags/example_setup_teardown_taskflow.py for tasks to queue
[2023-11-04T21:55:17.838+0400] {logging_mixin.py:151} INFO - [2023-11-04T21:55:17.837+0400] {dagbag.py:536} INFO - Filling up the DagBag from /home/pyretttt/repos/mlops4/env/lib/python3.10/site-packages/airflow/example_dags/example_setup_teardown_taskflow.py
[2023-11-04T21:55:17.850+0400] {processor.py:839} INFO - DAG(s) dict_keys(['example_setup_teardown_taskflow']) retrieved from /home/pyretttt/repos/mlops4/env/lib/python3.10/site-packages/airflow/example_dags/example_setup_teardown_taskflow.py
[2023-11-04T21:55:17.866+0400] {logging_mixin.py:151} INFO - [2023-11-04T21:55:17.866+0400] {dag.py:2941} INFO - Sync 1 DAGs
[2023-11-04T21:55:17.883+0400] {logging_mixin.py:151} INFO - [2023-11-04T21:55:17.882+0400] {dag.py:3722} INFO - Setting next_dagrun for example_setup_teardown_taskflow to 2023-11-03T17:55:17.882684+00:00, run_after=2023-11-04T17:55:17.882684+00:00
[2023-11-04T21:55:17.898+0400] {processor.py:179} INFO - Processing /home/pyretttt/repos/mlops4/env/lib/python3.10/site-packages/airflow/example_dags/example_setup_teardown_taskflow.py took 0.068 seconds
[2023-11-04T21:56:07.812+0400] {processor.py:157} INFO - Started process (PID=40023) to work on /home/pyretttt/repos/mlops4/env/lib/python3.10/site-packages/airflow/example_dags/example_setup_teardown_taskflow.py
[2023-11-04T21:56:07.813+0400] {processor.py:829} INFO - Processing file /home/pyretttt/repos/mlops4/env/lib/python3.10/site-packages/airflow/example_dags/example_setup_teardown_taskflow.py for tasks to queue
[2023-11-04T21:56:07.815+0400] {logging_mixin.py:151} INFO - [2023-11-04T21:56:07.814+0400] {dagbag.py:536} INFO - Filling up the DagBag from /home/pyretttt/repos/mlops4/env/lib/python3.10/site-packages/airflow/example_dags/example_setup_teardown_taskflow.py
[2023-11-04T21:56:07.826+0400] {processor.py:839} INFO - DAG(s) dict_keys(['example_setup_teardown_taskflow']) retrieved from /home/pyretttt/repos/mlops4/env/lib/python3.10/site-packages/airflow/example_dags/example_setup_teardown_taskflow.py
[2023-11-04T21:56:07.846+0400] {logging_mixin.py:151} INFO - [2023-11-04T21:56:07.846+0400] {dag.py:2941} INFO - Sync 1 DAGs
[2023-11-04T21:56:07.859+0400] {logging_mixin.py:151} INFO - [2023-11-04T21:56:07.859+0400] {dag.py:3722} INFO - Setting next_dagrun for example_setup_teardown_taskflow to 2023-11-03T17:56:07.859339+00:00, run_after=2023-11-04T17:56:07.859339+00:00
[2023-11-04T21:56:07.871+0400] {processor.py:179} INFO - Processing /home/pyretttt/repos/mlops4/env/lib/python3.10/site-packages/airflow/example_dags/example_setup_teardown_taskflow.py took 0.064 seconds
[2023-11-04T21:57:01.999+0400] {processor.py:157} INFO - Started process (PID=40076) to work on /home/pyretttt/repos/mlops4/env/lib/python3.10/site-packages/airflow/example_dags/example_setup_teardown_taskflow.py
[2023-11-04T21:57:02.001+0400] {processor.py:829} INFO - Processing file /home/pyretttt/repos/mlops4/env/lib/python3.10/site-packages/airflow/example_dags/example_setup_teardown_taskflow.py for tasks to queue
[2023-11-04T21:57:02.003+0400] {logging_mixin.py:151} INFO - [2023-11-04T21:57:02.002+0400] {dagbag.py:536} INFO - Filling up the DagBag from /home/pyretttt/repos/mlops4/env/lib/python3.10/site-packages/airflow/example_dags/example_setup_teardown_taskflow.py
[2023-11-04T21:57:02.013+0400] {processor.py:839} INFO - DAG(s) dict_keys(['example_setup_teardown_taskflow']) retrieved from /home/pyretttt/repos/mlops4/env/lib/python3.10/site-packages/airflow/example_dags/example_setup_teardown_taskflow.py
[2023-11-04T21:57:02.029+0400] {logging_mixin.py:151} INFO - [2023-11-04T21:57:02.029+0400] {dag.py:2941} INFO - Sync 1 DAGs
[2023-11-04T21:57:02.041+0400] {logging_mixin.py:151} INFO - [2023-11-04T21:57:02.041+0400] {dag.py:3722} INFO - Setting next_dagrun for example_setup_teardown_taskflow to 2023-11-03T17:57:02.041633+00:00, run_after=2023-11-04T17:57:02.041633+00:00
[2023-11-04T21:57:02.053+0400] {processor.py:179} INFO - Processing /home/pyretttt/repos/mlops4/env/lib/python3.10/site-packages/airflow/example_dags/example_setup_teardown_taskflow.py took 0.058 seconds
[2023-11-04T21:57:39.130+0400] {processor.py:157} INFO - Started process (PID=40112) to work on /home/pyretttt/repos/mlops4/env/lib/python3.10/site-packages/airflow/example_dags/example_setup_teardown_taskflow.py
[2023-11-04T21:57:39.131+0400] {processor.py:829} INFO - Processing file /home/pyretttt/repos/mlops4/env/lib/python3.10/site-packages/airflow/example_dags/example_setup_teardown_taskflow.py for tasks to queue
[2023-11-04T21:57:39.132+0400] {logging_mixin.py:151} INFO - [2023-11-04T21:57:39.132+0400] {dagbag.py:536} INFO - Filling up the DagBag from /home/pyretttt/repos/mlops4/env/lib/python3.10/site-packages/airflow/example_dags/example_setup_teardown_taskflow.py
[2023-11-04T21:57:39.137+0400] {processor.py:839} INFO - DAG(s) dict_keys(['example_setup_teardown_taskflow']) retrieved from /home/pyretttt/repos/mlops4/env/lib/python3.10/site-packages/airflow/example_dags/example_setup_teardown_taskflow.py
[2023-11-04T21:57:39.146+0400] {logging_mixin.py:151} INFO - [2023-11-04T21:57:39.146+0400] {dag.py:2941} INFO - Sync 1 DAGs
[2023-11-04T21:57:39.155+0400] {logging_mixin.py:151} INFO - [2023-11-04T21:57:39.155+0400] {dag.py:3722} INFO - Setting next_dagrun for example_setup_teardown_taskflow to 2023-11-03T17:57:39.155352+00:00, run_after=2023-11-04T17:57:39.155352+00:00
[2023-11-04T21:57:39.167+0400] {processor.py:179} INFO - Processing /home/pyretttt/repos/mlops4/env/lib/python3.10/site-packages/airflow/example_dags/example_setup_teardown_taskflow.py took 0.041 seconds
[2023-11-04T21:58:31.538+0400] {processor.py:157} INFO - Started process (PID=40165) to work on /home/pyretttt/repos/mlops4/env/lib/python3.10/site-packages/airflow/example_dags/example_setup_teardown_taskflow.py
[2023-11-04T21:58:31.540+0400] {processor.py:829} INFO - Processing file /home/pyretttt/repos/mlops4/env/lib/python3.10/site-packages/airflow/example_dags/example_setup_teardown_taskflow.py for tasks to queue
[2023-11-04T21:58:31.541+0400] {logging_mixin.py:151} INFO - [2023-11-04T21:58:31.540+0400] {dagbag.py:536} INFO - Filling up the DagBag from /home/pyretttt/repos/mlops4/env/lib/python3.10/site-packages/airflow/example_dags/example_setup_teardown_taskflow.py
[2023-11-04T21:58:31.551+0400] {processor.py:839} INFO - DAG(s) dict_keys(['example_setup_teardown_taskflow']) retrieved from /home/pyretttt/repos/mlops4/env/lib/python3.10/site-packages/airflow/example_dags/example_setup_teardown_taskflow.py
[2023-11-04T21:58:31.568+0400] {logging_mixin.py:151} INFO - [2023-11-04T21:58:31.568+0400] {dag.py:2941} INFO - Sync 1 DAGs
[2023-11-04T21:58:31.586+0400] {logging_mixin.py:151} INFO - [2023-11-04T21:58:31.586+0400] {dag.py:3722} INFO - Setting next_dagrun for example_setup_teardown_taskflow to 2023-11-03T17:58:31.586589+00:00, run_after=2023-11-04T17:58:31.586589+00:00
[2023-11-04T21:58:31.603+0400] {processor.py:179} INFO - Processing /home/pyretttt/repos/mlops4/env/lib/python3.10/site-packages/airflow/example_dags/example_setup_teardown_taskflow.py took 0.068 seconds
[2023-11-04T21:59:09.060+0400] {processor.py:157} INFO - Started process (PID=40202) to work on /home/pyretttt/repos/mlops4/env/lib/python3.10/site-packages/airflow/example_dags/example_setup_teardown_taskflow.py
[2023-11-04T21:59:09.062+0400] {processor.py:829} INFO - Processing file /home/pyretttt/repos/mlops4/env/lib/python3.10/site-packages/airflow/example_dags/example_setup_teardown_taskflow.py for tasks to queue
[2023-11-04T21:59:09.063+0400] {logging_mixin.py:151} INFO - [2023-11-04T21:59:09.062+0400] {dagbag.py:536} INFO - Filling up the DagBag from /home/pyretttt/repos/mlops4/env/lib/python3.10/site-packages/airflow/example_dags/example_setup_teardown_taskflow.py
[2023-11-04T21:59:09.075+0400] {processor.py:839} INFO - DAG(s) dict_keys(['example_setup_teardown_taskflow']) retrieved from /home/pyretttt/repos/mlops4/env/lib/python3.10/site-packages/airflow/example_dags/example_setup_teardown_taskflow.py
[2023-11-04T21:59:09.091+0400] {logging_mixin.py:151} INFO - [2023-11-04T21:59:09.091+0400] {dag.py:2941} INFO - Sync 1 DAGs
[2023-11-04T21:59:09.103+0400] {logging_mixin.py:151} INFO - [2023-11-04T21:59:09.103+0400] {dag.py:3722} INFO - Setting next_dagrun for example_setup_teardown_taskflow to 2023-11-03T17:59:09.103277+00:00, run_after=2023-11-04T17:59:09.103277+00:00
[2023-11-04T21:59:09.114+0400] {processor.py:179} INFO - Processing /home/pyretttt/repos/mlops4/env/lib/python3.10/site-packages/airflow/example_dags/example_setup_teardown_taskflow.py took 0.059 seconds
[2023-11-04T22:00:02.803+0400] {processor.py:157} INFO - Started process (PID=40256) to work on /home/pyretttt/repos/mlops4/env/lib/python3.10/site-packages/airflow/example_dags/example_setup_teardown_taskflow.py
[2023-11-04T22:00:02.805+0400] {processor.py:829} INFO - Processing file /home/pyretttt/repos/mlops4/env/lib/python3.10/site-packages/airflow/example_dags/example_setup_teardown_taskflow.py for tasks to queue
[2023-11-04T22:00:02.806+0400] {logging_mixin.py:151} INFO - [2023-11-04T22:00:02.805+0400] {dagbag.py:536} INFO - Filling up the DagBag from /home/pyretttt/repos/mlops4/env/lib/python3.10/site-packages/airflow/example_dags/example_setup_teardown_taskflow.py
[2023-11-04T22:00:02.815+0400] {processor.py:839} INFO - DAG(s) dict_keys(['example_setup_teardown_taskflow']) retrieved from /home/pyretttt/repos/mlops4/env/lib/python3.10/site-packages/airflow/example_dags/example_setup_teardown_taskflow.py
[2023-11-04T22:00:02.829+0400] {logging_mixin.py:151} INFO - [2023-11-04T22:00:02.829+0400] {dag.py:2941} INFO - Sync 1 DAGs
[2023-11-04T22:00:02.841+0400] {logging_mixin.py:151} INFO - [2023-11-04T22:00:02.841+0400] {dag.py:3722} INFO - Setting next_dagrun for example_setup_teardown_taskflow to 2023-11-03T18:00:02.841497+00:00, run_after=2023-11-04T18:00:02.841497+00:00
[2023-11-04T22:00:02.854+0400] {processor.py:179} INFO - Processing /home/pyretttt/repos/mlops4/env/lib/python3.10/site-packages/airflow/example_dags/example_setup_teardown_taskflow.py took 0.055 seconds
[2023-11-04T22:00:52.137+0400] {processor.py:157} INFO - Started process (PID=40307) to work on /home/pyretttt/repos/mlops4/env/lib/python3.10/site-packages/airflow/example_dags/example_setup_teardown_taskflow.py
[2023-11-04T22:00:52.139+0400] {processor.py:829} INFO - Processing file /home/pyretttt/repos/mlops4/env/lib/python3.10/site-packages/airflow/example_dags/example_setup_teardown_taskflow.py for tasks to queue
[2023-11-04T22:00:52.140+0400] {logging_mixin.py:151} INFO - [2023-11-04T22:00:52.139+0400] {dagbag.py:536} INFO - Filling up the DagBag from /home/pyretttt/repos/mlops4/env/lib/python3.10/site-packages/airflow/example_dags/example_setup_teardown_taskflow.py
[2023-11-04T22:00:52.152+0400] {processor.py:839} INFO - DAG(s) dict_keys(['example_setup_teardown_taskflow']) retrieved from /home/pyretttt/repos/mlops4/env/lib/python3.10/site-packages/airflow/example_dags/example_setup_teardown_taskflow.py
[2023-11-04T22:00:52.170+0400] {logging_mixin.py:151} INFO - [2023-11-04T22:00:52.170+0400] {dag.py:2941} INFO - Sync 1 DAGs
[2023-11-04T22:00:52.187+0400] {logging_mixin.py:151} INFO - [2023-11-04T22:00:52.186+0400] {dag.py:3722} INFO - Setting next_dagrun for example_setup_teardown_taskflow to 2023-11-03T18:00:52.186628+00:00, run_after=2023-11-04T18:00:52.186628+00:00
[2023-11-04T22:00:52.199+0400] {processor.py:179} INFO - Processing /home/pyretttt/repos/mlops4/env/lib/python3.10/site-packages/airflow/example_dags/example_setup_teardown_taskflow.py took 0.066 seconds
[2023-11-04T22:01:40.701+0400] {processor.py:157} INFO - Started process (PID=40356) to work on /home/pyretttt/repos/mlops4/env/lib/python3.10/site-packages/airflow/example_dags/example_setup_teardown_taskflow.py
[2023-11-04T22:01:40.703+0400] {processor.py:829} INFO - Processing file /home/pyretttt/repos/mlops4/env/lib/python3.10/site-packages/airflow/example_dags/example_setup_teardown_taskflow.py for tasks to queue
[2023-11-04T22:01:40.705+0400] {logging_mixin.py:151} INFO - [2023-11-04T22:01:40.704+0400] {dagbag.py:536} INFO - Filling up the DagBag from /home/pyretttt/repos/mlops4/env/lib/python3.10/site-packages/airflow/example_dags/example_setup_teardown_taskflow.py
[2023-11-04T22:01:40.717+0400] {processor.py:839} INFO - DAG(s) dict_keys(['example_setup_teardown_taskflow']) retrieved from /home/pyretttt/repos/mlops4/env/lib/python3.10/site-packages/airflow/example_dags/example_setup_teardown_taskflow.py
[2023-11-04T22:01:40.735+0400] {logging_mixin.py:151} INFO - [2023-11-04T22:01:40.735+0400] {dag.py:2941} INFO - Sync 1 DAGs
[2023-11-04T22:01:40.748+0400] {logging_mixin.py:151} INFO - [2023-11-04T22:01:40.748+0400] {dag.py:3722} INFO - Setting next_dagrun for example_setup_teardown_taskflow to 2023-11-03T18:01:40.748050+00:00, run_after=2023-11-04T18:01:40.748050+00:00
[2023-11-04T22:01:40.759+0400] {processor.py:179} INFO - Processing /home/pyretttt/repos/mlops4/env/lib/python3.10/site-packages/airflow/example_dags/example_setup_teardown_taskflow.py took 0.062 seconds
[2023-11-04T22:02:30.890+0400] {processor.py:157} INFO - Started process (PID=40408) to work on /home/pyretttt/repos/mlops4/env/lib/python3.10/site-packages/airflow/example_dags/example_setup_teardown_taskflow.py
[2023-11-04T22:02:30.891+0400] {processor.py:829} INFO - Processing file /home/pyretttt/repos/mlops4/env/lib/python3.10/site-packages/airflow/example_dags/example_setup_teardown_taskflow.py for tasks to queue
[2023-11-04T22:02:30.893+0400] {logging_mixin.py:151} INFO - [2023-11-04T22:02:30.892+0400] {dagbag.py:536} INFO - Filling up the DagBag from /home/pyretttt/repos/mlops4/env/lib/python3.10/site-packages/airflow/example_dags/example_setup_teardown_taskflow.py
[2023-11-04T22:02:30.904+0400] {processor.py:839} INFO - DAG(s) dict_keys(['example_setup_teardown_taskflow']) retrieved from /home/pyretttt/repos/mlops4/env/lib/python3.10/site-packages/airflow/example_dags/example_setup_teardown_taskflow.py
[2023-11-04T22:02:30.916+0400] {logging_mixin.py:151} INFO - [2023-11-04T22:02:30.916+0400] {dag.py:2941} INFO - Sync 1 DAGs
[2023-11-04T22:02:30.928+0400] {logging_mixin.py:151} INFO - [2023-11-04T22:02:30.928+0400] {dag.py:3722} INFO - Setting next_dagrun for example_setup_teardown_taskflow to 2023-11-03T18:02:30.927842+00:00, run_after=2023-11-04T18:02:30.927842+00:00
[2023-11-04T22:02:30.942+0400] {processor.py:179} INFO - Processing /home/pyretttt/repos/mlops4/env/lib/python3.10/site-packages/airflow/example_dags/example_setup_teardown_taskflow.py took 0.056 seconds
[2023-11-04T22:03:21.620+0400] {processor.py:157} INFO - Started process (PID=40459) to work on /home/pyretttt/repos/mlops4/env/lib/python3.10/site-packages/airflow/example_dags/example_setup_teardown_taskflow.py
[2023-11-04T22:03:21.622+0400] {processor.py:829} INFO - Processing file /home/pyretttt/repos/mlops4/env/lib/python3.10/site-packages/airflow/example_dags/example_setup_teardown_taskflow.py for tasks to queue
[2023-11-04T22:03:21.623+0400] {logging_mixin.py:151} INFO - [2023-11-04T22:03:21.623+0400] {dagbag.py:536} INFO - Filling up the DagBag from /home/pyretttt/repos/mlops4/env/lib/python3.10/site-packages/airflow/example_dags/example_setup_teardown_taskflow.py
[2023-11-04T22:03:21.635+0400] {processor.py:839} INFO - DAG(s) dict_keys(['example_setup_teardown_taskflow']) retrieved from /home/pyretttt/repos/mlops4/env/lib/python3.10/site-packages/airflow/example_dags/example_setup_teardown_taskflow.py
[2023-11-04T22:03:21.652+0400] {logging_mixin.py:151} INFO - [2023-11-04T22:03:21.651+0400] {dag.py:2941} INFO - Sync 1 DAGs
[2023-11-04T22:03:21.664+0400] {logging_mixin.py:151} INFO - [2023-11-04T22:03:21.663+0400] {dag.py:3722} INFO - Setting next_dagrun for example_setup_teardown_taskflow to 2023-11-03T18:03:21.663836+00:00, run_after=2023-11-04T18:03:21.663836+00:00
[2023-11-04T22:03:21.675+0400] {processor.py:179} INFO - Processing /home/pyretttt/repos/mlops4/env/lib/python3.10/site-packages/airflow/example_dags/example_setup_teardown_taskflow.py took 0.059 seconds
