[2023-11-04T21:12:22.414+0400] {processor.py:157} INFO - Started process (PID=37251) to work on /home/pyretttt/repos/mlops4/env/lib/python3.10/site-packages/airflow/example_dags/example_trigger_controller_dag.py
[2023-11-04T21:12:22.414+0400] {processor.py:829} INFO - Processing file /home/pyretttt/repos/mlops4/env/lib/python3.10/site-packages/airflow/example_dags/example_trigger_controller_dag.py for tasks to queue
[2023-11-04T21:12:22.415+0400] {logging_mixin.py:151} INFO - [2023-11-04T21:12:22.415+0400] {dagbag.py:536} INFO - Filling up the DagBag from /home/pyretttt/repos/mlops4/env/lib/python3.10/site-packages/airflow/example_dags/example_trigger_controller_dag.py
[2023-11-04T21:12:22.421+0400] {processor.py:839} INFO - DAG(s) dict_keys(['example_trigger_controller_dag']) retrieved from /home/pyretttt/repos/mlops4/env/lib/python3.10/site-packages/airflow/example_dags/example_trigger_controller_dag.py
[2023-11-04T21:12:22.483+0400] {logging_mixin.py:151} INFO - [2023-11-04T21:12:22.483+0400] {manager.py:499} INFO - Created Permission View: %s
[2023-11-04T21:12:22.490+0400] {logging_mixin.py:151} INFO - [2023-11-04T21:12:22.490+0400] {manager.py:499} INFO - Created Permission View: %s
[2023-11-04T21:12:22.495+0400] {logging_mixin.py:151} INFO - [2023-11-04T21:12:22.494+0400] {manager.py:499} INFO - Created Permission View: %s
[2023-11-04T21:12:22.495+0400] {logging_mixin.py:151} INFO - [2023-11-04T21:12:22.495+0400] {dag.py:2941} INFO - Sync 1 DAGs
[2023-11-04T21:12:22.500+0400] {logging_mixin.py:151} INFO - [2023-11-04T21:12:22.500+0400] {dag.py:2963} INFO - Creating ORM DAG for example_trigger_controller_dag
[2023-11-04T21:12:22.503+0400] {logging_mixin.py:151} INFO - [2023-11-04T21:12:22.503+0400] {dag.py:3722} INFO - Setting next_dagrun for example_trigger_controller_dag to 2021-01-01T00:00:00+00:00, run_after=2021-01-01T00:00:00+00:00
[2023-11-04T21:12:22.514+0400] {processor.py:179} INFO - Processing /home/pyretttt/repos/mlops4/env/lib/python3.10/site-packages/airflow/example_dags/example_trigger_controller_dag.py took 0.103 seconds
[2023-11-04T21:13:10.862+0400] {processor.py:157} INFO - Started process (PID=37376) to work on /home/pyretttt/repos/mlops4/env/lib/python3.10/site-packages/airflow/example_dags/example_trigger_controller_dag.py
[2023-11-04T21:13:10.863+0400] {processor.py:829} INFO - Processing file /home/pyretttt/repos/mlops4/env/lib/python3.10/site-packages/airflow/example_dags/example_trigger_controller_dag.py for tasks to queue
[2023-11-04T21:13:10.863+0400] {logging_mixin.py:151} INFO - [2023-11-04T21:13:10.863+0400] {dagbag.py:536} INFO - Filling up the DagBag from /home/pyretttt/repos/mlops4/env/lib/python3.10/site-packages/airflow/example_dags/example_trigger_controller_dag.py
[2023-11-04T21:13:10.866+0400] {processor.py:839} INFO - DAG(s) dict_keys(['example_trigger_controller_dag']) retrieved from /home/pyretttt/repos/mlops4/env/lib/python3.10/site-packages/airflow/example_dags/example_trigger_controller_dag.py
[2023-11-04T21:13:10.876+0400] {logging_mixin.py:151} INFO - [2023-11-04T21:13:10.876+0400] {dag.py:2941} INFO - Sync 1 DAGs
[2023-11-04T21:13:10.884+0400] {logging_mixin.py:151} INFO - [2023-11-04T21:13:10.884+0400] {dag.py:3722} INFO - Setting next_dagrun for example_trigger_controller_dag to 2021-01-01T00:00:00+00:00, run_after=2021-01-01T00:00:00+00:00
[2023-11-04T21:13:10.894+0400] {processor.py:179} INFO - Processing /home/pyretttt/repos/mlops4/env/lib/python3.10/site-packages/airflow/example_dags/example_trigger_controller_dag.py took 0.033 seconds
[2023-11-04T21:14:00.358+0400] {processor.py:157} INFO - Started process (PID=37427) to work on /home/pyretttt/repos/mlops4/env/lib/python3.10/site-packages/airflow/example_dags/example_trigger_controller_dag.py
[2023-11-04T21:14:00.359+0400] {processor.py:829} INFO - Processing file /home/pyretttt/repos/mlops4/env/lib/python3.10/site-packages/airflow/example_dags/example_trigger_controller_dag.py for tasks to queue
[2023-11-04T21:14:00.360+0400] {logging_mixin.py:151} INFO - [2023-11-04T21:14:00.360+0400] {dagbag.py:536} INFO - Filling up the DagBag from /home/pyretttt/repos/mlops4/env/lib/python3.10/site-packages/airflow/example_dags/example_trigger_controller_dag.py
[2023-11-04T21:14:00.363+0400] {processor.py:839} INFO - DAG(s) dict_keys(['example_trigger_controller_dag']) retrieved from /home/pyretttt/repos/mlops4/env/lib/python3.10/site-packages/airflow/example_dags/example_trigger_controller_dag.py
[2023-11-04T21:14:00.374+0400] {logging_mixin.py:151} INFO - [2023-11-04T21:14:00.374+0400] {dag.py:2941} INFO - Sync 1 DAGs
[2023-11-04T21:14:00.386+0400] {logging_mixin.py:151} INFO - [2023-11-04T21:14:00.386+0400] {dag.py:3722} INFO - Setting next_dagrun for example_trigger_controller_dag to 2021-01-01T00:00:00+00:00, run_after=2021-01-01T00:00:00+00:00
[2023-11-04T21:14:00.402+0400] {processor.py:179} INFO - Processing /home/pyretttt/repos/mlops4/env/lib/python3.10/site-packages/airflow/example_dags/example_trigger_controller_dag.py took 0.045 seconds
[2023-11-04T21:14:49.664+0400] {processor.py:157} INFO - Started process (PID=37477) to work on /home/pyretttt/repos/mlops4/env/lib/python3.10/site-packages/airflow/example_dags/example_trigger_controller_dag.py
[2023-11-04T21:14:49.666+0400] {processor.py:829} INFO - Processing file /home/pyretttt/repos/mlops4/env/lib/python3.10/site-packages/airflow/example_dags/example_trigger_controller_dag.py for tasks to queue
[2023-11-04T21:14:49.668+0400] {logging_mixin.py:151} INFO - [2023-11-04T21:14:49.667+0400] {dagbag.py:536} INFO - Filling up the DagBag from /home/pyretttt/repos/mlops4/env/lib/python3.10/site-packages/airflow/example_dags/example_trigger_controller_dag.py
[2023-11-04T21:14:49.674+0400] {processor.py:839} INFO - DAG(s) dict_keys(['example_trigger_controller_dag']) retrieved from /home/pyretttt/repos/mlops4/env/lib/python3.10/site-packages/airflow/example_dags/example_trigger_controller_dag.py
[2023-11-04T21:14:49.692+0400] {logging_mixin.py:151} INFO - [2023-11-04T21:14:49.692+0400] {dag.py:2941} INFO - Sync 1 DAGs
[2023-11-04T21:14:49.705+0400] {logging_mixin.py:151} INFO - [2023-11-04T21:14:49.705+0400] {dag.py:3722} INFO - Setting next_dagrun for example_trigger_controller_dag to 2021-01-01T00:00:00+00:00, run_after=2021-01-01T00:00:00+00:00
[2023-11-04T21:14:49.716+0400] {processor.py:179} INFO - Processing /home/pyretttt/repos/mlops4/env/lib/python3.10/site-packages/airflow/example_dags/example_trigger_controller_dag.py took 0.057 seconds
[2023-11-04T21:15:42.153+0400] {processor.py:157} INFO - Started process (PID=37532) to work on /home/pyretttt/repos/mlops4/env/lib/python3.10/site-packages/airflow/example_dags/example_trigger_controller_dag.py
[2023-11-04T21:15:42.154+0400] {processor.py:829} INFO - Processing file /home/pyretttt/repos/mlops4/env/lib/python3.10/site-packages/airflow/example_dags/example_trigger_controller_dag.py for tasks to queue
[2023-11-04T21:15:42.155+0400] {logging_mixin.py:151} INFO - [2023-11-04T21:15:42.154+0400] {dagbag.py:536} INFO - Filling up the DagBag from /home/pyretttt/repos/mlops4/env/lib/python3.10/site-packages/airflow/example_dags/example_trigger_controller_dag.py
[2023-11-04T21:15:42.158+0400] {processor.py:839} INFO - DAG(s) dict_keys(['example_trigger_controller_dag']) retrieved from /home/pyretttt/repos/mlops4/env/lib/python3.10/site-packages/airflow/example_dags/example_trigger_controller_dag.py
[2023-11-04T21:15:42.169+0400] {logging_mixin.py:151} INFO - [2023-11-04T21:15:42.169+0400] {dag.py:2941} INFO - Sync 1 DAGs
[2023-11-04T21:15:42.179+0400] {logging_mixin.py:151} INFO - [2023-11-04T21:15:42.179+0400] {dag.py:3722} INFO - Setting next_dagrun for example_trigger_controller_dag to 2021-01-01T00:00:00+00:00, run_after=2021-01-01T00:00:00+00:00
[2023-11-04T21:15:42.190+0400] {processor.py:179} INFO - Processing /home/pyretttt/repos/mlops4/env/lib/python3.10/site-packages/airflow/example_dags/example_trigger_controller_dag.py took 0.039 seconds
[2023-11-04T21:16:32.748+0400] {processor.py:157} INFO - Started process (PID=37588) to work on /home/pyretttt/repos/mlops4/env/lib/python3.10/site-packages/airflow/example_dags/example_trigger_controller_dag.py
[2023-11-04T21:16:32.750+0400] {processor.py:829} INFO - Processing file /home/pyretttt/repos/mlops4/env/lib/python3.10/site-packages/airflow/example_dags/example_trigger_controller_dag.py for tasks to queue
[2023-11-04T21:16:32.750+0400] {logging_mixin.py:151} INFO - [2023-11-04T21:16:32.750+0400] {dagbag.py:536} INFO - Filling up the DagBag from /home/pyretttt/repos/mlops4/env/lib/python3.10/site-packages/airflow/example_dags/example_trigger_controller_dag.py
[2023-11-04T21:16:32.754+0400] {processor.py:839} INFO - DAG(s) dict_keys(['example_trigger_controller_dag']) retrieved from /home/pyretttt/repos/mlops4/env/lib/python3.10/site-packages/airflow/example_dags/example_trigger_controller_dag.py
[2023-11-04T21:16:32.767+0400] {logging_mixin.py:151} INFO - [2023-11-04T21:16:32.767+0400] {dag.py:2941} INFO - Sync 1 DAGs
[2023-11-04T21:16:32.777+0400] {logging_mixin.py:151} INFO - [2023-11-04T21:16:32.776+0400] {dag.py:3722} INFO - Setting next_dagrun for example_trigger_controller_dag to 2021-01-01T00:00:00+00:00, run_after=2021-01-01T00:00:00+00:00
[2023-11-04T21:16:32.790+0400] {processor.py:179} INFO - Processing /home/pyretttt/repos/mlops4/env/lib/python3.10/site-packages/airflow/example_dags/example_trigger_controller_dag.py took 0.046 seconds
[2023-11-04T21:17:21.307+0400] {processor.py:157} INFO - Started process (PID=37644) to work on /home/pyretttt/repos/mlops4/env/lib/python3.10/site-packages/airflow/example_dags/example_trigger_controller_dag.py
[2023-11-04T21:17:21.309+0400] {processor.py:829} INFO - Processing file /home/pyretttt/repos/mlops4/env/lib/python3.10/site-packages/airflow/example_dags/example_trigger_controller_dag.py for tasks to queue
[2023-11-04T21:17:21.310+0400] {logging_mixin.py:151} INFO - [2023-11-04T21:17:21.309+0400] {dagbag.py:536} INFO - Filling up the DagBag from /home/pyretttt/repos/mlops4/env/lib/python3.10/site-packages/airflow/example_dags/example_trigger_controller_dag.py
[2023-11-04T21:17:21.317+0400] {processor.py:839} INFO - DAG(s) dict_keys(['example_trigger_controller_dag']) retrieved from /home/pyretttt/repos/mlops4/env/lib/python3.10/site-packages/airflow/example_dags/example_trigger_controller_dag.py
[2023-11-04T21:17:21.337+0400] {logging_mixin.py:151} INFO - [2023-11-04T21:17:21.337+0400] {dag.py:2941} INFO - Sync 1 DAGs
[2023-11-04T21:17:21.352+0400] {logging_mixin.py:151} INFO - [2023-11-04T21:17:21.352+0400] {dag.py:3722} INFO - Setting next_dagrun for example_trigger_controller_dag to 2021-01-01T00:00:00+00:00, run_after=2021-01-01T00:00:00+00:00
[2023-11-04T21:17:21.363+0400] {processor.py:179} INFO - Processing /home/pyretttt/repos/mlops4/env/lib/python3.10/site-packages/airflow/example_dags/example_trigger_controller_dag.py took 0.060 seconds
