[2023-11-04T21:12:25.065+0400] {processor.py:157} INFO - Started process (PID=37253) to work on /home/pyretttt/repos/mlops4/env/lib/python3.10/site-packages/airflow/example_dags/example_sla_dag.py
[2023-11-04T21:12:25.066+0400] {processor.py:829} INFO - Processing file /home/pyretttt/repos/mlops4/env/lib/python3.10/site-packages/airflow/example_dags/example_sla_dag.py for tasks to queue
[2023-11-04T21:12:25.067+0400] {logging_mixin.py:151} INFO - [2023-11-04T21:12:25.067+0400] {dagbag.py:536} INFO - Filling up the DagBag from /home/pyretttt/repos/mlops4/env/lib/python3.10/site-packages/airflow/example_dags/example_sla_dag.py
[2023-11-04T21:12:25.080+0400] {processor.py:839} INFO - DAG(s) dict_keys(['example_sla_dag']) retrieved from /home/pyretttt/repos/mlops4/env/lib/python3.10/site-packages/airflow/example_dags/example_sla_dag.py
[2023-11-04T21:12:25.141+0400] {logging_mixin.py:151} INFO - [2023-11-04T21:12:25.141+0400] {manager.py:499} INFO - Created Permission View: %s
[2023-11-04T21:12:25.146+0400] {logging_mixin.py:151} INFO - [2023-11-04T21:12:25.146+0400] {manager.py:499} INFO - Created Permission View: %s
[2023-11-04T21:12:25.150+0400] {logging_mixin.py:151} INFO - [2023-11-04T21:12:25.150+0400] {manager.py:499} INFO - Created Permission View: %s
[2023-11-04T21:12:25.150+0400] {logging_mixin.py:151} INFO - [2023-11-04T21:12:25.150+0400] {dag.py:2941} INFO - Sync 1 DAGs
[2023-11-04T21:12:25.155+0400] {logging_mixin.py:151} INFO - [2023-11-04T21:12:25.155+0400] {dag.py:2963} INFO - Creating ORM DAG for example_sla_dag
[2023-11-04T21:12:25.159+0400] {logging_mixin.py:151} INFO - [2023-11-04T21:12:25.159+0400] {dag.py:3722} INFO - Setting next_dagrun for example_sla_dag to 2023-11-04T17:10:00+00:00, run_after=2023-11-04T17:12:00+00:00
[2023-11-04T21:12:25.168+0400] {processor.py:179} INFO - Processing /home/pyretttt/repos/mlops4/env/lib/python3.10/site-packages/airflow/example_dags/example_sla_dag.py took 0.107 seconds
[2023-11-04T21:13:13.302+0400] {processor.py:157} INFO - Started process (PID=37378) to work on /home/pyretttt/repos/mlops4/env/lib/python3.10/site-packages/airflow/example_dags/example_sla_dag.py
[2023-11-04T21:13:13.304+0400] {processor.py:829} INFO - Processing file /home/pyretttt/repos/mlops4/env/lib/python3.10/site-packages/airflow/example_dags/example_sla_dag.py for tasks to queue
[2023-11-04T21:13:13.306+0400] {logging_mixin.py:151} INFO - [2023-11-04T21:13:13.305+0400] {dagbag.py:536} INFO - Filling up the DagBag from /home/pyretttt/repos/mlops4/env/lib/python3.10/site-packages/airflow/example_dags/example_sla_dag.py
[2023-11-04T21:13:13.316+0400] {processor.py:839} INFO - DAG(s) dict_keys(['example_sla_dag']) retrieved from /home/pyretttt/repos/mlops4/env/lib/python3.10/site-packages/airflow/example_dags/example_sla_dag.py
[2023-11-04T21:13:13.333+0400] {logging_mixin.py:151} INFO - [2023-11-04T21:13:13.332+0400] {dag.py:2941} INFO - Sync 1 DAGs
[2023-11-04T21:13:13.346+0400] {logging_mixin.py:151} INFO - [2023-11-04T21:13:13.346+0400] {dag.py:3722} INFO - Setting next_dagrun for example_sla_dag to 2023-11-04T17:10:00+00:00, run_after=2023-11-04T17:12:00+00:00
[2023-11-04T21:13:13.357+0400] {processor.py:179} INFO - Processing /home/pyretttt/repos/mlops4/env/lib/python3.10/site-packages/airflow/example_dags/example_sla_dag.py took 0.059 seconds
[2023-11-04T21:14:02.843+0400] {processor.py:157} INFO - Started process (PID=37429) to work on /home/pyretttt/repos/mlops4/env/lib/python3.10/site-packages/airflow/example_dags/example_sla_dag.py
[2023-11-04T21:14:02.845+0400] {processor.py:829} INFO - Processing file /home/pyretttt/repos/mlops4/env/lib/python3.10/site-packages/airflow/example_dags/example_sla_dag.py for tasks to queue
[2023-11-04T21:14:02.847+0400] {logging_mixin.py:151} INFO - [2023-11-04T21:14:02.846+0400] {dagbag.py:536} INFO - Filling up the DagBag from /home/pyretttt/repos/mlops4/env/lib/python3.10/site-packages/airflow/example_dags/example_sla_dag.py
[2023-11-04T21:14:02.857+0400] {processor.py:839} INFO - DAG(s) dict_keys(['example_sla_dag']) retrieved from /home/pyretttt/repos/mlops4/env/lib/python3.10/site-packages/airflow/example_dags/example_sla_dag.py
[2023-11-04T21:14:02.873+0400] {logging_mixin.py:151} INFO - [2023-11-04T21:14:02.872+0400] {dag.py:2941} INFO - Sync 1 DAGs
[2023-11-04T21:14:02.886+0400] {logging_mixin.py:151} INFO - [2023-11-04T21:14:02.886+0400] {dag.py:3722} INFO - Setting next_dagrun for example_sla_dag to 2023-11-04T17:12:00+00:00, run_after=2023-11-04T17:14:00+00:00
[2023-11-04T21:14:02.899+0400] {processor.py:179} INFO - Processing /home/pyretttt/repos/mlops4/env/lib/python3.10/site-packages/airflow/example_dags/example_sla_dag.py took 0.061 seconds
[2023-11-04T21:14:51.366+0400] {processor.py:157} INFO - Started process (PID=37479) to work on /home/pyretttt/repos/mlops4/env/lib/python3.10/site-packages/airflow/example_dags/example_sla_dag.py
[2023-11-04T21:14:51.368+0400] {processor.py:829} INFO - Processing file /home/pyretttt/repos/mlops4/env/lib/python3.10/site-packages/airflow/example_dags/example_sla_dag.py for tasks to queue
[2023-11-04T21:14:51.370+0400] {logging_mixin.py:151} INFO - [2023-11-04T21:14:51.369+0400] {dagbag.py:536} INFO - Filling up the DagBag from /home/pyretttt/repos/mlops4/env/lib/python3.10/site-packages/airflow/example_dags/example_sla_dag.py
[2023-11-04T21:14:51.380+0400] {processor.py:839} INFO - DAG(s) dict_keys(['example_sla_dag']) retrieved from /home/pyretttt/repos/mlops4/env/lib/python3.10/site-packages/airflow/example_dags/example_sla_dag.py
[2023-11-04T21:14:51.398+0400] {logging_mixin.py:151} INFO - [2023-11-04T21:14:51.397+0400] {dag.py:2941} INFO - Sync 1 DAGs
[2023-11-04T21:14:51.412+0400] {logging_mixin.py:151} INFO - [2023-11-04T21:14:51.412+0400] {dag.py:3722} INFO - Setting next_dagrun for example_sla_dag to 2023-11-04T17:12:00+00:00, run_after=2023-11-04T17:14:00+00:00
[2023-11-04T21:14:51.423+0400] {processor.py:179} INFO - Processing /home/pyretttt/repos/mlops4/env/lib/python3.10/site-packages/airflow/example_dags/example_sla_dag.py took 0.061 seconds
[2023-11-04T21:15:44.487+0400] {processor.py:157} INFO - Started process (PID=37535) to work on /home/pyretttt/repos/mlops4/env/lib/python3.10/site-packages/airflow/example_dags/example_sla_dag.py
[2023-11-04T21:15:44.488+0400] {processor.py:829} INFO - Processing file /home/pyretttt/repos/mlops4/env/lib/python3.10/site-packages/airflow/example_dags/example_sla_dag.py for tasks to queue
[2023-11-04T21:15:44.489+0400] {logging_mixin.py:151} INFO - [2023-11-04T21:15:44.489+0400] {dagbag.py:536} INFO - Filling up the DagBag from /home/pyretttt/repos/mlops4/env/lib/python3.10/site-packages/airflow/example_dags/example_sla_dag.py
[2023-11-04T21:15:44.495+0400] {processor.py:839} INFO - DAG(s) dict_keys(['example_sla_dag']) retrieved from /home/pyretttt/repos/mlops4/env/lib/python3.10/site-packages/airflow/example_dags/example_sla_dag.py
[2023-11-04T21:15:44.505+0400] {logging_mixin.py:151} INFO - [2023-11-04T21:15:44.504+0400] {dag.py:2941} INFO - Sync 1 DAGs
[2023-11-04T21:15:44.516+0400] {logging_mixin.py:151} INFO - [2023-11-04T21:15:44.516+0400] {dag.py:3722} INFO - Setting next_dagrun for example_sla_dag to 2023-11-04T17:12:00+00:00, run_after=2023-11-04T17:14:00+00:00
[2023-11-04T21:15:44.531+0400] {processor.py:179} INFO - Processing /home/pyretttt/repos/mlops4/env/lib/python3.10/site-packages/airflow/example_dags/example_sla_dag.py took 0.047 seconds
[2023-11-04T21:16:33.116+0400] {processor.py:157} INFO - Started process (PID=37590) to work on /home/pyretttt/repos/mlops4/env/lib/python3.10/site-packages/airflow/example_dags/example_sla_dag.py
[2023-11-04T21:16:33.117+0400] {processor.py:829} INFO - Processing file /home/pyretttt/repos/mlops4/env/lib/python3.10/site-packages/airflow/example_dags/example_sla_dag.py for tasks to queue
[2023-11-04T21:16:33.118+0400] {logging_mixin.py:151} INFO - [2023-11-04T21:16:33.118+0400] {dagbag.py:536} INFO - Filling up the DagBag from /home/pyretttt/repos/mlops4/env/lib/python3.10/site-packages/airflow/example_dags/example_sla_dag.py
[2023-11-04T21:16:33.125+0400] {processor.py:839} INFO - DAG(s) dict_keys(['example_sla_dag']) retrieved from /home/pyretttt/repos/mlops4/env/lib/python3.10/site-packages/airflow/example_dags/example_sla_dag.py
[2023-11-04T21:16:33.137+0400] {logging_mixin.py:151} INFO - [2023-11-04T21:16:33.137+0400] {dag.py:2941} INFO - Sync 1 DAGs
[2023-11-04T21:16:33.151+0400] {logging_mixin.py:151} INFO - [2023-11-04T21:16:33.151+0400] {dag.py:3722} INFO - Setting next_dagrun for example_sla_dag to 2023-11-04T17:14:00+00:00, run_after=2023-11-04T17:16:00+00:00
[2023-11-04T21:16:33.163+0400] {processor.py:179} INFO - Processing /home/pyretttt/repos/mlops4/env/lib/python3.10/site-packages/airflow/example_dags/example_sla_dag.py took 0.050 seconds
[2023-11-04T21:17:23.635+0400] {processor.py:157} INFO - Started process (PID=37646) to work on /home/pyretttt/repos/mlops4/env/lib/python3.10/site-packages/airflow/example_dags/example_sla_dag.py
[2023-11-04T21:17:23.636+0400] {processor.py:829} INFO - Processing file /home/pyretttt/repos/mlops4/env/lib/python3.10/site-packages/airflow/example_dags/example_sla_dag.py for tasks to queue
[2023-11-04T21:17:23.637+0400] {logging_mixin.py:151} INFO - [2023-11-04T21:17:23.637+0400] {dagbag.py:536} INFO - Filling up the DagBag from /home/pyretttt/repos/mlops4/env/lib/python3.10/site-packages/airflow/example_dags/example_sla_dag.py
[2023-11-04T21:17:23.649+0400] {processor.py:839} INFO - DAG(s) dict_keys(['example_sla_dag']) retrieved from /home/pyretttt/repos/mlops4/env/lib/python3.10/site-packages/airflow/example_dags/example_sla_dag.py
[2023-11-04T21:17:23.666+0400] {logging_mixin.py:151} INFO - [2023-11-04T21:17:23.666+0400] {dag.py:2941} INFO - Sync 1 DAGs
[2023-11-04T21:17:23.684+0400] {logging_mixin.py:151} INFO - [2023-11-04T21:17:23.684+0400] {dag.py:3722} INFO - Setting next_dagrun for example_sla_dag to 2023-11-04T17:14:00+00:00, run_after=2023-11-04T17:16:00+00:00
[2023-11-04T21:17:23.698+0400] {processor.py:179} INFO - Processing /home/pyretttt/repos/mlops4/env/lib/python3.10/site-packages/airflow/example_dags/example_sla_dag.py took 0.067 seconds
[2023-11-04T21:18:14.774+0400] {processor.py:157} INFO - Started process (PID=37738) to work on /home/pyretttt/repos/mlops4/env/lib/python3.10/site-packages/airflow/example_dags/example_sla_dag.py
[2023-11-04T21:18:14.775+0400] {processor.py:829} INFO - Processing file /home/pyretttt/repos/mlops4/env/lib/python3.10/site-packages/airflow/example_dags/example_sla_dag.py for tasks to queue
[2023-11-04T21:18:14.776+0400] {logging_mixin.py:151} INFO - [2023-11-04T21:18:14.775+0400] {dagbag.py:536} INFO - Filling up the DagBag from /home/pyretttt/repos/mlops4/env/lib/python3.10/site-packages/airflow/example_dags/example_sla_dag.py
[2023-11-04T21:18:14.782+0400] {processor.py:839} INFO - DAG(s) dict_keys(['example_sla_dag']) retrieved from /home/pyretttt/repos/mlops4/env/lib/python3.10/site-packages/airflow/example_dags/example_sla_dag.py
[2023-11-04T21:18:14.795+0400] {logging_mixin.py:151} INFO - [2023-11-04T21:18:14.795+0400] {dag.py:2941} INFO - Sync 1 DAGs
[2023-11-04T21:18:14.812+0400] {logging_mixin.py:151} INFO - [2023-11-04T21:18:14.812+0400] {dag.py:3722} INFO - Setting next_dagrun for example_sla_dag to 2023-11-04T17:16:00+00:00, run_after=2023-11-04T17:18:00+00:00
[2023-11-04T21:18:14.828+0400] {processor.py:179} INFO - Processing /home/pyretttt/repos/mlops4/env/lib/python3.10/site-packages/airflow/example_dags/example_sla_dag.py took 0.058 seconds
[2023-11-04T21:19:03.035+0400] {processor.py:157} INFO - Started process (PID=37789) to work on /home/pyretttt/repos/mlops4/env/lib/python3.10/site-packages/airflow/example_dags/example_sla_dag.py
[2023-11-04T21:19:03.037+0400] {processor.py:829} INFO - Processing file /home/pyretttt/repos/mlops4/env/lib/python3.10/site-packages/airflow/example_dags/example_sla_dag.py for tasks to queue
[2023-11-04T21:19:03.039+0400] {logging_mixin.py:151} INFO - [2023-11-04T21:19:03.038+0400] {dagbag.py:536} INFO - Filling up the DagBag from /home/pyretttt/repos/mlops4/env/lib/python3.10/site-packages/airflow/example_dags/example_sla_dag.py
[2023-11-04T21:19:03.050+0400] {processor.py:839} INFO - DAG(s) dict_keys(['example_sla_dag']) retrieved from /home/pyretttt/repos/mlops4/env/lib/python3.10/site-packages/airflow/example_dags/example_sla_dag.py
[2023-11-04T21:19:03.068+0400] {logging_mixin.py:151} INFO - [2023-11-04T21:19:03.068+0400] {dag.py:2941} INFO - Sync 1 DAGs
[2023-11-04T21:19:03.084+0400] {logging_mixin.py:151} INFO - [2023-11-04T21:19:03.084+0400] {dag.py:3722} INFO - Setting next_dagrun for example_sla_dag to 2023-11-04T17:16:00+00:00, run_after=2023-11-04T17:18:00+00:00
[2023-11-04T21:19:03.096+0400] {processor.py:179} INFO - Processing /home/pyretttt/repos/mlops4/env/lib/python3.10/site-packages/airflow/example_dags/example_sla_dag.py took 0.065 seconds
[2023-11-04T21:19:52.068+0400] {processor.py:157} INFO - Started process (PID=37839) to work on /home/pyretttt/repos/mlops4/env/lib/python3.10/site-packages/airflow/example_dags/example_sla_dag.py
[2023-11-04T21:19:52.070+0400] {processor.py:829} INFO - Processing file /home/pyretttt/repos/mlops4/env/lib/python3.10/site-packages/airflow/example_dags/example_sla_dag.py for tasks to queue
[2023-11-04T21:19:52.071+0400] {logging_mixin.py:151} INFO - [2023-11-04T21:19:52.070+0400] {dagbag.py:536} INFO - Filling up the DagBag from /home/pyretttt/repos/mlops4/env/lib/python3.10/site-packages/airflow/example_dags/example_sla_dag.py
[2023-11-04T21:19:52.080+0400] {processor.py:839} INFO - DAG(s) dict_keys(['example_sla_dag']) retrieved from /home/pyretttt/repos/mlops4/env/lib/python3.10/site-packages/airflow/example_dags/example_sla_dag.py
[2023-11-04T21:19:52.097+0400] {logging_mixin.py:151} INFO - [2023-11-04T21:19:52.097+0400] {dag.py:2941} INFO - Sync 1 DAGs
[2023-11-04T21:19:52.115+0400] {logging_mixin.py:151} INFO - [2023-11-04T21:19:52.115+0400] {dag.py:3722} INFO - Setting next_dagrun for example_sla_dag to 2023-11-04T17:16:00+00:00, run_after=2023-11-04T17:18:00+00:00
[2023-11-04T21:19:52.127+0400] {processor.py:179} INFO - Processing /home/pyretttt/repos/mlops4/env/lib/python3.10/site-packages/airflow/example_dags/example_sla_dag.py took 0.062 seconds
[2023-11-04T21:20:46.742+0400] {processor.py:157} INFO - Started process (PID=37893) to work on /home/pyretttt/repos/mlops4/env/lib/python3.10/site-packages/airflow/example_dags/example_sla_dag.py
[2023-11-04T21:20:46.744+0400] {processor.py:829} INFO - Processing file /home/pyretttt/repos/mlops4/env/lib/python3.10/site-packages/airflow/example_dags/example_sla_dag.py for tasks to queue
[2023-11-04T21:20:46.745+0400] {logging_mixin.py:151} INFO - [2023-11-04T21:20:46.745+0400] {dagbag.py:536} INFO - Filling up the DagBag from /home/pyretttt/repos/mlops4/env/lib/python3.10/site-packages/airflow/example_dags/example_sla_dag.py
[2023-11-04T21:20:46.754+0400] {processor.py:839} INFO - DAG(s) dict_keys(['example_sla_dag']) retrieved from /home/pyretttt/repos/mlops4/env/lib/python3.10/site-packages/airflow/example_dags/example_sla_dag.py
[2023-11-04T21:20:46.767+0400] {logging_mixin.py:151} INFO - [2023-11-04T21:20:46.767+0400] {dag.py:2941} INFO - Sync 1 DAGs
[2023-11-04T21:20:46.780+0400] {logging_mixin.py:151} INFO - [2023-11-04T21:20:46.779+0400] {dag.py:3722} INFO - Setting next_dagrun for example_sla_dag to 2023-11-04T17:18:00+00:00, run_after=2023-11-04T17:20:00+00:00
[2023-11-04T21:20:46.791+0400] {processor.py:179} INFO - Processing /home/pyretttt/repos/mlops4/env/lib/python3.10/site-packages/airflow/example_dags/example_sla_dag.py took 0.056 seconds
[2023-11-04T21:21:37.610+0400] {processor.py:157} INFO - Started process (PID=37945) to work on /home/pyretttt/repos/mlops4/env/lib/python3.10/site-packages/airflow/example_dags/example_sla_dag.py
[2023-11-04T21:21:37.612+0400] {processor.py:829} INFO - Processing file /home/pyretttt/repos/mlops4/env/lib/python3.10/site-packages/airflow/example_dags/example_sla_dag.py for tasks to queue
[2023-11-04T21:21:37.613+0400] {logging_mixin.py:151} INFO - [2023-11-04T21:21:37.612+0400] {dagbag.py:536} INFO - Filling up the DagBag from /home/pyretttt/repos/mlops4/env/lib/python3.10/site-packages/airflow/example_dags/example_sla_dag.py
[2023-11-04T21:21:37.623+0400] {processor.py:839} INFO - DAG(s) dict_keys(['example_sla_dag']) retrieved from /home/pyretttt/repos/mlops4/env/lib/python3.10/site-packages/airflow/example_dags/example_sla_dag.py
[2023-11-04T21:21:37.640+0400] {logging_mixin.py:151} INFO - [2023-11-04T21:21:37.640+0400] {dag.py:2941} INFO - Sync 1 DAGs
[2023-11-04T21:21:37.654+0400] {logging_mixin.py:151} INFO - [2023-11-04T21:21:37.654+0400] {dag.py:3722} INFO - Setting next_dagrun for example_sla_dag to 2023-11-04T17:18:00+00:00, run_after=2023-11-04T17:20:00+00:00
[2023-11-04T21:21:37.665+0400] {processor.py:179} INFO - Processing /home/pyretttt/repos/mlops4/env/lib/python3.10/site-packages/airflow/example_dags/example_sla_dag.py took 0.060 seconds
[2023-11-04T21:22:28.206+0400] {processor.py:157} INFO - Started process (PID=37999) to work on /home/pyretttt/repos/mlops4/env/lib/python3.10/site-packages/airflow/example_dags/example_sla_dag.py
[2023-11-04T21:22:28.208+0400] {processor.py:829} INFO - Processing file /home/pyretttt/repos/mlops4/env/lib/python3.10/site-packages/airflow/example_dags/example_sla_dag.py for tasks to queue
[2023-11-04T21:22:28.209+0400] {logging_mixin.py:151} INFO - [2023-11-04T21:22:28.208+0400] {dagbag.py:536} INFO - Filling up the DagBag from /home/pyretttt/repos/mlops4/env/lib/python3.10/site-packages/airflow/example_dags/example_sla_dag.py
[2023-11-04T21:22:28.219+0400] {processor.py:839} INFO - DAG(s) dict_keys(['example_sla_dag']) retrieved from /home/pyretttt/repos/mlops4/env/lib/python3.10/site-packages/airflow/example_dags/example_sla_dag.py
[2023-11-04T21:22:28.236+0400] {logging_mixin.py:151} INFO - [2023-11-04T21:22:28.236+0400] {dag.py:2941} INFO - Sync 1 DAGs
[2023-11-04T21:22:28.251+0400] {logging_mixin.py:151} INFO - [2023-11-04T21:22:28.251+0400] {dag.py:3722} INFO - Setting next_dagrun for example_sla_dag to 2023-11-04T17:20:00+00:00, run_after=2023-11-04T17:22:00+00:00
[2023-11-04T21:22:28.262+0400] {processor.py:179} INFO - Processing /home/pyretttt/repos/mlops4/env/lib/python3.10/site-packages/airflow/example_dags/example_sla_dag.py took 0.060 seconds
[2023-11-04T21:23:19.811+0400] {processor.py:157} INFO - Started process (PID=38050) to work on /home/pyretttt/repos/mlops4/env/lib/python3.10/site-packages/airflow/example_dags/example_sla_dag.py
[2023-11-04T21:23:19.816+0400] {processor.py:829} INFO - Processing file /home/pyretttt/repos/mlops4/env/lib/python3.10/site-packages/airflow/example_dags/example_sla_dag.py for tasks to queue
[2023-11-04T21:23:19.818+0400] {logging_mixin.py:151} INFO - [2023-11-04T21:23:19.817+0400] {dagbag.py:536} INFO - Filling up the DagBag from /home/pyretttt/repos/mlops4/env/lib/python3.10/site-packages/airflow/example_dags/example_sla_dag.py
[2023-11-04T21:23:19.827+0400] {processor.py:839} INFO - DAG(s) dict_keys(['example_sla_dag']) retrieved from /home/pyretttt/repos/mlops4/env/lib/python3.10/site-packages/airflow/example_dags/example_sla_dag.py
[2023-11-04T21:23:19.837+0400] {logging_mixin.py:151} INFO - [2023-11-04T21:23:19.837+0400] {dag.py:2941} INFO - Sync 1 DAGs
[2023-11-04T21:23:19.852+0400] {logging_mixin.py:151} INFO - [2023-11-04T21:23:19.852+0400] {dag.py:3722} INFO - Setting next_dagrun for example_sla_dag to 2023-11-04T17:20:00+00:00, run_after=2023-11-04T17:22:00+00:00
[2023-11-04T21:23:19.864+0400] {processor.py:179} INFO - Processing /home/pyretttt/repos/mlops4/env/lib/python3.10/site-packages/airflow/example_dags/example_sla_dag.py took 0.058 seconds
[2023-11-04T21:24:09.034+0400] {processor.py:157} INFO - Started process (PID=38101) to work on /home/pyretttt/repos/mlops4/env/lib/python3.10/site-packages/airflow/example_dags/example_sla_dag.py
[2023-11-04T21:24:09.036+0400] {processor.py:829} INFO - Processing file /home/pyretttt/repos/mlops4/env/lib/python3.10/site-packages/airflow/example_dags/example_sla_dag.py for tasks to queue
[2023-11-04T21:24:09.038+0400] {logging_mixin.py:151} INFO - [2023-11-04T21:24:09.037+0400] {dagbag.py:536} INFO - Filling up the DagBag from /home/pyretttt/repos/mlops4/env/lib/python3.10/site-packages/airflow/example_dags/example_sla_dag.py
[2023-11-04T21:24:09.047+0400] {processor.py:839} INFO - DAG(s) dict_keys(['example_sla_dag']) retrieved from /home/pyretttt/repos/mlops4/env/lib/python3.10/site-packages/airflow/example_dags/example_sla_dag.py
[2023-11-04T21:24:09.064+0400] {logging_mixin.py:151} INFO - [2023-11-04T21:24:09.063+0400] {dag.py:2941} INFO - Sync 1 DAGs
[2023-11-04T21:24:09.077+0400] {logging_mixin.py:151} INFO - [2023-11-04T21:24:09.077+0400] {dag.py:3722} INFO - Setting next_dagrun for example_sla_dag to 2023-11-04T17:22:00+00:00, run_after=2023-11-04T17:24:00+00:00
[2023-11-04T21:24:09.089+0400] {processor.py:179} INFO - Processing /home/pyretttt/repos/mlops4/env/lib/python3.10/site-packages/airflow/example_dags/example_sla_dag.py took 0.059 seconds
[2023-11-04T21:24:57.793+0400] {processor.py:157} INFO - Started process (PID=38151) to work on /home/pyretttt/repos/mlops4/env/lib/python3.10/site-packages/airflow/example_dags/example_sla_dag.py
[2023-11-04T21:24:57.794+0400] {processor.py:829} INFO - Processing file /home/pyretttt/repos/mlops4/env/lib/python3.10/site-packages/airflow/example_dags/example_sla_dag.py for tasks to queue
[2023-11-04T21:24:57.795+0400] {logging_mixin.py:151} INFO - [2023-11-04T21:24:57.795+0400] {dagbag.py:536} INFO - Filling up the DagBag from /home/pyretttt/repos/mlops4/env/lib/python3.10/site-packages/airflow/example_dags/example_sla_dag.py
[2023-11-04T21:24:57.802+0400] {processor.py:839} INFO - DAG(s) dict_keys(['example_sla_dag']) retrieved from /home/pyretttt/repos/mlops4/env/lib/python3.10/site-packages/airflow/example_dags/example_sla_dag.py
[2023-11-04T21:24:57.815+0400] {logging_mixin.py:151} INFO - [2023-11-04T21:24:57.814+0400] {dag.py:2941} INFO - Sync 1 DAGs
[2023-11-04T21:24:57.830+0400] {logging_mixin.py:151} INFO - [2023-11-04T21:24:57.830+0400] {dag.py:3722} INFO - Setting next_dagrun for example_sla_dag to 2023-11-04T17:22:00+00:00, run_after=2023-11-04T17:24:00+00:00
[2023-11-04T21:24:57.845+0400] {processor.py:179} INFO - Processing /home/pyretttt/repos/mlops4/env/lib/python3.10/site-packages/airflow/example_dags/example_sla_dag.py took 0.055 seconds
[2023-11-04T21:25:49.669+0400] {processor.py:157} INFO - Started process (PID=38203) to work on /home/pyretttt/repos/mlops4/env/lib/python3.10/site-packages/airflow/example_dags/example_sla_dag.py
[2023-11-04T21:25:49.671+0400] {processor.py:829} INFO - Processing file /home/pyretttt/repos/mlops4/env/lib/python3.10/site-packages/airflow/example_dags/example_sla_dag.py for tasks to queue
[2023-11-04T21:25:49.672+0400] {logging_mixin.py:151} INFO - [2023-11-04T21:25:49.671+0400] {dagbag.py:536} INFO - Filling up the DagBag from /home/pyretttt/repos/mlops4/env/lib/python3.10/site-packages/airflow/example_dags/example_sla_dag.py
[2023-11-04T21:25:49.682+0400] {processor.py:839} INFO - DAG(s) dict_keys(['example_sla_dag']) retrieved from /home/pyretttt/repos/mlops4/env/lib/python3.10/site-packages/airflow/example_dags/example_sla_dag.py
[2023-11-04T21:25:49.699+0400] {logging_mixin.py:151} INFO - [2023-11-04T21:25:49.699+0400] {dag.py:2941} INFO - Sync 1 DAGs
[2023-11-04T21:25:49.716+0400] {logging_mixin.py:151} INFO - [2023-11-04T21:25:49.716+0400] {dag.py:3722} INFO - Setting next_dagrun for example_sla_dag to 2023-11-04T17:22:00+00:00, run_after=2023-11-04T17:24:00+00:00
[2023-11-04T21:25:49.729+0400] {processor.py:179} INFO - Processing /home/pyretttt/repos/mlops4/env/lib/python3.10/site-packages/airflow/example_dags/example_sla_dag.py took 0.064 seconds
[2023-11-04T21:26:47.563+0400] {processor.py:157} INFO - Started process (PID=38259) to work on /home/pyretttt/repos/mlops4/env/lib/python3.10/site-packages/airflow/example_dags/example_sla_dag.py
[2023-11-04T21:26:47.565+0400] {processor.py:829} INFO - Processing file /home/pyretttt/repos/mlops4/env/lib/python3.10/site-packages/airflow/example_dags/example_sla_dag.py for tasks to queue
[2023-11-04T21:26:47.566+0400] {logging_mixin.py:151} INFO - [2023-11-04T21:26:47.565+0400] {dagbag.py:536} INFO - Filling up the DagBag from /home/pyretttt/repos/mlops4/env/lib/python3.10/site-packages/airflow/example_dags/example_sla_dag.py
[2023-11-04T21:26:47.576+0400] {processor.py:839} INFO - DAG(s) dict_keys(['example_sla_dag']) retrieved from /home/pyretttt/repos/mlops4/env/lib/python3.10/site-packages/airflow/example_dags/example_sla_dag.py
[2023-11-04T21:26:47.592+0400] {logging_mixin.py:151} INFO - [2023-11-04T21:26:47.592+0400] {dag.py:2941} INFO - Sync 1 DAGs
[2023-11-04T21:26:47.605+0400] {logging_mixin.py:151} INFO - [2023-11-04T21:26:47.605+0400] {dag.py:3722} INFO - Setting next_dagrun for example_sla_dag to 2023-11-04T17:24:00+00:00, run_after=2023-11-04T17:26:00+00:00
[2023-11-04T21:26:47.616+0400] {processor.py:179} INFO - Processing /home/pyretttt/repos/mlops4/env/lib/python3.10/site-packages/airflow/example_dags/example_sla_dag.py took 0.057 seconds
[2023-11-04T21:27:42.559+0400] {processor.py:157} INFO - Started process (PID=38314) to work on /home/pyretttt/repos/mlops4/env/lib/python3.10/site-packages/airflow/example_dags/example_sla_dag.py
[2023-11-04T21:27:42.562+0400] {processor.py:829} INFO - Processing file /home/pyretttt/repos/mlops4/env/lib/python3.10/site-packages/airflow/example_dags/example_sla_dag.py for tasks to queue
[2023-11-04T21:27:42.563+0400] {logging_mixin.py:151} INFO - [2023-11-04T21:27:42.563+0400] {dagbag.py:536} INFO - Filling up the DagBag from /home/pyretttt/repos/mlops4/env/lib/python3.10/site-packages/airflow/example_dags/example_sla_dag.py
[2023-11-04T21:27:42.575+0400] {processor.py:839} INFO - DAG(s) dict_keys(['example_sla_dag']) retrieved from /home/pyretttt/repos/mlops4/env/lib/python3.10/site-packages/airflow/example_dags/example_sla_dag.py
[2023-11-04T21:27:42.595+0400] {logging_mixin.py:151} INFO - [2023-11-04T21:27:42.594+0400] {dag.py:2941} INFO - Sync 1 DAGs
[2023-11-04T21:27:42.610+0400] {logging_mixin.py:151} INFO - [2023-11-04T21:27:42.610+0400] {dag.py:3722} INFO - Setting next_dagrun for example_sla_dag to 2023-11-04T17:24:00+00:00, run_after=2023-11-04T17:26:00+00:00
[2023-11-04T21:27:42.623+0400] {processor.py:179} INFO - Processing /home/pyretttt/repos/mlops4/env/lib/python3.10/site-packages/airflow/example_dags/example_sla_dag.py took 0.069 seconds
[2023-11-04T21:28:34.463+0400] {processor.py:157} INFO - Started process (PID=38386) to work on /home/pyretttt/repos/mlops4/env/lib/python3.10/site-packages/airflow/example_dags/example_sla_dag.py
[2023-11-04T21:28:34.464+0400] {processor.py:829} INFO - Processing file /home/pyretttt/repos/mlops4/env/lib/python3.10/site-packages/airflow/example_dags/example_sla_dag.py for tasks to queue
[2023-11-04T21:28:34.466+0400] {logging_mixin.py:151} INFO - [2023-11-04T21:28:34.465+0400] {dagbag.py:536} INFO - Filling up the DagBag from /home/pyretttt/repos/mlops4/env/lib/python3.10/site-packages/airflow/example_dags/example_sla_dag.py
[2023-11-04T21:28:34.477+0400] {processor.py:839} INFO - DAG(s) dict_keys(['example_sla_dag']) retrieved from /home/pyretttt/repos/mlops4/env/lib/python3.10/site-packages/airflow/example_dags/example_sla_dag.py
[2023-11-04T21:28:34.497+0400] {logging_mixin.py:151} INFO - [2023-11-04T21:28:34.497+0400] {dag.py:2941} INFO - Sync 1 DAGs
[2023-11-04T21:28:34.514+0400] {logging_mixin.py:151} INFO - [2023-11-04T21:28:34.514+0400] {dag.py:3722} INFO - Setting next_dagrun for example_sla_dag to 2023-11-04T17:26:00+00:00, run_after=2023-11-04T17:28:00+00:00
[2023-11-04T21:28:34.527+0400] {processor.py:179} INFO - Processing /home/pyretttt/repos/mlops4/env/lib/python3.10/site-packages/airflow/example_dags/example_sla_dag.py took 0.068 seconds
[2023-11-04T21:29:26.466+0400] {processor.py:157} INFO - Started process (PID=38437) to work on /home/pyretttt/repos/mlops4/env/lib/python3.10/site-packages/airflow/example_dags/example_sla_dag.py
[2023-11-04T21:29:26.468+0400] {processor.py:829} INFO - Processing file /home/pyretttt/repos/mlops4/env/lib/python3.10/site-packages/airflow/example_dags/example_sla_dag.py for tasks to queue
[2023-11-04T21:29:26.469+0400] {logging_mixin.py:151} INFO - [2023-11-04T21:29:26.469+0400] {dagbag.py:536} INFO - Filling up the DagBag from /home/pyretttt/repos/mlops4/env/lib/python3.10/site-packages/airflow/example_dags/example_sla_dag.py
[2023-11-04T21:29:26.479+0400] {processor.py:839} INFO - DAG(s) dict_keys(['example_sla_dag']) retrieved from /home/pyretttt/repos/mlops4/env/lib/python3.10/site-packages/airflow/example_dags/example_sla_dag.py
[2023-11-04T21:29:26.496+0400] {logging_mixin.py:151} INFO - [2023-11-04T21:29:26.496+0400] {dag.py:2941} INFO - Sync 1 DAGs
[2023-11-04T21:29:26.510+0400] {logging_mixin.py:151} INFO - [2023-11-04T21:29:26.510+0400] {dag.py:3722} INFO - Setting next_dagrun for example_sla_dag to 2023-11-04T17:26:00+00:00, run_after=2023-11-04T17:28:00+00:00
[2023-11-04T21:29:26.520+0400] {processor.py:179} INFO - Processing /home/pyretttt/repos/mlops4/env/lib/python3.10/site-packages/airflow/example_dags/example_sla_dag.py took 0.058 seconds
[2023-11-04T21:30:19.821+0400] {processor.py:157} INFO - Started process (PID=38491) to work on /home/pyretttt/repos/mlops4/env/lib/python3.10/site-packages/airflow/example_dags/example_sla_dag.py
[2023-11-04T21:30:19.823+0400] {processor.py:829} INFO - Processing file /home/pyretttt/repos/mlops4/env/lib/python3.10/site-packages/airflow/example_dags/example_sla_dag.py for tasks to queue
[2023-11-04T21:30:19.825+0400] {logging_mixin.py:151} INFO - [2023-11-04T21:30:19.824+0400] {dagbag.py:536} INFO - Filling up the DagBag from /home/pyretttt/repos/mlops4/env/lib/python3.10/site-packages/airflow/example_dags/example_sla_dag.py
[2023-11-04T21:30:19.835+0400] {processor.py:839} INFO - DAG(s) dict_keys(['example_sla_dag']) retrieved from /home/pyretttt/repos/mlops4/env/lib/python3.10/site-packages/airflow/example_dags/example_sla_dag.py
[2023-11-04T21:30:19.852+0400] {logging_mixin.py:151} INFO - [2023-11-04T21:30:19.852+0400] {dag.py:2941} INFO - Sync 1 DAGs
[2023-11-04T21:30:19.865+0400] {logging_mixin.py:151} INFO - [2023-11-04T21:30:19.865+0400] {dag.py:3722} INFO - Setting next_dagrun for example_sla_dag to 2023-11-04T17:28:00+00:00, run_after=2023-11-04T17:30:00+00:00
[2023-11-04T21:30:19.876+0400] {processor.py:179} INFO - Processing /home/pyretttt/repos/mlops4/env/lib/python3.10/site-packages/airflow/example_dags/example_sla_dag.py took 0.059 seconds
[2023-11-04T21:31:15.432+0400] {processor.py:157} INFO - Started process (PID=38554) to work on /home/pyretttt/repos/mlops4/env/lib/python3.10/site-packages/airflow/example_dags/example_sla_dag.py
[2023-11-04T21:31:15.434+0400] {processor.py:829} INFO - Processing file /home/pyretttt/repos/mlops4/env/lib/python3.10/site-packages/airflow/example_dags/example_sla_dag.py for tasks to queue
[2023-11-04T21:31:15.435+0400] {logging_mixin.py:151} INFO - [2023-11-04T21:31:15.434+0400] {dagbag.py:536} INFO - Filling up the DagBag from /home/pyretttt/repos/mlops4/env/lib/python3.10/site-packages/airflow/example_dags/example_sla_dag.py
[2023-11-04T21:31:15.445+0400] {processor.py:839} INFO - DAG(s) dict_keys(['example_sla_dag']) retrieved from /home/pyretttt/repos/mlops4/env/lib/python3.10/site-packages/airflow/example_dags/example_sla_dag.py
[2023-11-04T21:31:15.461+0400] {logging_mixin.py:151} INFO - [2023-11-04T21:31:15.461+0400] {dag.py:2941} INFO - Sync 1 DAGs
[2023-11-04T21:31:15.475+0400] {logging_mixin.py:151} INFO - [2023-11-04T21:31:15.474+0400] {dag.py:3722} INFO - Setting next_dagrun for example_sla_dag to 2023-11-04T17:28:00+00:00, run_after=2023-11-04T17:30:00+00:00
[2023-11-04T21:31:15.485+0400] {processor.py:179} INFO - Processing /home/pyretttt/repos/mlops4/env/lib/python3.10/site-packages/airflow/example_dags/example_sla_dag.py took 0.058 seconds
[2023-11-04T21:32:08.027+0400] {processor.py:157} INFO - Started process (PID=38609) to work on /home/pyretttt/repos/mlops4/env/lib/python3.10/site-packages/airflow/example_dags/example_sla_dag.py
[2023-11-04T21:32:08.029+0400] {processor.py:829} INFO - Processing file /home/pyretttt/repos/mlops4/env/lib/python3.10/site-packages/airflow/example_dags/example_sla_dag.py for tasks to queue
[2023-11-04T21:32:08.030+0400] {logging_mixin.py:151} INFO - [2023-11-04T21:32:08.029+0400] {dagbag.py:536} INFO - Filling up the DagBag from /home/pyretttt/repos/mlops4/env/lib/python3.10/site-packages/airflow/example_dags/example_sla_dag.py
[2023-11-04T21:32:08.039+0400] {processor.py:839} INFO - DAG(s) dict_keys(['example_sla_dag']) retrieved from /home/pyretttt/repos/mlops4/env/lib/python3.10/site-packages/airflow/example_dags/example_sla_dag.py
[2023-11-04T21:32:08.055+0400] {logging_mixin.py:151} INFO - [2023-11-04T21:32:08.054+0400] {dag.py:2941} INFO - Sync 1 DAGs
[2023-11-04T21:32:08.069+0400] {logging_mixin.py:151} INFO - [2023-11-04T21:32:08.069+0400] {dag.py:3722} INFO - Setting next_dagrun for example_sla_dag to 2023-11-04T17:30:00+00:00, run_after=2023-11-04T17:32:00+00:00
[2023-11-04T21:32:08.082+0400] {processor.py:179} INFO - Processing /home/pyretttt/repos/mlops4/env/lib/python3.10/site-packages/airflow/example_dags/example_sla_dag.py took 0.059 seconds
[2023-11-04T21:33:05.667+0400] {processor.py:157} INFO - Started process (PID=38664) to work on /home/pyretttt/repos/mlops4/env/lib/python3.10/site-packages/airflow/example_dags/example_sla_dag.py
[2023-11-04T21:33:05.669+0400] {processor.py:829} INFO - Processing file /home/pyretttt/repos/mlops4/env/lib/python3.10/site-packages/airflow/example_dags/example_sla_dag.py for tasks to queue
[2023-11-04T21:33:05.670+0400] {logging_mixin.py:151} INFO - [2023-11-04T21:33:05.669+0400] {dagbag.py:536} INFO - Filling up the DagBag from /home/pyretttt/repos/mlops4/env/lib/python3.10/site-packages/airflow/example_dags/example_sla_dag.py
[2023-11-04T21:33:05.681+0400] {processor.py:839} INFO - DAG(s) dict_keys(['example_sla_dag']) retrieved from /home/pyretttt/repos/mlops4/env/lib/python3.10/site-packages/airflow/example_dags/example_sla_dag.py
[2023-11-04T21:33:05.697+0400] {logging_mixin.py:151} INFO - [2023-11-04T21:33:05.697+0400] {dag.py:2941} INFO - Sync 1 DAGs
[2023-11-04T21:33:05.711+0400] {logging_mixin.py:151} INFO - [2023-11-04T21:33:05.711+0400] {dag.py:3722} INFO - Setting next_dagrun for example_sla_dag to 2023-11-04T17:30:00+00:00, run_after=2023-11-04T17:32:00+00:00
[2023-11-04T21:33:05.722+0400] {processor.py:179} INFO - Processing /home/pyretttt/repos/mlops4/env/lib/python3.10/site-packages/airflow/example_dags/example_sla_dag.py took 0.060 seconds
[2023-11-04T21:34:08.627+0400] {processor.py:157} INFO - Started process (PID=38723) to work on /home/pyretttt/repos/mlops4/env/lib/python3.10/site-packages/airflow/example_dags/example_sla_dag.py
[2023-11-04T21:34:08.629+0400] {processor.py:829} INFO - Processing file /home/pyretttt/repos/mlops4/env/lib/python3.10/site-packages/airflow/example_dags/example_sla_dag.py for tasks to queue
[2023-11-04T21:34:08.630+0400] {logging_mixin.py:151} INFO - [2023-11-04T21:34:08.629+0400] {dagbag.py:536} INFO - Filling up the DagBag from /home/pyretttt/repos/mlops4/env/lib/python3.10/site-packages/airflow/example_dags/example_sla_dag.py
[2023-11-04T21:34:08.640+0400] {processor.py:839} INFO - DAG(s) dict_keys(['example_sla_dag']) retrieved from /home/pyretttt/repos/mlops4/env/lib/python3.10/site-packages/airflow/example_dags/example_sla_dag.py
[2023-11-04T21:34:08.657+0400] {logging_mixin.py:151} INFO - [2023-11-04T21:34:08.656+0400] {dag.py:2941} INFO - Sync 1 DAGs
[2023-11-04T21:34:08.671+0400] {logging_mixin.py:151} INFO - [2023-11-04T21:34:08.671+0400] {dag.py:3722} INFO - Setting next_dagrun for example_sla_dag to 2023-11-04T17:32:00+00:00, run_after=2023-11-04T17:34:00+00:00
[2023-11-04T21:34:08.684+0400] {processor.py:179} INFO - Processing /home/pyretttt/repos/mlops4/env/lib/python3.10/site-packages/airflow/example_dags/example_sla_dag.py took 0.061 seconds
[2023-11-04T21:35:07.338+0400] {processor.py:157} INFO - Started process (PID=38780) to work on /home/pyretttt/repos/mlops4/env/lib/python3.10/site-packages/airflow/example_dags/example_sla_dag.py
[2023-11-04T21:35:07.340+0400] {processor.py:829} INFO - Processing file /home/pyretttt/repos/mlops4/env/lib/python3.10/site-packages/airflow/example_dags/example_sla_dag.py for tasks to queue
[2023-11-04T21:35:07.341+0400] {logging_mixin.py:151} INFO - [2023-11-04T21:35:07.340+0400] {dagbag.py:536} INFO - Filling up the DagBag from /home/pyretttt/repos/mlops4/env/lib/python3.10/site-packages/airflow/example_dags/example_sla_dag.py
[2023-11-04T21:35:07.351+0400] {processor.py:839} INFO - DAG(s) dict_keys(['example_sla_dag']) retrieved from /home/pyretttt/repos/mlops4/env/lib/python3.10/site-packages/airflow/example_dags/example_sla_dag.py
[2023-11-04T21:35:07.367+0400] {logging_mixin.py:151} INFO - [2023-11-04T21:35:07.367+0400] {dag.py:2941} INFO - Sync 1 DAGs
[2023-11-04T21:35:07.382+0400] {logging_mixin.py:151} INFO - [2023-11-04T21:35:07.382+0400] {dag.py:3722} INFO - Setting next_dagrun for example_sla_dag to 2023-11-04T17:32:00+00:00, run_after=2023-11-04T17:34:00+00:00
[2023-11-04T21:35:07.392+0400] {processor.py:179} INFO - Processing /home/pyretttt/repos/mlops4/env/lib/python3.10/site-packages/airflow/example_dags/example_sla_dag.py took 0.059 seconds
[2023-11-04T21:36:08.381+0400] {processor.py:157} INFO - Started process (PID=38838) to work on /home/pyretttt/repos/mlops4/env/lib/python3.10/site-packages/airflow/example_dags/example_sla_dag.py
[2023-11-04T21:36:08.383+0400] {processor.py:829} INFO - Processing file /home/pyretttt/repos/mlops4/env/lib/python3.10/site-packages/airflow/example_dags/example_sla_dag.py for tasks to queue
[2023-11-04T21:36:08.384+0400] {logging_mixin.py:151} INFO - [2023-11-04T21:36:08.383+0400] {dagbag.py:536} INFO - Filling up the DagBag from /home/pyretttt/repos/mlops4/env/lib/python3.10/site-packages/airflow/example_dags/example_sla_dag.py
[2023-11-04T21:36:08.395+0400] {processor.py:839} INFO - DAG(s) dict_keys(['example_sla_dag']) retrieved from /home/pyretttt/repos/mlops4/env/lib/python3.10/site-packages/airflow/example_dags/example_sla_dag.py
[2023-11-04T21:36:08.411+0400] {logging_mixin.py:151} INFO - [2023-11-04T21:36:08.411+0400] {dag.py:2941} INFO - Sync 1 DAGs
[2023-11-04T21:36:08.426+0400] {logging_mixin.py:151} INFO - [2023-11-04T21:36:08.426+0400] {dag.py:3722} INFO - Setting next_dagrun for example_sla_dag to 2023-11-04T17:34:00+00:00, run_after=2023-11-04T17:36:00+00:00
[2023-11-04T21:36:08.438+0400] {processor.py:179} INFO - Processing /home/pyretttt/repos/mlops4/env/lib/python3.10/site-packages/airflow/example_dags/example_sla_dag.py took 0.061 seconds
[2023-11-04T21:37:06.197+0400] {processor.py:157} INFO - Started process (PID=38893) to work on /home/pyretttt/repos/mlops4/env/lib/python3.10/site-packages/airflow/example_dags/example_sla_dag.py
[2023-11-04T21:37:06.199+0400] {processor.py:829} INFO - Processing file /home/pyretttt/repos/mlops4/env/lib/python3.10/site-packages/airflow/example_dags/example_sla_dag.py for tasks to queue
[2023-11-04T21:37:06.200+0400] {logging_mixin.py:151} INFO - [2023-11-04T21:37:06.199+0400] {dagbag.py:536} INFO - Filling up the DagBag from /home/pyretttt/repos/mlops4/env/lib/python3.10/site-packages/airflow/example_dags/example_sla_dag.py
[2023-11-04T21:37:06.211+0400] {processor.py:839} INFO - DAG(s) dict_keys(['example_sla_dag']) retrieved from /home/pyretttt/repos/mlops4/env/lib/python3.10/site-packages/airflow/example_dags/example_sla_dag.py
[2023-11-04T21:37:06.227+0400] {logging_mixin.py:151} INFO - [2023-11-04T21:37:06.227+0400] {dag.py:2941} INFO - Sync 1 DAGs
[2023-11-04T21:37:06.242+0400] {logging_mixin.py:151} INFO - [2023-11-04T21:37:06.242+0400] {dag.py:3722} INFO - Setting next_dagrun for example_sla_dag to 2023-11-04T17:34:00+00:00, run_after=2023-11-04T17:36:00+00:00
[2023-11-04T21:37:06.253+0400] {processor.py:179} INFO - Processing /home/pyretttt/repos/mlops4/env/lib/python3.10/site-packages/airflow/example_dags/example_sla_dag.py took 0.061 seconds
[2023-11-04T21:38:07.066+0400] {processor.py:157} INFO - Started process (PID=38951) to work on /home/pyretttt/repos/mlops4/env/lib/python3.10/site-packages/airflow/example_dags/example_sla_dag.py
[2023-11-04T21:38:07.068+0400] {processor.py:829} INFO - Processing file /home/pyretttt/repos/mlops4/env/lib/python3.10/site-packages/airflow/example_dags/example_sla_dag.py for tasks to queue
[2023-11-04T21:38:07.070+0400] {logging_mixin.py:151} INFO - [2023-11-04T21:38:07.069+0400] {dagbag.py:536} INFO - Filling up the DagBag from /home/pyretttt/repos/mlops4/env/lib/python3.10/site-packages/airflow/example_dags/example_sla_dag.py
[2023-11-04T21:38:07.080+0400] {processor.py:839} INFO - DAG(s) dict_keys(['example_sla_dag']) retrieved from /home/pyretttt/repos/mlops4/env/lib/python3.10/site-packages/airflow/example_dags/example_sla_dag.py
[2023-11-04T21:38:07.097+0400] {logging_mixin.py:151} INFO - [2023-11-04T21:38:07.097+0400] {dag.py:2941} INFO - Sync 1 DAGs
[2023-11-04T21:38:07.110+0400] {logging_mixin.py:151} INFO - [2023-11-04T21:38:07.110+0400] {dag.py:3722} INFO - Setting next_dagrun for example_sla_dag to 2023-11-04T17:36:00+00:00, run_after=2023-11-04T17:38:00+00:00
[2023-11-04T21:38:07.120+0400] {processor.py:179} INFO - Processing /home/pyretttt/repos/mlops4/env/lib/python3.10/site-packages/airflow/example_dags/example_sla_dag.py took 0.059 seconds
[2023-11-04T21:39:07.934+0400] {processor.py:157} INFO - Started process (PID=39008) to work on /home/pyretttt/repos/mlops4/env/lib/python3.10/site-packages/airflow/example_dags/example_sla_dag.py
[2023-11-04T21:39:07.936+0400] {processor.py:829} INFO - Processing file /home/pyretttt/repos/mlops4/env/lib/python3.10/site-packages/airflow/example_dags/example_sla_dag.py for tasks to queue
[2023-11-04T21:39:07.937+0400] {logging_mixin.py:151} INFO - [2023-11-04T21:39:07.936+0400] {dagbag.py:536} INFO - Filling up the DagBag from /home/pyretttt/repos/mlops4/env/lib/python3.10/site-packages/airflow/example_dags/example_sla_dag.py
[2023-11-04T21:39:07.947+0400] {processor.py:839} INFO - DAG(s) dict_keys(['example_sla_dag']) retrieved from /home/pyretttt/repos/mlops4/env/lib/python3.10/site-packages/airflow/example_dags/example_sla_dag.py
[2023-11-04T21:39:07.963+0400] {logging_mixin.py:151} INFO - [2023-11-04T21:39:07.963+0400] {dag.py:2941} INFO - Sync 1 DAGs
[2023-11-04T21:39:07.978+0400] {logging_mixin.py:151} INFO - [2023-11-04T21:39:07.978+0400] {dag.py:3722} INFO - Setting next_dagrun for example_sla_dag to 2023-11-04T17:36:00+00:00, run_after=2023-11-04T17:38:00+00:00
[2023-11-04T21:39:07.989+0400] {processor.py:179} INFO - Processing /home/pyretttt/repos/mlops4/env/lib/python3.10/site-packages/airflow/example_dags/example_sla_dag.py took 0.059 seconds
[2023-11-04T21:40:06.679+0400] {processor.py:157} INFO - Started process (PID=39064) to work on /home/pyretttt/repos/mlops4/env/lib/python3.10/site-packages/airflow/example_dags/example_sla_dag.py
[2023-11-04T21:40:06.680+0400] {processor.py:829} INFO - Processing file /home/pyretttt/repos/mlops4/env/lib/python3.10/site-packages/airflow/example_dags/example_sla_dag.py for tasks to queue
[2023-11-04T21:40:06.682+0400] {logging_mixin.py:151} INFO - [2023-11-04T21:40:06.681+0400] {dagbag.py:536} INFO - Filling up the DagBag from /home/pyretttt/repos/mlops4/env/lib/python3.10/site-packages/airflow/example_dags/example_sla_dag.py
[2023-11-04T21:40:06.692+0400] {processor.py:839} INFO - DAG(s) dict_keys(['example_sla_dag']) retrieved from /home/pyretttt/repos/mlops4/env/lib/python3.10/site-packages/airflow/example_dags/example_sla_dag.py
[2023-11-04T21:40:06.711+0400] {logging_mixin.py:151} INFO - [2023-11-04T21:40:06.711+0400] {dag.py:2941} INFO - Sync 1 DAGs
[2023-11-04T21:40:06.726+0400] {logging_mixin.py:151} INFO - [2023-11-04T21:40:06.725+0400] {dag.py:3722} INFO - Setting next_dagrun for example_sla_dag to 2023-11-04T17:38:00+00:00, run_after=2023-11-04T17:40:00+00:00
[2023-11-04T21:40:06.737+0400] {processor.py:179} INFO - Processing /home/pyretttt/repos/mlops4/env/lib/python3.10/site-packages/airflow/example_dags/example_sla_dag.py took 0.063 seconds
[2023-11-04T21:41:10.955+0400] {processor.py:157} INFO - Started process (PID=39123) to work on /home/pyretttt/repos/mlops4/env/lib/python3.10/site-packages/airflow/example_dags/example_sla_dag.py
[2023-11-04T21:41:10.957+0400] {processor.py:829} INFO - Processing file /home/pyretttt/repos/mlops4/env/lib/python3.10/site-packages/airflow/example_dags/example_sla_dag.py for tasks to queue
[2023-11-04T21:41:10.958+0400] {logging_mixin.py:151} INFO - [2023-11-04T21:41:10.957+0400] {dagbag.py:536} INFO - Filling up the DagBag from /home/pyretttt/repos/mlops4/env/lib/python3.10/site-packages/airflow/example_dags/example_sla_dag.py
[2023-11-04T21:41:10.969+0400] {processor.py:839} INFO - DAG(s) dict_keys(['example_sla_dag']) retrieved from /home/pyretttt/repos/mlops4/env/lib/python3.10/site-packages/airflow/example_dags/example_sla_dag.py
[2023-11-04T21:41:10.986+0400] {logging_mixin.py:151} INFO - [2023-11-04T21:41:10.985+0400] {dag.py:2941} INFO - Sync 1 DAGs
[2023-11-04T21:41:11.000+0400] {logging_mixin.py:151} INFO - [2023-11-04T21:41:11.000+0400] {dag.py:3722} INFO - Setting next_dagrun for example_sla_dag to 2023-11-04T17:38:00+00:00, run_after=2023-11-04T17:40:00+00:00
[2023-11-04T21:41:11.011+0400] {processor.py:179} INFO - Processing /home/pyretttt/repos/mlops4/env/lib/python3.10/site-packages/airflow/example_dags/example_sla_dag.py took 0.061 seconds
[2023-11-04T21:42:02.113+0400] {processor.py:157} INFO - Started process (PID=39170) to work on /home/pyretttt/repos/mlops4/env/lib/python3.10/site-packages/airflow/example_dags/example_sla_dag.py
[2023-11-04T21:42:02.115+0400] {processor.py:829} INFO - Processing file /home/pyretttt/repos/mlops4/env/lib/python3.10/site-packages/airflow/example_dags/example_sla_dag.py for tasks to queue
[2023-11-04T21:42:02.116+0400] {logging_mixin.py:151} INFO - [2023-11-04T21:42:02.115+0400] {dagbag.py:536} INFO - Filling up the DagBag from /home/pyretttt/repos/mlops4/env/lib/python3.10/site-packages/airflow/example_dags/example_sla_dag.py
[2023-11-04T21:42:02.126+0400] {processor.py:839} INFO - DAG(s) dict_keys(['example_sla_dag']) retrieved from /home/pyretttt/repos/mlops4/env/lib/python3.10/site-packages/airflow/example_dags/example_sla_dag.py
[2023-11-04T21:42:02.143+0400] {logging_mixin.py:151} INFO - [2023-11-04T21:42:02.143+0400] {dag.py:2941} INFO - Sync 1 DAGs
[2023-11-04T21:42:02.156+0400] {logging_mixin.py:151} INFO - [2023-11-04T21:42:02.156+0400] {dag.py:3722} INFO - Setting next_dagrun for example_sla_dag to 2023-11-04T17:40:00+00:00, run_after=2023-11-04T17:42:00+00:00
[2023-11-04T21:42:02.166+0400] {processor.py:179} INFO - Processing /home/pyretttt/repos/mlops4/env/lib/python3.10/site-packages/airflow/example_dags/example_sla_dag.py took 0.058 seconds
[2023-11-04T21:42:56.320+0400] {processor.py:157} INFO - Started process (PID=39225) to work on /home/pyretttt/repos/mlops4/env/lib/python3.10/site-packages/airflow/example_dags/example_sla_dag.py
[2023-11-04T21:42:56.322+0400] {processor.py:829} INFO - Processing file /home/pyretttt/repos/mlops4/env/lib/python3.10/site-packages/airflow/example_dags/example_sla_dag.py for tasks to queue
[2023-11-04T21:42:56.324+0400] {logging_mixin.py:151} INFO - [2023-11-04T21:42:56.323+0400] {dagbag.py:536} INFO - Filling up the DagBag from /home/pyretttt/repos/mlops4/env/lib/python3.10/site-packages/airflow/example_dags/example_sla_dag.py
[2023-11-04T21:42:56.335+0400] {processor.py:839} INFO - DAG(s) dict_keys(['example_sla_dag']) retrieved from /home/pyretttt/repos/mlops4/env/lib/python3.10/site-packages/airflow/example_dags/example_sla_dag.py
[2023-11-04T21:42:56.351+0400] {logging_mixin.py:151} INFO - [2023-11-04T21:42:56.351+0400] {dag.py:2941} INFO - Sync 1 DAGs
[2023-11-04T21:42:56.365+0400] {logging_mixin.py:151} INFO - [2023-11-04T21:42:56.365+0400] {dag.py:3722} INFO - Setting next_dagrun for example_sla_dag to 2023-11-04T17:40:00+00:00, run_after=2023-11-04T17:42:00+00:00
[2023-11-04T21:42:56.376+0400] {processor.py:179} INFO - Processing /home/pyretttt/repos/mlops4/env/lib/python3.10/site-packages/airflow/example_dags/example_sla_dag.py took 0.060 seconds
[2023-11-04T21:43:49.741+0400] {processor.py:157} INFO - Started process (PID=39278) to work on /home/pyretttt/repos/mlops4/env/lib/python3.10/site-packages/airflow/example_dags/example_sla_dag.py
[2023-11-04T21:43:49.743+0400] {processor.py:829} INFO - Processing file /home/pyretttt/repos/mlops4/env/lib/python3.10/site-packages/airflow/example_dags/example_sla_dag.py for tasks to queue
[2023-11-04T21:43:49.744+0400] {logging_mixin.py:151} INFO - [2023-11-04T21:43:49.743+0400] {dagbag.py:536} INFO - Filling up the DagBag from /home/pyretttt/repos/mlops4/env/lib/python3.10/site-packages/airflow/example_dags/example_sla_dag.py
[2023-11-04T21:43:49.754+0400] {processor.py:839} INFO - DAG(s) dict_keys(['example_sla_dag']) retrieved from /home/pyretttt/repos/mlops4/env/lib/python3.10/site-packages/airflow/example_dags/example_sla_dag.py
[2023-11-04T21:43:49.773+0400] {logging_mixin.py:151} INFO - [2023-11-04T21:43:49.773+0400] {dag.py:2941} INFO - Sync 1 DAGs
[2023-11-04T21:43:49.787+0400] {logging_mixin.py:151} INFO - [2023-11-04T21:43:49.787+0400] {dag.py:3722} INFO - Setting next_dagrun for example_sla_dag to 2023-11-04T17:40:00+00:00, run_after=2023-11-04T17:42:00+00:00
[2023-11-04T21:43:49.798+0400] {processor.py:179} INFO - Processing /home/pyretttt/repos/mlops4/env/lib/python3.10/site-packages/airflow/example_dags/example_sla_dag.py took 0.062 seconds
[2023-11-04T21:44:42.237+0400] {processor.py:157} INFO - Started process (PID=39331) to work on /home/pyretttt/repos/mlops4/env/lib/python3.10/site-packages/airflow/example_dags/example_sla_dag.py
[2023-11-04T21:44:42.239+0400] {processor.py:829} INFO - Processing file /home/pyretttt/repos/mlops4/env/lib/python3.10/site-packages/airflow/example_dags/example_sla_dag.py for tasks to queue
[2023-11-04T21:44:42.240+0400] {logging_mixin.py:151} INFO - [2023-11-04T21:44:42.239+0400] {dagbag.py:536} INFO - Filling up the DagBag from /home/pyretttt/repos/mlops4/env/lib/python3.10/site-packages/airflow/example_dags/example_sla_dag.py
[2023-11-04T21:44:42.252+0400] {processor.py:839} INFO - DAG(s) dict_keys(['example_sla_dag']) retrieved from /home/pyretttt/repos/mlops4/env/lib/python3.10/site-packages/airflow/example_dags/example_sla_dag.py
[2023-11-04T21:44:42.268+0400] {logging_mixin.py:151} INFO - [2023-11-04T21:44:42.268+0400] {dag.py:2941} INFO - Sync 1 DAGs
[2023-11-04T21:44:42.282+0400] {logging_mixin.py:151} INFO - [2023-11-04T21:44:42.282+0400] {dag.py:3722} INFO - Setting next_dagrun for example_sla_dag to 2023-11-04T17:42:00+00:00, run_after=2023-11-04T17:44:00+00:00
[2023-11-04T21:44:42.293+0400] {processor.py:179} INFO - Processing /home/pyretttt/repos/mlops4/env/lib/python3.10/site-packages/airflow/example_dags/example_sla_dag.py took 0.060 seconds
[2023-11-04T21:45:37.663+0400] {processor.py:157} INFO - Started process (PID=39385) to work on /home/pyretttt/repos/mlops4/env/lib/python3.10/site-packages/airflow/example_dags/example_sla_dag.py
[2023-11-04T21:45:37.664+0400] {processor.py:829} INFO - Processing file /home/pyretttt/repos/mlops4/env/lib/python3.10/site-packages/airflow/example_dags/example_sla_dag.py for tasks to queue
[2023-11-04T21:45:37.665+0400] {logging_mixin.py:151} INFO - [2023-11-04T21:45:37.665+0400] {dagbag.py:536} INFO - Filling up the DagBag from /home/pyretttt/repos/mlops4/env/lib/python3.10/site-packages/airflow/example_dags/example_sla_dag.py
[2023-11-04T21:45:37.670+0400] {processor.py:839} INFO - DAG(s) dict_keys(['example_sla_dag']) retrieved from /home/pyretttt/repos/mlops4/env/lib/python3.10/site-packages/airflow/example_dags/example_sla_dag.py
[2023-11-04T21:45:37.681+0400] {logging_mixin.py:151} INFO - [2023-11-04T21:45:37.681+0400] {dag.py:2941} INFO - Sync 1 DAGs
[2023-11-04T21:45:37.692+0400] {logging_mixin.py:151} INFO - [2023-11-04T21:45:37.692+0400] {dag.py:3722} INFO - Setting next_dagrun for example_sla_dag to 2023-11-04T17:42:00+00:00, run_after=2023-11-04T17:44:00+00:00
[2023-11-04T21:45:37.708+0400] {processor.py:179} INFO - Processing /home/pyretttt/repos/mlops4/env/lib/python3.10/site-packages/airflow/example_dags/example_sla_dag.py took 0.049 seconds
[2023-11-04T21:46:30.003+0400] {processor.py:157} INFO - Started process (PID=39438) to work on /home/pyretttt/repos/mlops4/env/lib/python3.10/site-packages/airflow/example_dags/example_sla_dag.py
[2023-11-04T21:46:30.005+0400] {processor.py:829} INFO - Processing file /home/pyretttt/repos/mlops4/env/lib/python3.10/site-packages/airflow/example_dags/example_sla_dag.py for tasks to queue
[2023-11-04T21:46:30.006+0400] {logging_mixin.py:151} INFO - [2023-11-04T21:46:30.005+0400] {dagbag.py:536} INFO - Filling up the DagBag from /home/pyretttt/repos/mlops4/env/lib/python3.10/site-packages/airflow/example_dags/example_sla_dag.py
[2023-11-04T21:46:30.016+0400] {processor.py:839} INFO - DAG(s) dict_keys(['example_sla_dag']) retrieved from /home/pyretttt/repos/mlops4/env/lib/python3.10/site-packages/airflow/example_dags/example_sla_dag.py
[2023-11-04T21:46:30.033+0400] {logging_mixin.py:151} INFO - [2023-11-04T21:46:30.033+0400] {dag.py:2941} INFO - Sync 1 DAGs
[2023-11-04T21:46:30.047+0400] {logging_mixin.py:151} INFO - [2023-11-04T21:46:30.047+0400] {dag.py:3722} INFO - Setting next_dagrun for example_sla_dag to 2023-11-04T17:44:00+00:00, run_after=2023-11-04T17:46:00+00:00
[2023-11-04T21:46:30.058+0400] {processor.py:179} INFO - Processing /home/pyretttt/repos/mlops4/env/lib/python3.10/site-packages/airflow/example_dags/example_sla_dag.py took 0.060 seconds
[2023-11-04T21:47:22.072+0400] {processor.py:157} INFO - Started process (PID=39490) to work on /home/pyretttt/repos/mlops4/env/lib/python3.10/site-packages/airflow/example_dags/example_sla_dag.py
[2023-11-04T21:47:22.074+0400] {processor.py:829} INFO - Processing file /home/pyretttt/repos/mlops4/env/lib/python3.10/site-packages/airflow/example_dags/example_sla_dag.py for tasks to queue
[2023-11-04T21:47:22.075+0400] {logging_mixin.py:151} INFO - [2023-11-04T21:47:22.075+0400] {dagbag.py:536} INFO - Filling up the DagBag from /home/pyretttt/repos/mlops4/env/lib/python3.10/site-packages/airflow/example_dags/example_sla_dag.py
[2023-11-04T21:47:22.085+0400] {processor.py:839} INFO - DAG(s) dict_keys(['example_sla_dag']) retrieved from /home/pyretttt/repos/mlops4/env/lib/python3.10/site-packages/airflow/example_dags/example_sla_dag.py
[2023-11-04T21:47:22.101+0400] {logging_mixin.py:151} INFO - [2023-11-04T21:47:22.101+0400] {dag.py:2941} INFO - Sync 1 DAGs
[2023-11-04T21:47:22.115+0400] {logging_mixin.py:151} INFO - [2023-11-04T21:47:22.115+0400] {dag.py:3722} INFO - Setting next_dagrun for example_sla_dag to 2023-11-04T17:44:00+00:00, run_after=2023-11-04T17:46:00+00:00
[2023-11-04T21:47:22.126+0400] {processor.py:179} INFO - Processing /home/pyretttt/repos/mlops4/env/lib/python3.10/site-packages/airflow/example_dags/example_sla_dag.py took 0.058 seconds
[2023-11-04T21:48:08.998+0400] {processor.py:157} INFO - Started process (PID=39540) to work on /home/pyretttt/repos/mlops4/env/lib/python3.10/site-packages/airflow/example_dags/example_sla_dag.py
[2023-11-04T21:48:09.000+0400] {processor.py:829} INFO - Processing file /home/pyretttt/repos/mlops4/env/lib/python3.10/site-packages/airflow/example_dags/example_sla_dag.py for tasks to queue
[2023-11-04T21:48:09.001+0400] {logging_mixin.py:151} INFO - [2023-11-04T21:48:09.000+0400] {dagbag.py:536} INFO - Filling up the DagBag from /home/pyretttt/repos/mlops4/env/lib/python3.10/site-packages/airflow/example_dags/example_sla_dag.py
[2023-11-04T21:48:09.011+0400] {processor.py:839} INFO - DAG(s) dict_keys(['example_sla_dag']) retrieved from /home/pyretttt/repos/mlops4/env/lib/python3.10/site-packages/airflow/example_dags/example_sla_dag.py
[2023-11-04T21:48:09.028+0400] {logging_mixin.py:151} INFO - [2023-11-04T21:48:09.027+0400] {dag.py:2941} INFO - Sync 1 DAGs
[2023-11-04T21:48:09.043+0400] {logging_mixin.py:151} INFO - [2023-11-04T21:48:09.043+0400] {dag.py:3722} INFO - Setting next_dagrun for example_sla_dag to 2023-11-04T17:46:00+00:00, run_after=2023-11-04T17:48:00+00:00
[2023-11-04T21:48:09.054+0400] {processor.py:179} INFO - Processing /home/pyretttt/repos/mlops4/env/lib/python3.10/site-packages/airflow/example_dags/example_sla_dag.py took 0.060 seconds
[2023-11-04T21:48:59.596+0400] {processor.py:157} INFO - Started process (PID=39591) to work on /home/pyretttt/repos/mlops4/env/lib/python3.10/site-packages/airflow/example_dags/example_sla_dag.py
[2023-11-04T21:48:59.598+0400] {processor.py:829} INFO - Processing file /home/pyretttt/repos/mlops4/env/lib/python3.10/site-packages/airflow/example_dags/example_sla_dag.py for tasks to queue
[2023-11-04T21:48:59.599+0400] {logging_mixin.py:151} INFO - [2023-11-04T21:48:59.598+0400] {dagbag.py:536} INFO - Filling up the DagBag from /home/pyretttt/repos/mlops4/env/lib/python3.10/site-packages/airflow/example_dags/example_sla_dag.py
[2023-11-04T21:48:59.610+0400] {processor.py:839} INFO - DAG(s) dict_keys(['example_sla_dag']) retrieved from /home/pyretttt/repos/mlops4/env/lib/python3.10/site-packages/airflow/example_dags/example_sla_dag.py
[2023-11-04T21:48:59.626+0400] {logging_mixin.py:151} INFO - [2023-11-04T21:48:59.626+0400] {dag.py:2941} INFO - Sync 1 DAGs
[2023-11-04T21:48:59.640+0400] {logging_mixin.py:151} INFO - [2023-11-04T21:48:59.640+0400] {dag.py:3722} INFO - Setting next_dagrun for example_sla_dag to 2023-11-04T17:46:00+00:00, run_after=2023-11-04T17:48:00+00:00
[2023-11-04T21:48:59.651+0400] {processor.py:179} INFO - Processing /home/pyretttt/repos/mlops4/env/lib/python3.10/site-packages/airflow/example_dags/example_sla_dag.py took 0.059 seconds
[2023-11-04T21:49:54.628+0400] {processor.py:157} INFO - Started process (PID=39646) to work on /home/pyretttt/repos/mlops4/env/lib/python3.10/site-packages/airflow/example_dags/example_sla_dag.py
[2023-11-04T21:49:54.630+0400] {processor.py:829} INFO - Processing file /home/pyretttt/repos/mlops4/env/lib/python3.10/site-packages/airflow/example_dags/example_sla_dag.py for tasks to queue
[2023-11-04T21:49:54.631+0400] {logging_mixin.py:151} INFO - [2023-11-04T21:49:54.630+0400] {dagbag.py:536} INFO - Filling up the DagBag from /home/pyretttt/repos/mlops4/env/lib/python3.10/site-packages/airflow/example_dags/example_sla_dag.py
[2023-11-04T21:49:54.642+0400] {processor.py:839} INFO - DAG(s) dict_keys(['example_sla_dag']) retrieved from /home/pyretttt/repos/mlops4/env/lib/python3.10/site-packages/airflow/example_dags/example_sla_dag.py
[2023-11-04T21:49:54.658+0400] {logging_mixin.py:151} INFO - [2023-11-04T21:49:54.658+0400] {dag.py:2941} INFO - Sync 1 DAGs
[2023-11-04T21:49:54.674+0400] {logging_mixin.py:151} INFO - [2023-11-04T21:49:54.673+0400] {dag.py:3722} INFO - Setting next_dagrun for example_sla_dag to 2023-11-04T17:46:00+00:00, run_after=2023-11-04T17:48:00+00:00
[2023-11-04T21:49:54.685+0400] {processor.py:179} INFO - Processing /home/pyretttt/repos/mlops4/env/lib/python3.10/site-packages/airflow/example_dags/example_sla_dag.py took 0.062 seconds
[2023-11-04T21:50:50.630+0400] {processor.py:157} INFO - Started process (PID=39701) to work on /home/pyretttt/repos/mlops4/env/lib/python3.10/site-packages/airflow/example_dags/example_sla_dag.py
[2023-11-04T21:50:50.632+0400] {processor.py:829} INFO - Processing file /home/pyretttt/repos/mlops4/env/lib/python3.10/site-packages/airflow/example_dags/example_sla_dag.py for tasks to queue
[2023-11-04T21:50:50.633+0400] {logging_mixin.py:151} INFO - [2023-11-04T21:50:50.632+0400] {dagbag.py:536} INFO - Filling up the DagBag from /home/pyretttt/repos/mlops4/env/lib/python3.10/site-packages/airflow/example_dags/example_sla_dag.py
[2023-11-04T21:50:50.644+0400] {processor.py:839} INFO - DAG(s) dict_keys(['example_sla_dag']) retrieved from /home/pyretttt/repos/mlops4/env/lib/python3.10/site-packages/airflow/example_dags/example_sla_dag.py
[2023-11-04T21:50:50.661+0400] {logging_mixin.py:151} INFO - [2023-11-04T21:50:50.660+0400] {dag.py:2941} INFO - Sync 1 DAGs
[2023-11-04T21:50:50.674+0400] {logging_mixin.py:151} INFO - [2023-11-04T21:50:50.674+0400] {dag.py:3722} INFO - Setting next_dagrun for example_sla_dag to 2023-11-04T17:48:00+00:00, run_after=2023-11-04T17:50:00+00:00
[2023-11-04T21:50:50.684+0400] {processor.py:179} INFO - Processing /home/pyretttt/repos/mlops4/env/lib/python3.10/site-packages/airflow/example_dags/example_sla_dag.py took 0.060 seconds
[2023-11-04T21:51:43.473+0400] {processor.py:157} INFO - Started process (PID=39754) to work on /home/pyretttt/repos/mlops4/env/lib/python3.10/site-packages/airflow/example_dags/example_sla_dag.py
[2023-11-04T21:51:43.475+0400] {processor.py:829} INFO - Processing file /home/pyretttt/repos/mlops4/env/lib/python3.10/site-packages/airflow/example_dags/example_sla_dag.py for tasks to queue
[2023-11-04T21:51:43.476+0400] {logging_mixin.py:151} INFO - [2023-11-04T21:51:43.475+0400] {dagbag.py:536} INFO - Filling up the DagBag from /home/pyretttt/repos/mlops4/env/lib/python3.10/site-packages/airflow/example_dags/example_sla_dag.py
[2023-11-04T21:51:43.485+0400] {processor.py:839} INFO - DAG(s) dict_keys(['example_sla_dag']) retrieved from /home/pyretttt/repos/mlops4/env/lib/python3.10/site-packages/airflow/example_dags/example_sla_dag.py
[2023-11-04T21:51:43.499+0400] {logging_mixin.py:151} INFO - [2023-11-04T21:51:43.499+0400] {dag.py:2941} INFO - Sync 1 DAGs
[2023-11-04T21:51:43.515+0400] {logging_mixin.py:151} INFO - [2023-11-04T21:51:43.515+0400] {dag.py:3722} INFO - Setting next_dagrun for example_sla_dag to 2023-11-04T17:48:00+00:00, run_after=2023-11-04T17:50:00+00:00
[2023-11-04T21:51:43.528+0400] {processor.py:179} INFO - Processing /home/pyretttt/repos/mlops4/env/lib/python3.10/site-packages/airflow/example_dags/example_sla_dag.py took 0.059 seconds
[2023-11-04T21:52:30.821+0400] {processor.py:157} INFO - Started process (PID=39803) to work on /home/pyretttt/repos/mlops4/env/lib/python3.10/site-packages/airflow/example_dags/example_sla_dag.py
[2023-11-04T21:52:30.822+0400] {processor.py:829} INFO - Processing file /home/pyretttt/repos/mlops4/env/lib/python3.10/site-packages/airflow/example_dags/example_sla_dag.py for tasks to queue
[2023-11-04T21:52:30.823+0400] {logging_mixin.py:151} INFO - [2023-11-04T21:52:30.823+0400] {dagbag.py:536} INFO - Filling up the DagBag from /home/pyretttt/repos/mlops4/env/lib/python3.10/site-packages/airflow/example_dags/example_sla_dag.py
[2023-11-04T21:52:30.828+0400] {processor.py:839} INFO - DAG(s) dict_keys(['example_sla_dag']) retrieved from /home/pyretttt/repos/mlops4/env/lib/python3.10/site-packages/airflow/example_dags/example_sla_dag.py
[2023-11-04T21:52:30.838+0400] {logging_mixin.py:151} INFO - [2023-11-04T21:52:30.838+0400] {dag.py:2941} INFO - Sync 1 DAGs
[2023-11-04T21:52:30.850+0400] {logging_mixin.py:151} INFO - [2023-11-04T21:52:30.850+0400] {dag.py:3722} INFO - Setting next_dagrun for example_sla_dag to 2023-11-04T17:50:00+00:00, run_after=2023-11-04T17:52:00+00:00
[2023-11-04T21:52:30.861+0400] {processor.py:179} INFO - Processing /home/pyretttt/repos/mlops4/env/lib/python3.10/site-packages/airflow/example_dags/example_sla_dag.py took 0.042 seconds
[2023-11-04T21:53:23.712+0400] {processor.py:157} INFO - Started process (PID=39856) to work on /home/pyretttt/repos/mlops4/env/lib/python3.10/site-packages/airflow/example_dags/example_sla_dag.py
[2023-11-04T21:53:23.714+0400] {processor.py:829} INFO - Processing file /home/pyretttt/repos/mlops4/env/lib/python3.10/site-packages/airflow/example_dags/example_sla_dag.py for tasks to queue
[2023-11-04T21:53:23.715+0400] {logging_mixin.py:151} INFO - [2023-11-04T21:53:23.714+0400] {dagbag.py:536} INFO - Filling up the DagBag from /home/pyretttt/repos/mlops4/env/lib/python3.10/site-packages/airflow/example_dags/example_sla_dag.py
[2023-11-04T21:53:23.725+0400] {processor.py:839} INFO - DAG(s) dict_keys(['example_sla_dag']) retrieved from /home/pyretttt/repos/mlops4/env/lib/python3.10/site-packages/airflow/example_dags/example_sla_dag.py
[2023-11-04T21:53:23.741+0400] {logging_mixin.py:151} INFO - [2023-11-04T21:53:23.740+0400] {dag.py:2941} INFO - Sync 1 DAGs
[2023-11-04T21:53:23.755+0400] {logging_mixin.py:151} INFO - [2023-11-04T21:53:23.755+0400] {dag.py:3722} INFO - Setting next_dagrun for example_sla_dag to 2023-11-04T17:50:00+00:00, run_after=2023-11-04T17:52:00+00:00
[2023-11-04T21:53:23.766+0400] {processor.py:179} INFO - Processing /home/pyretttt/repos/mlops4/env/lib/python3.10/site-packages/airflow/example_dags/example_sla_dag.py took 0.059 seconds
[2023-11-04T21:54:17.255+0400] {processor.py:157} INFO - Started process (PID=39909) to work on /home/pyretttt/repos/mlops4/env/lib/python3.10/site-packages/airflow/example_dags/example_sla_dag.py
[2023-11-04T21:54:17.257+0400] {processor.py:829} INFO - Processing file /home/pyretttt/repos/mlops4/env/lib/python3.10/site-packages/airflow/example_dags/example_sla_dag.py for tasks to queue
[2023-11-04T21:54:17.258+0400] {logging_mixin.py:151} INFO - [2023-11-04T21:54:17.257+0400] {dagbag.py:536} INFO - Filling up the DagBag from /home/pyretttt/repos/mlops4/env/lib/python3.10/site-packages/airflow/example_dags/example_sla_dag.py
[2023-11-04T21:54:17.269+0400] {processor.py:839} INFO - DAG(s) dict_keys(['example_sla_dag']) retrieved from /home/pyretttt/repos/mlops4/env/lib/python3.10/site-packages/airflow/example_dags/example_sla_dag.py
[2023-11-04T21:54:17.286+0400] {logging_mixin.py:151} INFO - [2023-11-04T21:54:17.285+0400] {dag.py:2941} INFO - Sync 1 DAGs
[2023-11-04T21:54:17.303+0400] {logging_mixin.py:151} INFO - [2023-11-04T21:54:17.303+0400] {dag.py:3722} INFO - Setting next_dagrun for example_sla_dag to 2023-11-04T17:52:00+00:00, run_after=2023-11-04T17:54:00+00:00
[2023-11-04T21:54:17.317+0400] {processor.py:179} INFO - Processing /home/pyretttt/repos/mlops4/env/lib/python3.10/site-packages/airflow/example_dags/example_sla_dag.py took 0.067 seconds
[2023-11-04T21:55:09.326+0400] {processor.py:157} INFO - Started process (PID=39962) to work on /home/pyretttt/repos/mlops4/env/lib/python3.10/site-packages/airflow/example_dags/example_sla_dag.py
[2023-11-04T21:55:09.328+0400] {processor.py:829} INFO - Processing file /home/pyretttt/repos/mlops4/env/lib/python3.10/site-packages/airflow/example_dags/example_sla_dag.py for tasks to queue
[2023-11-04T21:55:09.329+0400] {logging_mixin.py:151} INFO - [2023-11-04T21:55:09.328+0400] {dagbag.py:536} INFO - Filling up the DagBag from /home/pyretttt/repos/mlops4/env/lib/python3.10/site-packages/airflow/example_dags/example_sla_dag.py
[2023-11-04T21:55:09.338+0400] {processor.py:839} INFO - DAG(s) dict_keys(['example_sla_dag']) retrieved from /home/pyretttt/repos/mlops4/env/lib/python3.10/site-packages/airflow/example_dags/example_sla_dag.py
[2023-11-04T21:55:09.355+0400] {logging_mixin.py:151} INFO - [2023-11-04T21:55:09.354+0400] {dag.py:2941} INFO - Sync 1 DAGs
[2023-11-04T21:55:09.369+0400] {logging_mixin.py:151} INFO - [2023-11-04T21:55:09.368+0400] {dag.py:3722} INFO - Setting next_dagrun for example_sla_dag to 2023-11-04T17:52:00+00:00, run_after=2023-11-04T17:54:00+00:00
[2023-11-04T21:55:09.380+0400] {processor.py:179} INFO - Processing /home/pyretttt/repos/mlops4/env/lib/python3.10/site-packages/airflow/example_dags/example_sla_dag.py took 0.058 seconds
[2023-11-04T21:55:58.055+0400] {processor.py:157} INFO - Started process (PID=40013) to work on /home/pyretttt/repos/mlops4/env/lib/python3.10/site-packages/airflow/example_dags/example_sla_dag.py
[2023-11-04T21:55:58.057+0400] {processor.py:829} INFO - Processing file /home/pyretttt/repos/mlops4/env/lib/python3.10/site-packages/airflow/example_dags/example_sla_dag.py for tasks to queue
[2023-11-04T21:55:58.058+0400] {logging_mixin.py:151} INFO - [2023-11-04T21:55:58.057+0400] {dagbag.py:536} INFO - Filling up the DagBag from /home/pyretttt/repos/mlops4/env/lib/python3.10/site-packages/airflow/example_dags/example_sla_dag.py
[2023-11-04T21:55:58.070+0400] {processor.py:839} INFO - DAG(s) dict_keys(['example_sla_dag']) retrieved from /home/pyretttt/repos/mlops4/env/lib/python3.10/site-packages/airflow/example_dags/example_sla_dag.py
[2023-11-04T21:55:58.090+0400] {logging_mixin.py:151} INFO - [2023-11-04T21:55:58.090+0400] {dag.py:2941} INFO - Sync 1 DAGs
[2023-11-04T21:55:58.107+0400] {logging_mixin.py:151} INFO - [2023-11-04T21:55:58.107+0400] {dag.py:3722} INFO - Setting next_dagrun for example_sla_dag to 2023-11-04T17:52:00+00:00, run_after=2023-11-04T17:54:00+00:00
[2023-11-04T21:55:58.122+0400] {processor.py:179} INFO - Processing /home/pyretttt/repos/mlops4/env/lib/python3.10/site-packages/airflow/example_dags/example_sla_dag.py took 0.071 seconds
[2023-11-04T21:56:52.282+0400] {processor.py:157} INFO - Started process (PID=40067) to work on /home/pyretttt/repos/mlops4/env/lib/python3.10/site-packages/airflow/example_dags/example_sla_dag.py
[2023-11-04T21:56:52.283+0400] {processor.py:829} INFO - Processing file /home/pyretttt/repos/mlops4/env/lib/python3.10/site-packages/airflow/example_dags/example_sla_dag.py for tasks to queue
[2023-11-04T21:56:52.284+0400] {logging_mixin.py:151} INFO - [2023-11-04T21:56:52.284+0400] {dagbag.py:536} INFO - Filling up the DagBag from /home/pyretttt/repos/mlops4/env/lib/python3.10/site-packages/airflow/example_dags/example_sla_dag.py
[2023-11-04T21:56:52.294+0400] {processor.py:839} INFO - DAG(s) dict_keys(['example_sla_dag']) retrieved from /home/pyretttt/repos/mlops4/env/lib/python3.10/site-packages/airflow/example_dags/example_sla_dag.py
[2023-11-04T21:56:52.309+0400] {logging_mixin.py:151} INFO - [2023-11-04T21:56:52.309+0400] {dag.py:2941} INFO - Sync 1 DAGs
[2023-11-04T21:56:52.327+0400] {logging_mixin.py:151} INFO - [2023-11-04T21:56:52.327+0400] {dag.py:3722} INFO - Setting next_dagrun for example_sla_dag to 2023-11-04T17:54:00+00:00, run_after=2023-11-04T17:56:00+00:00
[2023-11-04T21:56:52.346+0400] {processor.py:179} INFO - Processing /home/pyretttt/repos/mlops4/env/lib/python3.10/site-packages/airflow/example_dags/example_sla_dag.py took 0.068 seconds
[2023-11-04T21:57:47.337+0400] {processor.py:157} INFO - Started process (PID=40121) to work on /home/pyretttt/repos/mlops4/env/lib/python3.10/site-packages/airflow/example_dags/example_sla_dag.py
[2023-11-04T21:57:47.339+0400] {processor.py:829} INFO - Processing file /home/pyretttt/repos/mlops4/env/lib/python3.10/site-packages/airflow/example_dags/example_sla_dag.py for tasks to queue
[2023-11-04T21:57:47.340+0400] {logging_mixin.py:151} INFO - [2023-11-04T21:57:47.339+0400] {dagbag.py:536} INFO - Filling up the DagBag from /home/pyretttt/repos/mlops4/env/lib/python3.10/site-packages/airflow/example_dags/example_sla_dag.py
[2023-11-04T21:57:47.351+0400] {processor.py:839} INFO - DAG(s) dict_keys(['example_sla_dag']) retrieved from /home/pyretttt/repos/mlops4/env/lib/python3.10/site-packages/airflow/example_dags/example_sla_dag.py
[2023-11-04T21:57:47.369+0400] {logging_mixin.py:151} INFO - [2023-11-04T21:57:47.369+0400] {dag.py:2941} INFO - Sync 1 DAGs
[2023-11-04T21:57:47.383+0400] {logging_mixin.py:151} INFO - [2023-11-04T21:57:47.382+0400] {dag.py:3722} INFO - Setting next_dagrun for example_sla_dag to 2023-11-04T17:54:00+00:00, run_after=2023-11-04T17:56:00+00:00
[2023-11-04T21:57:47.395+0400] {processor.py:179} INFO - Processing /home/pyretttt/repos/mlops4/env/lib/python3.10/site-packages/airflow/example_dags/example_sla_dag.py took 0.063 seconds
[2023-11-04T21:58:40.735+0400] {processor.py:157} INFO - Started process (PID=40174) to work on /home/pyretttt/repos/mlops4/env/lib/python3.10/site-packages/airflow/example_dags/example_sla_dag.py
[2023-11-04T21:58:40.737+0400] {processor.py:829} INFO - Processing file /home/pyretttt/repos/mlops4/env/lib/python3.10/site-packages/airflow/example_dags/example_sla_dag.py for tasks to queue
[2023-11-04T21:58:40.739+0400] {logging_mixin.py:151} INFO - [2023-11-04T21:58:40.738+0400] {dagbag.py:536} INFO - Filling up the DagBag from /home/pyretttt/repos/mlops4/env/lib/python3.10/site-packages/airflow/example_dags/example_sla_dag.py
[2023-11-04T21:58:40.750+0400] {processor.py:839} INFO - DAG(s) dict_keys(['example_sla_dag']) retrieved from /home/pyretttt/repos/mlops4/env/lib/python3.10/site-packages/airflow/example_dags/example_sla_dag.py
[2023-11-04T21:58:40.768+0400] {logging_mixin.py:151} INFO - [2023-11-04T21:58:40.768+0400] {dag.py:2941} INFO - Sync 1 DAGs
[2023-11-04T21:58:40.785+0400] {logging_mixin.py:151} INFO - [2023-11-04T21:58:40.785+0400] {dag.py:3722} INFO - Setting next_dagrun for example_sla_dag to 2023-11-04T17:56:00+00:00, run_after=2023-11-04T17:58:00+00:00
[2023-11-04T21:58:40.797+0400] {processor.py:179} INFO - Processing /home/pyretttt/repos/mlops4/env/lib/python3.10/site-packages/airflow/example_dags/example_sla_dag.py took 0.067 seconds
[2023-11-04T21:59:35.195+0400] {processor.py:157} INFO - Started process (PID=40228) to work on /home/pyretttt/repos/mlops4/env/lib/python3.10/site-packages/airflow/example_dags/example_sla_dag.py
[2023-11-04T21:59:35.196+0400] {processor.py:829} INFO - Processing file /home/pyretttt/repos/mlops4/env/lib/python3.10/site-packages/airflow/example_dags/example_sla_dag.py for tasks to queue
[2023-11-04T21:59:35.197+0400] {logging_mixin.py:151} INFO - [2023-11-04T21:59:35.196+0400] {dagbag.py:536} INFO - Filling up the DagBag from /home/pyretttt/repos/mlops4/env/lib/python3.10/site-packages/airflow/example_dags/example_sla_dag.py
[2023-11-04T21:59:35.203+0400] {processor.py:839} INFO - DAG(s) dict_keys(['example_sla_dag']) retrieved from /home/pyretttt/repos/mlops4/env/lib/python3.10/site-packages/airflow/example_dags/example_sla_dag.py
[2023-11-04T21:59:35.213+0400] {logging_mixin.py:151} INFO - [2023-11-04T21:59:35.213+0400] {dag.py:2941} INFO - Sync 1 DAGs
[2023-11-04T21:59:35.227+0400] {logging_mixin.py:151} INFO - [2023-11-04T21:59:35.227+0400] {dag.py:3722} INFO - Setting next_dagrun for example_sla_dag to 2023-11-04T17:56:00+00:00, run_after=2023-11-04T17:58:00+00:00
[2023-11-04T21:59:35.242+0400] {processor.py:179} INFO - Processing /home/pyretttt/repos/mlops4/env/lib/python3.10/site-packages/airflow/example_dags/example_sla_dag.py took 0.051 seconds
[2023-11-04T22:00:28.337+0400] {processor.py:157} INFO - Started process (PID=40282) to work on /home/pyretttt/repos/mlops4/env/lib/python3.10/site-packages/airflow/example_dags/example_sla_dag.py
[2023-11-04T22:00:28.338+0400] {processor.py:829} INFO - Processing file /home/pyretttt/repos/mlops4/env/lib/python3.10/site-packages/airflow/example_dags/example_sla_dag.py for tasks to queue
[2023-11-04T22:00:28.338+0400] {logging_mixin.py:151} INFO - [2023-11-04T22:00:28.338+0400] {dagbag.py:536} INFO - Filling up the DagBag from /home/pyretttt/repos/mlops4/env/lib/python3.10/site-packages/airflow/example_dags/example_sla_dag.py
[2023-11-04T22:00:28.345+0400] {processor.py:839} INFO - DAG(s) dict_keys(['example_sla_dag']) retrieved from /home/pyretttt/repos/mlops4/env/lib/python3.10/site-packages/airflow/example_dags/example_sla_dag.py
[2023-11-04T22:00:28.359+0400] {logging_mixin.py:151} INFO - [2023-11-04T22:00:28.359+0400] {dag.py:2941} INFO - Sync 1 DAGs
[2023-11-04T22:00:28.375+0400] {logging_mixin.py:151} INFO - [2023-11-04T22:00:28.375+0400] {dag.py:3722} INFO - Setting next_dagrun for example_sla_dag to 2023-11-04T17:58:00+00:00, run_after=2023-11-04T18:00:00+00:00
[2023-11-04T22:00:28.390+0400] {processor.py:179} INFO - Processing /home/pyretttt/repos/mlops4/env/lib/python3.10/site-packages/airflow/example_dags/example_sla_dag.py took 0.057 seconds
[2023-11-04T22:01:14.781+0400] {processor.py:157} INFO - Started process (PID=40330) to work on /home/pyretttt/repos/mlops4/env/lib/python3.10/site-packages/airflow/example_dags/example_sla_dag.py
[2023-11-04T22:01:14.782+0400] {processor.py:829} INFO - Processing file /home/pyretttt/repos/mlops4/env/lib/python3.10/site-packages/airflow/example_dags/example_sla_dag.py for tasks to queue
[2023-11-04T22:01:14.783+0400] {logging_mixin.py:151} INFO - [2023-11-04T22:01:14.783+0400] {dagbag.py:536} INFO - Filling up the DagBag from /home/pyretttt/repos/mlops4/env/lib/python3.10/site-packages/airflow/example_dags/example_sla_dag.py
[2023-11-04T22:01:14.792+0400] {processor.py:839} INFO - DAG(s) dict_keys(['example_sla_dag']) retrieved from /home/pyretttt/repos/mlops4/env/lib/python3.10/site-packages/airflow/example_dags/example_sla_dag.py
[2023-11-04T22:01:14.807+0400] {logging_mixin.py:151} INFO - [2023-11-04T22:01:14.807+0400] {dag.py:2941} INFO - Sync 1 DAGs
[2023-11-04T22:01:14.823+0400] {logging_mixin.py:151} INFO - [2023-11-04T22:01:14.823+0400] {dag.py:3722} INFO - Setting next_dagrun for example_sla_dag to 2023-11-04T17:58:00+00:00, run_after=2023-11-04T18:00:00+00:00
[2023-11-04T22:01:14.837+0400] {processor.py:179} INFO - Processing /home/pyretttt/repos/mlops4/env/lib/python3.10/site-packages/airflow/example_dags/example_sla_dag.py took 0.059 seconds
[2023-11-04T22:02:05.918+0400] {processor.py:157} INFO - Started process (PID=40382) to work on /home/pyretttt/repos/mlops4/env/lib/python3.10/site-packages/airflow/example_dags/example_sla_dag.py
[2023-11-04T22:02:05.919+0400] {processor.py:829} INFO - Processing file /home/pyretttt/repos/mlops4/env/lib/python3.10/site-packages/airflow/example_dags/example_sla_dag.py for tasks to queue
[2023-11-04T22:02:05.920+0400] {logging_mixin.py:151} INFO - [2023-11-04T22:02:05.920+0400] {dagbag.py:536} INFO - Filling up the DagBag from /home/pyretttt/repos/mlops4/env/lib/python3.10/site-packages/airflow/example_dags/example_sla_dag.py
[2023-11-04T22:02:05.931+0400] {processor.py:839} INFO - DAG(s) dict_keys(['example_sla_dag']) retrieved from /home/pyretttt/repos/mlops4/env/lib/python3.10/site-packages/airflow/example_dags/example_sla_dag.py
[2023-11-04T22:02:05.950+0400] {logging_mixin.py:151} INFO - [2023-11-04T22:02:05.950+0400] {dag.py:2941} INFO - Sync 1 DAGs
[2023-11-04T22:02:05.963+0400] {logging_mixin.py:151} INFO - [2023-11-04T22:02:05.963+0400] {dag.py:3722} INFO - Setting next_dagrun for example_sla_dag to 2023-11-04T18:00:00+00:00, run_after=2023-11-04T18:02:00+00:00
[2023-11-04T22:02:05.975+0400] {processor.py:179} INFO - Processing /home/pyretttt/repos/mlops4/env/lib/python3.10/site-packages/airflow/example_dags/example_sla_dag.py took 0.061 seconds
[2023-11-04T22:02:56.408+0400] {processor.py:157} INFO - Started process (PID=40433) to work on /home/pyretttt/repos/mlops4/env/lib/python3.10/site-packages/airflow/example_dags/example_sla_dag.py
[2023-11-04T22:02:56.410+0400] {processor.py:829} INFO - Processing file /home/pyretttt/repos/mlops4/env/lib/python3.10/site-packages/airflow/example_dags/example_sla_dag.py for tasks to queue
[2023-11-04T22:02:56.411+0400] {logging_mixin.py:151} INFO - [2023-11-04T22:02:56.410+0400] {dagbag.py:536} INFO - Filling up the DagBag from /home/pyretttt/repos/mlops4/env/lib/python3.10/site-packages/airflow/example_dags/example_sla_dag.py
[2023-11-04T22:02:56.423+0400] {processor.py:839} INFO - DAG(s) dict_keys(['example_sla_dag']) retrieved from /home/pyretttt/repos/mlops4/env/lib/python3.10/site-packages/airflow/example_dags/example_sla_dag.py
[2023-11-04T22:02:56.437+0400] {logging_mixin.py:151} INFO - [2023-11-04T22:02:56.437+0400] {dag.py:2941} INFO - Sync 1 DAGs
[2023-11-04T22:02:56.450+0400] {logging_mixin.py:151} INFO - [2023-11-04T22:02:56.450+0400] {dag.py:3722} INFO - Setting next_dagrun for example_sla_dag to 2023-11-04T18:00:00+00:00, run_after=2023-11-04T18:02:00+00:00
[2023-11-04T22:02:56.462+0400] {processor.py:179} INFO - Processing /home/pyretttt/repos/mlops4/env/lib/python3.10/site-packages/airflow/example_dags/example_sla_dag.py took 0.058 seconds
[2023-11-04T22:03:48.169+0400] {processor.py:157} INFO - Started process (PID=40486) to work on /home/pyretttt/repos/mlops4/env/lib/python3.10/site-packages/airflow/example_dags/example_sla_dag.py
[2023-11-04T22:03:48.171+0400] {processor.py:829} INFO - Processing file /home/pyretttt/repos/mlops4/env/lib/python3.10/site-packages/airflow/example_dags/example_sla_dag.py for tasks to queue
[2023-11-04T22:03:48.172+0400] {logging_mixin.py:151} INFO - [2023-11-04T22:03:48.171+0400] {dagbag.py:536} INFO - Filling up the DagBag from /home/pyretttt/repos/mlops4/env/lib/python3.10/site-packages/airflow/example_dags/example_sla_dag.py
[2023-11-04T22:03:48.182+0400] {processor.py:839} INFO - DAG(s) dict_keys(['example_sla_dag']) retrieved from /home/pyretttt/repos/mlops4/env/lib/python3.10/site-packages/airflow/example_dags/example_sla_dag.py
[2023-11-04T22:03:48.201+0400] {logging_mixin.py:151} INFO - [2023-11-04T22:03:48.200+0400] {dag.py:2941} INFO - Sync 1 DAGs
[2023-11-04T22:03:48.218+0400] {logging_mixin.py:151} INFO - [2023-11-04T22:03:48.218+0400] {dag.py:3722} INFO - Setting next_dagrun for example_sla_dag to 2023-11-04T18:00:00+00:00, run_after=2023-11-04T18:02:00+00:00
[2023-11-04T22:03:48.233+0400] {processor.py:179} INFO - Processing /home/pyretttt/repos/mlops4/env/lib/python3.10/site-packages/airflow/example_dags/example_sla_dag.py took 0.068 seconds
