[2023-11-04T21:12:02.713+0400] {processor.py:157} INFO - Started process (PID=37234) to work on /home/pyretttt/repos/mlops4/env/lib/python3.10/site-packages/airflow/example_dags/example_short_circuit_decorator.py
[2023-11-04T21:12:02.714+0400] {processor.py:829} INFO - Processing file /home/pyretttt/repos/mlops4/env/lib/python3.10/site-packages/airflow/example_dags/example_short_circuit_decorator.py for tasks to queue
[2023-11-04T21:12:02.715+0400] {logging_mixin.py:151} INFO - [2023-11-04T21:12:02.715+0400] {dagbag.py:536} INFO - Filling up the DagBag from /home/pyretttt/repos/mlops4/env/lib/python3.10/site-packages/airflow/example_dags/example_short_circuit_decorator.py
[2023-11-04T21:12:02.730+0400] {processor.py:839} INFO - DAG(s) dict_keys(['example_short_circuit_decorator']) retrieved from /home/pyretttt/repos/mlops4/env/lib/python3.10/site-packages/airflow/example_dags/example_short_circuit_decorator.py
[2023-11-04T21:12:02.798+0400] {logging_mixin.py:151} INFO - [2023-11-04T21:12:02.798+0400] {manager.py:499} INFO - Created Permission View: %s
[2023-11-04T21:12:02.803+0400] {logging_mixin.py:151} INFO - [2023-11-04T21:12:02.803+0400] {manager.py:499} INFO - Created Permission View: %s
[2023-11-04T21:12:02.808+0400] {logging_mixin.py:151} INFO - [2023-11-04T21:12:02.808+0400] {manager.py:499} INFO - Created Permission View: %s
[2023-11-04T21:12:02.809+0400] {logging_mixin.py:151} INFO - [2023-11-04T21:12:02.809+0400] {dag.py:2941} INFO - Sync 1 DAGs
[2023-11-04T21:12:02.813+0400] {logging_mixin.py:151} INFO - [2023-11-04T21:12:02.813+0400] {dag.py:2963} INFO - Creating ORM DAG for example_short_circuit_decorator
[2023-11-04T21:12:02.817+0400] {logging_mixin.py:151} INFO - [2023-11-04T21:12:02.817+0400] {dag.py:3722} INFO - Setting next_dagrun for example_short_circuit_decorator to 2023-11-03T17:12:02.817601+00:00, run_after=2023-11-04T17:12:02.817601+00:00
[2023-11-04T21:12:02.828+0400] {processor.py:179} INFO - Processing /home/pyretttt/repos/mlops4/env/lib/python3.10/site-packages/airflow/example_dags/example_short_circuit_decorator.py took 0.120 seconds
[2023-11-04T21:12:55.062+0400] {processor.py:157} INFO - Started process (PID=37319) to work on /home/pyretttt/repos/mlops4/env/lib/python3.10/site-packages/airflow/example_dags/example_short_circuit_decorator.py
[2023-11-04T21:12:55.064+0400] {processor.py:829} INFO - Processing file /home/pyretttt/repos/mlops4/env/lib/python3.10/site-packages/airflow/example_dags/example_short_circuit_decorator.py for tasks to queue
[2023-11-04T21:12:55.065+0400] {logging_mixin.py:151} INFO - [2023-11-04T21:12:55.064+0400] {dagbag.py:536} INFO - Filling up the DagBag from /home/pyretttt/repos/mlops4/env/lib/python3.10/site-packages/airflow/example_dags/example_short_circuit_decorator.py
[2023-11-04T21:12:55.078+0400] {processor.py:839} INFO - DAG(s) dict_keys(['example_short_circuit_decorator']) retrieved from /home/pyretttt/repos/mlops4/env/lib/python3.10/site-packages/airflow/example_dags/example_short_circuit_decorator.py
[2023-11-04T21:12:55.096+0400] {logging_mixin.py:151} INFO - [2023-11-04T21:12:55.095+0400] {dag.py:2941} INFO - Sync 1 DAGs
[2023-11-04T21:12:55.107+0400] {logging_mixin.py:151} INFO - [2023-11-04T21:12:55.107+0400] {dag.py:3722} INFO - Setting next_dagrun for example_short_circuit_decorator to 2023-11-03T17:12:55.107001+00:00, run_after=2023-11-04T17:12:55.107001+00:00
[2023-11-04T21:12:55.118+0400] {processor.py:179} INFO - Processing /home/pyretttt/repos/mlops4/env/lib/python3.10/site-packages/airflow/example_dags/example_short_circuit_decorator.py took 0.061 seconds
[2023-11-04T21:13:41.310+0400] {processor.py:157} INFO - Started process (PID=37407) to work on /home/pyretttt/repos/mlops4/env/lib/python3.10/site-packages/airflow/example_dags/example_short_circuit_decorator.py
[2023-11-04T21:13:41.312+0400] {processor.py:829} INFO - Processing file /home/pyretttt/repos/mlops4/env/lib/python3.10/site-packages/airflow/example_dags/example_short_circuit_decorator.py for tasks to queue
[2023-11-04T21:13:41.313+0400] {logging_mixin.py:151} INFO - [2023-11-04T21:13:41.312+0400] {dagbag.py:536} INFO - Filling up the DagBag from /home/pyretttt/repos/mlops4/env/lib/python3.10/site-packages/airflow/example_dags/example_short_circuit_decorator.py
[2023-11-04T21:13:41.328+0400] {processor.py:839} INFO - DAG(s) dict_keys(['example_short_circuit_decorator']) retrieved from /home/pyretttt/repos/mlops4/env/lib/python3.10/site-packages/airflow/example_dags/example_short_circuit_decorator.py
[2023-11-04T21:13:41.350+0400] {logging_mixin.py:151} INFO - [2023-11-04T21:13:41.349+0400] {dag.py:2941} INFO - Sync 1 DAGs
[2023-11-04T21:13:41.364+0400] {logging_mixin.py:151} INFO - [2023-11-04T21:13:41.363+0400] {dag.py:3722} INFO - Setting next_dagrun for example_short_circuit_decorator to 2023-11-03T17:13:41.363756+00:00, run_after=2023-11-04T17:13:41.363756+00:00
[2023-11-04T21:13:41.374+0400] {processor.py:179} INFO - Processing /home/pyretttt/repos/mlops4/env/lib/python3.10/site-packages/airflow/example_dags/example_short_circuit_decorator.py took 0.070 seconds
[2023-11-04T21:14:28.892+0400] {processor.py:157} INFO - Started process (PID=37455) to work on /home/pyretttt/repos/mlops4/env/lib/python3.10/site-packages/airflow/example_dags/example_short_circuit_decorator.py
[2023-11-04T21:14:28.894+0400] {processor.py:829} INFO - Processing file /home/pyretttt/repos/mlops4/env/lib/python3.10/site-packages/airflow/example_dags/example_short_circuit_decorator.py for tasks to queue
[2023-11-04T21:14:28.895+0400] {logging_mixin.py:151} INFO - [2023-11-04T21:14:28.894+0400] {dagbag.py:536} INFO - Filling up the DagBag from /home/pyretttt/repos/mlops4/env/lib/python3.10/site-packages/airflow/example_dags/example_short_circuit_decorator.py
[2023-11-04T21:14:28.910+0400] {processor.py:839} INFO - DAG(s) dict_keys(['example_short_circuit_decorator']) retrieved from /home/pyretttt/repos/mlops4/env/lib/python3.10/site-packages/airflow/example_dags/example_short_circuit_decorator.py
[2023-11-04T21:14:28.928+0400] {logging_mixin.py:151} INFO - [2023-11-04T21:14:28.928+0400] {dag.py:2941} INFO - Sync 1 DAGs
[2023-11-04T21:14:28.938+0400] {logging_mixin.py:151} INFO - [2023-11-04T21:14:28.937+0400] {dag.py:3722} INFO - Setting next_dagrun for example_short_circuit_decorator to 2023-11-03T17:14:28.937836+00:00, run_after=2023-11-04T17:14:28.937836+00:00
[2023-11-04T21:14:28.950+0400] {processor.py:179} INFO - Processing /home/pyretttt/repos/mlops4/env/lib/python3.10/site-packages/airflow/example_dags/example_short_circuit_decorator.py took 0.063 seconds
[2023-11-04T21:15:20.005+0400] {processor.py:157} INFO - Started process (PID=37506) to work on /home/pyretttt/repos/mlops4/env/lib/python3.10/site-packages/airflow/example_dags/example_short_circuit_decorator.py
[2023-11-04T21:15:20.007+0400] {processor.py:829} INFO - Processing file /home/pyretttt/repos/mlops4/env/lib/python3.10/site-packages/airflow/example_dags/example_short_circuit_decorator.py for tasks to queue
[2023-11-04T21:15:20.009+0400] {logging_mixin.py:151} INFO - [2023-11-04T21:15:20.008+0400] {dagbag.py:536} INFO - Filling up the DagBag from /home/pyretttt/repos/mlops4/env/lib/python3.10/site-packages/airflow/example_dags/example_short_circuit_decorator.py
[2023-11-04T21:15:20.021+0400] {processor.py:839} INFO - DAG(s) dict_keys(['example_short_circuit_decorator']) retrieved from /home/pyretttt/repos/mlops4/env/lib/python3.10/site-packages/airflow/example_dags/example_short_circuit_decorator.py
[2023-11-04T21:15:20.038+0400] {logging_mixin.py:151} INFO - [2023-11-04T21:15:20.038+0400] {dag.py:2941} INFO - Sync 1 DAGs
[2023-11-04T21:15:20.050+0400] {logging_mixin.py:151} INFO - [2023-11-04T21:15:20.050+0400] {dag.py:3722} INFO - Setting next_dagrun for example_short_circuit_decorator to 2023-11-03T17:15:20.050461+00:00, run_after=2023-11-04T17:15:20.050461+00:00
[2023-11-04T21:15:20.063+0400] {processor.py:179} INFO - Processing /home/pyretttt/repos/mlops4/env/lib/python3.10/site-packages/airflow/example_dags/example_short_circuit_decorator.py took 0.062 seconds
[2023-11-04T21:15:58.062+0400] {processor.py:157} INFO - Started process (PID=37551) to work on /home/pyretttt/repos/mlops4/env/lib/python3.10/site-packages/airflow/example_dags/example_short_circuit_decorator.py
[2023-11-04T21:15:58.063+0400] {processor.py:829} INFO - Processing file /home/pyretttt/repos/mlops4/env/lib/python3.10/site-packages/airflow/example_dags/example_short_circuit_decorator.py for tasks to queue
[2023-11-04T21:15:58.063+0400] {logging_mixin.py:151} INFO - [2023-11-04T21:15:58.063+0400] {dagbag.py:536} INFO - Filling up the DagBag from /home/pyretttt/repos/mlops4/env/lib/python3.10/site-packages/airflow/example_dags/example_short_circuit_decorator.py
[2023-11-04T21:15:58.070+0400] {processor.py:839} INFO - DAG(s) dict_keys(['example_short_circuit_decorator']) retrieved from /home/pyretttt/repos/mlops4/env/lib/python3.10/site-packages/airflow/example_dags/example_short_circuit_decorator.py
[2023-11-04T21:15:58.082+0400] {logging_mixin.py:151} INFO - [2023-11-04T21:15:58.082+0400] {dag.py:2941} INFO - Sync 1 DAGs
[2023-11-04T21:15:58.095+0400] {logging_mixin.py:151} INFO - [2023-11-04T21:15:58.095+0400] {dag.py:3722} INFO - Setting next_dagrun for example_short_circuit_decorator to 2023-11-03T17:15:58.095395+00:00, run_after=2023-11-04T17:15:58.095395+00:00
[2023-11-04T21:15:58.112+0400] {processor.py:179} INFO - Processing /home/pyretttt/repos/mlops4/env/lib/python3.10/site-packages/airflow/example_dags/example_short_circuit_decorator.py took 0.053 seconds
[2023-11-04T21:16:47.134+0400] {processor.py:157} INFO - Started process (PID=37604) to work on /home/pyretttt/repos/mlops4/env/lib/python3.10/site-packages/airflow/example_dags/example_short_circuit_decorator.py
[2023-11-04T21:16:47.136+0400] {processor.py:829} INFO - Processing file /home/pyretttt/repos/mlops4/env/lib/python3.10/site-packages/airflow/example_dags/example_short_circuit_decorator.py for tasks to queue
[2023-11-04T21:16:47.138+0400] {logging_mixin.py:151} INFO - [2023-11-04T21:16:47.137+0400] {dagbag.py:536} INFO - Filling up the DagBag from /home/pyretttt/repos/mlops4/env/lib/python3.10/site-packages/airflow/example_dags/example_short_circuit_decorator.py
[2023-11-04T21:16:47.150+0400] {processor.py:839} INFO - DAG(s) dict_keys(['example_short_circuit_decorator']) retrieved from /home/pyretttt/repos/mlops4/env/lib/python3.10/site-packages/airflow/example_dags/example_short_circuit_decorator.py
[2023-11-04T21:16:47.170+0400] {logging_mixin.py:151} INFO - [2023-11-04T21:16:47.170+0400] {dag.py:2941} INFO - Sync 1 DAGs
[2023-11-04T21:16:47.186+0400] {logging_mixin.py:151} INFO - [2023-11-04T21:16:47.185+0400] {dag.py:3722} INFO - Setting next_dagrun for example_short_circuit_decorator to 2023-11-03T17:16:47.185776+00:00, run_after=2023-11-04T17:16:47.185776+00:00
[2023-11-04T21:16:47.198+0400] {processor.py:179} INFO - Processing /home/pyretttt/repos/mlops4/env/lib/python3.10/site-packages/airflow/example_dags/example_short_circuit_decorator.py took 0.069 seconds
[2023-11-04T21:17:37.676+0400] {processor.py:157} INFO - Started process (PID=37687) to work on /home/pyretttt/repos/mlops4/env/lib/python3.10/site-packages/airflow/example_dags/example_short_circuit_decorator.py
[2023-11-04T21:17:37.678+0400] {processor.py:829} INFO - Processing file /home/pyretttt/repos/mlops4/env/lib/python3.10/site-packages/airflow/example_dags/example_short_circuit_decorator.py for tasks to queue
[2023-11-04T21:17:37.679+0400] {logging_mixin.py:151} INFO - [2023-11-04T21:17:37.679+0400] {dagbag.py:536} INFO - Filling up the DagBag from /home/pyretttt/repos/mlops4/env/lib/python3.10/site-packages/airflow/example_dags/example_short_circuit_decorator.py
[2023-11-04T21:17:37.692+0400] {processor.py:839} INFO - DAG(s) dict_keys(['example_short_circuit_decorator']) retrieved from /home/pyretttt/repos/mlops4/env/lib/python3.10/site-packages/airflow/example_dags/example_short_circuit_decorator.py
[2023-11-04T21:17:37.709+0400] {logging_mixin.py:151} INFO - [2023-11-04T21:17:37.709+0400] {dag.py:2941} INFO - Sync 1 DAGs
[2023-11-04T21:17:37.719+0400] {logging_mixin.py:151} INFO - [2023-11-04T21:17:37.719+0400] {dag.py:3722} INFO - Setting next_dagrun for example_short_circuit_decorator to 2023-11-03T17:17:37.719556+00:00, run_after=2023-11-04T17:17:37.719556+00:00
[2023-11-04T21:17:37.730+0400] {processor.py:179} INFO - Processing /home/pyretttt/repos/mlops4/env/lib/python3.10/site-packages/airflow/example_dags/example_short_circuit_decorator.py took 0.061 seconds
