[2023-11-04T21:12:11.781+0400] {processor.py:157} INFO - Started process (PID=37241) to work on /home/pyretttt/repos/mlops4/env/lib/python3.10/site-packages/airflow/example_dags/example_dynamic_task_mapping.py
[2023-11-04T21:12:11.782+0400] {processor.py:829} INFO - Processing file /home/pyretttt/repos/mlops4/env/lib/python3.10/site-packages/airflow/example_dags/example_dynamic_task_mapping.py for tasks to queue
[2023-11-04T21:12:11.783+0400] {logging_mixin.py:151} INFO - [2023-11-04T21:12:11.783+0400] {dagbag.py:536} INFO - Filling up the DagBag from /home/pyretttt/repos/mlops4/env/lib/python3.10/site-packages/airflow/example_dags/example_dynamic_task_mapping.py
[2023-11-04T21:12:11.795+0400] {processor.py:839} INFO - DAG(s) dict_keys(['example_dynamic_task_mapping']) retrieved from /home/pyretttt/repos/mlops4/env/lib/python3.10/site-packages/airflow/example_dags/example_dynamic_task_mapping.py
[2023-11-04T21:12:11.863+0400] {logging_mixin.py:151} INFO - [2023-11-04T21:12:11.863+0400] {manager.py:499} INFO - Created Permission View: %s
[2023-11-04T21:12:11.870+0400] {logging_mixin.py:151} INFO - [2023-11-04T21:12:11.870+0400] {manager.py:499} INFO - Created Permission View: %s
[2023-11-04T21:12:11.874+0400] {logging_mixin.py:151} INFO - [2023-11-04T21:12:11.874+0400] {manager.py:499} INFO - Created Permission View: %s
[2023-11-04T21:12:11.874+0400] {logging_mixin.py:151} INFO - [2023-11-04T21:12:11.874+0400] {dag.py:2941} INFO - Sync 1 DAGs
[2023-11-04T21:12:11.880+0400] {logging_mixin.py:151} INFO - [2023-11-04T21:12:11.880+0400] {dag.py:2963} INFO - Creating ORM DAG for example_dynamic_task_mapping
[2023-11-04T21:12:11.883+0400] {logging_mixin.py:151} INFO - [2023-11-04T21:12:11.883+0400] {dag.py:3722} INFO - Setting next_dagrun for example_dynamic_task_mapping to 2022-03-04T00:00:00+00:00, run_after=2022-03-05T00:00:00+00:00
[2023-11-04T21:12:11.893+0400] {processor.py:179} INFO - Processing /home/pyretttt/repos/mlops4/env/lib/python3.10/site-packages/airflow/example_dags/example_dynamic_task_mapping.py took 0.117 seconds
[2023-11-04T21:13:01.709+0400] {processor.py:157} INFO - Started process (PID=37340) to work on /home/pyretttt/repos/mlops4/env/lib/python3.10/site-packages/airflow/example_dags/example_dynamic_task_mapping.py
[2023-11-04T21:13:01.711+0400] {processor.py:829} INFO - Processing file /home/pyretttt/repos/mlops4/env/lib/python3.10/site-packages/airflow/example_dags/example_dynamic_task_mapping.py for tasks to queue
[2023-11-04T21:13:01.713+0400] {logging_mixin.py:151} INFO - [2023-11-04T21:13:01.712+0400] {dagbag.py:536} INFO - Filling up the DagBag from /home/pyretttt/repos/mlops4/env/lib/python3.10/site-packages/airflow/example_dags/example_dynamic_task_mapping.py
[2023-11-04T21:13:01.723+0400] {processor.py:839} INFO - DAG(s) dict_keys(['example_dynamic_task_mapping']) retrieved from /home/pyretttt/repos/mlops4/env/lib/python3.10/site-packages/airflow/example_dags/example_dynamic_task_mapping.py
[2023-11-04T21:13:01.740+0400] {logging_mixin.py:151} INFO - [2023-11-04T21:13:01.740+0400] {dag.py:2941} INFO - Sync 1 DAGs
[2023-11-04T21:13:01.751+0400] {logging_mixin.py:151} INFO - [2023-11-04T21:13:01.751+0400] {dag.py:3722} INFO - Setting next_dagrun for example_dynamic_task_mapping to 2022-03-04T00:00:00+00:00, run_after=2022-03-05T00:00:00+00:00
[2023-11-04T21:13:01.762+0400] {processor.py:179} INFO - Processing /home/pyretttt/repos/mlops4/env/lib/python3.10/site-packages/airflow/example_dags/example_dynamic_task_mapping.py took 0.057 seconds
[2023-11-04T21:13:47.470+0400] {processor.py:157} INFO - Started process (PID=37414) to work on /home/pyretttt/repos/mlops4/env/lib/python3.10/site-packages/airflow/example_dags/example_dynamic_task_mapping.py
[2023-11-04T21:13:47.471+0400] {processor.py:829} INFO - Processing file /home/pyretttt/repos/mlops4/env/lib/python3.10/site-packages/airflow/example_dags/example_dynamic_task_mapping.py for tasks to queue
[2023-11-04T21:13:47.472+0400] {logging_mixin.py:151} INFO - [2023-11-04T21:13:47.471+0400] {dagbag.py:536} INFO - Filling up the DagBag from /home/pyretttt/repos/mlops4/env/lib/python3.10/site-packages/airflow/example_dags/example_dynamic_task_mapping.py
[2023-11-04T21:13:47.477+0400] {processor.py:839} INFO - DAG(s) dict_keys(['example_dynamic_task_mapping']) retrieved from /home/pyretttt/repos/mlops4/env/lib/python3.10/site-packages/airflow/example_dags/example_dynamic_task_mapping.py
[2023-11-04T21:13:47.486+0400] {logging_mixin.py:151} INFO - [2023-11-04T21:13:47.486+0400] {dag.py:2941} INFO - Sync 1 DAGs
[2023-11-04T21:13:47.495+0400] {logging_mixin.py:151} INFO - [2023-11-04T21:13:47.495+0400] {dag.py:3722} INFO - Setting next_dagrun for example_dynamic_task_mapping to 2022-03-04T00:00:00+00:00, run_after=2022-03-05T00:00:00+00:00
[2023-11-04T21:13:47.506+0400] {processor.py:179} INFO - Processing /home/pyretttt/repos/mlops4/env/lib/python3.10/site-packages/airflow/example_dags/example_dynamic_task_mapping.py took 0.038 seconds
[2023-11-04T21:14:35.650+0400] {processor.py:157} INFO - Started process (PID=37463) to work on /home/pyretttt/repos/mlops4/env/lib/python3.10/site-packages/airflow/example_dags/example_dynamic_task_mapping.py
[2023-11-04T21:14:35.651+0400] {processor.py:829} INFO - Processing file /home/pyretttt/repos/mlops4/env/lib/python3.10/site-packages/airflow/example_dags/example_dynamic_task_mapping.py for tasks to queue
[2023-11-04T21:14:35.652+0400] {logging_mixin.py:151} INFO - [2023-11-04T21:14:35.652+0400] {dagbag.py:536} INFO - Filling up the DagBag from /home/pyretttt/repos/mlops4/env/lib/python3.10/site-packages/airflow/example_dags/example_dynamic_task_mapping.py
[2023-11-04T21:14:35.656+0400] {processor.py:839} INFO - DAG(s) dict_keys(['example_dynamic_task_mapping']) retrieved from /home/pyretttt/repos/mlops4/env/lib/python3.10/site-packages/airflow/example_dags/example_dynamic_task_mapping.py
[2023-11-04T21:14:35.665+0400] {logging_mixin.py:151} INFO - [2023-11-04T21:14:35.665+0400] {dag.py:2941} INFO - Sync 1 DAGs
[2023-11-04T21:14:35.674+0400] {logging_mixin.py:151} INFO - [2023-11-04T21:14:35.674+0400] {dag.py:3722} INFO - Setting next_dagrun for example_dynamic_task_mapping to 2022-03-04T00:00:00+00:00, run_after=2022-03-05T00:00:00+00:00
[2023-11-04T21:14:35.687+0400] {processor.py:179} INFO - Processing /home/pyretttt/repos/mlops4/env/lib/python3.10/site-packages/airflow/example_dags/example_dynamic_task_mapping.py took 0.039 seconds
[2023-11-04T21:15:27.302+0400] {processor.py:157} INFO - Started process (PID=37513) to work on /home/pyretttt/repos/mlops4/env/lib/python3.10/site-packages/airflow/example_dags/example_dynamic_task_mapping.py
[2023-11-04T21:15:27.304+0400] {processor.py:829} INFO - Processing file /home/pyretttt/repos/mlops4/env/lib/python3.10/site-packages/airflow/example_dags/example_dynamic_task_mapping.py for tasks to queue
[2023-11-04T21:15:27.305+0400] {logging_mixin.py:151} INFO - [2023-11-04T21:15:27.304+0400] {dagbag.py:536} INFO - Filling up the DagBag from /home/pyretttt/repos/mlops4/env/lib/python3.10/site-packages/airflow/example_dags/example_dynamic_task_mapping.py
[2023-11-04T21:15:27.313+0400] {processor.py:839} INFO - DAG(s) dict_keys(['example_dynamic_task_mapping']) retrieved from /home/pyretttt/repos/mlops4/env/lib/python3.10/site-packages/airflow/example_dags/example_dynamic_task_mapping.py
[2023-11-04T21:15:27.328+0400] {logging_mixin.py:151} INFO - [2023-11-04T21:15:27.328+0400] {dag.py:2941} INFO - Sync 1 DAGs
[2023-11-04T21:15:27.343+0400] {logging_mixin.py:151} INFO - [2023-11-04T21:15:27.343+0400] {dag.py:3722} INFO - Setting next_dagrun for example_dynamic_task_mapping to 2022-03-04T00:00:00+00:00, run_after=2022-03-05T00:00:00+00:00
[2023-11-04T21:15:27.358+0400] {processor.py:179} INFO - Processing /home/pyretttt/repos/mlops4/env/lib/python3.10/site-packages/airflow/example_dags/example_dynamic_task_mapping.py took 0.060 seconds
[2023-11-04T21:16:17.266+0400] {processor.py:157} INFO - Started process (PID=37573) to work on /home/pyretttt/repos/mlops4/env/lib/python3.10/site-packages/airflow/example_dags/example_dynamic_task_mapping.py
[2023-11-04T21:16:17.268+0400] {processor.py:829} INFO - Processing file /home/pyretttt/repos/mlops4/env/lib/python3.10/site-packages/airflow/example_dags/example_dynamic_task_mapping.py for tasks to queue
[2023-11-04T21:16:17.269+0400] {logging_mixin.py:151} INFO - [2023-11-04T21:16:17.268+0400] {dagbag.py:536} INFO - Filling up the DagBag from /home/pyretttt/repos/mlops4/env/lib/python3.10/site-packages/airflow/example_dags/example_dynamic_task_mapping.py
[2023-11-04T21:16:17.278+0400] {processor.py:839} INFO - DAG(s) dict_keys(['example_dynamic_task_mapping']) retrieved from /home/pyretttt/repos/mlops4/env/lib/python3.10/site-packages/airflow/example_dags/example_dynamic_task_mapping.py
[2023-11-04T21:16:17.297+0400] {logging_mixin.py:151} INFO - [2023-11-04T21:16:17.297+0400] {dag.py:2941} INFO - Sync 1 DAGs
[2023-11-04T21:16:17.311+0400] {logging_mixin.py:151} INFO - [2023-11-04T21:16:17.311+0400] {dag.py:3722} INFO - Setting next_dagrun for example_dynamic_task_mapping to 2022-03-04T00:00:00+00:00, run_after=2022-03-05T00:00:00+00:00
[2023-11-04T21:16:17.323+0400] {processor.py:179} INFO - Processing /home/pyretttt/repos/mlops4/env/lib/python3.10/site-packages/airflow/example_dags/example_dynamic_task_mapping.py took 0.061 seconds
[2023-11-04T21:17:06.139+0400] {processor.py:157} INFO - Started process (PID=37626) to work on /home/pyretttt/repos/mlops4/env/lib/python3.10/site-packages/airflow/example_dags/example_dynamic_task_mapping.py
[2023-11-04T21:17:06.140+0400] {processor.py:829} INFO - Processing file /home/pyretttt/repos/mlops4/env/lib/python3.10/site-packages/airflow/example_dags/example_dynamic_task_mapping.py for tasks to queue
[2023-11-04T21:17:06.142+0400] {logging_mixin.py:151} INFO - [2023-11-04T21:17:06.141+0400] {dagbag.py:536} INFO - Filling up the DagBag from /home/pyretttt/repos/mlops4/env/lib/python3.10/site-packages/airflow/example_dags/example_dynamic_task_mapping.py
[2023-11-04T21:17:06.153+0400] {processor.py:839} INFO - DAG(s) dict_keys(['example_dynamic_task_mapping']) retrieved from /home/pyretttt/repos/mlops4/env/lib/python3.10/site-packages/airflow/example_dags/example_dynamic_task_mapping.py
[2023-11-04T21:17:06.170+0400] {logging_mixin.py:151} INFO - [2023-11-04T21:17:06.170+0400] {dag.py:2941} INFO - Sync 1 DAGs
[2023-11-04T21:17:06.184+0400] {logging_mixin.py:151} INFO - [2023-11-04T21:17:06.184+0400] {dag.py:3722} INFO - Setting next_dagrun for example_dynamic_task_mapping to 2022-03-04T00:00:00+00:00, run_after=2022-03-05T00:00:00+00:00
[2023-11-04T21:17:06.196+0400] {processor.py:179} INFO - Processing /home/pyretttt/repos/mlops4/env/lib/python3.10/site-packages/airflow/example_dags/example_dynamic_task_mapping.py took 0.062 seconds
