[2023-11-04T21:12:10.447+0400] {processor.py:157} INFO - Started process (PID=37240) to work on /home/pyretttt/repos/mlops4/env/lib/python3.10/site-packages/airflow/example_dags/example_latest_only.py
[2023-11-04T21:12:10.448+0400] {processor.py:829} INFO - Processing file /home/pyretttt/repos/mlops4/env/lib/python3.10/site-packages/airflow/example_dags/example_latest_only.py for tasks to queue
[2023-11-04T21:12:10.451+0400] {logging_mixin.py:151} INFO - [2023-11-04T21:12:10.449+0400] {dagbag.py:536} INFO - Filling up the DagBag from /home/pyretttt/repos/mlops4/env/lib/python3.10/site-packages/airflow/example_dags/example_latest_only.py
[2023-11-04T21:12:10.456+0400] {processor.py:839} INFO - DAG(s) dict_keys(['latest_only']) retrieved from /home/pyretttt/repos/mlops4/env/lib/python3.10/site-packages/airflow/example_dags/example_latest_only.py
[2023-11-04T21:12:10.517+0400] {logging_mixin.py:151} INFO - [2023-11-04T21:12:10.517+0400] {manager.py:499} INFO - Created Permission View: %s
[2023-11-04T21:12:10.523+0400] {logging_mixin.py:151} INFO - [2023-11-04T21:12:10.523+0400] {manager.py:499} INFO - Created Permission View: %s
[2023-11-04T21:12:10.529+0400] {logging_mixin.py:151} INFO - [2023-11-04T21:12:10.529+0400] {manager.py:499} INFO - Created Permission View: %s
[2023-11-04T21:12:10.529+0400] {logging_mixin.py:151} INFO - [2023-11-04T21:12:10.529+0400] {dag.py:2941} INFO - Sync 1 DAGs
[2023-11-04T21:12:10.534+0400] {logging_mixin.py:151} INFO - [2023-11-04T21:12:10.534+0400] {dag.py:2963} INFO - Creating ORM DAG for latest_only
[2023-11-04T21:12:10.539+0400] {logging_mixin.py:151} INFO - [2023-11-04T21:12:10.538+0400] {dag.py:3722} INFO - Setting next_dagrun for latest_only to 2023-11-04T13:12:10.538776+00:00, run_after=2023-11-04T17:12:10.538776+00:00
[2023-11-04T21:12:10.551+0400] {processor.py:179} INFO - Processing /home/pyretttt/repos/mlops4/env/lib/python3.10/site-packages/airflow/example_dags/example_latest_only.py took 0.106 seconds
[2023-11-04T21:13:00.505+0400] {processor.py:157} INFO - Started process (PID=37326) to work on /home/pyretttt/repos/mlops4/env/lib/python3.10/site-packages/airflow/example_dags/example_latest_only.py
[2023-11-04T21:13:00.507+0400] {processor.py:829} INFO - Processing file /home/pyretttt/repos/mlops4/env/lib/python3.10/site-packages/airflow/example_dags/example_latest_only.py for tasks to queue
[2023-11-04T21:13:00.508+0400] {logging_mixin.py:151} INFO - [2023-11-04T21:13:00.508+0400] {dagbag.py:536} INFO - Filling up the DagBag from /home/pyretttt/repos/mlops4/env/lib/python3.10/site-packages/airflow/example_dags/example_latest_only.py
[2023-11-04T21:13:00.517+0400] {processor.py:839} INFO - DAG(s) dict_keys(['latest_only']) retrieved from /home/pyretttt/repos/mlops4/env/lib/python3.10/site-packages/airflow/example_dags/example_latest_only.py
[2023-11-04T21:13:00.534+0400] {logging_mixin.py:151} INFO - [2023-11-04T21:13:00.534+0400] {dag.py:2941} INFO - Sync 1 DAGs
[2023-11-04T21:13:00.549+0400] {logging_mixin.py:151} INFO - [2023-11-04T21:13:00.549+0400] {dag.py:3722} INFO - Setting next_dagrun for latest_only to 2023-11-04T13:13:00.549538+00:00, run_after=2023-11-04T17:13:00.549538+00:00
[2023-11-04T21:13:00.561+0400] {processor.py:179} INFO - Processing /home/pyretttt/repos/mlops4/env/lib/python3.10/site-packages/airflow/example_dags/example_latest_only.py took 0.061 seconds
[2023-11-04T21:13:47.291+0400] {processor.py:157} INFO - Started process (PID=37413) to work on /home/pyretttt/repos/mlops4/env/lib/python3.10/site-packages/airflow/example_dags/example_latest_only.py
[2023-11-04T21:13:47.293+0400] {processor.py:829} INFO - Processing file /home/pyretttt/repos/mlops4/env/lib/python3.10/site-packages/airflow/example_dags/example_latest_only.py for tasks to queue
[2023-11-04T21:13:47.294+0400] {logging_mixin.py:151} INFO - [2023-11-04T21:13:47.293+0400] {dagbag.py:536} INFO - Filling up the DagBag from /home/pyretttt/repos/mlops4/env/lib/python3.10/site-packages/airflow/example_dags/example_latest_only.py
[2023-11-04T21:13:47.304+0400] {processor.py:839} INFO - DAG(s) dict_keys(['latest_only']) retrieved from /home/pyretttt/repos/mlops4/env/lib/python3.10/site-packages/airflow/example_dags/example_latest_only.py
[2023-11-04T21:13:47.324+0400] {logging_mixin.py:151} INFO - [2023-11-04T21:13:47.323+0400] {dag.py:2941} INFO - Sync 1 DAGs
[2023-11-04T21:13:47.337+0400] {logging_mixin.py:151} INFO - [2023-11-04T21:13:47.337+0400] {dag.py:3722} INFO - Setting next_dagrun for latest_only to 2023-11-04T13:13:47.337210+00:00, run_after=2023-11-04T17:13:47.337210+00:00
[2023-11-04T21:13:47.351+0400] {processor.py:179} INFO - Processing /home/pyretttt/repos/mlops4/env/lib/python3.10/site-packages/airflow/example_dags/example_latest_only.py took 0.064 seconds
[2023-11-04T21:14:34.445+0400] {processor.py:157} INFO - Started process (PID=37462) to work on /home/pyretttt/repos/mlops4/env/lib/python3.10/site-packages/airflow/example_dags/example_latest_only.py
[2023-11-04T21:14:34.447+0400] {processor.py:829} INFO - Processing file /home/pyretttt/repos/mlops4/env/lib/python3.10/site-packages/airflow/example_dags/example_latest_only.py for tasks to queue
[2023-11-04T21:14:34.448+0400] {logging_mixin.py:151} INFO - [2023-11-04T21:14:34.448+0400] {dagbag.py:536} INFO - Filling up the DagBag from /home/pyretttt/repos/mlops4/env/lib/python3.10/site-packages/airflow/example_dags/example_latest_only.py
[2023-11-04T21:14:34.455+0400] {processor.py:839} INFO - DAG(s) dict_keys(['latest_only']) retrieved from /home/pyretttt/repos/mlops4/env/lib/python3.10/site-packages/airflow/example_dags/example_latest_only.py
[2023-11-04T21:14:34.468+0400] {logging_mixin.py:151} INFO - [2023-11-04T21:14:34.468+0400] {dag.py:2941} INFO - Sync 1 DAGs
[2023-11-04T21:14:34.480+0400] {logging_mixin.py:151} INFO - [2023-11-04T21:14:34.480+0400] {dag.py:3722} INFO - Setting next_dagrun for latest_only to 2023-11-04T13:14:34.480525+00:00, run_after=2023-11-04T17:14:34.480525+00:00
[2023-11-04T21:14:34.494+0400] {processor.py:179} INFO - Processing /home/pyretttt/repos/mlops4/env/lib/python3.10/site-packages/airflow/example_dags/example_latest_only.py took 0.054 seconds
[2023-11-04T21:15:26.046+0400] {processor.py:157} INFO - Started process (PID=37512) to work on /home/pyretttt/repos/mlops4/env/lib/python3.10/site-packages/airflow/example_dags/example_latest_only.py
[2023-11-04T21:15:26.047+0400] {processor.py:829} INFO - Processing file /home/pyretttt/repos/mlops4/env/lib/python3.10/site-packages/airflow/example_dags/example_latest_only.py for tasks to queue
[2023-11-04T21:15:26.047+0400] {logging_mixin.py:151} INFO - [2023-11-04T21:15:26.047+0400] {dagbag.py:536} INFO - Filling up the DagBag from /home/pyretttt/repos/mlops4/env/lib/python3.10/site-packages/airflow/example_dags/example_latest_only.py
[2023-11-04T21:15:26.053+0400] {processor.py:839} INFO - DAG(s) dict_keys(['latest_only']) retrieved from /home/pyretttt/repos/mlops4/env/lib/python3.10/site-packages/airflow/example_dags/example_latest_only.py
[2023-11-04T21:15:26.063+0400] {logging_mixin.py:151} INFO - [2023-11-04T21:15:26.063+0400] {dag.py:2941} INFO - Sync 1 DAGs
[2023-11-04T21:15:26.075+0400] {logging_mixin.py:151} INFO - [2023-11-04T21:15:26.075+0400] {dag.py:3722} INFO - Setting next_dagrun for latest_only to 2023-11-04T13:15:26.074956+00:00, run_after=2023-11-04T17:15:26.074956+00:00
[2023-11-04T21:15:26.088+0400] {processor.py:179} INFO - Processing /home/pyretttt/repos/mlops4/env/lib/python3.10/site-packages/airflow/example_dags/example_latest_only.py took 0.045 seconds
[2023-11-04T21:16:16.055+0400] {processor.py:157} INFO - Started process (PID=37572) to work on /home/pyretttt/repos/mlops4/env/lib/python3.10/site-packages/airflow/example_dags/example_latest_only.py
[2023-11-04T21:16:16.057+0400] {processor.py:829} INFO - Processing file /home/pyretttt/repos/mlops4/env/lib/python3.10/site-packages/airflow/example_dags/example_latest_only.py for tasks to queue
[2023-11-04T21:16:16.058+0400] {logging_mixin.py:151} INFO - [2023-11-04T21:16:16.057+0400] {dagbag.py:536} INFO - Filling up the DagBag from /home/pyretttt/repos/mlops4/env/lib/python3.10/site-packages/airflow/example_dags/example_latest_only.py
[2023-11-04T21:16:16.065+0400] {processor.py:839} INFO - DAG(s) dict_keys(['latest_only']) retrieved from /home/pyretttt/repos/mlops4/env/lib/python3.10/site-packages/airflow/example_dags/example_latest_only.py
[2023-11-04T21:16:16.075+0400] {logging_mixin.py:151} INFO - [2023-11-04T21:16:16.075+0400] {dag.py:2941} INFO - Sync 1 DAGs
[2023-11-04T21:16:16.085+0400] {logging_mixin.py:151} INFO - [2023-11-04T21:16:16.085+0400] {dag.py:3722} INFO - Setting next_dagrun for latest_only to 2023-11-04T13:16:16.085566+00:00, run_after=2023-11-04T17:16:16.085566+00:00
[2023-11-04T21:16:16.101+0400] {processor.py:179} INFO - Processing /home/pyretttt/repos/mlops4/env/lib/python3.10/site-packages/airflow/example_dags/example_latest_only.py took 0.049 seconds
[2023-11-04T21:17:05.441+0400] {processor.py:157} INFO - Started process (PID=37625) to work on /home/pyretttt/repos/mlops4/env/lib/python3.10/site-packages/airflow/example_dags/example_latest_only.py
[2023-11-04T21:17:05.443+0400] {processor.py:829} INFO - Processing file /home/pyretttt/repos/mlops4/env/lib/python3.10/site-packages/airflow/example_dags/example_latest_only.py for tasks to queue
[2023-11-04T21:17:05.444+0400] {logging_mixin.py:151} INFO - [2023-11-04T21:17:05.443+0400] {dagbag.py:536} INFO - Filling up the DagBag from /home/pyretttt/repos/mlops4/env/lib/python3.10/site-packages/airflow/example_dags/example_latest_only.py
[2023-11-04T21:17:05.453+0400] {processor.py:839} INFO - DAG(s) dict_keys(['latest_only']) retrieved from /home/pyretttt/repos/mlops4/env/lib/python3.10/site-packages/airflow/example_dags/example_latest_only.py
[2023-11-04T21:17:05.472+0400] {logging_mixin.py:151} INFO - [2023-11-04T21:17:05.472+0400] {dag.py:2941} INFO - Sync 1 DAGs
[2023-11-04T21:17:05.485+0400] {logging_mixin.py:151} INFO - [2023-11-04T21:17:05.485+0400] {dag.py:3722} INFO - Setting next_dagrun for latest_only to 2023-11-04T13:17:05.485639+00:00, run_after=2023-11-04T17:17:05.485639+00:00
[2023-11-04T21:17:05.499+0400] {processor.py:179} INFO - Processing /home/pyretttt/repos/mlops4/env/lib/python3.10/site-packages/airflow/example_dags/example_latest_only.py took 0.063 seconds
