[2023-11-04T21:12:01.250+0400] {processor.py:157} INFO - Started process (PID=37232) to work on /home/pyretttt/repos/mlops4/env/lib/python3.10/site-packages/airflow/example_dags/example_branch_datetime_operator.py
[2023-11-04T21:12:01.251+0400] {processor.py:829} INFO - Processing file /home/pyretttt/repos/mlops4/env/lib/python3.10/site-packages/airflow/example_dags/example_branch_datetime_operator.py for tasks to queue
[2023-11-04T21:12:01.253+0400] {logging_mixin.py:151} INFO - [2023-11-04T21:12:01.252+0400] {dagbag.py:536} INFO - Filling up the DagBag from /home/pyretttt/repos/mlops4/env/lib/python3.10/site-packages/airflow/example_dags/example_branch_datetime_operator.py
[2023-11-04T21:12:01.268+0400] {processor.py:839} INFO - DAG(s) dict_keys(['example_branch_datetime_operator_3', 'example_branch_datetime_operator', 'example_branch_datetime_operator_2']) retrieved from /home/pyretttt/repos/mlops4/env/lib/python3.10/site-packages/airflow/example_dags/example_branch_datetime_operator.py
[2023-11-04T21:12:01.338+0400] {logging_mixin.py:151} INFO - [2023-11-04T21:12:01.338+0400] {manager.py:499} INFO - Created Permission View: %s
[2023-11-04T21:12:01.345+0400] {logging_mixin.py:151} INFO - [2023-11-04T21:12:01.345+0400] {manager.py:499} INFO - Created Permission View: %s
[2023-11-04T21:12:01.350+0400] {logging_mixin.py:151} INFO - [2023-11-04T21:12:01.350+0400] {manager.py:499} INFO - Created Permission View: %s
[2023-11-04T21:12:01.362+0400] {logging_mixin.py:151} INFO - [2023-11-04T21:12:01.362+0400] {manager.py:499} INFO - Created Permission View: %s
[2023-11-04T21:12:01.366+0400] {logging_mixin.py:151} INFO - [2023-11-04T21:12:01.366+0400] {manager.py:499} INFO - Created Permission View: %s
[2023-11-04T21:12:01.370+0400] {logging_mixin.py:151} INFO - [2023-11-04T21:12:01.370+0400] {manager.py:499} INFO - Created Permission View: %s
[2023-11-04T21:12:01.381+0400] {logging_mixin.py:151} INFO - [2023-11-04T21:12:01.380+0400] {manager.py:499} INFO - Created Permission View: %s
[2023-11-04T21:12:01.385+0400] {logging_mixin.py:151} INFO - [2023-11-04T21:12:01.385+0400] {manager.py:499} INFO - Created Permission View: %s
[2023-11-04T21:12:01.390+0400] {logging_mixin.py:151} INFO - [2023-11-04T21:12:01.390+0400] {manager.py:499} INFO - Created Permission View: %s
[2023-11-04T21:12:01.390+0400] {logging_mixin.py:151} INFO - [2023-11-04T21:12:01.390+0400] {dag.py:2941} INFO - Sync 3 DAGs
[2023-11-04T21:12:01.395+0400] {logging_mixin.py:151} INFO - [2023-11-04T21:12:01.394+0400] {dag.py:2963} INFO - Creating ORM DAG for example_branch_datetime_operator_3
[2023-11-04T21:12:01.395+0400] {logging_mixin.py:151} INFO - [2023-11-04T21:12:01.395+0400] {dag.py:2963} INFO - Creating ORM DAG for example_branch_datetime_operator
[2023-11-04T21:12:01.395+0400] {logging_mixin.py:151} INFO - [2023-11-04T21:12:01.395+0400] {dag.py:2963} INFO - Creating ORM DAG for example_branch_datetime_operator_2
[2023-11-04T21:12:01.400+0400] {logging_mixin.py:151} INFO - [2023-11-04T21:12:01.399+0400] {dag.py:3722} INFO - Setting next_dagrun for example_branch_datetime_operator to 2023-11-03T00:00:00+00:00, run_after=2023-11-04T00:00:00+00:00
[2023-11-04T21:12:01.400+0400] {logging_mixin.py:151} INFO - [2023-11-04T21:12:01.400+0400] {dag.py:3722} INFO - Setting next_dagrun for example_branch_datetime_operator_2 to 2023-11-03T00:00:00+00:00, run_after=2023-11-04T00:00:00+00:00
[2023-11-04T21:12:01.401+0400] {logging_mixin.py:151} INFO - [2023-11-04T21:12:01.401+0400] {dag.py:3722} INFO - Setting next_dagrun for example_branch_datetime_operator_3 to 2023-11-03T00:00:00+00:00, run_after=2023-11-04T00:00:00+00:00
[2023-11-04T21:12:01.412+0400] {processor.py:179} INFO - Processing /home/pyretttt/repos/mlops4/env/lib/python3.10/site-packages/airflow/example_dags/example_branch_datetime_operator.py took 0.167 seconds
[2023-11-04T21:12:52.691+0400] {processor.py:157} INFO - Started process (PID=37317) to work on /home/pyretttt/repos/mlops4/env/lib/python3.10/site-packages/airflow/example_dags/example_branch_datetime_operator.py
[2023-11-04T21:12:52.693+0400] {processor.py:829} INFO - Processing file /home/pyretttt/repos/mlops4/env/lib/python3.10/site-packages/airflow/example_dags/example_branch_datetime_operator.py for tasks to queue
[2023-11-04T21:12:52.694+0400] {logging_mixin.py:151} INFO - [2023-11-04T21:12:52.693+0400] {dagbag.py:536} INFO - Filling up the DagBag from /home/pyretttt/repos/mlops4/env/lib/python3.10/site-packages/airflow/example_dags/example_branch_datetime_operator.py
[2023-11-04T21:12:52.706+0400] {processor.py:839} INFO - DAG(s) dict_keys(['example_branch_datetime_operator', 'example_branch_datetime_operator_2', 'example_branch_datetime_operator_3']) retrieved from /home/pyretttt/repos/mlops4/env/lib/python3.10/site-packages/airflow/example_dags/example_branch_datetime_operator.py
[2023-11-04T21:12:52.726+0400] {logging_mixin.py:151} INFO - [2023-11-04T21:12:52.726+0400] {dag.py:2941} INFO - Sync 3 DAGs
[2023-11-04T21:12:52.738+0400] {logging_mixin.py:151} INFO - [2023-11-04T21:12:52.738+0400] {dag.py:3722} INFO - Setting next_dagrun for example_branch_datetime_operator to 2023-11-03T00:00:00+00:00, run_after=2023-11-04T00:00:00+00:00
[2023-11-04T21:12:52.740+0400] {logging_mixin.py:151} INFO - [2023-11-04T21:12:52.740+0400] {dag.py:3722} INFO - Setting next_dagrun for example_branch_datetime_operator_2 to 2023-11-03T00:00:00+00:00, run_after=2023-11-04T00:00:00+00:00
[2023-11-04T21:12:52.741+0400] {logging_mixin.py:151} INFO - [2023-11-04T21:12:52.741+0400] {dag.py:3722} INFO - Setting next_dagrun for example_branch_datetime_operator_3 to 2023-11-03T00:00:00+00:00, run_after=2023-11-04T00:00:00+00:00
[2023-11-04T21:12:52.752+0400] {processor.py:179} INFO - Processing /home/pyretttt/repos/mlops4/env/lib/python3.10/site-packages/airflow/example_dags/example_branch_datetime_operator.py took 0.066 seconds
[2023-11-04T21:13:39.441+0400] {processor.py:157} INFO - Started process (PID=37405) to work on /home/pyretttt/repos/mlops4/env/lib/python3.10/site-packages/airflow/example_dags/example_branch_datetime_operator.py
[2023-11-04T21:13:39.442+0400] {processor.py:829} INFO - Processing file /home/pyretttt/repos/mlops4/env/lib/python3.10/site-packages/airflow/example_dags/example_branch_datetime_operator.py for tasks to queue
[2023-11-04T21:13:39.444+0400] {logging_mixin.py:151} INFO - [2023-11-04T21:13:39.443+0400] {dagbag.py:536} INFO - Filling up the DagBag from /home/pyretttt/repos/mlops4/env/lib/python3.10/site-packages/airflow/example_dags/example_branch_datetime_operator.py
[2023-11-04T21:13:39.450+0400] {processor.py:839} INFO - DAG(s) dict_keys(['example_branch_datetime_operator', 'example_branch_datetime_operator_2', 'example_branch_datetime_operator_3']) retrieved from /home/pyretttt/repos/mlops4/env/lib/python3.10/site-packages/airflow/example_dags/example_branch_datetime_operator.py
[2023-11-04T21:13:39.462+0400] {logging_mixin.py:151} INFO - [2023-11-04T21:13:39.462+0400] {dag.py:2941} INFO - Sync 3 DAGs
[2023-11-04T21:13:39.475+0400] {logging_mixin.py:151} INFO - [2023-11-04T21:13:39.475+0400] {dag.py:3722} INFO - Setting next_dagrun for example_branch_datetime_operator to 2023-11-03T00:00:00+00:00, run_after=2023-11-04T00:00:00+00:00
[2023-11-04T21:13:39.477+0400] {logging_mixin.py:151} INFO - [2023-11-04T21:13:39.477+0400] {dag.py:3722} INFO - Setting next_dagrun for example_branch_datetime_operator_2 to 2023-11-03T00:00:00+00:00, run_after=2023-11-04T00:00:00+00:00
[2023-11-04T21:13:39.478+0400] {logging_mixin.py:151} INFO - [2023-11-04T21:13:39.478+0400] {dag.py:3722} INFO - Setting next_dagrun for example_branch_datetime_operator_3 to 2023-11-03T00:00:00+00:00, run_after=2023-11-04T00:00:00+00:00
[2023-11-04T21:13:39.488+0400] {processor.py:179} INFO - Processing /home/pyretttt/repos/mlops4/env/lib/python3.10/site-packages/airflow/example_dags/example_branch_datetime_operator.py took 0.052 seconds
[2023-11-04T21:14:27.303+0400] {processor.py:157} INFO - Started process (PID=37453) to work on /home/pyretttt/repos/mlops4/env/lib/python3.10/site-packages/airflow/example_dags/example_branch_datetime_operator.py
[2023-11-04T21:14:27.305+0400] {processor.py:829} INFO - Processing file /home/pyretttt/repos/mlops4/env/lib/python3.10/site-packages/airflow/example_dags/example_branch_datetime_operator.py for tasks to queue
[2023-11-04T21:14:27.306+0400] {logging_mixin.py:151} INFO - [2023-11-04T21:14:27.305+0400] {dagbag.py:536} INFO - Filling up the DagBag from /home/pyretttt/repos/mlops4/env/lib/python3.10/site-packages/airflow/example_dags/example_branch_datetime_operator.py
[2023-11-04T21:14:27.316+0400] {processor.py:839} INFO - DAG(s) dict_keys(['example_branch_datetime_operator', 'example_branch_datetime_operator_3', 'example_branch_datetime_operator_2']) retrieved from /home/pyretttt/repos/mlops4/env/lib/python3.10/site-packages/airflow/example_dags/example_branch_datetime_operator.py
[2023-11-04T21:14:27.335+0400] {logging_mixin.py:151} INFO - [2023-11-04T21:14:27.334+0400] {dag.py:2941} INFO - Sync 3 DAGs
[2023-11-04T21:14:27.349+0400] {logging_mixin.py:151} INFO - [2023-11-04T21:14:27.348+0400] {dag.py:3722} INFO - Setting next_dagrun for example_branch_datetime_operator to 2023-11-03T00:00:00+00:00, run_after=2023-11-04T00:00:00+00:00
[2023-11-04T21:14:27.352+0400] {logging_mixin.py:151} INFO - [2023-11-04T21:14:27.352+0400] {dag.py:3722} INFO - Setting next_dagrun for example_branch_datetime_operator_2 to 2023-11-03T00:00:00+00:00, run_after=2023-11-04T00:00:00+00:00
[2023-11-04T21:14:27.354+0400] {logging_mixin.py:151} INFO - [2023-11-04T21:14:27.353+0400] {dag.py:3722} INFO - Setting next_dagrun for example_branch_datetime_operator_3 to 2023-11-03T00:00:00+00:00, run_after=2023-11-04T00:00:00+00:00
[2023-11-04T21:14:27.366+0400] {processor.py:179} INFO - Processing /home/pyretttt/repos/mlops4/env/lib/python3.10/site-packages/airflow/example_dags/example_branch_datetime_operator.py took 0.067 seconds
[2023-11-04T21:15:06.369+0400] {processor.py:157} INFO - Started process (PID=37493) to work on /home/pyretttt/repos/mlops4/env/lib/python3.10/site-packages/airflow/example_dags/example_branch_datetime_operator.py
[2023-11-04T21:15:06.370+0400] {processor.py:829} INFO - Processing file /home/pyretttt/repos/mlops4/env/lib/python3.10/site-packages/airflow/example_dags/example_branch_datetime_operator.py for tasks to queue
[2023-11-04T21:15:06.371+0400] {logging_mixin.py:151} INFO - [2023-11-04T21:15:06.370+0400] {dagbag.py:536} INFO - Filling up the DagBag from /home/pyretttt/repos/mlops4/env/lib/python3.10/site-packages/airflow/example_dags/example_branch_datetime_operator.py
[2023-11-04T21:15:06.380+0400] {processor.py:839} INFO - DAG(s) dict_keys(['example_branch_datetime_operator_3', 'example_branch_datetime_operator', 'example_branch_datetime_operator_2']) retrieved from /home/pyretttt/repos/mlops4/env/lib/python3.10/site-packages/airflow/example_dags/example_branch_datetime_operator.py
[2023-11-04T21:15:06.397+0400] {logging_mixin.py:151} INFO - [2023-11-04T21:15:06.397+0400] {dag.py:2941} INFO - Sync 3 DAGs
[2023-11-04T21:15:06.409+0400] {logging_mixin.py:151} INFO - [2023-11-04T21:15:06.409+0400] {dag.py:3722} INFO - Setting next_dagrun for example_branch_datetime_operator to 2023-11-03T00:00:00+00:00, run_after=2023-11-04T00:00:00+00:00
[2023-11-04T21:15:06.411+0400] {logging_mixin.py:151} INFO - [2023-11-04T21:15:06.411+0400] {dag.py:3722} INFO - Setting next_dagrun for example_branch_datetime_operator_2 to 2023-11-03T00:00:00+00:00, run_after=2023-11-04T00:00:00+00:00
[2023-11-04T21:15:06.412+0400] {logging_mixin.py:151} INFO - [2023-11-04T21:15:06.412+0400] {dag.py:3722} INFO - Setting next_dagrun for example_branch_datetime_operator_3 to 2023-11-03T00:00:00+00:00, run_after=2023-11-04T00:00:00+00:00
[2023-11-04T21:15:06.422+0400] {processor.py:179} INFO - Processing /home/pyretttt/repos/mlops4/env/lib/python3.10/site-packages/airflow/example_dags/example_branch_datetime_operator.py took 0.057 seconds
[2023-11-04T21:15:55.746+0400] {processor.py:157} INFO - Started process (PID=37549) to work on /home/pyretttt/repos/mlops4/env/lib/python3.10/site-packages/airflow/example_dags/example_branch_datetime_operator.py
[2023-11-04T21:15:55.747+0400] {processor.py:829} INFO - Processing file /home/pyretttt/repos/mlops4/env/lib/python3.10/site-packages/airflow/example_dags/example_branch_datetime_operator.py for tasks to queue
[2023-11-04T21:15:55.748+0400] {logging_mixin.py:151} INFO - [2023-11-04T21:15:55.748+0400] {dagbag.py:536} INFO - Filling up the DagBag from /home/pyretttt/repos/mlops4/env/lib/python3.10/site-packages/airflow/example_dags/example_branch_datetime_operator.py
[2023-11-04T21:15:55.757+0400] {processor.py:839} INFO - DAG(s) dict_keys(['example_branch_datetime_operator_3', 'example_branch_datetime_operator_2', 'example_branch_datetime_operator']) retrieved from /home/pyretttt/repos/mlops4/env/lib/python3.10/site-packages/airflow/example_dags/example_branch_datetime_operator.py
[2023-11-04T21:15:55.776+0400] {logging_mixin.py:151} INFO - [2023-11-04T21:15:55.776+0400] {dag.py:2941} INFO - Sync 3 DAGs
[2023-11-04T21:15:55.792+0400] {logging_mixin.py:151} INFO - [2023-11-04T21:15:55.792+0400] {dag.py:3722} INFO - Setting next_dagrun for example_branch_datetime_operator to 2023-11-03T00:00:00+00:00, run_after=2023-11-04T00:00:00+00:00
[2023-11-04T21:15:55.795+0400] {logging_mixin.py:151} INFO - [2023-11-04T21:15:55.795+0400] {dag.py:3722} INFO - Setting next_dagrun for example_branch_datetime_operator_2 to 2023-11-03T00:00:00+00:00, run_after=2023-11-04T00:00:00+00:00
[2023-11-04T21:15:55.796+0400] {logging_mixin.py:151} INFO - [2023-11-04T21:15:55.796+0400] {dag.py:3722} INFO - Setting next_dagrun for example_branch_datetime_operator_3 to 2023-11-03T00:00:00+00:00, run_after=2023-11-04T00:00:00+00:00
[2023-11-04T21:15:55.808+0400] {processor.py:179} INFO - Processing /home/pyretttt/repos/mlops4/env/lib/python3.10/site-packages/airflow/example_dags/example_branch_datetime_operator.py took 0.064 seconds
[2023-11-04T21:16:44.681+0400] {processor.py:157} INFO - Started process (PID=37602) to work on /home/pyretttt/repos/mlops4/env/lib/python3.10/site-packages/airflow/example_dags/example_branch_datetime_operator.py
[2023-11-04T21:16:44.682+0400] {processor.py:829} INFO - Processing file /home/pyretttt/repos/mlops4/env/lib/python3.10/site-packages/airflow/example_dags/example_branch_datetime_operator.py for tasks to queue
[2023-11-04T21:16:44.683+0400] {logging_mixin.py:151} INFO - [2023-11-04T21:16:44.683+0400] {dagbag.py:536} INFO - Filling up the DagBag from /home/pyretttt/repos/mlops4/env/lib/python3.10/site-packages/airflow/example_dags/example_branch_datetime_operator.py
[2023-11-04T21:16:44.692+0400] {processor.py:839} INFO - DAG(s) dict_keys(['example_branch_datetime_operator_2', 'example_branch_datetime_operator_3', 'example_branch_datetime_operator']) retrieved from /home/pyretttt/repos/mlops4/env/lib/python3.10/site-packages/airflow/example_dags/example_branch_datetime_operator.py
[2023-11-04T21:16:44.710+0400] {logging_mixin.py:151} INFO - [2023-11-04T21:16:44.710+0400] {dag.py:2941} INFO - Sync 3 DAGs
[2023-11-04T21:16:44.724+0400] {logging_mixin.py:151} INFO - [2023-11-04T21:16:44.724+0400] {dag.py:3722} INFO - Setting next_dagrun for example_branch_datetime_operator to 2023-11-03T00:00:00+00:00, run_after=2023-11-04T00:00:00+00:00
[2023-11-04T21:16:44.726+0400] {logging_mixin.py:151} INFO - [2023-11-04T21:16:44.726+0400] {dag.py:3722} INFO - Setting next_dagrun for example_branch_datetime_operator_2 to 2023-11-03T00:00:00+00:00, run_after=2023-11-04T00:00:00+00:00
[2023-11-04T21:16:44.727+0400] {logging_mixin.py:151} INFO - [2023-11-04T21:16:44.727+0400] {dag.py:3722} INFO - Setting next_dagrun for example_branch_datetime_operator_3 to 2023-11-03T00:00:00+00:00, run_after=2023-11-04T00:00:00+00:00
[2023-11-04T21:16:44.738+0400] {processor.py:179} INFO - Processing /home/pyretttt/repos/mlops4/env/lib/python3.10/site-packages/airflow/example_dags/example_branch_datetime_operator.py took 0.060 seconds
[2023-11-04T21:17:35.302+0400] {processor.py:157} INFO - Started process (PID=37680) to work on /home/pyretttt/repos/mlops4/env/lib/python3.10/site-packages/airflow/example_dags/example_branch_datetime_operator.py
[2023-11-04T21:17:35.303+0400] {processor.py:829} INFO - Processing file /home/pyretttt/repos/mlops4/env/lib/python3.10/site-packages/airflow/example_dags/example_branch_datetime_operator.py for tasks to queue
[2023-11-04T21:17:35.305+0400] {logging_mixin.py:151} INFO - [2023-11-04T21:17:35.304+0400] {dagbag.py:536} INFO - Filling up the DagBag from /home/pyretttt/repos/mlops4/env/lib/python3.10/site-packages/airflow/example_dags/example_branch_datetime_operator.py
[2023-11-04T21:17:35.316+0400] {processor.py:839} INFO - DAG(s) dict_keys(['example_branch_datetime_operator_2', 'example_branch_datetime_operator_3', 'example_branch_datetime_operator']) retrieved from /home/pyretttt/repos/mlops4/env/lib/python3.10/site-packages/airflow/example_dags/example_branch_datetime_operator.py
[2023-11-04T21:17:35.340+0400] {logging_mixin.py:151} INFO - [2023-11-04T21:17:35.339+0400] {dag.py:2941} INFO - Sync 3 DAGs
[2023-11-04T21:17:35.351+0400] {logging_mixin.py:151} INFO - [2023-11-04T21:17:35.351+0400] {dag.py:3722} INFO - Setting next_dagrun for example_branch_datetime_operator to 2023-11-03T00:00:00+00:00, run_after=2023-11-04T00:00:00+00:00
[2023-11-04T21:17:35.353+0400] {logging_mixin.py:151} INFO - [2023-11-04T21:17:35.353+0400] {dag.py:3722} INFO - Setting next_dagrun for example_branch_datetime_operator_2 to 2023-11-03T00:00:00+00:00, run_after=2023-11-04T00:00:00+00:00
[2023-11-04T21:17:35.354+0400] {logging_mixin.py:151} INFO - [2023-11-04T21:17:35.353+0400] {dag.py:3722} INFO - Setting next_dagrun for example_branch_datetime_operator_3 to 2023-11-03T00:00:00+00:00, run_after=2023-11-04T00:00:00+00:00
[2023-11-04T21:17:35.364+0400] {processor.py:179} INFO - Processing /home/pyretttt/repos/mlops4/env/lib/python3.10/site-packages/airflow/example_dags/example_branch_datetime_operator.py took 0.067 seconds
