[2023-11-04T21:12:26.406+0400] {processor.py:157} INFO - Started process (PID=37254) to work on /home/pyretttt/repos/mlops4/env/lib/python3.10/site-packages/airflow/example_dags/example_task_group_decorator.py
[2023-11-04T21:12:26.407+0400] {processor.py:829} INFO - Processing file /home/pyretttt/repos/mlops4/env/lib/python3.10/site-packages/airflow/example_dags/example_task_group_decorator.py for tasks to queue
[2023-11-04T21:12:26.408+0400] {logging_mixin.py:151} INFO - [2023-11-04T21:12:26.407+0400] {dagbag.py:536} INFO - Filling up the DagBag from /home/pyretttt/repos/mlops4/env/lib/python3.10/site-packages/airflow/example_dags/example_task_group_decorator.py
[2023-11-04T21:12:26.426+0400] {processor.py:839} INFO - DAG(s) dict_keys(['example_task_group_decorator']) retrieved from /home/pyretttt/repos/mlops4/env/lib/python3.10/site-packages/airflow/example_dags/example_task_group_decorator.py
[2023-11-04T21:12:26.490+0400] {logging_mixin.py:151} INFO - [2023-11-04T21:12:26.490+0400] {manager.py:499} INFO - Created Permission View: %s
[2023-11-04T21:12:26.496+0400] {logging_mixin.py:151} INFO - [2023-11-04T21:12:26.496+0400] {manager.py:499} INFO - Created Permission View: %s
[2023-11-04T21:12:26.502+0400] {logging_mixin.py:151} INFO - [2023-11-04T21:12:26.502+0400] {manager.py:499} INFO - Created Permission View: %s
[2023-11-04T21:12:26.502+0400] {logging_mixin.py:151} INFO - [2023-11-04T21:12:26.502+0400] {dag.py:2941} INFO - Sync 1 DAGs
[2023-11-04T21:12:26.507+0400] {logging_mixin.py:151} INFO - [2023-11-04T21:12:26.507+0400] {dag.py:2963} INFO - Creating ORM DAG for example_task_group_decorator
[2023-11-04T21:12:26.511+0400] {logging_mixin.py:151} INFO - [2023-11-04T21:12:26.511+0400] {dag.py:3722} INFO - Setting next_dagrun for example_task_group_decorator to 2023-11-03T17:12:26.511711+00:00, run_after=2023-11-04T17:12:26.511711+00:00
[2023-11-04T21:12:26.523+0400] {processor.py:179} INFO - Processing /home/pyretttt/repos/mlops4/env/lib/python3.10/site-packages/airflow/example_dags/example_task_group_decorator.py took 0.120 seconds
[2023-11-04T21:13:14.526+0400] {processor.py:157} INFO - Started process (PID=37379) to work on /home/pyretttt/repos/mlops4/env/lib/python3.10/site-packages/airflow/example_dags/example_task_group_decorator.py
[2023-11-04T21:13:14.528+0400] {processor.py:829} INFO - Processing file /home/pyretttt/repos/mlops4/env/lib/python3.10/site-packages/airflow/example_dags/example_task_group_decorator.py for tasks to queue
[2023-11-04T21:13:14.529+0400] {logging_mixin.py:151} INFO - [2023-11-04T21:13:14.528+0400] {dagbag.py:536} INFO - Filling up the DagBag from /home/pyretttt/repos/mlops4/env/lib/python3.10/site-packages/airflow/example_dags/example_task_group_decorator.py
[2023-11-04T21:13:14.545+0400] {processor.py:839} INFO - DAG(s) dict_keys(['example_task_group_decorator']) retrieved from /home/pyretttt/repos/mlops4/env/lib/python3.10/site-packages/airflow/example_dags/example_task_group_decorator.py
[2023-11-04T21:13:14.561+0400] {logging_mixin.py:151} INFO - [2023-11-04T21:13:14.561+0400] {dag.py:2941} INFO - Sync 1 DAGs
[2023-11-04T21:13:14.570+0400] {logging_mixin.py:151} INFO - [2023-11-04T21:13:14.570+0400] {dag.py:3722} INFO - Setting next_dagrun for example_task_group_decorator to 2023-11-03T17:13:14.570686+00:00, run_after=2023-11-04T17:13:14.570686+00:00
[2023-11-04T21:13:14.582+0400] {processor.py:179} INFO - Processing /home/pyretttt/repos/mlops4/env/lib/python3.10/site-packages/airflow/example_dags/example_task_group_decorator.py took 0.061 seconds
[2023-11-04T21:14:04.014+0400] {processor.py:157} INFO - Started process (PID=37430) to work on /home/pyretttt/repos/mlops4/env/lib/python3.10/site-packages/airflow/example_dags/example_task_group_decorator.py
[2023-11-04T21:14:04.015+0400] {processor.py:829} INFO - Processing file /home/pyretttt/repos/mlops4/env/lib/python3.10/site-packages/airflow/example_dags/example_task_group_decorator.py for tasks to queue
[2023-11-04T21:14:04.017+0400] {logging_mixin.py:151} INFO - [2023-11-04T21:14:04.016+0400] {dagbag.py:536} INFO - Filling up the DagBag from /home/pyretttt/repos/mlops4/env/lib/python3.10/site-packages/airflow/example_dags/example_task_group_decorator.py
[2023-11-04T21:14:04.034+0400] {processor.py:839} INFO - DAG(s) dict_keys(['example_task_group_decorator']) retrieved from /home/pyretttt/repos/mlops4/env/lib/python3.10/site-packages/airflow/example_dags/example_task_group_decorator.py
[2023-11-04T21:14:04.051+0400] {logging_mixin.py:151} INFO - [2023-11-04T21:14:04.051+0400] {dag.py:2941} INFO - Sync 1 DAGs
[2023-11-04T21:14:04.061+0400] {logging_mixin.py:151} INFO - [2023-11-04T21:14:04.061+0400] {dag.py:3722} INFO - Setting next_dagrun for example_task_group_decorator to 2023-11-03T17:14:04.061364+00:00, run_after=2023-11-04T17:14:04.061364+00:00
[2023-11-04T21:14:04.073+0400] {processor.py:179} INFO - Processing /home/pyretttt/repos/mlops4/env/lib/python3.10/site-packages/airflow/example_dags/example_task_group_decorator.py took 0.063 seconds
[2023-11-04T21:14:52.556+0400] {processor.py:157} INFO - Started process (PID=37480) to work on /home/pyretttt/repos/mlops4/env/lib/python3.10/site-packages/airflow/example_dags/example_task_group_decorator.py
[2023-11-04T21:14:52.558+0400] {processor.py:829} INFO - Processing file /home/pyretttt/repos/mlops4/env/lib/python3.10/site-packages/airflow/example_dags/example_task_group_decorator.py for tasks to queue
[2023-11-04T21:14:52.560+0400] {logging_mixin.py:151} INFO - [2023-11-04T21:14:52.559+0400] {dagbag.py:536} INFO - Filling up the DagBag from /home/pyretttt/repos/mlops4/env/lib/python3.10/site-packages/airflow/example_dags/example_task_group_decorator.py
[2023-11-04T21:14:52.575+0400] {processor.py:839} INFO - DAG(s) dict_keys(['example_task_group_decorator']) retrieved from /home/pyretttt/repos/mlops4/env/lib/python3.10/site-packages/airflow/example_dags/example_task_group_decorator.py
[2023-11-04T21:14:52.592+0400] {logging_mixin.py:151} INFO - [2023-11-04T21:14:52.592+0400] {dag.py:2941} INFO - Sync 1 DAGs
[2023-11-04T21:14:52.602+0400] {logging_mixin.py:151} INFO - [2023-11-04T21:14:52.602+0400] {dag.py:3722} INFO - Setting next_dagrun for example_task_group_decorator to 2023-11-03T17:14:52.602178+00:00, run_after=2023-11-04T17:14:52.602178+00:00
[2023-11-04T21:14:52.613+0400] {processor.py:179} INFO - Processing /home/pyretttt/repos/mlops4/env/lib/python3.10/site-packages/airflow/example_dags/example_task_group_decorator.py took 0.061 seconds
[2023-11-04T21:15:45.641+0400] {processor.py:157} INFO - Started process (PID=37536) to work on /home/pyretttt/repos/mlops4/env/lib/python3.10/site-packages/airflow/example_dags/example_task_group_decorator.py
[2023-11-04T21:15:45.647+0400] {processor.py:829} INFO - Processing file /home/pyretttt/repos/mlops4/env/lib/python3.10/site-packages/airflow/example_dags/example_task_group_decorator.py for tasks to queue
[2023-11-04T21:15:45.649+0400] {logging_mixin.py:151} INFO - [2023-11-04T21:15:45.648+0400] {dagbag.py:536} INFO - Filling up the DagBag from /home/pyretttt/repos/mlops4/env/lib/python3.10/site-packages/airflow/example_dags/example_task_group_decorator.py
[2023-11-04T21:15:45.661+0400] {processor.py:839} INFO - DAG(s) dict_keys(['example_task_group_decorator']) retrieved from /home/pyretttt/repos/mlops4/env/lib/python3.10/site-packages/airflow/example_dags/example_task_group_decorator.py
[2023-11-04T21:15:45.672+0400] {logging_mixin.py:151} INFO - [2023-11-04T21:15:45.672+0400] {dag.py:2941} INFO - Sync 1 DAGs
[2023-11-04T21:15:45.683+0400] {logging_mixin.py:151} INFO - [2023-11-04T21:15:45.683+0400] {dag.py:3722} INFO - Setting next_dagrun for example_task_group_decorator to 2023-11-03T17:15:45.683219+00:00, run_after=2023-11-04T17:15:45.683219+00:00
[2023-11-04T21:15:45.695+0400] {processor.py:179} INFO - Processing /home/pyretttt/repos/mlops4/env/lib/python3.10/site-packages/airflow/example_dags/example_task_group_decorator.py took 0.058 seconds
[2023-11-04T21:16:34.376+0400] {processor.py:157} INFO - Started process (PID=37591) to work on /home/pyretttt/repos/mlops4/env/lib/python3.10/site-packages/airflow/example_dags/example_task_group_decorator.py
[2023-11-04T21:16:34.379+0400] {processor.py:829} INFO - Processing file /home/pyretttt/repos/mlops4/env/lib/python3.10/site-packages/airflow/example_dags/example_task_group_decorator.py for tasks to queue
[2023-11-04T21:16:34.380+0400] {logging_mixin.py:151} INFO - [2023-11-04T21:16:34.379+0400] {dagbag.py:536} INFO - Filling up the DagBag from /home/pyretttt/repos/mlops4/env/lib/python3.10/site-packages/airflow/example_dags/example_task_group_decorator.py
[2023-11-04T21:16:34.399+0400] {processor.py:839} INFO - DAG(s) dict_keys(['example_task_group_decorator']) retrieved from /home/pyretttt/repos/mlops4/env/lib/python3.10/site-packages/airflow/example_dags/example_task_group_decorator.py
[2023-11-04T21:16:34.416+0400] {logging_mixin.py:151} INFO - [2023-11-04T21:16:34.416+0400] {dag.py:2941} INFO - Sync 1 DAGs
[2023-11-04T21:16:34.426+0400] {logging_mixin.py:151} INFO - [2023-11-04T21:16:34.426+0400] {dag.py:3722} INFO - Setting next_dagrun for example_task_group_decorator to 2023-11-03T17:16:34.426476+00:00, run_after=2023-11-04T17:16:34.426476+00:00
[2023-11-04T21:16:34.438+0400] {processor.py:179} INFO - Processing /home/pyretttt/repos/mlops4/env/lib/python3.10/site-packages/airflow/example_dags/example_task_group_decorator.py took 0.067 seconds
[2023-11-04T21:17:23.987+0400] {processor.py:157} INFO - Started process (PID=37648) to work on /home/pyretttt/repos/mlops4/env/lib/python3.10/site-packages/airflow/example_dags/example_task_group_decorator.py
[2023-11-04T21:17:23.990+0400] {processor.py:829} INFO - Processing file /home/pyretttt/repos/mlops4/env/lib/python3.10/site-packages/airflow/example_dags/example_task_group_decorator.py for tasks to queue
[2023-11-04T21:17:23.991+0400] {logging_mixin.py:151} INFO - [2023-11-04T21:17:23.990+0400] {dagbag.py:536} INFO - Filling up the DagBag from /home/pyretttt/repos/mlops4/env/lib/python3.10/site-packages/airflow/example_dags/example_task_group_decorator.py
[2023-11-04T21:17:24.007+0400] {processor.py:839} INFO - DAG(s) dict_keys(['example_task_group_decorator']) retrieved from /home/pyretttt/repos/mlops4/env/lib/python3.10/site-packages/airflow/example_dags/example_task_group_decorator.py
[2023-11-04T21:17:24.025+0400] {logging_mixin.py:151} INFO - [2023-11-04T21:17:24.024+0400] {dag.py:2941} INFO - Sync 1 DAGs
[2023-11-04T21:17:24.035+0400] {logging_mixin.py:151} INFO - [2023-11-04T21:17:24.035+0400] {dag.py:3722} INFO - Setting next_dagrun for example_task_group_decorator to 2023-11-03T17:17:24.034938+00:00, run_after=2023-11-04T17:17:24.034938+00:00
[2023-11-04T21:17:24.045+0400] {processor.py:179} INFO - Processing /home/pyretttt/repos/mlops4/env/lib/python3.10/site-packages/airflow/example_dags/example_task_group_decorator.py took 0.063 seconds
