[2023-11-04T21:11:52.348+0400] {processor.py:157} INFO - Started process (PID=37225) to work on /home/pyretttt/repos/mlops4/env/lib/python3.10/site-packages/airflow/example_dags/example_setup_teardown.py
[2023-11-04T21:11:52.350+0400] {processor.py:829} INFO - Processing file /home/pyretttt/repos/mlops4/env/lib/python3.10/site-packages/airflow/example_dags/example_setup_teardown.py for tasks to queue
[2023-11-04T21:11:52.351+0400] {logging_mixin.py:151} INFO - [2023-11-04T21:11:52.350+0400] {dagbag.py:536} INFO - Filling up the DagBag from /home/pyretttt/repos/mlops4/env/lib/python3.10/site-packages/airflow/example_dags/example_setup_teardown.py
[2023-11-04T21:11:52.363+0400] {processor.py:839} INFO - DAG(s) dict_keys(['example_setup_teardown']) retrieved from /home/pyretttt/repos/mlops4/env/lib/python3.10/site-packages/airflow/example_dags/example_setup_teardown.py
[2023-11-04T21:11:52.445+0400] {logging_mixin.py:151} INFO - [2023-11-04T21:11:52.445+0400] {manager.py:499} INFO - Created Permission View: %s
[2023-11-04T21:11:52.450+0400] {logging_mixin.py:151} INFO - [2023-11-04T21:11:52.450+0400] {manager.py:499} INFO - Created Permission View: %s
[2023-11-04T21:11:52.454+0400] {logging_mixin.py:151} INFO - [2023-11-04T21:11:52.454+0400] {manager.py:499} INFO - Created Permission View: %s
[2023-11-04T21:11:52.454+0400] {logging_mixin.py:151} INFO - [2023-11-04T21:11:52.454+0400] {dag.py:2941} INFO - Sync 1 DAGs
[2023-11-04T21:11:52.458+0400] {logging_mixin.py:151} INFO - [2023-11-04T21:11:52.458+0400] {dag.py:2963} INFO - Creating ORM DAG for example_setup_teardown
[2023-11-04T21:11:52.461+0400] {logging_mixin.py:151} INFO - [2023-11-04T21:11:52.461+0400] {dag.py:3722} INFO - Setting next_dagrun for example_setup_teardown to 2023-11-03T17:11:52.461430+00:00, run_after=2023-11-04T17:11:52.461430+00:00
[2023-11-04T21:11:52.470+0400] {processor.py:179} INFO - Processing /home/pyretttt/repos/mlops4/env/lib/python3.10/site-packages/airflow/example_dags/example_setup_teardown.py took 0.125 seconds
[2023-11-04T21:12:44.971+0400] {processor.py:157} INFO - Started process (PID=37297) to work on /home/pyretttt/repos/mlops4/env/lib/python3.10/site-packages/airflow/example_dags/example_setup_teardown.py
[2023-11-04T21:12:44.975+0400] {processor.py:829} INFO - Processing file /home/pyretttt/repos/mlops4/env/lib/python3.10/site-packages/airflow/example_dags/example_setup_teardown.py for tasks to queue
[2023-11-04T21:12:44.976+0400] {logging_mixin.py:151} INFO - [2023-11-04T21:12:44.975+0400] {dagbag.py:536} INFO - Filling up the DagBag from /home/pyretttt/repos/mlops4/env/lib/python3.10/site-packages/airflow/example_dags/example_setup_teardown.py
[2023-11-04T21:12:44.986+0400] {processor.py:839} INFO - DAG(s) dict_keys(['example_setup_teardown']) retrieved from /home/pyretttt/repos/mlops4/env/lib/python3.10/site-packages/airflow/example_dags/example_setup_teardown.py
[2023-11-04T21:12:45.005+0400] {logging_mixin.py:151} INFO - [2023-11-04T21:12:45.005+0400] {dag.py:2941} INFO - Sync 1 DAGs
[2023-11-04T21:12:45.020+0400] {logging_mixin.py:151} INFO - [2023-11-04T21:12:45.020+0400] {dag.py:3722} INFO - Setting next_dagrun for example_setup_teardown to 2023-11-03T17:12:45.019755+00:00, run_after=2023-11-04T17:12:45.019755+00:00
[2023-11-04T21:12:45.031+0400] {processor.py:179} INFO - Processing /home/pyretttt/repos/mlops4/env/lib/python3.10/site-packages/airflow/example_dags/example_setup_teardown.py took 0.065 seconds
[2023-11-04T21:13:23.743+0400] {processor.py:157} INFO - Started process (PID=37389) to work on /home/pyretttt/repos/mlops4/env/lib/python3.10/site-packages/airflow/example_dags/example_setup_teardown.py
[2023-11-04T21:13:23.745+0400] {processor.py:829} INFO - Processing file /home/pyretttt/repos/mlops4/env/lib/python3.10/site-packages/airflow/example_dags/example_setup_teardown.py for tasks to queue
[2023-11-04T21:13:23.746+0400] {logging_mixin.py:151} INFO - [2023-11-04T21:13:23.745+0400] {dagbag.py:536} INFO - Filling up the DagBag from /home/pyretttt/repos/mlops4/env/lib/python3.10/site-packages/airflow/example_dags/example_setup_teardown.py
[2023-11-04T21:13:23.755+0400] {processor.py:839} INFO - DAG(s) dict_keys(['example_setup_teardown']) retrieved from /home/pyretttt/repos/mlops4/env/lib/python3.10/site-packages/airflow/example_dags/example_setup_teardown.py
[2023-11-04T21:13:23.770+0400] {logging_mixin.py:151} INFO - [2023-11-04T21:13:23.770+0400] {dag.py:2941} INFO - Sync 1 DAGs
[2023-11-04T21:13:23.781+0400] {logging_mixin.py:151} INFO - [2023-11-04T21:13:23.781+0400] {dag.py:3722} INFO - Setting next_dagrun for example_setup_teardown to 2023-11-03T17:13:23.781575+00:00, run_after=2023-11-04T17:13:23.781575+00:00
[2023-11-04T21:13:23.793+0400] {processor.py:179} INFO - Processing /home/pyretttt/repos/mlops4/env/lib/python3.10/site-packages/airflow/example_dags/example_setup_teardown.py took 0.055 seconds
[2023-11-04T21:14:10.481+0400] {processor.py:157} INFO - Started process (PID=37436) to work on /home/pyretttt/repos/mlops4/env/lib/python3.10/site-packages/airflow/example_dags/example_setup_teardown.py
[2023-11-04T21:14:10.483+0400] {processor.py:829} INFO - Processing file /home/pyretttt/repos/mlops4/env/lib/python3.10/site-packages/airflow/example_dags/example_setup_teardown.py for tasks to queue
[2023-11-04T21:14:10.484+0400] {logging_mixin.py:151} INFO - [2023-11-04T21:14:10.483+0400] {dagbag.py:536} INFO - Filling up the DagBag from /home/pyretttt/repos/mlops4/env/lib/python3.10/site-packages/airflow/example_dags/example_setup_teardown.py
[2023-11-04T21:14:10.492+0400] {processor.py:839} INFO - DAG(s) dict_keys(['example_setup_teardown']) retrieved from /home/pyretttt/repos/mlops4/env/lib/python3.10/site-packages/airflow/example_dags/example_setup_teardown.py
[2023-11-04T21:14:10.508+0400] {logging_mixin.py:151} INFO - [2023-11-04T21:14:10.507+0400] {dag.py:2941} INFO - Sync 1 DAGs
[2023-11-04T21:14:10.522+0400] {logging_mixin.py:151} INFO - [2023-11-04T21:14:10.522+0400] {dag.py:3722} INFO - Setting next_dagrun for example_setup_teardown to 2023-11-03T17:14:10.521806+00:00, run_after=2023-11-04T17:14:10.521806+00:00
[2023-11-04T21:14:10.536+0400] {processor.py:179} INFO - Processing /home/pyretttt/repos/mlops4/env/lib/python3.10/site-packages/airflow/example_dags/example_setup_teardown.py took 0.058 seconds
[2023-11-04T21:14:43.609+0400] {processor.py:157} INFO - Started process (PID=37471) to work on /home/pyretttt/repos/mlops4/env/lib/python3.10/site-packages/airflow/example_dags/example_setup_teardown.py
[2023-11-04T21:14:43.611+0400] {processor.py:829} INFO - Processing file /home/pyretttt/repos/mlops4/env/lib/python3.10/site-packages/airflow/example_dags/example_setup_teardown.py for tasks to queue
[2023-11-04T21:14:43.612+0400] {logging_mixin.py:151} INFO - [2023-11-04T21:14:43.611+0400] {dagbag.py:536} INFO - Filling up the DagBag from /home/pyretttt/repos/mlops4/env/lib/python3.10/site-packages/airflow/example_dags/example_setup_teardown.py
[2023-11-04T21:14:43.621+0400] {processor.py:839} INFO - DAG(s) dict_keys(['example_setup_teardown']) retrieved from /home/pyretttt/repos/mlops4/env/lib/python3.10/site-packages/airflow/example_dags/example_setup_teardown.py
[2023-11-04T21:14:43.638+0400] {logging_mixin.py:151} INFO - [2023-11-04T21:14:43.638+0400] {dag.py:2941} INFO - Sync 1 DAGs
[2023-11-04T21:14:43.650+0400] {logging_mixin.py:151} INFO - [2023-11-04T21:14:43.650+0400] {dag.py:3722} INFO - Setting next_dagrun for example_setup_teardown to 2023-11-03T17:14:43.650423+00:00, run_after=2023-11-04T17:14:43.650423+00:00
[2023-11-04T21:14:43.662+0400] {processor.py:179} INFO - Processing /home/pyretttt/repos/mlops4/env/lib/python3.10/site-packages/airflow/example_dags/example_setup_teardown.py took 0.057 seconds
[2023-11-04T21:15:17.972+0400] {processor.py:157} INFO - Started process (PID=37504) to work on /home/pyretttt/repos/mlops4/env/lib/python3.10/site-packages/airflow/example_dags/example_setup_teardown.py
[2023-11-04T21:15:17.974+0400] {processor.py:829} INFO - Processing file /home/pyretttt/repos/mlops4/env/lib/python3.10/site-packages/airflow/example_dags/example_setup_teardown.py for tasks to queue
[2023-11-04T21:15:17.975+0400] {logging_mixin.py:151} INFO - [2023-11-04T21:15:17.974+0400] {dagbag.py:536} INFO - Filling up the DagBag from /home/pyretttt/repos/mlops4/env/lib/python3.10/site-packages/airflow/example_dags/example_setup_teardown.py
[2023-11-04T21:15:17.984+0400] {processor.py:839} INFO - DAG(s) dict_keys(['example_setup_teardown']) retrieved from /home/pyretttt/repos/mlops4/env/lib/python3.10/site-packages/airflow/example_dags/example_setup_teardown.py
[2023-11-04T21:15:18.000+0400] {logging_mixin.py:151} INFO - [2023-11-04T21:15:18.000+0400] {dag.py:2941} INFO - Sync 1 DAGs
[2023-11-04T21:15:18.012+0400] {logging_mixin.py:151} INFO - [2023-11-04T21:15:18.012+0400] {dag.py:3722} INFO - Setting next_dagrun for example_setup_teardown to 2023-11-03T17:15:18.012461+00:00, run_after=2023-11-04T17:15:18.012461+00:00
[2023-11-04T21:15:18.024+0400] {processor.py:179} INFO - Processing /home/pyretttt/repos/mlops4/env/lib/python3.10/site-packages/airflow/example_dags/example_setup_teardown.py took 0.056 seconds
[2023-11-04T21:15:51.807+0400] {processor.py:157} INFO - Started process (PID=37544) to work on /home/pyretttt/repos/mlops4/env/lib/python3.10/site-packages/airflow/example_dags/example_setup_teardown.py
[2023-11-04T21:15:51.808+0400] {processor.py:829} INFO - Processing file /home/pyretttt/repos/mlops4/env/lib/python3.10/site-packages/airflow/example_dags/example_setup_teardown.py for tasks to queue
[2023-11-04T21:15:51.809+0400] {logging_mixin.py:151} INFO - [2023-11-04T21:15:51.809+0400] {dagbag.py:536} INFO - Filling up the DagBag from /home/pyretttt/repos/mlops4/env/lib/python3.10/site-packages/airflow/example_dags/example_setup_teardown.py
[2023-11-04T21:15:51.815+0400] {processor.py:839} INFO - DAG(s) dict_keys(['example_setup_teardown']) retrieved from /home/pyretttt/repos/mlops4/env/lib/python3.10/site-packages/airflow/example_dags/example_setup_teardown.py
[2023-11-04T21:15:51.828+0400] {logging_mixin.py:151} INFO - [2023-11-04T21:15:51.828+0400] {dag.py:2941} INFO - Sync 1 DAGs
[2023-11-04T21:15:51.838+0400] {logging_mixin.py:151} INFO - [2023-11-04T21:15:51.838+0400] {dag.py:3722} INFO - Setting next_dagrun for example_setup_teardown to 2023-11-03T17:15:51.838341+00:00, run_after=2023-11-04T17:15:51.838341+00:00
[2023-11-04T21:15:51.849+0400] {processor.py:179} INFO - Processing /home/pyretttt/repos/mlops4/env/lib/python3.10/site-packages/airflow/example_dags/example_setup_teardown.py took 0.045 seconds
[2023-11-04T21:16:25.172+0400] {processor.py:157} INFO - Started process (PID=37581) to work on /home/pyretttt/repos/mlops4/env/lib/python3.10/site-packages/airflow/example_dags/example_setup_teardown.py
[2023-11-04T21:16:25.174+0400] {processor.py:829} INFO - Processing file /home/pyretttt/repos/mlops4/env/lib/python3.10/site-packages/airflow/example_dags/example_setup_teardown.py for tasks to queue
[2023-11-04T21:16:25.176+0400] {logging_mixin.py:151} INFO - [2023-11-04T21:16:25.175+0400] {dagbag.py:536} INFO - Filling up the DagBag from /home/pyretttt/repos/mlops4/env/lib/python3.10/site-packages/airflow/example_dags/example_setup_teardown.py
[2023-11-04T21:16:25.187+0400] {processor.py:839} INFO - DAG(s) dict_keys(['example_setup_teardown']) retrieved from /home/pyretttt/repos/mlops4/env/lib/python3.10/site-packages/airflow/example_dags/example_setup_teardown.py
[2023-11-04T21:16:25.206+0400] {logging_mixin.py:151} INFO - [2023-11-04T21:16:25.206+0400] {dag.py:2941} INFO - Sync 1 DAGs
[2023-11-04T21:16:25.223+0400] {logging_mixin.py:151} INFO - [2023-11-04T21:16:25.223+0400] {dag.py:3722} INFO - Setting next_dagrun for example_setup_teardown to 2023-11-03T17:16:25.222745+00:00, run_after=2023-11-04T17:16:25.222745+00:00
[2023-11-04T21:16:25.235+0400] {processor.py:179} INFO - Processing /home/pyretttt/repos/mlops4/env/lib/python3.10/site-packages/airflow/example_dags/example_setup_teardown.py took 0.067 seconds
[2023-11-04T21:16:58.683+0400] {processor.py:157} INFO - Started process (PID=37615) to work on /home/pyretttt/repos/mlops4/env/lib/python3.10/site-packages/airflow/example_dags/example_setup_teardown.py
[2023-11-04T21:16:58.685+0400] {processor.py:829} INFO - Processing file /home/pyretttt/repos/mlops4/env/lib/python3.10/site-packages/airflow/example_dags/example_setup_teardown.py for tasks to queue
[2023-11-04T21:16:58.686+0400] {logging_mixin.py:151} INFO - [2023-11-04T21:16:58.685+0400] {dagbag.py:536} INFO - Filling up the DagBag from /home/pyretttt/repos/mlops4/env/lib/python3.10/site-packages/airflow/example_dags/example_setup_teardown.py
[2023-11-04T21:16:58.696+0400] {processor.py:839} INFO - DAG(s) dict_keys(['example_setup_teardown']) retrieved from /home/pyretttt/repos/mlops4/env/lib/python3.10/site-packages/airflow/example_dags/example_setup_teardown.py
[2023-11-04T21:16:58.714+0400] {logging_mixin.py:151} INFO - [2023-11-04T21:16:58.713+0400] {dag.py:2941} INFO - Sync 1 DAGs
[2023-11-04T21:16:58.729+0400] {logging_mixin.py:151} INFO - [2023-11-04T21:16:58.729+0400] {dag.py:3722} INFO - Setting next_dagrun for example_setup_teardown to 2023-11-03T17:16:58.728815+00:00, run_after=2023-11-04T17:16:58.728815+00:00
[2023-11-04T21:16:58.741+0400] {processor.py:179} INFO - Processing /home/pyretttt/repos/mlops4/env/lib/python3.10/site-packages/airflow/example_dags/example_setup_teardown.py took 0.063 seconds
[2023-11-04T21:17:31.356+0400] {processor.py:157} INFO - Started process (PID=37671) to work on /home/pyretttt/repos/mlops4/env/lib/python3.10/site-packages/airflow/example_dags/example_setup_teardown.py
[2023-11-04T21:17:31.357+0400] {processor.py:829} INFO - Processing file /home/pyretttt/repos/mlops4/env/lib/python3.10/site-packages/airflow/example_dags/example_setup_teardown.py for tasks to queue
[2023-11-04T21:17:31.358+0400] {logging_mixin.py:151} INFO - [2023-11-04T21:17:31.358+0400] {dagbag.py:536} INFO - Filling up the DagBag from /home/pyretttt/repos/mlops4/env/lib/python3.10/site-packages/airflow/example_dags/example_setup_teardown.py
[2023-11-04T21:17:31.368+0400] {processor.py:839} INFO - DAG(s) dict_keys(['example_setup_teardown']) retrieved from /home/pyretttt/repos/mlops4/env/lib/python3.10/site-packages/airflow/example_dags/example_setup_teardown.py
[2023-11-04T21:17:31.385+0400] {logging_mixin.py:151} INFO - [2023-11-04T21:17:31.384+0400] {dag.py:2941} INFO - Sync 1 DAGs
[2023-11-04T21:17:31.400+0400] {logging_mixin.py:151} INFO - [2023-11-04T21:17:31.399+0400] {dag.py:3722} INFO - Setting next_dagrun for example_setup_teardown to 2023-11-03T17:17:31.399801+00:00, run_after=2023-11-04T17:17:31.399801+00:00
[2023-11-04T21:17:31.411+0400] {processor.py:179} INFO - Processing /home/pyretttt/repos/mlops4/env/lib/python3.10/site-packages/airflow/example_dags/example_setup_teardown.py took 0.061 seconds
