[2023-11-04T21:12:17.003+0400] {processor.py:157} INFO - Started process (PID=37245) to work on /home/pyretttt/repos/mlops4/env/lib/python3.10/site-packages/airflow/example_dags/example_short_circuit_operator.py
[2023-11-04T21:12:17.005+0400] {processor.py:829} INFO - Processing file /home/pyretttt/repos/mlops4/env/lib/python3.10/site-packages/airflow/example_dags/example_short_circuit_operator.py for tasks to queue
[2023-11-04T21:12:17.006+0400] {logging_mixin.py:151} INFO - [2023-11-04T21:12:17.006+0400] {dagbag.py:536} INFO - Filling up the DagBag from /home/pyretttt/repos/mlops4/env/lib/python3.10/site-packages/airflow/example_dags/example_short_circuit_operator.py
[2023-11-04T21:12:17.018+0400] {processor.py:839} INFO - DAG(s) dict_keys(['example_short_circuit_operator']) retrieved from /home/pyretttt/repos/mlops4/env/lib/python3.10/site-packages/airflow/example_dags/example_short_circuit_operator.py
[2023-11-04T21:12:17.080+0400] {logging_mixin.py:151} INFO - [2023-11-04T21:12:17.080+0400] {manager.py:499} INFO - Created Permission View: %s
[2023-11-04T21:12:17.086+0400] {logging_mixin.py:151} INFO - [2023-11-04T21:12:17.086+0400] {manager.py:499} INFO - Created Permission View: %s
[2023-11-04T21:12:17.090+0400] {logging_mixin.py:151} INFO - [2023-11-04T21:12:17.090+0400] {manager.py:499} INFO - Created Permission View: %s
[2023-11-04T21:12:17.090+0400] {logging_mixin.py:151} INFO - [2023-11-04T21:12:17.090+0400] {dag.py:2941} INFO - Sync 1 DAGs
[2023-11-04T21:12:17.095+0400] {logging_mixin.py:151} INFO - [2023-11-04T21:12:17.095+0400] {dag.py:2963} INFO - Creating ORM DAG for example_short_circuit_operator
[2023-11-04T21:12:17.098+0400] {logging_mixin.py:151} INFO - [2023-11-04T21:12:17.098+0400] {dag.py:3722} INFO - Setting next_dagrun for example_short_circuit_operator to 2023-11-03T17:12:17.098467+00:00, run_after=2023-11-04T17:12:17.098467+00:00
[2023-11-04T21:12:17.108+0400] {processor.py:179} INFO - Processing /home/pyretttt/repos/mlops4/env/lib/python3.10/site-packages/airflow/example_dags/example_short_circuit_operator.py took 0.110 seconds
[2023-11-04T21:13:05.711+0400] {processor.py:157} INFO - Started process (PID=37356) to work on /home/pyretttt/repos/mlops4/env/lib/python3.10/site-packages/airflow/example_dags/example_short_circuit_operator.py
[2023-11-04T21:13:05.713+0400] {processor.py:829} INFO - Processing file /home/pyretttt/repos/mlops4/env/lib/python3.10/site-packages/airflow/example_dags/example_short_circuit_operator.py for tasks to queue
[2023-11-04T21:13:05.715+0400] {logging_mixin.py:151} INFO - [2023-11-04T21:13:05.714+0400] {dagbag.py:536} INFO - Filling up the DagBag from /home/pyretttt/repos/mlops4/env/lib/python3.10/site-packages/airflow/example_dags/example_short_circuit_operator.py
[2023-11-04T21:13:05.725+0400] {processor.py:839} INFO - DAG(s) dict_keys(['example_short_circuit_operator']) retrieved from /home/pyretttt/repos/mlops4/env/lib/python3.10/site-packages/airflow/example_dags/example_short_circuit_operator.py
[2023-11-04T21:13:05.742+0400] {logging_mixin.py:151} INFO - [2023-11-04T21:13:05.742+0400] {dag.py:2941} INFO - Sync 1 DAGs
[2023-11-04T21:13:05.754+0400] {logging_mixin.py:151} INFO - [2023-11-04T21:13:05.754+0400] {dag.py:3722} INFO - Setting next_dagrun for example_short_circuit_operator to 2023-11-03T17:13:05.754267+00:00, run_after=2023-11-04T17:13:05.754267+00:00
[2023-11-04T21:13:05.766+0400] {processor.py:179} INFO - Processing /home/pyretttt/repos/mlops4/env/lib/python3.10/site-packages/airflow/example_dags/example_short_circuit_operator.py took 0.059 seconds
[2023-11-04T21:13:51.408+0400] {processor.py:157} INFO - Started process (PID=37418) to work on /home/pyretttt/repos/mlops4/env/lib/python3.10/site-packages/airflow/example_dags/example_short_circuit_operator.py
[2023-11-04T21:13:51.409+0400] {processor.py:829} INFO - Processing file /home/pyretttt/repos/mlops4/env/lib/python3.10/site-packages/airflow/example_dags/example_short_circuit_operator.py for tasks to queue
[2023-11-04T21:13:51.409+0400] {logging_mixin.py:151} INFO - [2023-11-04T21:13:51.409+0400] {dagbag.py:536} INFO - Filling up the DagBag from /home/pyretttt/repos/mlops4/env/lib/python3.10/site-packages/airflow/example_dags/example_short_circuit_operator.py
[2023-11-04T21:13:51.414+0400] {processor.py:839} INFO - DAG(s) dict_keys(['example_short_circuit_operator']) retrieved from /home/pyretttt/repos/mlops4/env/lib/python3.10/site-packages/airflow/example_dags/example_short_circuit_operator.py
[2023-11-04T21:13:51.426+0400] {logging_mixin.py:151} INFO - [2023-11-04T21:13:51.426+0400] {dag.py:2941} INFO - Sync 1 DAGs
[2023-11-04T21:13:51.437+0400] {logging_mixin.py:151} INFO - [2023-11-04T21:13:51.436+0400] {dag.py:3722} INFO - Setting next_dagrun for example_short_circuit_operator to 2023-11-03T17:13:51.436662+00:00, run_after=2023-11-04T17:13:51.436662+00:00
[2023-11-04T21:13:51.448+0400] {processor.py:179} INFO - Processing /home/pyretttt/repos/mlops4/env/lib/python3.10/site-packages/airflow/example_dags/example_short_circuit_operator.py took 0.043 seconds
[2023-11-04T21:14:40.560+0400] {processor.py:157} INFO - Started process (PID=37468) to work on /home/pyretttt/repos/mlops4/env/lib/python3.10/site-packages/airflow/example_dags/example_short_circuit_operator.py
[2023-11-04T21:14:40.561+0400] {processor.py:829} INFO - Processing file /home/pyretttt/repos/mlops4/env/lib/python3.10/site-packages/airflow/example_dags/example_short_circuit_operator.py for tasks to queue
[2023-11-04T21:14:40.563+0400] {logging_mixin.py:151} INFO - [2023-11-04T21:14:40.562+0400] {dagbag.py:536} INFO - Filling up the DagBag from /home/pyretttt/repos/mlops4/env/lib/python3.10/site-packages/airflow/example_dags/example_short_circuit_operator.py
[2023-11-04T21:14:40.572+0400] {processor.py:839} INFO - DAG(s) dict_keys(['example_short_circuit_operator']) retrieved from /home/pyretttt/repos/mlops4/env/lib/python3.10/site-packages/airflow/example_dags/example_short_circuit_operator.py
[2023-11-04T21:14:40.589+0400] {logging_mixin.py:151} INFO - [2023-11-04T21:14:40.589+0400] {dag.py:2941} INFO - Sync 1 DAGs
[2023-11-04T21:14:40.601+0400] {logging_mixin.py:151} INFO - [2023-11-04T21:14:40.601+0400] {dag.py:3722} INFO - Setting next_dagrun for example_short_circuit_operator to 2023-11-03T17:14:40.600998+00:00, run_after=2023-11-04T17:14:40.600998+00:00
[2023-11-04T21:14:40.613+0400] {processor.py:179} INFO - Processing /home/pyretttt/repos/mlops4/env/lib/python3.10/site-packages/airflow/example_dags/example_short_circuit_operator.py took 0.058 seconds
[2023-11-04T21:15:31.271+0400] {processor.py:157} INFO - Started process (PID=37517) to work on /home/pyretttt/repos/mlops4/env/lib/python3.10/site-packages/airflow/example_dags/example_short_circuit_operator.py
[2023-11-04T21:15:31.273+0400] {processor.py:829} INFO - Processing file /home/pyretttt/repos/mlops4/env/lib/python3.10/site-packages/airflow/example_dags/example_short_circuit_operator.py for tasks to queue
[2023-11-04T21:15:31.274+0400] {logging_mixin.py:151} INFO - [2023-11-04T21:15:31.273+0400] {dagbag.py:536} INFO - Filling up the DagBag from /home/pyretttt/repos/mlops4/env/lib/python3.10/site-packages/airflow/example_dags/example_short_circuit_operator.py
[2023-11-04T21:15:31.284+0400] {processor.py:839} INFO - DAG(s) dict_keys(['example_short_circuit_operator']) retrieved from /home/pyretttt/repos/mlops4/env/lib/python3.10/site-packages/airflow/example_dags/example_short_circuit_operator.py
[2023-11-04T21:15:31.303+0400] {logging_mixin.py:151} INFO - [2023-11-04T21:15:31.303+0400] {dag.py:2941} INFO - Sync 1 DAGs
[2023-11-04T21:15:31.316+0400] {logging_mixin.py:151} INFO - [2023-11-04T21:15:31.315+0400] {dag.py:3722} INFO - Setting next_dagrun for example_short_circuit_operator to 2023-11-03T17:15:31.315758+00:00, run_after=2023-11-04T17:15:31.315758+00:00
[2023-11-04T21:15:31.327+0400] {processor.py:179} INFO - Processing /home/pyretttt/repos/mlops4/env/lib/python3.10/site-packages/airflow/example_dags/example_short_circuit_operator.py took 0.060 seconds
[2023-11-04T21:16:20.558+0400] {processor.py:157} INFO - Started process (PID=37577) to work on /home/pyretttt/repos/mlops4/env/lib/python3.10/site-packages/airflow/example_dags/example_short_circuit_operator.py
[2023-11-04T21:16:20.560+0400] {processor.py:829} INFO - Processing file /home/pyretttt/repos/mlops4/env/lib/python3.10/site-packages/airflow/example_dags/example_short_circuit_operator.py for tasks to queue
[2023-11-04T21:16:20.561+0400] {logging_mixin.py:151} INFO - [2023-11-04T21:16:20.560+0400] {dagbag.py:536} INFO - Filling up the DagBag from /home/pyretttt/repos/mlops4/env/lib/python3.10/site-packages/airflow/example_dags/example_short_circuit_operator.py
[2023-11-04T21:16:20.569+0400] {processor.py:839} INFO - DAG(s) dict_keys(['example_short_circuit_operator']) retrieved from /home/pyretttt/repos/mlops4/env/lib/python3.10/site-packages/airflow/example_dags/example_short_circuit_operator.py
[2023-11-04T21:16:20.585+0400] {logging_mixin.py:151} INFO - [2023-11-04T21:16:20.585+0400] {dag.py:2941} INFO - Sync 1 DAGs
[2023-11-04T21:16:20.599+0400] {logging_mixin.py:151} INFO - [2023-11-04T21:16:20.598+0400] {dag.py:3722} INFO - Setting next_dagrun for example_short_circuit_operator to 2023-11-03T17:16:20.598738+00:00, run_after=2023-11-04T17:16:20.598738+00:00
[2023-11-04T21:16:20.614+0400] {processor.py:179} INFO - Processing /home/pyretttt/repos/mlops4/env/lib/python3.10/site-packages/airflow/example_dags/example_short_circuit_operator.py took 0.060 seconds
[2023-11-04T21:17:10.614+0400] {processor.py:157} INFO - Started process (PID=37631) to work on /home/pyretttt/repos/mlops4/env/lib/python3.10/site-packages/airflow/example_dags/example_short_circuit_operator.py
[2023-11-04T21:17:10.616+0400] {processor.py:829} INFO - Processing file /home/pyretttt/repos/mlops4/env/lib/python3.10/site-packages/airflow/example_dags/example_short_circuit_operator.py for tasks to queue
[2023-11-04T21:17:10.617+0400] {logging_mixin.py:151} INFO - [2023-11-04T21:17:10.616+0400] {dagbag.py:536} INFO - Filling up the DagBag from /home/pyretttt/repos/mlops4/env/lib/python3.10/site-packages/airflow/example_dags/example_short_circuit_operator.py
[2023-11-04T21:17:10.625+0400] {processor.py:839} INFO - DAG(s) dict_keys(['example_short_circuit_operator']) retrieved from /home/pyretttt/repos/mlops4/env/lib/python3.10/site-packages/airflow/example_dags/example_short_circuit_operator.py
[2023-11-04T21:17:10.645+0400] {logging_mixin.py:151} INFO - [2023-11-04T21:17:10.645+0400] {dag.py:2941} INFO - Sync 1 DAGs
[2023-11-04T21:17:10.660+0400] {logging_mixin.py:151} INFO - [2023-11-04T21:17:10.659+0400] {dag.py:3722} INFO - Setting next_dagrun for example_short_circuit_operator to 2023-11-03T17:17:10.659720+00:00, run_after=2023-11-04T17:17:10.659720+00:00
[2023-11-04T21:17:10.672+0400] {processor.py:179} INFO - Processing /home/pyretttt/repos/mlops4/env/lib/python3.10/site-packages/airflow/example_dags/example_short_circuit_operator.py took 0.062 seconds
[2023-11-04T21:18:00.890+0400] {processor.py:157} INFO - Started process (PID=37724) to work on /home/pyretttt/repos/mlops4/env/lib/python3.10/site-packages/airflow/example_dags/example_short_circuit_operator.py
[2023-11-04T21:18:00.891+0400] {processor.py:829} INFO - Processing file /home/pyretttt/repos/mlops4/env/lib/python3.10/site-packages/airflow/example_dags/example_short_circuit_operator.py for tasks to queue
[2023-11-04T21:18:00.893+0400] {logging_mixin.py:151} INFO - [2023-11-04T21:18:00.892+0400] {dagbag.py:536} INFO - Filling up the DagBag from /home/pyretttt/repos/mlops4/env/lib/python3.10/site-packages/airflow/example_dags/example_short_circuit_operator.py
[2023-11-04T21:18:00.901+0400] {processor.py:839} INFO - DAG(s) dict_keys(['example_short_circuit_operator']) retrieved from /home/pyretttt/repos/mlops4/env/lib/python3.10/site-packages/airflow/example_dags/example_short_circuit_operator.py
[2023-11-04T21:18:00.920+0400] {logging_mixin.py:151} INFO - [2023-11-04T21:18:00.920+0400] {dag.py:2941} INFO - Sync 1 DAGs
[2023-11-04T21:18:00.935+0400] {logging_mixin.py:151} INFO - [2023-11-04T21:18:00.935+0400] {dag.py:3722} INFO - Setting next_dagrun for example_short_circuit_operator to 2023-11-03T17:18:00.935150+00:00, run_after=2023-11-04T17:18:00.935150+00:00
[2023-11-04T21:18:00.948+0400] {processor.py:179} INFO - Processing /home/pyretttt/repos/mlops4/env/lib/python3.10/site-packages/airflow/example_dags/example_short_circuit_operator.py took 0.062 seconds
[2023-11-04T21:18:51.972+0400] {processor.py:157} INFO - Started process (PID=37777) to work on /home/pyretttt/repos/mlops4/env/lib/python3.10/site-packages/airflow/example_dags/example_short_circuit_operator.py
[2023-11-04T21:18:51.973+0400] {processor.py:829} INFO - Processing file /home/pyretttt/repos/mlops4/env/lib/python3.10/site-packages/airflow/example_dags/example_short_circuit_operator.py for tasks to queue
[2023-11-04T21:18:51.975+0400] {logging_mixin.py:151} INFO - [2023-11-04T21:18:51.974+0400] {dagbag.py:536} INFO - Filling up the DagBag from /home/pyretttt/repos/mlops4/env/lib/python3.10/site-packages/airflow/example_dags/example_short_circuit_operator.py
[2023-11-04T21:18:51.984+0400] {processor.py:839} INFO - DAG(s) dict_keys(['example_short_circuit_operator']) retrieved from /home/pyretttt/repos/mlops4/env/lib/python3.10/site-packages/airflow/example_dags/example_short_circuit_operator.py
[2023-11-04T21:18:52.003+0400] {logging_mixin.py:151} INFO - [2023-11-04T21:18:52.002+0400] {dag.py:2941} INFO - Sync 1 DAGs
[2023-11-04T21:18:52.017+0400] {logging_mixin.py:151} INFO - [2023-11-04T21:18:52.017+0400] {dag.py:3722} INFO - Setting next_dagrun for example_short_circuit_operator to 2023-11-03T17:18:52.017584+00:00, run_after=2023-11-04T17:18:52.017584+00:00
[2023-11-04T21:18:52.029+0400] {processor.py:179} INFO - Processing /home/pyretttt/repos/mlops4/env/lib/python3.10/site-packages/airflow/example_dags/example_short_circuit_operator.py took 0.062 seconds
[2023-11-04T21:19:39.547+0400] {processor.py:157} INFO - Started process (PID=37827) to work on /home/pyretttt/repos/mlops4/env/lib/python3.10/site-packages/airflow/example_dags/example_short_circuit_operator.py
[2023-11-04T21:19:39.549+0400] {processor.py:829} INFO - Processing file /home/pyretttt/repos/mlops4/env/lib/python3.10/site-packages/airflow/example_dags/example_short_circuit_operator.py for tasks to queue
[2023-11-04T21:19:39.550+0400] {logging_mixin.py:151} INFO - [2023-11-04T21:19:39.549+0400] {dagbag.py:536} INFO - Filling up the DagBag from /home/pyretttt/repos/mlops4/env/lib/python3.10/site-packages/airflow/example_dags/example_short_circuit_operator.py
[2023-11-04T21:19:39.559+0400] {processor.py:839} INFO - DAG(s) dict_keys(['example_short_circuit_operator']) retrieved from /home/pyretttt/repos/mlops4/env/lib/python3.10/site-packages/airflow/example_dags/example_short_circuit_operator.py
[2023-11-04T21:19:39.572+0400] {logging_mixin.py:151} INFO - [2023-11-04T21:19:39.572+0400] {dag.py:2941} INFO - Sync 1 DAGs
[2023-11-04T21:19:39.583+0400] {logging_mixin.py:151} INFO - [2023-11-04T21:19:39.583+0400] {dag.py:3722} INFO - Setting next_dagrun for example_short_circuit_operator to 2023-11-03T17:19:39.582844+00:00, run_after=2023-11-04T17:19:39.582844+00:00
[2023-11-04T21:19:39.596+0400] {processor.py:179} INFO - Processing /home/pyretttt/repos/mlops4/env/lib/python3.10/site-packages/airflow/example_dags/example_short_circuit_operator.py took 0.054 seconds
[2023-11-04T21:20:31.490+0400] {processor.py:157} INFO - Started process (PID=37878) to work on /home/pyretttt/repos/mlops4/env/lib/python3.10/site-packages/airflow/example_dags/example_short_circuit_operator.py
[2023-11-04T21:20:31.494+0400] {processor.py:829} INFO - Processing file /home/pyretttt/repos/mlops4/env/lib/python3.10/site-packages/airflow/example_dags/example_short_circuit_operator.py for tasks to queue
[2023-11-04T21:20:31.495+0400] {logging_mixin.py:151} INFO - [2023-11-04T21:20:31.494+0400] {dagbag.py:536} INFO - Filling up the DagBag from /home/pyretttt/repos/mlops4/env/lib/python3.10/site-packages/airflow/example_dags/example_short_circuit_operator.py
[2023-11-04T21:20:31.500+0400] {processor.py:839} INFO - DAG(s) dict_keys(['example_short_circuit_operator']) retrieved from /home/pyretttt/repos/mlops4/env/lib/python3.10/site-packages/airflow/example_dags/example_short_circuit_operator.py
[2023-11-04T21:20:31.510+0400] {logging_mixin.py:151} INFO - [2023-11-04T21:20:31.510+0400] {dag.py:2941} INFO - Sync 1 DAGs
[2023-11-04T21:20:31.520+0400] {logging_mixin.py:151} INFO - [2023-11-04T21:20:31.520+0400] {dag.py:3722} INFO - Setting next_dagrun for example_short_circuit_operator to 2023-11-03T17:20:31.519933+00:00, run_after=2023-11-04T17:20:31.519933+00:00
[2023-11-04T21:20:31.532+0400] {processor.py:179} INFO - Processing /home/pyretttt/repos/mlops4/env/lib/python3.10/site-packages/airflow/example_dags/example_short_circuit_operator.py took 0.046 seconds
[2023-11-04T21:21:24.131+0400] {processor.py:157} INFO - Started process (PID=37932) to work on /home/pyretttt/repos/mlops4/env/lib/python3.10/site-packages/airflow/example_dags/example_short_circuit_operator.py
[2023-11-04T21:21:24.132+0400] {processor.py:829} INFO - Processing file /home/pyretttt/repos/mlops4/env/lib/python3.10/site-packages/airflow/example_dags/example_short_circuit_operator.py for tasks to queue
[2023-11-04T21:21:24.133+0400] {logging_mixin.py:151} INFO - [2023-11-04T21:21:24.133+0400] {dagbag.py:536} INFO - Filling up the DagBag from /home/pyretttt/repos/mlops4/env/lib/python3.10/site-packages/airflow/example_dags/example_short_circuit_operator.py
[2023-11-04T21:21:24.139+0400] {processor.py:839} INFO - DAG(s) dict_keys(['example_short_circuit_operator']) retrieved from /home/pyretttt/repos/mlops4/env/lib/python3.10/site-packages/airflow/example_dags/example_short_circuit_operator.py
[2023-11-04T21:21:24.149+0400] {logging_mixin.py:151} INFO - [2023-11-04T21:21:24.149+0400] {dag.py:2941} INFO - Sync 1 DAGs
[2023-11-04T21:21:24.158+0400] {logging_mixin.py:151} INFO - [2023-11-04T21:21:24.158+0400] {dag.py:3722} INFO - Setting next_dagrun for example_short_circuit_operator to 2023-11-03T17:21:24.158053+00:00, run_after=2023-11-04T17:21:24.158053+00:00
[2023-11-04T21:21:24.170+0400] {processor.py:179} INFO - Processing /home/pyretttt/repos/mlops4/env/lib/python3.10/site-packages/airflow/example_dags/example_short_circuit_operator.py took 0.044 seconds
[2023-11-04T21:22:15.030+0400] {processor.py:157} INFO - Started process (PID=37984) to work on /home/pyretttt/repos/mlops4/env/lib/python3.10/site-packages/airflow/example_dags/example_short_circuit_operator.py
[2023-11-04T21:22:15.032+0400] {processor.py:829} INFO - Processing file /home/pyretttt/repos/mlops4/env/lib/python3.10/site-packages/airflow/example_dags/example_short_circuit_operator.py for tasks to queue
[2023-11-04T21:22:15.033+0400] {logging_mixin.py:151} INFO - [2023-11-04T21:22:15.032+0400] {dagbag.py:536} INFO - Filling up the DagBag from /home/pyretttt/repos/mlops4/env/lib/python3.10/site-packages/airflow/example_dags/example_short_circuit_operator.py
[2023-11-04T21:22:15.043+0400] {processor.py:839} INFO - DAG(s) dict_keys(['example_short_circuit_operator']) retrieved from /home/pyretttt/repos/mlops4/env/lib/python3.10/site-packages/airflow/example_dags/example_short_circuit_operator.py
[2023-11-04T21:22:15.062+0400] {logging_mixin.py:151} INFO - [2023-11-04T21:22:15.062+0400] {dag.py:2941} INFO - Sync 1 DAGs
[2023-11-04T21:22:15.075+0400] {logging_mixin.py:151} INFO - [2023-11-04T21:22:15.075+0400] {dag.py:3722} INFO - Setting next_dagrun for example_short_circuit_operator to 2023-11-03T17:22:15.075421+00:00, run_after=2023-11-04T17:22:15.075421+00:00
[2023-11-04T21:22:15.087+0400] {processor.py:179} INFO - Processing /home/pyretttt/repos/mlops4/env/lib/python3.10/site-packages/airflow/example_dags/example_short_circuit_operator.py took 0.062 seconds
[2023-11-04T21:23:05.533+0400] {processor.py:157} INFO - Started process (PID=38036) to work on /home/pyretttt/repos/mlops4/env/lib/python3.10/site-packages/airflow/example_dags/example_short_circuit_operator.py
[2023-11-04T21:23:05.534+0400] {processor.py:829} INFO - Processing file /home/pyretttt/repos/mlops4/env/lib/python3.10/site-packages/airflow/example_dags/example_short_circuit_operator.py for tasks to queue
[2023-11-04T21:23:05.535+0400] {logging_mixin.py:151} INFO - [2023-11-04T21:23:05.534+0400] {dagbag.py:536} INFO - Filling up the DagBag from /home/pyretttt/repos/mlops4/env/lib/python3.10/site-packages/airflow/example_dags/example_short_circuit_operator.py
[2023-11-04T21:23:05.540+0400] {processor.py:839} INFO - DAG(s) dict_keys(['example_short_circuit_operator']) retrieved from /home/pyretttt/repos/mlops4/env/lib/python3.10/site-packages/airflow/example_dags/example_short_circuit_operator.py
[2023-11-04T21:23:05.551+0400] {logging_mixin.py:151} INFO - [2023-11-04T21:23:05.550+0400] {dag.py:2941} INFO - Sync 1 DAGs
[2023-11-04T21:23:05.563+0400] {logging_mixin.py:151} INFO - [2023-11-04T21:23:05.562+0400] {dag.py:3722} INFO - Setting next_dagrun for example_short_circuit_operator to 2023-11-03T17:23:05.562753+00:00, run_after=2023-11-04T17:23:05.562753+00:00
[2023-11-04T21:23:05.575+0400] {processor.py:179} INFO - Processing /home/pyretttt/repos/mlops4/env/lib/python3.10/site-packages/airflow/example_dags/example_short_circuit_operator.py took 0.044 seconds
[2023-11-04T21:23:55.794+0400] {processor.py:157} INFO - Started process (PID=38088) to work on /home/pyretttt/repos/mlops4/env/lib/python3.10/site-packages/airflow/example_dags/example_short_circuit_operator.py
[2023-11-04T21:23:55.796+0400] {processor.py:829} INFO - Processing file /home/pyretttt/repos/mlops4/env/lib/python3.10/site-packages/airflow/example_dags/example_short_circuit_operator.py for tasks to queue
[2023-11-04T21:23:55.797+0400] {logging_mixin.py:151} INFO - [2023-11-04T21:23:55.796+0400] {dagbag.py:536} INFO - Filling up the DagBag from /home/pyretttt/repos/mlops4/env/lib/python3.10/site-packages/airflow/example_dags/example_short_circuit_operator.py
[2023-11-04T21:23:55.803+0400] {processor.py:839} INFO - DAG(s) dict_keys(['example_short_circuit_operator']) retrieved from /home/pyretttt/repos/mlops4/env/lib/python3.10/site-packages/airflow/example_dags/example_short_circuit_operator.py
[2023-11-04T21:23:55.816+0400] {logging_mixin.py:151} INFO - [2023-11-04T21:23:55.816+0400] {dag.py:2941} INFO - Sync 1 DAGs
[2023-11-04T21:23:55.831+0400] {logging_mixin.py:151} INFO - [2023-11-04T21:23:55.830+0400] {dag.py:3722} INFO - Setting next_dagrun for example_short_circuit_operator to 2023-11-03T17:23:55.830753+00:00, run_after=2023-11-04T17:23:55.830753+00:00
[2023-11-04T21:23:55.846+0400] {processor.py:179} INFO - Processing /home/pyretttt/repos/mlops4/env/lib/python3.10/site-packages/airflow/example_dags/example_short_circuit_operator.py took 0.055 seconds
[2023-11-04T21:24:43.390+0400] {processor.py:157} INFO - Started process (PID=38136) to work on /home/pyretttt/repos/mlops4/env/lib/python3.10/site-packages/airflow/example_dags/example_short_circuit_operator.py
[2023-11-04T21:24:43.391+0400] {processor.py:829} INFO - Processing file /home/pyretttt/repos/mlops4/env/lib/python3.10/site-packages/airflow/example_dags/example_short_circuit_operator.py for tasks to queue
[2023-11-04T21:24:43.392+0400] {logging_mixin.py:151} INFO - [2023-11-04T21:24:43.391+0400] {dagbag.py:536} INFO - Filling up the DagBag from /home/pyretttt/repos/mlops4/env/lib/python3.10/site-packages/airflow/example_dags/example_short_circuit_operator.py
[2023-11-04T21:24:43.398+0400] {processor.py:839} INFO - DAG(s) dict_keys(['example_short_circuit_operator']) retrieved from /home/pyretttt/repos/mlops4/env/lib/python3.10/site-packages/airflow/example_dags/example_short_circuit_operator.py
[2023-11-04T21:24:43.413+0400] {logging_mixin.py:151} INFO - [2023-11-04T21:24:43.413+0400] {dag.py:2941} INFO - Sync 1 DAGs
[2023-11-04T21:24:43.428+0400] {logging_mixin.py:151} INFO - [2023-11-04T21:24:43.427+0400] {dag.py:3722} INFO - Setting next_dagrun for example_short_circuit_operator to 2023-11-03T17:24:43.427615+00:00, run_after=2023-11-04T17:24:43.427615+00:00
[2023-11-04T21:24:43.444+0400] {processor.py:179} INFO - Processing /home/pyretttt/repos/mlops4/env/lib/python3.10/site-packages/airflow/example_dags/example_short_circuit_operator.py took 0.057 seconds
[2023-11-04T21:25:36.784+0400] {processor.py:157} INFO - Started process (PID=38190) to work on /home/pyretttt/repos/mlops4/env/lib/python3.10/site-packages/airflow/example_dags/example_short_circuit_operator.py
[2023-11-04T21:25:36.786+0400] {processor.py:829} INFO - Processing file /home/pyretttt/repos/mlops4/env/lib/python3.10/site-packages/airflow/example_dags/example_short_circuit_operator.py for tasks to queue
[2023-11-04T21:25:36.787+0400] {logging_mixin.py:151} INFO - [2023-11-04T21:25:36.786+0400] {dagbag.py:536} INFO - Filling up the DagBag from /home/pyretttt/repos/mlops4/env/lib/python3.10/site-packages/airflow/example_dags/example_short_circuit_operator.py
[2023-11-04T21:25:36.797+0400] {processor.py:839} INFO - DAG(s) dict_keys(['example_short_circuit_operator']) retrieved from /home/pyretttt/repos/mlops4/env/lib/python3.10/site-packages/airflow/example_dags/example_short_circuit_operator.py
[2023-11-04T21:25:36.815+0400] {logging_mixin.py:151} INFO - [2023-11-04T21:25:36.815+0400] {dag.py:2941} INFO - Sync 1 DAGs
[2023-11-04T21:25:36.828+0400] {logging_mixin.py:151} INFO - [2023-11-04T21:25:36.828+0400] {dag.py:3722} INFO - Setting next_dagrun for example_short_circuit_operator to 2023-11-03T17:25:36.828490+00:00, run_after=2023-11-04T17:25:36.828490+00:00
[2023-11-04T21:25:36.840+0400] {processor.py:179} INFO - Processing /home/pyretttt/repos/mlops4/env/lib/python3.10/site-packages/airflow/example_dags/example_short_circuit_operator.py took 0.061 seconds
[2023-11-04T21:26:30.998+0400] {processor.py:157} INFO - Started process (PID=38242) to work on /home/pyretttt/repos/mlops4/env/lib/python3.10/site-packages/airflow/example_dags/example_short_circuit_operator.py
[2023-11-04T21:26:30.999+0400] {processor.py:829} INFO - Processing file /home/pyretttt/repos/mlops4/env/lib/python3.10/site-packages/airflow/example_dags/example_short_circuit_operator.py for tasks to queue
[2023-11-04T21:26:31.001+0400] {logging_mixin.py:151} INFO - [2023-11-04T21:26:31.000+0400] {dagbag.py:536} INFO - Filling up the DagBag from /home/pyretttt/repos/mlops4/env/lib/python3.10/site-packages/airflow/example_dags/example_short_circuit_operator.py
[2023-11-04T21:26:31.007+0400] {processor.py:839} INFO - DAG(s) dict_keys(['example_short_circuit_operator']) retrieved from /home/pyretttt/repos/mlops4/env/lib/python3.10/site-packages/airflow/example_dags/example_short_circuit_operator.py
[2023-11-04T21:26:31.019+0400] {logging_mixin.py:151} INFO - [2023-11-04T21:26:31.019+0400] {dag.py:2941} INFO - Sync 1 DAGs
[2023-11-04T21:26:31.029+0400] {logging_mixin.py:151} INFO - [2023-11-04T21:26:31.029+0400] {dag.py:3722} INFO - Setting next_dagrun for example_short_circuit_operator to 2023-11-03T17:26:31.029185+00:00, run_after=2023-11-04T17:26:31.029185+00:00
[2023-11-04T21:26:31.041+0400] {processor.py:179} INFO - Processing /home/pyretttt/repos/mlops4/env/lib/python3.10/site-packages/airflow/example_dags/example_short_circuit_operator.py took 0.045 seconds
[2023-11-04T21:27:26.820+0400] {processor.py:157} INFO - Started process (PID=38298) to work on /home/pyretttt/repos/mlops4/env/lib/python3.10/site-packages/airflow/example_dags/example_short_circuit_operator.py
[2023-11-04T21:27:26.822+0400] {processor.py:829} INFO - Processing file /home/pyretttt/repos/mlops4/env/lib/python3.10/site-packages/airflow/example_dags/example_short_circuit_operator.py for tasks to queue
[2023-11-04T21:27:26.823+0400] {logging_mixin.py:151} INFO - [2023-11-04T21:27:26.822+0400] {dagbag.py:536} INFO - Filling up the DagBag from /home/pyretttt/repos/mlops4/env/lib/python3.10/site-packages/airflow/example_dags/example_short_circuit_operator.py
[2023-11-04T21:27:26.835+0400] {processor.py:839} INFO - DAG(s) dict_keys(['example_short_circuit_operator']) retrieved from /home/pyretttt/repos/mlops4/env/lib/python3.10/site-packages/airflow/example_dags/example_short_circuit_operator.py
[2023-11-04T21:27:26.854+0400] {logging_mixin.py:151} INFO - [2023-11-04T21:27:26.854+0400] {dag.py:2941} INFO - Sync 1 DAGs
[2023-11-04T21:27:26.868+0400] {logging_mixin.py:151} INFO - [2023-11-04T21:27:26.868+0400] {dag.py:3722} INFO - Setting next_dagrun for example_short_circuit_operator to 2023-11-03T17:27:26.867845+00:00, run_after=2023-11-04T17:27:26.867845+00:00
[2023-11-04T21:27:26.881+0400] {processor.py:179} INFO - Processing /home/pyretttt/repos/mlops4/env/lib/python3.10/site-packages/airflow/example_dags/example_short_circuit_operator.py took 0.066 seconds
[2023-11-04T21:28:18.688+0400] {processor.py:157} INFO - Started process (PID=38367) to work on /home/pyretttt/repos/mlops4/env/lib/python3.10/site-packages/airflow/example_dags/example_short_circuit_operator.py
[2023-11-04T21:28:18.688+0400] {processor.py:829} INFO - Processing file /home/pyretttt/repos/mlops4/env/lib/python3.10/site-packages/airflow/example_dags/example_short_circuit_operator.py for tasks to queue
[2023-11-04T21:28:18.689+0400] {logging_mixin.py:151} INFO - [2023-11-04T21:28:18.689+0400] {dagbag.py:536} INFO - Filling up the DagBag from /home/pyretttt/repos/mlops4/env/lib/python3.10/site-packages/airflow/example_dags/example_short_circuit_operator.py
[2023-11-04T21:28:18.693+0400] {processor.py:839} INFO - DAG(s) dict_keys(['example_short_circuit_operator']) retrieved from /home/pyretttt/repos/mlops4/env/lib/python3.10/site-packages/airflow/example_dags/example_short_circuit_operator.py
[2023-11-04T21:28:18.702+0400] {logging_mixin.py:151} INFO - [2023-11-04T21:28:18.702+0400] {dag.py:2941} INFO - Sync 1 DAGs
[2023-11-04T21:28:18.713+0400] {logging_mixin.py:151} INFO - [2023-11-04T21:28:18.713+0400] {dag.py:3722} INFO - Setting next_dagrun for example_short_circuit_operator to 2023-11-03T17:28:18.712868+00:00, run_after=2023-11-04T17:28:18.712868+00:00
[2023-11-04T21:28:18.724+0400] {processor.py:179} INFO - Processing /home/pyretttt/repos/mlops4/env/lib/python3.10/site-packages/airflow/example_dags/example_short_circuit_operator.py took 0.038 seconds
[2023-11-04T21:29:09.826+0400] {processor.py:157} INFO - Started process (PID=38421) to work on /home/pyretttt/repos/mlops4/env/lib/python3.10/site-packages/airflow/example_dags/example_short_circuit_operator.py
[2023-11-04T21:29:09.827+0400] {processor.py:829} INFO - Processing file /home/pyretttt/repos/mlops4/env/lib/python3.10/site-packages/airflow/example_dags/example_short_circuit_operator.py for tasks to queue
[2023-11-04T21:29:09.829+0400] {logging_mixin.py:151} INFO - [2023-11-04T21:29:09.828+0400] {dagbag.py:536} INFO - Filling up the DagBag from /home/pyretttt/repos/mlops4/env/lib/python3.10/site-packages/airflow/example_dags/example_short_circuit_operator.py
[2023-11-04T21:29:09.838+0400] {processor.py:839} INFO - DAG(s) dict_keys(['example_short_circuit_operator']) retrieved from /home/pyretttt/repos/mlops4/env/lib/python3.10/site-packages/airflow/example_dags/example_short_circuit_operator.py
[2023-11-04T21:29:09.855+0400] {logging_mixin.py:151} INFO - [2023-11-04T21:29:09.855+0400] {dag.py:2941} INFO - Sync 1 DAGs
[2023-11-04T21:29:09.867+0400] {logging_mixin.py:151} INFO - [2023-11-04T21:29:09.867+0400] {dag.py:3722} INFO - Setting next_dagrun for example_short_circuit_operator to 2023-11-03T17:29:09.867136+00:00, run_after=2023-11-04T17:29:09.867136+00:00
[2023-11-04T21:29:09.879+0400] {processor.py:179} INFO - Processing /home/pyretttt/repos/mlops4/env/lib/python3.10/site-packages/airflow/example_dags/example_short_circuit_operator.py took 0.057 seconds
[2023-11-04T21:30:04.136+0400] {processor.py:157} INFO - Started process (PID=38475) to work on /home/pyretttt/repos/mlops4/env/lib/python3.10/site-packages/airflow/example_dags/example_short_circuit_operator.py
[2023-11-04T21:30:04.138+0400] {processor.py:829} INFO - Processing file /home/pyretttt/repos/mlops4/env/lib/python3.10/site-packages/airflow/example_dags/example_short_circuit_operator.py for tasks to queue
[2023-11-04T21:30:04.139+0400] {logging_mixin.py:151} INFO - [2023-11-04T21:30:04.138+0400] {dagbag.py:536} INFO - Filling up the DagBag from /home/pyretttt/repos/mlops4/env/lib/python3.10/site-packages/airflow/example_dags/example_short_circuit_operator.py
[2023-11-04T21:30:04.149+0400] {processor.py:839} INFO - DAG(s) dict_keys(['example_short_circuit_operator']) retrieved from /home/pyretttt/repos/mlops4/env/lib/python3.10/site-packages/airflow/example_dags/example_short_circuit_operator.py
[2023-11-04T21:30:04.167+0400] {logging_mixin.py:151} INFO - [2023-11-04T21:30:04.166+0400] {dag.py:2941} INFO - Sync 1 DAGs
[2023-11-04T21:30:04.177+0400] {logging_mixin.py:151} INFO - [2023-11-04T21:30:04.177+0400] {dag.py:3722} INFO - Setting next_dagrun for example_short_circuit_operator to 2023-11-03T17:30:04.177335+00:00, run_after=2023-11-04T17:30:04.177335+00:00
[2023-11-04T21:30:04.189+0400] {processor.py:179} INFO - Processing /home/pyretttt/repos/mlops4/env/lib/python3.10/site-packages/airflow/example_dags/example_short_circuit_operator.py took 0.058 seconds
[2023-11-04T21:30:57.567+0400] {processor.py:157} INFO - Started process (PID=38534) to work on /home/pyretttt/repos/mlops4/env/lib/python3.10/site-packages/airflow/example_dags/example_short_circuit_operator.py
[2023-11-04T21:30:57.569+0400] {processor.py:829} INFO - Processing file /home/pyretttt/repos/mlops4/env/lib/python3.10/site-packages/airflow/example_dags/example_short_circuit_operator.py for tasks to queue
[2023-11-04T21:30:57.570+0400] {logging_mixin.py:151} INFO - [2023-11-04T21:30:57.570+0400] {dagbag.py:536} INFO - Filling up the DagBag from /home/pyretttt/repos/mlops4/env/lib/python3.10/site-packages/airflow/example_dags/example_short_circuit_operator.py
[2023-11-04T21:30:57.580+0400] {processor.py:839} INFO - DAG(s) dict_keys(['example_short_circuit_operator']) retrieved from /home/pyretttt/repos/mlops4/env/lib/python3.10/site-packages/airflow/example_dags/example_short_circuit_operator.py
[2023-11-04T21:30:57.598+0400] {logging_mixin.py:151} INFO - [2023-11-04T21:30:57.597+0400] {dag.py:2941} INFO - Sync 1 DAGs
[2023-11-04T21:30:57.611+0400] {logging_mixin.py:151} INFO - [2023-11-04T21:30:57.610+0400] {dag.py:3722} INFO - Setting next_dagrun for example_short_circuit_operator to 2023-11-03T17:30:57.610695+00:00, run_after=2023-11-04T17:30:57.610695+00:00
[2023-11-04T21:30:57.622+0400] {processor.py:179} INFO - Processing /home/pyretttt/repos/mlops4/env/lib/python3.10/site-packages/airflow/example_dags/example_short_circuit_operator.py took 0.059 seconds
[2023-11-04T21:31:53.541+0400] {processor.py:157} INFO - Started process (PID=38594) to work on /home/pyretttt/repos/mlops4/env/lib/python3.10/site-packages/airflow/example_dags/example_short_circuit_operator.py
[2023-11-04T21:31:53.543+0400] {processor.py:829} INFO - Processing file /home/pyretttt/repos/mlops4/env/lib/python3.10/site-packages/airflow/example_dags/example_short_circuit_operator.py for tasks to queue
[2023-11-04T21:31:53.544+0400] {logging_mixin.py:151} INFO - [2023-11-04T21:31:53.544+0400] {dagbag.py:536} INFO - Filling up the DagBag from /home/pyretttt/repos/mlops4/env/lib/python3.10/site-packages/airflow/example_dags/example_short_circuit_operator.py
[2023-11-04T21:31:53.554+0400] {processor.py:839} INFO - DAG(s) dict_keys(['example_short_circuit_operator']) retrieved from /home/pyretttt/repos/mlops4/env/lib/python3.10/site-packages/airflow/example_dags/example_short_circuit_operator.py
[2023-11-04T21:31:53.570+0400] {logging_mixin.py:151} INFO - [2023-11-04T21:31:53.570+0400] {dag.py:2941} INFO - Sync 1 DAGs
[2023-11-04T21:31:53.582+0400] {logging_mixin.py:151} INFO - [2023-11-04T21:31:53.582+0400] {dag.py:3722} INFO - Setting next_dagrun for example_short_circuit_operator to 2023-11-03T17:31:53.581929+00:00, run_after=2023-11-04T17:31:53.581929+00:00
[2023-11-04T21:31:53.593+0400] {processor.py:179} INFO - Processing /home/pyretttt/repos/mlops4/env/lib/python3.10/site-packages/airflow/example_dags/example_short_circuit_operator.py took 0.055 seconds
[2023-11-04T21:32:45.818+0400] {processor.py:157} INFO - Started process (PID=38645) to work on /home/pyretttt/repos/mlops4/env/lib/python3.10/site-packages/airflow/example_dags/example_short_circuit_operator.py
[2023-11-04T21:32:45.819+0400] {processor.py:829} INFO - Processing file /home/pyretttt/repos/mlops4/env/lib/python3.10/site-packages/airflow/example_dags/example_short_circuit_operator.py for tasks to queue
[2023-11-04T21:32:45.821+0400] {logging_mixin.py:151} INFO - [2023-11-04T21:32:45.820+0400] {dagbag.py:536} INFO - Filling up the DagBag from /home/pyretttt/repos/mlops4/env/lib/python3.10/site-packages/airflow/example_dags/example_short_circuit_operator.py
[2023-11-04T21:32:45.832+0400] {processor.py:839} INFO - DAG(s) dict_keys(['example_short_circuit_operator']) retrieved from /home/pyretttt/repos/mlops4/env/lib/python3.10/site-packages/airflow/example_dags/example_short_circuit_operator.py
[2023-11-04T21:32:45.848+0400] {logging_mixin.py:151} INFO - [2023-11-04T21:32:45.848+0400] {dag.py:2941} INFO - Sync 1 DAGs
[2023-11-04T21:32:45.858+0400] {logging_mixin.py:151} INFO - [2023-11-04T21:32:45.858+0400] {dag.py:3722} INFO - Setting next_dagrun for example_short_circuit_operator to 2023-11-03T17:32:45.858584+00:00, run_after=2023-11-04T17:32:45.858584+00:00
[2023-11-04T21:32:45.870+0400] {processor.py:179} INFO - Processing /home/pyretttt/repos/mlops4/env/lib/python3.10/site-packages/airflow/example_dags/example_short_circuit_operator.py took 0.058 seconds
[2023-11-04T21:33:47.936+0400] {processor.py:157} INFO - Started process (PID=38703) to work on /home/pyretttt/repos/mlops4/env/lib/python3.10/site-packages/airflow/example_dags/example_short_circuit_operator.py
[2023-11-04T21:33:47.937+0400] {processor.py:829} INFO - Processing file /home/pyretttt/repos/mlops4/env/lib/python3.10/site-packages/airflow/example_dags/example_short_circuit_operator.py for tasks to queue
[2023-11-04T21:33:47.939+0400] {logging_mixin.py:151} INFO - [2023-11-04T21:33:47.938+0400] {dagbag.py:536} INFO - Filling up the DagBag from /home/pyretttt/repos/mlops4/env/lib/python3.10/site-packages/airflow/example_dags/example_short_circuit_operator.py
[2023-11-04T21:33:47.949+0400] {processor.py:839} INFO - DAG(s) dict_keys(['example_short_circuit_operator']) retrieved from /home/pyretttt/repos/mlops4/env/lib/python3.10/site-packages/airflow/example_dags/example_short_circuit_operator.py
[2023-11-04T21:33:47.966+0400] {logging_mixin.py:151} INFO - [2023-11-04T21:33:47.966+0400] {dag.py:2941} INFO - Sync 1 DAGs
[2023-11-04T21:33:47.980+0400] {logging_mixin.py:151} INFO - [2023-11-04T21:33:47.980+0400] {dag.py:3722} INFO - Setting next_dagrun for example_short_circuit_operator to 2023-11-03T17:33:47.979888+00:00, run_after=2023-11-04T17:33:47.979888+00:00
[2023-11-04T21:33:47.992+0400] {processor.py:179} INFO - Processing /home/pyretttt/repos/mlops4/env/lib/python3.10/site-packages/airflow/example_dags/example_short_circuit_operator.py took 0.061 seconds
[2023-11-04T21:34:46.469+0400] {processor.py:157} INFO - Started process (PID=38759) to work on /home/pyretttt/repos/mlops4/env/lib/python3.10/site-packages/airflow/example_dags/example_short_circuit_operator.py
[2023-11-04T21:34:46.471+0400] {processor.py:829} INFO - Processing file /home/pyretttt/repos/mlops4/env/lib/python3.10/site-packages/airflow/example_dags/example_short_circuit_operator.py for tasks to queue
[2023-11-04T21:34:46.472+0400] {logging_mixin.py:151} INFO - [2023-11-04T21:34:46.471+0400] {dagbag.py:536} INFO - Filling up the DagBag from /home/pyretttt/repos/mlops4/env/lib/python3.10/site-packages/airflow/example_dags/example_short_circuit_operator.py
[2023-11-04T21:34:46.482+0400] {processor.py:839} INFO - DAG(s) dict_keys(['example_short_circuit_operator']) retrieved from /home/pyretttt/repos/mlops4/env/lib/python3.10/site-packages/airflow/example_dags/example_short_circuit_operator.py
[2023-11-04T21:34:46.499+0400] {logging_mixin.py:151} INFO - [2023-11-04T21:34:46.499+0400] {dag.py:2941} INFO - Sync 1 DAGs
[2023-11-04T21:34:46.511+0400] {logging_mixin.py:151} INFO - [2023-11-04T21:34:46.511+0400] {dag.py:3722} INFO - Setting next_dagrun for example_short_circuit_operator to 2023-11-03T17:34:46.511008+00:00, run_after=2023-11-04T17:34:46.511008+00:00
[2023-11-04T21:34:46.522+0400] {processor.py:179} INFO - Processing /home/pyretttt/repos/mlops4/env/lib/python3.10/site-packages/airflow/example_dags/example_short_circuit_operator.py took 0.058 seconds
[2023-11-04T21:35:47.433+0400] {processor.py:157} INFO - Started process (PID=38817) to work on /home/pyretttt/repos/mlops4/env/lib/python3.10/site-packages/airflow/example_dags/example_short_circuit_operator.py
[2023-11-04T21:35:47.435+0400] {processor.py:829} INFO - Processing file /home/pyretttt/repos/mlops4/env/lib/python3.10/site-packages/airflow/example_dags/example_short_circuit_operator.py for tasks to queue
[2023-11-04T21:35:47.436+0400] {logging_mixin.py:151} INFO - [2023-11-04T21:35:47.435+0400] {dagbag.py:536} INFO - Filling up the DagBag from /home/pyretttt/repos/mlops4/env/lib/python3.10/site-packages/airflow/example_dags/example_short_circuit_operator.py
[2023-11-04T21:35:47.446+0400] {processor.py:839} INFO - DAG(s) dict_keys(['example_short_circuit_operator']) retrieved from /home/pyretttt/repos/mlops4/env/lib/python3.10/site-packages/airflow/example_dags/example_short_circuit_operator.py
[2023-11-04T21:35:47.464+0400] {logging_mixin.py:151} INFO - [2023-11-04T21:35:47.463+0400] {dag.py:2941} INFO - Sync 1 DAGs
[2023-11-04T21:35:47.476+0400] {logging_mixin.py:151} INFO - [2023-11-04T21:35:47.476+0400] {dag.py:3722} INFO - Setting next_dagrun for example_short_circuit_operator to 2023-11-03T17:35:47.476340+00:00, run_after=2023-11-04T17:35:47.476340+00:00
[2023-11-04T21:35:47.487+0400] {processor.py:179} INFO - Processing /home/pyretttt/repos/mlops4/env/lib/python3.10/site-packages/airflow/example_dags/example_short_circuit_operator.py took 0.060 seconds
[2023-11-04T21:36:44.522+0400] {processor.py:157} INFO - Started process (PID=38872) to work on /home/pyretttt/repos/mlops4/env/lib/python3.10/site-packages/airflow/example_dags/example_short_circuit_operator.py
[2023-11-04T21:36:44.524+0400] {processor.py:829} INFO - Processing file /home/pyretttt/repos/mlops4/env/lib/python3.10/site-packages/airflow/example_dags/example_short_circuit_operator.py for tasks to queue
[2023-11-04T21:36:44.525+0400] {logging_mixin.py:151} INFO - [2023-11-04T21:36:44.525+0400] {dagbag.py:536} INFO - Filling up the DagBag from /home/pyretttt/repos/mlops4/env/lib/python3.10/site-packages/airflow/example_dags/example_short_circuit_operator.py
[2023-11-04T21:36:44.536+0400] {processor.py:839} INFO - DAG(s) dict_keys(['example_short_circuit_operator']) retrieved from /home/pyretttt/repos/mlops4/env/lib/python3.10/site-packages/airflow/example_dags/example_short_circuit_operator.py
[2023-11-04T21:36:44.554+0400] {logging_mixin.py:151} INFO - [2023-11-04T21:36:44.554+0400] {dag.py:2941} INFO - Sync 1 DAGs
[2023-11-04T21:36:44.567+0400] {logging_mixin.py:151} INFO - [2023-11-04T21:36:44.567+0400] {dag.py:3722} INFO - Setting next_dagrun for example_short_circuit_operator to 2023-11-03T17:36:44.566873+00:00, run_after=2023-11-04T17:36:44.566873+00:00
[2023-11-04T21:36:44.578+0400] {processor.py:179} INFO - Processing /home/pyretttt/repos/mlops4/env/lib/python3.10/site-packages/airflow/example_dags/example_short_circuit_operator.py took 0.060 seconds
[2023-11-04T21:37:43.971+0400] {processor.py:157} INFO - Started process (PID=38928) to work on /home/pyretttt/repos/mlops4/env/lib/python3.10/site-packages/airflow/example_dags/example_short_circuit_operator.py
[2023-11-04T21:37:43.973+0400] {processor.py:829} INFO - Processing file /home/pyretttt/repos/mlops4/env/lib/python3.10/site-packages/airflow/example_dags/example_short_circuit_operator.py for tasks to queue
[2023-11-04T21:37:43.975+0400] {logging_mixin.py:151} INFO - [2023-11-04T21:37:43.974+0400] {dagbag.py:536} INFO - Filling up the DagBag from /home/pyretttt/repos/mlops4/env/lib/python3.10/site-packages/airflow/example_dags/example_short_circuit_operator.py
[2023-11-04T21:37:43.985+0400] {processor.py:839} INFO - DAG(s) dict_keys(['example_short_circuit_operator']) retrieved from /home/pyretttt/repos/mlops4/env/lib/python3.10/site-packages/airflow/example_dags/example_short_circuit_operator.py
[2023-11-04T21:37:44.001+0400] {logging_mixin.py:151} INFO - [2023-11-04T21:37:44.001+0400] {dag.py:2941} INFO - Sync 1 DAGs
[2023-11-04T21:37:44.014+0400] {logging_mixin.py:151} INFO - [2023-11-04T21:37:44.014+0400] {dag.py:3722} INFO - Setting next_dagrun for example_short_circuit_operator to 2023-11-03T17:37:44.014462+00:00, run_after=2023-11-04T17:37:44.014462+00:00
[2023-11-04T21:37:44.026+0400] {processor.py:179} INFO - Processing /home/pyretttt/repos/mlops4/env/lib/python3.10/site-packages/airflow/example_dags/example_short_circuit_operator.py took 0.059 seconds
[2023-11-04T21:38:48.624+0400] {processor.py:157} INFO - Started process (PID=38989) to work on /home/pyretttt/repos/mlops4/env/lib/python3.10/site-packages/airflow/example_dags/example_short_circuit_operator.py
[2023-11-04T21:38:48.626+0400] {processor.py:829} INFO - Processing file /home/pyretttt/repos/mlops4/env/lib/python3.10/site-packages/airflow/example_dags/example_short_circuit_operator.py for tasks to queue
[2023-11-04T21:38:48.628+0400] {logging_mixin.py:151} INFO - [2023-11-04T21:38:48.627+0400] {dagbag.py:536} INFO - Filling up the DagBag from /home/pyretttt/repos/mlops4/env/lib/python3.10/site-packages/airflow/example_dags/example_short_circuit_operator.py
[2023-11-04T21:38:48.638+0400] {processor.py:839} INFO - DAG(s) dict_keys(['example_short_circuit_operator']) retrieved from /home/pyretttt/repos/mlops4/env/lib/python3.10/site-packages/airflow/example_dags/example_short_circuit_operator.py
[2023-11-04T21:38:48.655+0400] {logging_mixin.py:151} INFO - [2023-11-04T21:38:48.655+0400] {dag.py:2941} INFO - Sync 1 DAGs
[2023-11-04T21:38:48.667+0400] {logging_mixin.py:151} INFO - [2023-11-04T21:38:48.667+0400] {dag.py:3722} INFO - Setting next_dagrun for example_short_circuit_operator to 2023-11-03T17:38:48.667138+00:00, run_after=2023-11-04T17:38:48.667138+00:00
[2023-11-04T21:38:48.679+0400] {processor.py:179} INFO - Processing /home/pyretttt/repos/mlops4/env/lib/python3.10/site-packages/airflow/example_dags/example_short_circuit_operator.py took 0.059 seconds
[2023-11-04T21:39:46.901+0400] {processor.py:157} INFO - Started process (PID=39045) to work on /home/pyretttt/repos/mlops4/env/lib/python3.10/site-packages/airflow/example_dags/example_short_circuit_operator.py
[2023-11-04T21:39:46.903+0400] {processor.py:829} INFO - Processing file /home/pyretttt/repos/mlops4/env/lib/python3.10/site-packages/airflow/example_dags/example_short_circuit_operator.py for tasks to queue
[2023-11-04T21:39:46.904+0400] {logging_mixin.py:151} INFO - [2023-11-04T21:39:46.903+0400] {dagbag.py:536} INFO - Filling up the DagBag from /home/pyretttt/repos/mlops4/env/lib/python3.10/site-packages/airflow/example_dags/example_short_circuit_operator.py
[2023-11-04T21:39:46.915+0400] {processor.py:839} INFO - DAG(s) dict_keys(['example_short_circuit_operator']) retrieved from /home/pyretttt/repos/mlops4/env/lib/python3.10/site-packages/airflow/example_dags/example_short_circuit_operator.py
[2023-11-04T21:39:46.933+0400] {logging_mixin.py:151} INFO - [2023-11-04T21:39:46.932+0400] {dag.py:2941} INFO - Sync 1 DAGs
[2023-11-04T21:39:46.946+0400] {logging_mixin.py:151} INFO - [2023-11-04T21:39:46.945+0400] {dag.py:3722} INFO - Setting next_dagrun for example_short_circuit_operator to 2023-11-03T17:39:46.945732+00:00, run_after=2023-11-04T17:39:46.945732+00:00
[2023-11-04T21:39:46.957+0400] {processor.py:179} INFO - Processing /home/pyretttt/repos/mlops4/env/lib/python3.10/site-packages/airflow/example_dags/example_short_circuit_operator.py took 0.061 seconds
[2023-11-04T21:40:47.578+0400] {processor.py:157} INFO - Started process (PID=39103) to work on /home/pyretttt/repos/mlops4/env/lib/python3.10/site-packages/airflow/example_dags/example_short_circuit_operator.py
[2023-11-04T21:40:47.580+0400] {processor.py:829} INFO - Processing file /home/pyretttt/repos/mlops4/env/lib/python3.10/site-packages/airflow/example_dags/example_short_circuit_operator.py for tasks to queue
[2023-11-04T21:40:47.581+0400] {logging_mixin.py:151} INFO - [2023-11-04T21:40:47.580+0400] {dagbag.py:536} INFO - Filling up the DagBag from /home/pyretttt/repos/mlops4/env/lib/python3.10/site-packages/airflow/example_dags/example_short_circuit_operator.py
[2023-11-04T21:40:47.593+0400] {processor.py:839} INFO - DAG(s) dict_keys(['example_short_circuit_operator']) retrieved from /home/pyretttt/repos/mlops4/env/lib/python3.10/site-packages/airflow/example_dags/example_short_circuit_operator.py
[2023-11-04T21:40:47.612+0400] {logging_mixin.py:151} INFO - [2023-11-04T21:40:47.612+0400] {dag.py:2941} INFO - Sync 1 DAGs
[2023-11-04T21:40:47.625+0400] {logging_mixin.py:151} INFO - [2023-11-04T21:40:47.625+0400] {dag.py:3722} INFO - Setting next_dagrun for example_short_circuit_operator to 2023-11-03T17:40:47.624837+00:00, run_after=2023-11-04T17:40:47.624837+00:00
[2023-11-04T21:40:47.636+0400] {processor.py:179} INFO - Processing /home/pyretttt/repos/mlops4/env/lib/python3.10/site-packages/airflow/example_dags/example_short_circuit_operator.py took 0.063 seconds
[2023-11-04T21:41:33.416+0400] {processor.py:157} INFO - Started process (PID=39144) to work on /home/pyretttt/repos/mlops4/env/lib/python3.10/site-packages/airflow/example_dags/example_short_circuit_operator.py
[2023-11-04T21:41:33.418+0400] {processor.py:829} INFO - Processing file /home/pyretttt/repos/mlops4/env/lib/python3.10/site-packages/airflow/example_dags/example_short_circuit_operator.py for tasks to queue
[2023-11-04T21:41:33.420+0400] {logging_mixin.py:151} INFO - [2023-11-04T21:41:33.419+0400] {dagbag.py:536} INFO - Filling up the DagBag from /home/pyretttt/repos/mlops4/env/lib/python3.10/site-packages/airflow/example_dags/example_short_circuit_operator.py
[2023-11-04T21:41:33.430+0400] {processor.py:839} INFO - DAG(s) dict_keys(['example_short_circuit_operator']) retrieved from /home/pyretttt/repos/mlops4/env/lib/python3.10/site-packages/airflow/example_dags/example_short_circuit_operator.py
[2023-11-04T21:41:33.447+0400] {logging_mixin.py:151} INFO - [2023-11-04T21:41:33.447+0400] {dag.py:2941} INFO - Sync 1 DAGs
[2023-11-04T21:41:33.459+0400] {logging_mixin.py:151} INFO - [2023-11-04T21:41:33.459+0400] {dag.py:3722} INFO - Setting next_dagrun for example_short_circuit_operator to 2023-11-03T17:41:33.459568+00:00, run_after=2023-11-04T17:41:33.459568+00:00
[2023-11-04T21:41:33.470+0400] {processor.py:179} INFO - Processing /home/pyretttt/repos/mlops4/env/lib/python3.10/site-packages/airflow/example_dags/example_short_circuit_operator.py took 0.059 seconds
[2023-11-04T21:42:17.685+0400] {processor.py:157} INFO - Started process (PID=39186) to work on /home/pyretttt/repos/mlops4/env/lib/python3.10/site-packages/airflow/example_dags/example_short_circuit_operator.py
[2023-11-04T21:42:17.686+0400] {processor.py:829} INFO - Processing file /home/pyretttt/repos/mlops4/env/lib/python3.10/site-packages/airflow/example_dags/example_short_circuit_operator.py for tasks to queue
[2023-11-04T21:42:17.688+0400] {logging_mixin.py:151} INFO - [2023-11-04T21:42:17.687+0400] {dagbag.py:536} INFO - Filling up the DagBag from /home/pyretttt/repos/mlops4/env/lib/python3.10/site-packages/airflow/example_dags/example_short_circuit_operator.py
[2023-11-04T21:42:17.698+0400] {processor.py:839} INFO - DAG(s) dict_keys(['example_short_circuit_operator']) retrieved from /home/pyretttt/repos/mlops4/env/lib/python3.10/site-packages/airflow/example_dags/example_short_circuit_operator.py
[2023-11-04T21:42:17.717+0400] {logging_mixin.py:151} INFO - [2023-11-04T21:42:17.717+0400] {dag.py:2941} INFO - Sync 1 DAGs
[2023-11-04T21:42:17.731+0400] {logging_mixin.py:151} INFO - [2023-11-04T21:42:17.731+0400] {dag.py:3722} INFO - Setting next_dagrun for example_short_circuit_operator to 2023-11-03T17:42:17.731249+00:00, run_after=2023-11-04T17:42:17.731249+00:00
[2023-11-04T21:42:17.743+0400] {processor.py:179} INFO - Processing /home/pyretttt/repos/mlops4/env/lib/python3.10/site-packages/airflow/example_dags/example_short_circuit_operator.py took 0.063 seconds
[2023-11-04T21:43:09.841+0400] {processor.py:157} INFO - Started process (PID=39239) to work on /home/pyretttt/repos/mlops4/env/lib/python3.10/site-packages/airflow/example_dags/example_short_circuit_operator.py
[2023-11-04T21:43:09.842+0400] {processor.py:829} INFO - Processing file /home/pyretttt/repos/mlops4/env/lib/python3.10/site-packages/airflow/example_dags/example_short_circuit_operator.py for tasks to queue
[2023-11-04T21:43:09.844+0400] {logging_mixin.py:151} INFO - [2023-11-04T21:43:09.843+0400] {dagbag.py:536} INFO - Filling up the DagBag from /home/pyretttt/repos/mlops4/env/lib/python3.10/site-packages/airflow/example_dags/example_short_circuit_operator.py
[2023-11-04T21:43:09.853+0400] {processor.py:839} INFO - DAG(s) dict_keys(['example_short_circuit_operator']) retrieved from /home/pyretttt/repos/mlops4/env/lib/python3.10/site-packages/airflow/example_dags/example_short_circuit_operator.py
[2023-11-04T21:43:09.872+0400] {logging_mixin.py:151} INFO - [2023-11-04T21:43:09.871+0400] {dag.py:2941} INFO - Sync 1 DAGs
[2023-11-04T21:43:09.885+0400] {logging_mixin.py:151} INFO - [2023-11-04T21:43:09.885+0400] {dag.py:3722} INFO - Setting next_dagrun for example_short_circuit_operator to 2023-11-03T17:43:09.885059+00:00, run_after=2023-11-04T17:43:09.885059+00:00
[2023-11-04T21:43:09.897+0400] {processor.py:179} INFO - Processing /home/pyretttt/repos/mlops4/env/lib/python3.10/site-packages/airflow/example_dags/example_short_circuit_operator.py took 0.061 seconds
[2023-11-04T21:44:01.880+0400] {processor.py:157} INFO - Started process (PID=39292) to work on /home/pyretttt/repos/mlops4/env/lib/python3.10/site-packages/airflow/example_dags/example_short_circuit_operator.py
[2023-11-04T21:44:01.882+0400] {processor.py:829} INFO - Processing file /home/pyretttt/repos/mlops4/env/lib/python3.10/site-packages/airflow/example_dags/example_short_circuit_operator.py for tasks to queue
[2023-11-04T21:44:01.883+0400] {logging_mixin.py:151} INFO - [2023-11-04T21:44:01.882+0400] {dagbag.py:536} INFO - Filling up the DagBag from /home/pyretttt/repos/mlops4/env/lib/python3.10/site-packages/airflow/example_dags/example_short_circuit_operator.py
[2023-11-04T21:44:01.895+0400] {processor.py:839} INFO - DAG(s) dict_keys(['example_short_circuit_operator']) retrieved from /home/pyretttt/repos/mlops4/env/lib/python3.10/site-packages/airflow/example_dags/example_short_circuit_operator.py
[2023-11-04T21:44:01.914+0400] {logging_mixin.py:151} INFO - [2023-11-04T21:44:01.914+0400] {dag.py:2941} INFO - Sync 1 DAGs
[2023-11-04T21:44:01.929+0400] {logging_mixin.py:151} INFO - [2023-11-04T21:44:01.929+0400] {dag.py:3722} INFO - Setting next_dagrun for example_short_circuit_operator to 2023-11-03T17:44:01.928765+00:00, run_after=2023-11-04T17:44:01.928765+00:00
[2023-11-04T21:44:01.940+0400] {processor.py:179} INFO - Processing /home/pyretttt/repos/mlops4/env/lib/python3.10/site-packages/airflow/example_dags/example_short_circuit_operator.py took 0.065 seconds
[2023-11-04T21:44:56.549+0400] {processor.py:157} INFO - Started process (PID=39345) to work on /home/pyretttt/repos/mlops4/env/lib/python3.10/site-packages/airflow/example_dags/example_short_circuit_operator.py
[2023-11-04T21:44:56.551+0400] {processor.py:829} INFO - Processing file /home/pyretttt/repos/mlops4/env/lib/python3.10/site-packages/airflow/example_dags/example_short_circuit_operator.py for tasks to queue
[2023-11-04T21:44:56.553+0400] {logging_mixin.py:151} INFO - [2023-11-04T21:44:56.552+0400] {dagbag.py:536} INFO - Filling up the DagBag from /home/pyretttt/repos/mlops4/env/lib/python3.10/site-packages/airflow/example_dags/example_short_circuit_operator.py
[2023-11-04T21:44:56.563+0400] {processor.py:839} INFO - DAG(s) dict_keys(['example_short_circuit_operator']) retrieved from /home/pyretttt/repos/mlops4/env/lib/python3.10/site-packages/airflow/example_dags/example_short_circuit_operator.py
[2023-11-04T21:44:56.580+0400] {logging_mixin.py:151} INFO - [2023-11-04T21:44:56.580+0400] {dag.py:2941} INFO - Sync 1 DAGs
[2023-11-04T21:44:56.595+0400] {logging_mixin.py:151} INFO - [2023-11-04T21:44:56.595+0400] {dag.py:3722} INFO - Setting next_dagrun for example_short_circuit_operator to 2023-11-03T17:44:56.595074+00:00, run_after=2023-11-04T17:44:56.595074+00:00
[2023-11-04T21:44:56.608+0400] {processor.py:179} INFO - Processing /home/pyretttt/repos/mlops4/env/lib/python3.10/site-packages/airflow/example_dags/example_short_circuit_operator.py took 0.063 seconds
[2023-11-04T21:45:50.860+0400] {processor.py:157} INFO - Started process (PID=39399) to work on /home/pyretttt/repos/mlops4/env/lib/python3.10/site-packages/airflow/example_dags/example_short_circuit_operator.py
[2023-11-04T21:45:50.861+0400] {processor.py:829} INFO - Processing file /home/pyretttt/repos/mlops4/env/lib/python3.10/site-packages/airflow/example_dags/example_short_circuit_operator.py for tasks to queue
[2023-11-04T21:45:50.861+0400] {logging_mixin.py:151} INFO - [2023-11-04T21:45:50.861+0400] {dagbag.py:536} INFO - Filling up the DagBag from /home/pyretttt/repos/mlops4/env/lib/python3.10/site-packages/airflow/example_dags/example_short_circuit_operator.py
[2023-11-04T21:45:50.867+0400] {processor.py:839} INFO - DAG(s) dict_keys(['example_short_circuit_operator']) retrieved from /home/pyretttt/repos/mlops4/env/lib/python3.10/site-packages/airflow/example_dags/example_short_circuit_operator.py
[2023-11-04T21:45:50.879+0400] {logging_mixin.py:151} INFO - [2023-11-04T21:45:50.878+0400] {dag.py:2941} INFO - Sync 1 DAGs
[2023-11-04T21:45:50.888+0400] {logging_mixin.py:151} INFO - [2023-11-04T21:45:50.888+0400] {dag.py:3722} INFO - Setting next_dagrun for example_short_circuit_operator to 2023-11-03T17:45:50.888229+00:00, run_after=2023-11-04T17:45:50.888229+00:00
[2023-11-04T21:45:50.899+0400] {processor.py:179} INFO - Processing /home/pyretttt/repos/mlops4/env/lib/python3.10/site-packages/airflow/example_dags/example_short_circuit_operator.py took 0.041 seconds
[2023-11-04T21:46:43.186+0400] {processor.py:157} INFO - Started process (PID=39451) to work on /home/pyretttt/repos/mlops4/env/lib/python3.10/site-packages/airflow/example_dags/example_short_circuit_operator.py
[2023-11-04T21:46:43.187+0400] {processor.py:829} INFO - Processing file /home/pyretttt/repos/mlops4/env/lib/python3.10/site-packages/airflow/example_dags/example_short_circuit_operator.py for tasks to queue
[2023-11-04T21:46:43.188+0400] {logging_mixin.py:151} INFO - [2023-11-04T21:46:43.188+0400] {dagbag.py:536} INFO - Filling up the DagBag from /home/pyretttt/repos/mlops4/env/lib/python3.10/site-packages/airflow/example_dags/example_short_circuit_operator.py
[2023-11-04T21:46:43.194+0400] {processor.py:839} INFO - DAG(s) dict_keys(['example_short_circuit_operator']) retrieved from /home/pyretttt/repos/mlops4/env/lib/python3.10/site-packages/airflow/example_dags/example_short_circuit_operator.py
[2023-11-04T21:46:43.205+0400] {logging_mixin.py:151} INFO - [2023-11-04T21:46:43.205+0400] {dag.py:2941} INFO - Sync 1 DAGs
[2023-11-04T21:46:43.216+0400] {logging_mixin.py:151} INFO - [2023-11-04T21:46:43.216+0400] {dag.py:3722} INFO - Setting next_dagrun for example_short_circuit_operator to 2023-11-03T17:46:43.216297+00:00, run_after=2023-11-04T17:46:43.216297+00:00
[2023-11-04T21:46:43.231+0400] {processor.py:179} INFO - Processing /home/pyretttt/repos/mlops4/env/lib/python3.10/site-packages/airflow/example_dags/example_short_circuit_operator.py took 0.047 seconds
[2023-11-04T21:47:34.212+0400] {processor.py:157} INFO - Started process (PID=39504) to work on /home/pyretttt/repos/mlops4/env/lib/python3.10/site-packages/airflow/example_dags/example_short_circuit_operator.py
[2023-11-04T21:47:34.213+0400] {processor.py:829} INFO - Processing file /home/pyretttt/repos/mlops4/env/lib/python3.10/site-packages/airflow/example_dags/example_short_circuit_operator.py for tasks to queue
[2023-11-04T21:47:34.215+0400] {logging_mixin.py:151} INFO - [2023-11-04T21:47:34.214+0400] {dagbag.py:536} INFO - Filling up the DagBag from /home/pyretttt/repos/mlops4/env/lib/python3.10/site-packages/airflow/example_dags/example_short_circuit_operator.py
[2023-11-04T21:47:34.225+0400] {processor.py:839} INFO - DAG(s) dict_keys(['example_short_circuit_operator']) retrieved from /home/pyretttt/repos/mlops4/env/lib/python3.10/site-packages/airflow/example_dags/example_short_circuit_operator.py
[2023-11-04T21:47:34.244+0400] {logging_mixin.py:151} INFO - [2023-11-04T21:47:34.243+0400] {dag.py:2941} INFO - Sync 1 DAGs
[2023-11-04T21:47:34.258+0400] {logging_mixin.py:151} INFO - [2023-11-04T21:47:34.258+0400] {dag.py:3722} INFO - Setting next_dagrun for example_short_circuit_operator to 2023-11-03T17:47:34.257881+00:00, run_after=2023-11-04T17:47:34.257881+00:00
[2023-11-04T21:47:34.270+0400] {processor.py:179} INFO - Processing /home/pyretttt/repos/mlops4/env/lib/python3.10/site-packages/airflow/example_dags/example_short_circuit_operator.py took 0.062 seconds
[2023-11-04T21:48:21.023+0400] {processor.py:157} INFO - Started process (PID=39552) to work on /home/pyretttt/repos/mlops4/env/lib/python3.10/site-packages/airflow/example_dags/example_short_circuit_operator.py
[2023-11-04T21:48:21.025+0400] {processor.py:829} INFO - Processing file /home/pyretttt/repos/mlops4/env/lib/python3.10/site-packages/airflow/example_dags/example_short_circuit_operator.py for tasks to queue
[2023-11-04T21:48:21.026+0400] {logging_mixin.py:151} INFO - [2023-11-04T21:48:21.025+0400] {dagbag.py:536} INFO - Filling up the DagBag from /home/pyretttt/repos/mlops4/env/lib/python3.10/site-packages/airflow/example_dags/example_short_circuit_operator.py
[2023-11-04T21:48:21.036+0400] {processor.py:839} INFO - DAG(s) dict_keys(['example_short_circuit_operator']) retrieved from /home/pyretttt/repos/mlops4/env/lib/python3.10/site-packages/airflow/example_dags/example_short_circuit_operator.py
[2023-11-04T21:48:21.054+0400] {logging_mixin.py:151} INFO - [2023-11-04T21:48:21.054+0400] {dag.py:2941} INFO - Sync 1 DAGs
[2023-11-04T21:48:21.067+0400] {logging_mixin.py:151} INFO - [2023-11-04T21:48:21.067+0400] {dag.py:3722} INFO - Setting next_dagrun for example_short_circuit_operator to 2023-11-03T17:48:21.067113+00:00, run_after=2023-11-04T17:48:21.067113+00:00
[2023-11-04T21:48:21.078+0400] {processor.py:179} INFO - Processing /home/pyretttt/repos/mlops4/env/lib/python3.10/site-packages/airflow/example_dags/example_short_circuit_operator.py took 0.059 seconds
[2023-11-04T21:49:12.986+0400] {processor.py:157} INFO - Started process (PID=39605) to work on /home/pyretttt/repos/mlops4/env/lib/python3.10/site-packages/airflow/example_dags/example_short_circuit_operator.py
[2023-11-04T21:49:12.988+0400] {processor.py:829} INFO - Processing file /home/pyretttt/repos/mlops4/env/lib/python3.10/site-packages/airflow/example_dags/example_short_circuit_operator.py for tasks to queue
[2023-11-04T21:49:12.990+0400] {logging_mixin.py:151} INFO - [2023-11-04T21:49:12.989+0400] {dagbag.py:536} INFO - Filling up the DagBag from /home/pyretttt/repos/mlops4/env/lib/python3.10/site-packages/airflow/example_dags/example_short_circuit_operator.py
[2023-11-04T21:49:13.000+0400] {processor.py:839} INFO - DAG(s) dict_keys(['example_short_circuit_operator']) retrieved from /home/pyretttt/repos/mlops4/env/lib/python3.10/site-packages/airflow/example_dags/example_short_circuit_operator.py
[2023-11-04T21:49:13.018+0400] {logging_mixin.py:151} INFO - [2023-11-04T21:49:13.018+0400] {dag.py:2941} INFO - Sync 1 DAGs
[2023-11-04T21:49:13.031+0400] {logging_mixin.py:151} INFO - [2023-11-04T21:49:13.031+0400] {dag.py:3722} INFO - Setting next_dagrun for example_short_circuit_operator to 2023-11-03T17:49:13.031212+00:00, run_after=2023-11-04T17:49:13.031212+00:00
[2023-11-04T21:49:13.043+0400] {processor.py:179} INFO - Processing /home/pyretttt/repos/mlops4/env/lib/python3.10/site-packages/airflow/example_dags/example_short_circuit_operator.py took 0.061 seconds
[2023-11-04T21:50:09.778+0400] {processor.py:157} INFO - Started process (PID=39660) to work on /home/pyretttt/repos/mlops4/env/lib/python3.10/site-packages/airflow/example_dags/example_short_circuit_operator.py
[2023-11-04T21:50:09.780+0400] {processor.py:829} INFO - Processing file /home/pyretttt/repos/mlops4/env/lib/python3.10/site-packages/airflow/example_dags/example_short_circuit_operator.py for tasks to queue
[2023-11-04T21:50:09.782+0400] {logging_mixin.py:151} INFO - [2023-11-04T21:50:09.781+0400] {dagbag.py:536} INFO - Filling up the DagBag from /home/pyretttt/repos/mlops4/env/lib/python3.10/site-packages/airflow/example_dags/example_short_circuit_operator.py
[2023-11-04T21:50:09.791+0400] {processor.py:839} INFO - DAG(s) dict_keys(['example_short_circuit_operator']) retrieved from /home/pyretttt/repos/mlops4/env/lib/python3.10/site-packages/airflow/example_dags/example_short_circuit_operator.py
[2023-11-04T21:50:09.808+0400] {logging_mixin.py:151} INFO - [2023-11-04T21:50:09.807+0400] {dag.py:2941} INFO - Sync 1 DAGs
[2023-11-04T21:50:09.821+0400] {logging_mixin.py:151} INFO - [2023-11-04T21:50:09.820+0400] {dag.py:3722} INFO - Setting next_dagrun for example_short_circuit_operator to 2023-11-03T17:50:09.820821+00:00, run_after=2023-11-04T17:50:09.820821+00:00
[2023-11-04T21:50:09.832+0400] {processor.py:179} INFO - Processing /home/pyretttt/repos/mlops4/env/lib/python3.10/site-packages/airflow/example_dags/example_short_circuit_operator.py took 0.058 seconds
[2023-11-04T21:51:03.479+0400] {processor.py:157} INFO - Started process (PID=39715) to work on /home/pyretttt/repos/mlops4/env/lib/python3.10/site-packages/airflow/example_dags/example_short_circuit_operator.py
[2023-11-04T21:51:03.481+0400] {processor.py:829} INFO - Processing file /home/pyretttt/repos/mlops4/env/lib/python3.10/site-packages/airflow/example_dags/example_short_circuit_operator.py for tasks to queue
[2023-11-04T21:51:03.482+0400] {logging_mixin.py:151} INFO - [2023-11-04T21:51:03.481+0400] {dagbag.py:536} INFO - Filling up the DagBag from /home/pyretttt/repos/mlops4/env/lib/python3.10/site-packages/airflow/example_dags/example_short_circuit_operator.py
[2023-11-04T21:51:03.493+0400] {processor.py:839} INFO - DAG(s) dict_keys(['example_short_circuit_operator']) retrieved from /home/pyretttt/repos/mlops4/env/lib/python3.10/site-packages/airflow/example_dags/example_short_circuit_operator.py
[2023-11-04T21:51:03.510+0400] {logging_mixin.py:151} INFO - [2023-11-04T21:51:03.510+0400] {dag.py:2941} INFO - Sync 1 DAGs
[2023-11-04T21:51:03.520+0400] {logging_mixin.py:151} INFO - [2023-11-04T21:51:03.520+0400] {dag.py:3722} INFO - Setting next_dagrun for example_short_circuit_operator to 2023-11-03T17:51:03.520608+00:00, run_after=2023-11-04T17:51:03.520608+00:00
[2023-11-04T21:51:03.533+0400] {processor.py:179} INFO - Processing /home/pyretttt/repos/mlops4/env/lib/python3.10/site-packages/airflow/example_dags/example_short_circuit_operator.py took 0.059 seconds
[2023-11-04T21:51:54.646+0400] {processor.py:157} INFO - Started process (PID=39767) to work on /home/pyretttt/repos/mlops4/env/lib/python3.10/site-packages/airflow/example_dags/example_short_circuit_operator.py
[2023-11-04T21:51:54.648+0400] {processor.py:829} INFO - Processing file /home/pyretttt/repos/mlops4/env/lib/python3.10/site-packages/airflow/example_dags/example_short_circuit_operator.py for tasks to queue
[2023-11-04T21:51:54.649+0400] {logging_mixin.py:151} INFO - [2023-11-04T21:51:54.649+0400] {dagbag.py:536} INFO - Filling up the DagBag from /home/pyretttt/repos/mlops4/env/lib/python3.10/site-packages/airflow/example_dags/example_short_circuit_operator.py
[2023-11-04T21:51:54.659+0400] {processor.py:839} INFO - DAG(s) dict_keys(['example_short_circuit_operator']) retrieved from /home/pyretttt/repos/mlops4/env/lib/python3.10/site-packages/airflow/example_dags/example_short_circuit_operator.py
[2023-11-04T21:51:54.676+0400] {logging_mixin.py:151} INFO - [2023-11-04T21:51:54.676+0400] {dag.py:2941} INFO - Sync 1 DAGs
[2023-11-04T21:51:54.688+0400] {logging_mixin.py:151} INFO - [2023-11-04T21:51:54.688+0400] {dag.py:3722} INFO - Setting next_dagrun for example_short_circuit_operator to 2023-11-03T17:51:54.687969+00:00, run_after=2023-11-04T17:51:54.687969+00:00
[2023-11-04T21:51:54.700+0400] {processor.py:179} INFO - Processing /home/pyretttt/repos/mlops4/env/lib/python3.10/site-packages/airflow/example_dags/example_short_circuit_operator.py took 0.058 seconds
[2023-11-04T21:52:43.684+0400] {processor.py:157} INFO - Started process (PID=39817) to work on /home/pyretttt/repos/mlops4/env/lib/python3.10/site-packages/airflow/example_dags/example_short_circuit_operator.py
[2023-11-04T21:52:43.685+0400] {processor.py:829} INFO - Processing file /home/pyretttt/repos/mlops4/env/lib/python3.10/site-packages/airflow/example_dags/example_short_circuit_operator.py for tasks to queue
[2023-11-04T21:52:43.686+0400] {logging_mixin.py:151} INFO - [2023-11-04T21:52:43.685+0400] {dagbag.py:536} INFO - Filling up the DagBag from /home/pyretttt/repos/mlops4/env/lib/python3.10/site-packages/airflow/example_dags/example_short_circuit_operator.py
[2023-11-04T21:52:43.693+0400] {processor.py:839} INFO - DAG(s) dict_keys(['example_short_circuit_operator']) retrieved from /home/pyretttt/repos/mlops4/env/lib/python3.10/site-packages/airflow/example_dags/example_short_circuit_operator.py
[2023-11-04T21:52:43.707+0400] {logging_mixin.py:151} INFO - [2023-11-04T21:52:43.707+0400] {dag.py:2941} INFO - Sync 1 DAGs
[2023-11-04T21:52:43.720+0400] {logging_mixin.py:151} INFO - [2023-11-04T21:52:43.720+0400] {dag.py:3722} INFO - Setting next_dagrun for example_short_circuit_operator to 2023-11-03T17:52:43.720338+00:00, run_after=2023-11-04T17:52:43.720338+00:00
[2023-11-04T21:52:43.736+0400] {processor.py:179} INFO - Processing /home/pyretttt/repos/mlops4/env/lib/python3.10/site-packages/airflow/example_dags/example_short_circuit_operator.py took 0.055 seconds
[2023-11-04T21:53:38.206+0400] {processor.py:157} INFO - Started process (PID=39871) to work on /home/pyretttt/repos/mlops4/env/lib/python3.10/site-packages/airflow/example_dags/example_short_circuit_operator.py
[2023-11-04T21:53:38.208+0400] {processor.py:829} INFO - Processing file /home/pyretttt/repos/mlops4/env/lib/python3.10/site-packages/airflow/example_dags/example_short_circuit_operator.py for tasks to queue
[2023-11-04T21:53:38.209+0400] {logging_mixin.py:151} INFO - [2023-11-04T21:53:38.208+0400] {dagbag.py:536} INFO - Filling up the DagBag from /home/pyretttt/repos/mlops4/env/lib/python3.10/site-packages/airflow/example_dags/example_short_circuit_operator.py
[2023-11-04T21:53:38.216+0400] {processor.py:839} INFO - DAG(s) dict_keys(['example_short_circuit_operator']) retrieved from /home/pyretttt/repos/mlops4/env/lib/python3.10/site-packages/airflow/example_dags/example_short_circuit_operator.py
[2023-11-04T21:53:38.230+0400] {logging_mixin.py:151} INFO - [2023-11-04T21:53:38.230+0400] {dag.py:2941} INFO - Sync 1 DAGs
[2023-11-04T21:53:38.243+0400] {logging_mixin.py:151} INFO - [2023-11-04T21:53:38.243+0400] {dag.py:3722} INFO - Setting next_dagrun for example_short_circuit_operator to 2023-11-03T17:53:38.243490+00:00, run_after=2023-11-04T17:53:38.243490+00:00
[2023-11-04T21:53:38.257+0400] {processor.py:179} INFO - Processing /home/pyretttt/repos/mlops4/env/lib/python3.10/site-packages/airflow/example_dags/example_short_circuit_operator.py took 0.054 seconds
[2023-11-04T21:54:32.254+0400] {processor.py:157} INFO - Started process (PID=39924) to work on /home/pyretttt/repos/mlops4/env/lib/python3.10/site-packages/airflow/example_dags/example_short_circuit_operator.py
[2023-11-04T21:54:32.257+0400] {processor.py:829} INFO - Processing file /home/pyretttt/repos/mlops4/env/lib/python3.10/site-packages/airflow/example_dags/example_short_circuit_operator.py for tasks to queue
[2023-11-04T21:54:32.258+0400] {logging_mixin.py:151} INFO - [2023-11-04T21:54:32.257+0400] {dagbag.py:536} INFO - Filling up the DagBag from /home/pyretttt/repos/mlops4/env/lib/python3.10/site-packages/airflow/example_dags/example_short_circuit_operator.py
[2023-11-04T21:54:32.270+0400] {processor.py:839} INFO - DAG(s) dict_keys(['example_short_circuit_operator']) retrieved from /home/pyretttt/repos/mlops4/env/lib/python3.10/site-packages/airflow/example_dags/example_short_circuit_operator.py
[2023-11-04T21:54:32.289+0400] {logging_mixin.py:151} INFO - [2023-11-04T21:54:32.289+0400] {dag.py:2941} INFO - Sync 1 DAGs
[2023-11-04T21:54:32.306+0400] {logging_mixin.py:151} INFO - [2023-11-04T21:54:32.306+0400] {dag.py:3722} INFO - Setting next_dagrun for example_short_circuit_operator to 2023-11-03T17:54:32.306149+00:00, run_after=2023-11-04T17:54:32.306149+00:00
[2023-11-04T21:54:32.322+0400] {processor.py:179} INFO - Processing /home/pyretttt/repos/mlops4/env/lib/python3.10/site-packages/airflow/example_dags/example_short_circuit_operator.py took 0.072 seconds
[2023-11-04T21:55:21.015+0400] {processor.py:157} INFO - Started process (PID=39975) to work on /home/pyretttt/repos/mlops4/env/lib/python3.10/site-packages/airflow/example_dags/example_short_circuit_operator.py
[2023-11-04T21:55:21.017+0400] {processor.py:829} INFO - Processing file /home/pyretttt/repos/mlops4/env/lib/python3.10/site-packages/airflow/example_dags/example_short_circuit_operator.py for tasks to queue
[2023-11-04T21:55:21.019+0400] {logging_mixin.py:151} INFO - [2023-11-04T21:55:21.018+0400] {dagbag.py:536} INFO - Filling up the DagBag from /home/pyretttt/repos/mlops4/env/lib/python3.10/site-packages/airflow/example_dags/example_short_circuit_operator.py
[2023-11-04T21:55:21.029+0400] {processor.py:839} INFO - DAG(s) dict_keys(['example_short_circuit_operator']) retrieved from /home/pyretttt/repos/mlops4/env/lib/python3.10/site-packages/airflow/example_dags/example_short_circuit_operator.py
[2023-11-04T21:55:21.048+0400] {logging_mixin.py:151} INFO - [2023-11-04T21:55:21.047+0400] {dag.py:2941} INFO - Sync 1 DAGs
[2023-11-04T21:55:21.060+0400] {logging_mixin.py:151} INFO - [2023-11-04T21:55:21.060+0400] {dag.py:3722} INFO - Setting next_dagrun for example_short_circuit_operator to 2023-11-03T17:55:21.060274+00:00, run_after=2023-11-04T17:55:21.060274+00:00
[2023-11-04T21:55:21.071+0400] {processor.py:179} INFO - Processing /home/pyretttt/repos/mlops4/env/lib/python3.10/site-packages/airflow/example_dags/example_short_circuit_operator.py took 0.061 seconds
[2023-11-04T21:56:11.517+0400] {processor.py:157} INFO - Started process (PID=40027) to work on /home/pyretttt/repos/mlops4/env/lib/python3.10/site-packages/airflow/example_dags/example_short_circuit_operator.py
[2023-11-04T21:56:11.517+0400] {processor.py:829} INFO - Processing file /home/pyretttt/repos/mlops4/env/lib/python3.10/site-packages/airflow/example_dags/example_short_circuit_operator.py for tasks to queue
[2023-11-04T21:56:11.518+0400] {logging_mixin.py:151} INFO - [2023-11-04T21:56:11.518+0400] {dagbag.py:536} INFO - Filling up the DagBag from /home/pyretttt/repos/mlops4/env/lib/python3.10/site-packages/airflow/example_dags/example_short_circuit_operator.py
[2023-11-04T21:56:11.524+0400] {processor.py:839} INFO - DAG(s) dict_keys(['example_short_circuit_operator']) retrieved from /home/pyretttt/repos/mlops4/env/lib/python3.10/site-packages/airflow/example_dags/example_short_circuit_operator.py
[2023-11-04T21:56:11.535+0400] {logging_mixin.py:151} INFO - [2023-11-04T21:56:11.535+0400] {dag.py:2941} INFO - Sync 1 DAGs
[2023-11-04T21:56:11.546+0400] {logging_mixin.py:151} INFO - [2023-11-04T21:56:11.546+0400] {dag.py:3722} INFO - Setting next_dagrun for example_short_circuit_operator to 2023-11-03T17:56:11.546061+00:00, run_after=2023-11-04T17:56:11.546061+00:00
[2023-11-04T21:56:11.558+0400] {processor.py:179} INFO - Processing /home/pyretttt/repos/mlops4/env/lib/python3.10/site-packages/airflow/example_dags/example_short_circuit_operator.py took 0.043 seconds
[2023-11-04T21:57:06.001+0400] {processor.py:157} INFO - Started process (PID=40080) to work on /home/pyretttt/repos/mlops4/env/lib/python3.10/site-packages/airflow/example_dags/example_short_circuit_operator.py
[2023-11-04T21:57:06.003+0400] {processor.py:829} INFO - Processing file /home/pyretttt/repos/mlops4/env/lib/python3.10/site-packages/airflow/example_dags/example_short_circuit_operator.py for tasks to queue
[2023-11-04T21:57:06.005+0400] {logging_mixin.py:151} INFO - [2023-11-04T21:57:06.004+0400] {dagbag.py:536} INFO - Filling up the DagBag from /home/pyretttt/repos/mlops4/env/lib/python3.10/site-packages/airflow/example_dags/example_short_circuit_operator.py
[2023-11-04T21:57:06.016+0400] {processor.py:839} INFO - DAG(s) dict_keys(['example_short_circuit_operator']) retrieved from /home/pyretttt/repos/mlops4/env/lib/python3.10/site-packages/airflow/example_dags/example_short_circuit_operator.py
[2023-11-04T21:57:06.033+0400] {logging_mixin.py:151} INFO - [2023-11-04T21:57:06.033+0400] {dag.py:2941} INFO - Sync 1 DAGs
[2023-11-04T21:57:06.046+0400] {logging_mixin.py:151} INFO - [2023-11-04T21:57:06.046+0400] {dag.py:3722} INFO - Setting next_dagrun for example_short_circuit_operator to 2023-11-03T17:57:06.046198+00:00, run_after=2023-11-04T17:57:06.046198+00:00
[2023-11-04T21:57:06.058+0400] {processor.py:179} INFO - Processing /home/pyretttt/repos/mlops4/env/lib/python3.10/site-packages/airflow/example_dags/example_short_circuit_operator.py took 0.061 seconds
[2023-11-04T21:58:01.170+0400] {processor.py:157} INFO - Started process (PID=40135) to work on /home/pyretttt/repos/mlops4/env/lib/python3.10/site-packages/airflow/example_dags/example_short_circuit_operator.py
[2023-11-04T21:58:01.172+0400] {processor.py:829} INFO - Processing file /home/pyretttt/repos/mlops4/env/lib/python3.10/site-packages/airflow/example_dags/example_short_circuit_operator.py for tasks to queue
[2023-11-04T21:58:01.173+0400] {logging_mixin.py:151} INFO - [2023-11-04T21:58:01.172+0400] {dagbag.py:536} INFO - Filling up the DagBag from /home/pyretttt/repos/mlops4/env/lib/python3.10/site-packages/airflow/example_dags/example_short_circuit_operator.py
[2023-11-04T21:58:01.183+0400] {processor.py:839} INFO - DAG(s) dict_keys(['example_short_circuit_operator']) retrieved from /home/pyretttt/repos/mlops4/env/lib/python3.10/site-packages/airflow/example_dags/example_short_circuit_operator.py
[2023-11-04T21:58:01.199+0400] {logging_mixin.py:151} INFO - [2023-11-04T21:58:01.199+0400] {dag.py:2941} INFO - Sync 1 DAGs
[2023-11-04T21:58:01.211+0400] {logging_mixin.py:151} INFO - [2023-11-04T21:58:01.211+0400] {dag.py:3722} INFO - Setting next_dagrun for example_short_circuit_operator to 2023-11-03T17:58:01.211262+00:00, run_after=2023-11-04T17:58:01.211262+00:00
[2023-11-04T21:58:01.223+0400] {processor.py:179} INFO - Processing /home/pyretttt/repos/mlops4/env/lib/python3.10/site-packages/airflow/example_dags/example_short_circuit_operator.py took 0.057 seconds
[2023-11-04T21:58:55.127+0400] {processor.py:157} INFO - Started process (PID=40188) to work on /home/pyretttt/repos/mlops4/env/lib/python3.10/site-packages/airflow/example_dags/example_short_circuit_operator.py
[2023-11-04T21:58:55.129+0400] {processor.py:829} INFO - Processing file /home/pyretttt/repos/mlops4/env/lib/python3.10/site-packages/airflow/example_dags/example_short_circuit_operator.py for tasks to queue
[2023-11-04T21:58:55.130+0400] {logging_mixin.py:151} INFO - [2023-11-04T21:58:55.130+0400] {dagbag.py:536} INFO - Filling up the DagBag from /home/pyretttt/repos/mlops4/env/lib/python3.10/site-packages/airflow/example_dags/example_short_circuit_operator.py
[2023-11-04T21:58:55.142+0400] {processor.py:839} INFO - DAG(s) dict_keys(['example_short_circuit_operator']) retrieved from /home/pyretttt/repos/mlops4/env/lib/python3.10/site-packages/airflow/example_dags/example_short_circuit_operator.py
[2023-11-04T21:58:55.164+0400] {logging_mixin.py:151} INFO - [2023-11-04T21:58:55.164+0400] {dag.py:2941} INFO - Sync 1 DAGs
[2023-11-04T21:58:55.181+0400] {logging_mixin.py:151} INFO - [2023-11-04T21:58:55.181+0400] {dag.py:3722} INFO - Setting next_dagrun for example_short_circuit_operator to 2023-11-03T17:58:55.180910+00:00, run_after=2023-11-04T17:58:55.180910+00:00
[2023-11-04T21:58:55.195+0400] {processor.py:179} INFO - Processing /home/pyretttt/repos/mlops4/env/lib/python3.10/site-packages/airflow/example_dags/example_short_circuit_operator.py took 0.073 seconds
[2023-11-04T21:59:48.487+0400] {processor.py:157} INFO - Started process (PID=40242) to work on /home/pyretttt/repos/mlops4/env/lib/python3.10/site-packages/airflow/example_dags/example_short_circuit_operator.py
[2023-11-04T21:59:48.489+0400] {processor.py:829} INFO - Processing file /home/pyretttt/repos/mlops4/env/lib/python3.10/site-packages/airflow/example_dags/example_short_circuit_operator.py for tasks to queue
[2023-11-04T21:59:48.491+0400] {logging_mixin.py:151} INFO - [2023-11-04T21:59:48.490+0400] {dagbag.py:536} INFO - Filling up the DagBag from /home/pyretttt/repos/mlops4/env/lib/python3.10/site-packages/airflow/example_dags/example_short_circuit_operator.py
[2023-11-04T21:59:48.500+0400] {processor.py:839} INFO - DAG(s) dict_keys(['example_short_circuit_operator']) retrieved from /home/pyretttt/repos/mlops4/env/lib/python3.10/site-packages/airflow/example_dags/example_short_circuit_operator.py
[2023-11-04T21:59:48.518+0400] {logging_mixin.py:151} INFO - [2023-11-04T21:59:48.518+0400] {dag.py:2941} INFO - Sync 1 DAGs
[2023-11-04T21:59:48.532+0400] {logging_mixin.py:151} INFO - [2023-11-04T21:59:48.531+0400] {dag.py:3722} INFO - Setting next_dagrun for example_short_circuit_operator to 2023-11-03T17:59:48.531772+00:00, run_after=2023-11-04T17:59:48.531772+00:00
[2023-11-04T21:59:48.543+0400] {processor.py:179} INFO - Processing /home/pyretttt/repos/mlops4/env/lib/python3.10/site-packages/airflow/example_dags/example_short_circuit_operator.py took 0.060 seconds
[2023-11-04T22:00:40.062+0400] {processor.py:157} INFO - Started process (PID=40294) to work on /home/pyretttt/repos/mlops4/env/lib/python3.10/site-packages/airflow/example_dags/example_short_circuit_operator.py
[2023-11-04T22:00:40.065+0400] {processor.py:829} INFO - Processing file /home/pyretttt/repos/mlops4/env/lib/python3.10/site-packages/airflow/example_dags/example_short_circuit_operator.py for tasks to queue
[2023-11-04T22:00:40.066+0400] {logging_mixin.py:151} INFO - [2023-11-04T22:00:40.066+0400] {dagbag.py:536} INFO - Filling up the DagBag from /home/pyretttt/repos/mlops4/env/lib/python3.10/site-packages/airflow/example_dags/example_short_circuit_operator.py
[2023-11-04T22:00:40.074+0400] {processor.py:839} INFO - DAG(s) dict_keys(['example_short_circuit_operator']) retrieved from /home/pyretttt/repos/mlops4/env/lib/python3.10/site-packages/airflow/example_dags/example_short_circuit_operator.py
[2023-11-04T22:00:40.086+0400] {logging_mixin.py:151} INFO - [2023-11-04T22:00:40.086+0400] {dag.py:2941} INFO - Sync 1 DAGs
[2023-11-04T22:00:40.096+0400] {logging_mixin.py:151} INFO - [2023-11-04T22:00:40.096+0400] {dag.py:3722} INFO - Setting next_dagrun for example_short_circuit_operator to 2023-11-03T18:00:40.096213+00:00, run_after=2023-11-04T18:00:40.096213+00:00
[2023-11-04T22:00:40.109+0400] {processor.py:179} INFO - Processing /home/pyretttt/repos/mlops4/env/lib/python3.10/site-packages/airflow/example_dags/example_short_circuit_operator.py took 0.056 seconds
[2023-11-04T22:01:27.101+0400] {processor.py:157} INFO - Started process (PID=40343) to work on /home/pyretttt/repos/mlops4/env/lib/python3.10/site-packages/airflow/example_dags/example_short_circuit_operator.py
[2023-11-04T22:01:27.103+0400] {processor.py:829} INFO - Processing file /home/pyretttt/repos/mlops4/env/lib/python3.10/site-packages/airflow/example_dags/example_short_circuit_operator.py for tasks to queue
[2023-11-04T22:01:27.104+0400] {logging_mixin.py:151} INFO - [2023-11-04T22:01:27.103+0400] {dagbag.py:536} INFO - Filling up the DagBag from /home/pyretttt/repos/mlops4/env/lib/python3.10/site-packages/airflow/example_dags/example_short_circuit_operator.py
[2023-11-04T22:01:27.115+0400] {processor.py:839} INFO - DAG(s) dict_keys(['example_short_circuit_operator']) retrieved from /home/pyretttt/repos/mlops4/env/lib/python3.10/site-packages/airflow/example_dags/example_short_circuit_operator.py
[2023-11-04T22:01:27.133+0400] {logging_mixin.py:151} INFO - [2023-11-04T22:01:27.133+0400] {dag.py:2941} INFO - Sync 1 DAGs
[2023-11-04T22:01:27.145+0400] {logging_mixin.py:151} INFO - [2023-11-04T22:01:27.145+0400] {dag.py:3722} INFO - Setting next_dagrun for example_short_circuit_operator to 2023-11-03T18:01:27.145653+00:00, run_after=2023-11-04T18:01:27.145653+00:00
[2023-11-04T22:01:27.156+0400] {processor.py:179} INFO - Processing /home/pyretttt/repos/mlops4/env/lib/python3.10/site-packages/airflow/example_dags/example_short_circuit_operator.py took 0.060 seconds
[2023-11-04T22:02:18.045+0400] {processor.py:157} INFO - Started process (PID=40394) to work on /home/pyretttt/repos/mlops4/env/lib/python3.10/site-packages/airflow/example_dags/example_short_circuit_operator.py
[2023-11-04T22:02:18.047+0400] {processor.py:829} INFO - Processing file /home/pyretttt/repos/mlops4/env/lib/python3.10/site-packages/airflow/example_dags/example_short_circuit_operator.py for tasks to queue
[2023-11-04T22:02:18.049+0400] {logging_mixin.py:151} INFO - [2023-11-04T22:02:18.047+0400] {dagbag.py:536} INFO - Filling up the DagBag from /home/pyretttt/repos/mlops4/env/lib/python3.10/site-packages/airflow/example_dags/example_short_circuit_operator.py
[2023-11-04T22:02:18.059+0400] {processor.py:839} INFO - DAG(s) dict_keys(['example_short_circuit_operator']) retrieved from /home/pyretttt/repos/mlops4/env/lib/python3.10/site-packages/airflow/example_dags/example_short_circuit_operator.py
[2023-11-04T22:02:18.075+0400] {logging_mixin.py:151} INFO - [2023-11-04T22:02:18.075+0400] {dag.py:2941} INFO - Sync 1 DAGs
[2023-11-04T22:02:18.090+0400] {logging_mixin.py:151} INFO - [2023-11-04T22:02:18.090+0400] {dag.py:3722} INFO - Setting next_dagrun for example_short_circuit_operator to 2023-11-03T18:02:18.089947+00:00, run_after=2023-11-04T18:02:18.089947+00:00
[2023-11-04T22:02:18.104+0400] {processor.py:179} INFO - Processing /home/pyretttt/repos/mlops4/env/lib/python3.10/site-packages/airflow/example_dags/example_short_circuit_operator.py took 0.063 seconds
[2023-11-04T22:03:09.624+0400] {processor.py:157} INFO - Started process (PID=40447) to work on /home/pyretttt/repos/mlops4/env/lib/python3.10/site-packages/airflow/example_dags/example_short_circuit_operator.py
[2023-11-04T22:03:09.626+0400] {processor.py:829} INFO - Processing file /home/pyretttt/repos/mlops4/env/lib/python3.10/site-packages/airflow/example_dags/example_short_circuit_operator.py for tasks to queue
[2023-11-04T22:03:09.627+0400] {logging_mixin.py:151} INFO - [2023-11-04T22:03:09.626+0400] {dagbag.py:536} INFO - Filling up the DagBag from /home/pyretttt/repos/mlops4/env/lib/python3.10/site-packages/airflow/example_dags/example_short_circuit_operator.py
[2023-11-04T22:03:09.633+0400] {processor.py:839} INFO - DAG(s) dict_keys(['example_short_circuit_operator']) retrieved from /home/pyretttt/repos/mlops4/env/lib/python3.10/site-packages/airflow/example_dags/example_short_circuit_operator.py
[2023-11-04T22:03:09.645+0400] {logging_mixin.py:151} INFO - [2023-11-04T22:03:09.645+0400] {dag.py:2941} INFO - Sync 1 DAGs
[2023-11-04T22:03:09.657+0400] {logging_mixin.py:151} INFO - [2023-11-04T22:03:09.657+0400] {dag.py:3722} INFO - Setting next_dagrun for example_short_circuit_operator to 2023-11-03T18:03:09.657294+00:00, run_after=2023-11-04T18:03:09.657294+00:00
[2023-11-04T22:03:09.672+0400] {processor.py:179} INFO - Processing /home/pyretttt/repos/mlops4/env/lib/python3.10/site-packages/airflow/example_dags/example_short_circuit_operator.py took 0.052 seconds
[2023-11-04T22:04:00.899+0400] {processor.py:157} INFO - Started process (PID=40499) to work on /home/pyretttt/repos/mlops4/env/lib/python3.10/site-packages/airflow/example_dags/example_short_circuit_operator.py
[2023-11-04T22:04:00.901+0400] {processor.py:829} INFO - Processing file /home/pyretttt/repos/mlops4/env/lib/python3.10/site-packages/airflow/example_dags/example_short_circuit_operator.py for tasks to queue
[2023-11-04T22:04:00.902+0400] {logging_mixin.py:151} INFO - [2023-11-04T22:04:00.901+0400] {dagbag.py:536} INFO - Filling up the DagBag from /home/pyretttt/repos/mlops4/env/lib/python3.10/site-packages/airflow/example_dags/example_short_circuit_operator.py
[2023-11-04T22:04:00.912+0400] {processor.py:839} INFO - DAG(s) dict_keys(['example_short_circuit_operator']) retrieved from /home/pyretttt/repos/mlops4/env/lib/python3.10/site-packages/airflow/example_dags/example_short_circuit_operator.py
[2023-11-04T22:04:00.929+0400] {logging_mixin.py:151} INFO - [2023-11-04T22:04:00.928+0400] {dag.py:2941} INFO - Sync 1 DAGs
[2023-11-04T22:04:00.940+0400] {logging_mixin.py:151} INFO - [2023-11-04T22:04:00.940+0400] {dag.py:3722} INFO - Setting next_dagrun for example_short_circuit_operator to 2023-11-03T18:04:00.939848+00:00, run_after=2023-11-04T18:04:00.939848+00:00
[2023-11-04T22:04:00.951+0400] {processor.py:179} INFO - Processing /home/pyretttt/repos/mlops4/env/lib/python3.10/site-packages/airflow/example_dags/example_short_circuit_operator.py took 0.057 seconds
