[2023-11-04T21:11:56.336+0400] {processor.py:157} INFO - Started process (PID=37228) to work on /home/pyretttt/repos/mlops4/env/lib/python3.10/site-packages/airflow/example_dags/example_latest_only_with_trigger.py
[2023-11-04T21:11:56.337+0400] {processor.py:829} INFO - Processing file /home/pyretttt/repos/mlops4/env/lib/python3.10/site-packages/airflow/example_dags/example_latest_only_with_trigger.py for tasks to queue
[2023-11-04T21:11:56.338+0400] {logging_mixin.py:151} INFO - [2023-11-04T21:11:56.338+0400] {dagbag.py:536} INFO - Filling up the DagBag from /home/pyretttt/repos/mlops4/env/lib/python3.10/site-packages/airflow/example_dags/example_latest_only_with_trigger.py
[2023-11-04T21:11:56.346+0400] {processor.py:839} INFO - DAG(s) dict_keys(['latest_only_with_trigger']) retrieved from /home/pyretttt/repos/mlops4/env/lib/python3.10/site-packages/airflow/example_dags/example_latest_only_with_trigger.py
[2023-11-04T21:11:56.414+0400] {logging_mixin.py:151} INFO - [2023-11-04T21:11:56.414+0400] {manager.py:499} INFO - Created Permission View: %s
[2023-11-04T21:11:56.420+0400] {logging_mixin.py:151} INFO - [2023-11-04T21:11:56.420+0400] {manager.py:499} INFO - Created Permission View: %s
[2023-11-04T21:11:56.424+0400] {logging_mixin.py:151} INFO - [2023-11-04T21:11:56.424+0400] {manager.py:499} INFO - Created Permission View: %s
[2023-11-04T21:11:56.424+0400] {logging_mixin.py:151} INFO - [2023-11-04T21:11:56.424+0400] {dag.py:2941} INFO - Sync 1 DAGs
[2023-11-04T21:11:56.429+0400] {logging_mixin.py:151} INFO - [2023-11-04T21:11:56.429+0400] {dag.py:2963} INFO - Creating ORM DAG for latest_only_with_trigger
[2023-11-04T21:11:56.432+0400] {logging_mixin.py:151} INFO - [2023-11-04T21:11:56.432+0400] {dag.py:3722} INFO - Setting next_dagrun for latest_only_with_trigger to 2023-11-04T13:11:56.432522+00:00, run_after=2023-11-04T17:11:56.432522+00:00
[2023-11-04T21:11:56.443+0400] {processor.py:179} INFO - Processing /home/pyretttt/repos/mlops4/env/lib/python3.10/site-packages/airflow/example_dags/example_latest_only_with_trigger.py took 0.110 seconds
[2023-11-04T21:12:48.215+0400] {processor.py:157} INFO - Started process (PID=37300) to work on /home/pyretttt/repos/mlops4/env/lib/python3.10/site-packages/airflow/example_dags/example_latest_only_with_trigger.py
[2023-11-04T21:12:48.217+0400] {processor.py:829} INFO - Processing file /home/pyretttt/repos/mlops4/env/lib/python3.10/site-packages/airflow/example_dags/example_latest_only_with_trigger.py for tasks to queue
[2023-11-04T21:12:48.218+0400] {logging_mixin.py:151} INFO - [2023-11-04T21:12:48.217+0400] {dagbag.py:536} INFO - Filling up the DagBag from /home/pyretttt/repos/mlops4/env/lib/python3.10/site-packages/airflow/example_dags/example_latest_only_with_trigger.py
[2023-11-04T21:12:48.227+0400] {processor.py:839} INFO - DAG(s) dict_keys(['latest_only_with_trigger']) retrieved from /home/pyretttt/repos/mlops4/env/lib/python3.10/site-packages/airflow/example_dags/example_latest_only_with_trigger.py
[2023-11-04T21:12:48.241+0400] {logging_mixin.py:151} INFO - [2023-11-04T21:12:48.241+0400] {dag.py:2941} INFO - Sync 1 DAGs
[2023-11-04T21:12:48.253+0400] {logging_mixin.py:151} INFO - [2023-11-04T21:12:48.252+0400] {dag.py:3722} INFO - Setting next_dagrun for latest_only_with_trigger to 2023-11-04T13:12:48.252695+00:00, run_after=2023-11-04T17:12:48.252695+00:00
[2023-11-04T21:12:48.266+0400] {processor.py:179} INFO - Processing /home/pyretttt/repos/mlops4/env/lib/python3.10/site-packages/airflow/example_dags/example_latest_only_with_trigger.py took 0.056 seconds
[2023-11-04T21:13:26.538+0400] {processor.py:157} INFO - Started process (PID=37392) to work on /home/pyretttt/repos/mlops4/env/lib/python3.10/site-packages/airflow/example_dags/example_latest_only_with_trigger.py
[2023-11-04T21:13:26.539+0400] {processor.py:829} INFO - Processing file /home/pyretttt/repos/mlops4/env/lib/python3.10/site-packages/airflow/example_dags/example_latest_only_with_trigger.py for tasks to queue
[2023-11-04T21:13:26.540+0400] {logging_mixin.py:151} INFO - [2023-11-04T21:13:26.540+0400] {dagbag.py:536} INFO - Filling up the DagBag from /home/pyretttt/repos/mlops4/env/lib/python3.10/site-packages/airflow/example_dags/example_latest_only_with_trigger.py
[2023-11-04T21:13:26.546+0400] {processor.py:839} INFO - DAG(s) dict_keys(['latest_only_with_trigger']) retrieved from /home/pyretttt/repos/mlops4/env/lib/python3.10/site-packages/airflow/example_dags/example_latest_only_with_trigger.py
[2023-11-04T21:13:26.560+0400] {logging_mixin.py:151} INFO - [2023-11-04T21:13:26.560+0400] {dag.py:2941} INFO - Sync 1 DAGs
[2023-11-04T21:13:26.573+0400] {logging_mixin.py:151} INFO - [2023-11-04T21:13:26.573+0400] {dag.py:3722} INFO - Setting next_dagrun for latest_only_with_trigger to 2023-11-04T13:13:26.573156+00:00, run_after=2023-11-04T17:13:26.573156+00:00
[2023-11-04T21:13:26.587+0400] {processor.py:179} INFO - Processing /home/pyretttt/repos/mlops4/env/lib/python3.10/site-packages/airflow/example_dags/example_latest_only_with_trigger.py took 0.053 seconds
[2023-11-04T21:14:13.338+0400] {processor.py:157} INFO - Started process (PID=37439) to work on /home/pyretttt/repos/mlops4/env/lib/python3.10/site-packages/airflow/example_dags/example_latest_only_with_trigger.py
[2023-11-04T21:14:13.340+0400] {processor.py:829} INFO - Processing file /home/pyretttt/repos/mlops4/env/lib/python3.10/site-packages/airflow/example_dags/example_latest_only_with_trigger.py for tasks to queue
[2023-11-04T21:14:13.341+0400] {logging_mixin.py:151} INFO - [2023-11-04T21:14:13.340+0400] {dagbag.py:536} INFO - Filling up the DagBag from /home/pyretttt/repos/mlops4/env/lib/python3.10/site-packages/airflow/example_dags/example_latest_only_with_trigger.py
[2023-11-04T21:14:13.346+0400] {processor.py:839} INFO - DAG(s) dict_keys(['latest_only_with_trigger']) retrieved from /home/pyretttt/repos/mlops4/env/lib/python3.10/site-packages/airflow/example_dags/example_latest_only_with_trigger.py
[2023-11-04T21:14:13.357+0400] {logging_mixin.py:151} INFO - [2023-11-04T21:14:13.357+0400] {dag.py:2941} INFO - Sync 1 DAGs
[2023-11-04T21:14:13.369+0400] {logging_mixin.py:151} INFO - [2023-11-04T21:14:13.369+0400] {dag.py:3722} INFO - Setting next_dagrun for latest_only_with_trigger to 2023-11-04T13:14:13.368873+00:00, run_after=2023-11-04T17:14:13.368873+00:00
[2023-11-04T21:14:13.384+0400] {processor.py:179} INFO - Processing /home/pyretttt/repos/mlops4/env/lib/python3.10/site-packages/airflow/example_dags/example_latest_only_with_trigger.py took 0.049 seconds
[2023-11-04T21:15:02.767+0400] {processor.py:157} INFO - Started process (PID=37489) to work on /home/pyretttt/repos/mlops4/env/lib/python3.10/site-packages/airflow/example_dags/example_latest_only_with_trigger.py
[2023-11-04T21:15:02.769+0400] {processor.py:829} INFO - Processing file /home/pyretttt/repos/mlops4/env/lib/python3.10/site-packages/airflow/example_dags/example_latest_only_with_trigger.py for tasks to queue
[2023-11-04T21:15:02.770+0400] {logging_mixin.py:151} INFO - [2023-11-04T21:15:02.769+0400] {dagbag.py:536} INFO - Filling up the DagBag from /home/pyretttt/repos/mlops4/env/lib/python3.10/site-packages/airflow/example_dags/example_latest_only_with_trigger.py
[2023-11-04T21:15:02.778+0400] {processor.py:839} INFO - DAG(s) dict_keys(['latest_only_with_trigger']) retrieved from /home/pyretttt/repos/mlops4/env/lib/python3.10/site-packages/airflow/example_dags/example_latest_only_with_trigger.py
[2023-11-04T21:15:02.796+0400] {logging_mixin.py:151} INFO - [2023-11-04T21:15:02.795+0400] {dag.py:2941} INFO - Sync 1 DAGs
[2023-11-04T21:15:02.810+0400] {logging_mixin.py:151} INFO - [2023-11-04T21:15:02.810+0400] {dag.py:3722} INFO - Setting next_dagrun for latest_only_with_trigger to 2023-11-04T13:15:02.810180+00:00, run_after=2023-11-04T17:15:02.810180+00:00
[2023-11-04T21:15:02.822+0400] {processor.py:179} INFO - Processing /home/pyretttt/repos/mlops4/env/lib/python3.10/site-packages/airflow/example_dags/example_latest_only_with_trigger.py took 0.060 seconds
[2023-11-04T21:15:37.566+0400] {processor.py:157} INFO - Started process (PID=37523) to work on /home/pyretttt/repos/mlops4/env/lib/python3.10/site-packages/airflow/example_dags/example_latest_only_with_trigger.py
[2023-11-04T21:15:37.568+0400] {processor.py:829} INFO - Processing file /home/pyretttt/repos/mlops4/env/lib/python3.10/site-packages/airflow/example_dags/example_latest_only_with_trigger.py for tasks to queue
[2023-11-04T21:15:37.569+0400] {logging_mixin.py:151} INFO - [2023-11-04T21:15:37.568+0400] {dagbag.py:536} INFO - Filling up the DagBag from /home/pyretttt/repos/mlops4/env/lib/python3.10/site-packages/airflow/example_dags/example_latest_only_with_trigger.py
[2023-11-04T21:15:37.578+0400] {processor.py:839} INFO - DAG(s) dict_keys(['latest_only_with_trigger']) retrieved from /home/pyretttt/repos/mlops4/env/lib/python3.10/site-packages/airflow/example_dags/example_latest_only_with_trigger.py
[2023-11-04T21:15:37.598+0400] {logging_mixin.py:151} INFO - [2023-11-04T21:15:37.598+0400] {dag.py:2941} INFO - Sync 1 DAGs
[2023-11-04T21:15:37.613+0400] {logging_mixin.py:151} INFO - [2023-11-04T21:15:37.612+0400] {dag.py:3722} INFO - Setting next_dagrun for latest_only_with_trigger to 2023-11-04T13:15:37.612711+00:00, run_after=2023-11-04T17:15:37.612711+00:00
[2023-11-04T21:15:37.625+0400] {processor.py:179} INFO - Processing /home/pyretttt/repos/mlops4/env/lib/python3.10/site-packages/airflow/example_dags/example_latest_only_with_trigger.py took 0.065 seconds
[2023-11-04T21:16:26.361+0400] {processor.py:157} INFO - Started process (PID=37582) to work on /home/pyretttt/repos/mlops4/env/lib/python3.10/site-packages/airflow/example_dags/example_latest_only_with_trigger.py
[2023-11-04T21:16:26.363+0400] {processor.py:829} INFO - Processing file /home/pyretttt/repos/mlops4/env/lib/python3.10/site-packages/airflow/example_dags/example_latest_only_with_trigger.py for tasks to queue
[2023-11-04T21:16:26.364+0400] {logging_mixin.py:151} INFO - [2023-11-04T21:16:26.363+0400] {dagbag.py:536} INFO - Filling up the DagBag from /home/pyretttt/repos/mlops4/env/lib/python3.10/site-packages/airflow/example_dags/example_latest_only_with_trigger.py
[2023-11-04T21:16:26.374+0400] {processor.py:839} INFO - DAG(s) dict_keys(['latest_only_with_trigger']) retrieved from /home/pyretttt/repos/mlops4/env/lib/python3.10/site-packages/airflow/example_dags/example_latest_only_with_trigger.py
[2023-11-04T21:16:26.394+0400] {logging_mixin.py:151} INFO - [2023-11-04T21:16:26.393+0400] {dag.py:2941} INFO - Sync 1 DAGs
[2023-11-04T21:16:26.408+0400] {logging_mixin.py:151} INFO - [2023-11-04T21:16:26.408+0400] {dag.py:3722} INFO - Setting next_dagrun for latest_only_with_trigger to 2023-11-04T13:16:26.408592+00:00, run_after=2023-11-04T17:16:26.408592+00:00
[2023-11-04T21:16:26.421+0400] {processor.py:179} INFO - Processing /home/pyretttt/repos/mlops4/env/lib/python3.10/site-packages/airflow/example_dags/example_latest_only_with_trigger.py took 0.065 seconds
[2023-11-04T21:17:15.819+0400] {processor.py:157} INFO - Started process (PID=37637) to work on /home/pyretttt/repos/mlops4/env/lib/python3.10/site-packages/airflow/example_dags/example_latest_only_with_trigger.py
[2023-11-04T21:17:15.821+0400] {processor.py:829} INFO - Processing file /home/pyretttt/repos/mlops4/env/lib/python3.10/site-packages/airflow/example_dags/example_latest_only_with_trigger.py for tasks to queue
[2023-11-04T21:17:15.822+0400] {logging_mixin.py:151} INFO - [2023-11-04T21:17:15.821+0400] {dagbag.py:536} INFO - Filling up the DagBag from /home/pyretttt/repos/mlops4/env/lib/python3.10/site-packages/airflow/example_dags/example_latest_only_with_trigger.py
[2023-11-04T21:17:15.830+0400] {processor.py:839} INFO - DAG(s) dict_keys(['latest_only_with_trigger']) retrieved from /home/pyretttt/repos/mlops4/env/lib/python3.10/site-packages/airflow/example_dags/example_latest_only_with_trigger.py
[2023-11-04T21:17:15.849+0400] {logging_mixin.py:151} INFO - [2023-11-04T21:17:15.849+0400] {dag.py:2941} INFO - Sync 1 DAGs
[2023-11-04T21:17:15.865+0400] {logging_mixin.py:151} INFO - [2023-11-04T21:17:15.865+0400] {dag.py:3722} INFO - Setting next_dagrun for latest_only_with_trigger to 2023-11-04T13:17:15.864840+00:00, run_after=2023-11-04T17:17:15.864840+00:00
[2023-11-04T21:17:15.878+0400] {processor.py:179} INFO - Processing /home/pyretttt/repos/mlops4/env/lib/python3.10/site-packages/airflow/example_dags/example_latest_only_with_trigger.py took 0.063 seconds
