[2023-11-04T21:12:29.021+0400] {processor.py:157} INFO - Started process (PID=37257) to work on /home/pyretttt/repos/mlops4/env/lib/python3.10/site-packages/airflow/example_dags/example_branch_operator.py
[2023-11-04T21:12:29.022+0400] {processor.py:829} INFO - Processing file /home/pyretttt/repos/mlops4/env/lib/python3.10/site-packages/airflow/example_dags/example_branch_operator.py for tasks to queue
[2023-11-04T21:12:29.023+0400] {logging_mixin.py:151} INFO - [2023-11-04T21:12:29.023+0400] {dagbag.py:536} INFO - Filling up the DagBag from /home/pyretttt/repos/mlops4/env/lib/python3.10/site-packages/airflow/example_dags/example_branch_operator.py
[2023-11-04T21:12:29.034+0400] {processor.py:839} INFO - DAG(s) dict_keys(['example_branch_operator']) retrieved from /home/pyretttt/repos/mlops4/env/lib/python3.10/site-packages/airflow/example_dags/example_branch_operator.py
[2023-11-04T21:12:29.095+0400] {logging_mixin.py:151} INFO - [2023-11-04T21:12:29.094+0400] {manager.py:499} INFO - Created Permission View: %s
[2023-11-04T21:12:29.101+0400] {logging_mixin.py:151} INFO - [2023-11-04T21:12:29.101+0400] {manager.py:499} INFO - Created Permission View: %s
[2023-11-04T21:12:29.105+0400] {logging_mixin.py:151} INFO - [2023-11-04T21:12:29.105+0400] {manager.py:499} INFO - Created Permission View: %s
[2023-11-04T21:12:29.105+0400] {logging_mixin.py:151} INFO - [2023-11-04T21:12:29.105+0400] {dag.py:2941} INFO - Sync 1 DAGs
[2023-11-04T21:12:29.110+0400] {logging_mixin.py:151} INFO - [2023-11-04T21:12:29.110+0400] {dag.py:2963} INFO - Creating ORM DAG for example_branch_operator
[2023-11-04T21:12:29.114+0400] {logging_mixin.py:151} INFO - [2023-11-04T21:12:29.114+0400] {dag.py:3722} INFO - Setting next_dagrun for example_branch_operator to 2023-11-03T00:00:00+00:00, run_after=2023-11-04T00:00:00+00:00
[2023-11-04T21:12:29.124+0400] {processor.py:179} INFO - Processing /home/pyretttt/repos/mlops4/env/lib/python3.10/site-packages/airflow/example_dags/example_branch_operator.py took 0.108 seconds
[2023-11-04T21:13:17.246+0400] {processor.py:157} INFO - Started process (PID=37382) to work on /home/pyretttt/repos/mlops4/env/lib/python3.10/site-packages/airflow/example_dags/example_branch_operator.py
[2023-11-04T21:13:17.247+0400] {processor.py:829} INFO - Processing file /home/pyretttt/repos/mlops4/env/lib/python3.10/site-packages/airflow/example_dags/example_branch_operator.py for tasks to queue
[2023-11-04T21:13:17.249+0400] {logging_mixin.py:151} INFO - [2023-11-04T21:13:17.248+0400] {dagbag.py:536} INFO - Filling up the DagBag from /home/pyretttt/repos/mlops4/env/lib/python3.10/site-packages/airflow/example_dags/example_branch_operator.py
[2023-11-04T21:13:17.259+0400] {processor.py:839} INFO - DAG(s) dict_keys(['example_branch_operator']) retrieved from /home/pyretttt/repos/mlops4/env/lib/python3.10/site-packages/airflow/example_dags/example_branch_operator.py
[2023-11-04T21:13:17.279+0400] {logging_mixin.py:151} INFO - [2023-11-04T21:13:17.279+0400] {dag.py:2941} INFO - Sync 1 DAGs
[2023-11-04T21:13:17.290+0400] {logging_mixin.py:151} INFO - [2023-11-04T21:13:17.290+0400] {dag.py:3722} INFO - Setting next_dagrun for example_branch_operator to 2023-11-03T00:00:00+00:00, run_after=2023-11-04T00:00:00+00:00
[2023-11-04T21:13:17.302+0400] {processor.py:179} INFO - Processing /home/pyretttt/repos/mlops4/env/lib/python3.10/site-packages/airflow/example_dags/example_branch_operator.py took 0.060 seconds
[2023-11-04T21:14:07.603+0400] {processor.py:157} INFO - Started process (PID=37433) to work on /home/pyretttt/repos/mlops4/env/lib/python3.10/site-packages/airflow/example_dags/example_branch_operator.py
[2023-11-04T21:14:07.604+0400] {processor.py:829} INFO - Processing file /home/pyretttt/repos/mlops4/env/lib/python3.10/site-packages/airflow/example_dags/example_branch_operator.py for tasks to queue
[2023-11-04T21:14:07.605+0400] {logging_mixin.py:151} INFO - [2023-11-04T21:14:07.604+0400] {dagbag.py:536} INFO - Filling up the DagBag from /home/pyretttt/repos/mlops4/env/lib/python3.10/site-packages/airflow/example_dags/example_branch_operator.py
[2023-11-04T21:14:07.610+0400] {processor.py:839} INFO - DAG(s) dict_keys(['example_branch_operator']) retrieved from /home/pyretttt/repos/mlops4/env/lib/python3.10/site-packages/airflow/example_dags/example_branch_operator.py
[2023-11-04T21:14:07.624+0400] {logging_mixin.py:151} INFO - [2023-11-04T21:14:07.624+0400] {dag.py:2941} INFO - Sync 1 DAGs
[2023-11-04T21:14:07.638+0400] {logging_mixin.py:151} INFO - [2023-11-04T21:14:07.638+0400] {dag.py:3722} INFO - Setting next_dagrun for example_branch_operator to 2023-11-03T00:00:00+00:00, run_after=2023-11-04T00:00:00+00:00
[2023-11-04T21:14:07.652+0400] {processor.py:179} INFO - Processing /home/pyretttt/repos/mlops4/env/lib/python3.10/site-packages/airflow/example_dags/example_branch_operator.py took 0.053 seconds
[2023-11-04T21:14:56.064+0400] {processor.py:157} INFO - Started process (PID=37483) to work on /home/pyretttt/repos/mlops4/env/lib/python3.10/site-packages/airflow/example_dags/example_branch_operator.py
[2023-11-04T21:14:56.066+0400] {processor.py:829} INFO - Processing file /home/pyretttt/repos/mlops4/env/lib/python3.10/site-packages/airflow/example_dags/example_branch_operator.py for tasks to queue
[2023-11-04T21:14:56.067+0400] {logging_mixin.py:151} INFO - [2023-11-04T21:14:56.066+0400] {dagbag.py:536} INFO - Filling up the DagBag from /home/pyretttt/repos/mlops4/env/lib/python3.10/site-packages/airflow/example_dags/example_branch_operator.py
[2023-11-04T21:14:56.077+0400] {processor.py:839} INFO - DAG(s) dict_keys(['example_branch_operator']) retrieved from /home/pyretttt/repos/mlops4/env/lib/python3.10/site-packages/airflow/example_dags/example_branch_operator.py
[2023-11-04T21:14:56.093+0400] {logging_mixin.py:151} INFO - [2023-11-04T21:14:56.093+0400] {dag.py:2941} INFO - Sync 1 DAGs
[2023-11-04T21:14:56.105+0400] {logging_mixin.py:151} INFO - [2023-11-04T21:14:56.105+0400] {dag.py:3722} INFO - Setting next_dagrun for example_branch_operator to 2023-11-03T00:00:00+00:00, run_after=2023-11-04T00:00:00+00:00
[2023-11-04T21:14:56.118+0400] {processor.py:179} INFO - Processing /home/pyretttt/repos/mlops4/env/lib/python3.10/site-packages/airflow/example_dags/example_branch_operator.py took 0.058 seconds
[2023-11-04T21:15:47.833+0400] {processor.py:157} INFO - Started process (PID=37540) to work on /home/pyretttt/repos/mlops4/env/lib/python3.10/site-packages/airflow/example_dags/example_branch_operator.py
[2023-11-04T21:15:47.833+0400] {processor.py:829} INFO - Processing file /home/pyretttt/repos/mlops4/env/lib/python3.10/site-packages/airflow/example_dags/example_branch_operator.py for tasks to queue
[2023-11-04T21:15:47.834+0400] {logging_mixin.py:151} INFO - [2023-11-04T21:15:47.834+0400] {dagbag.py:536} INFO - Filling up the DagBag from /home/pyretttt/repos/mlops4/env/lib/python3.10/site-packages/airflow/example_dags/example_branch_operator.py
[2023-11-04T21:15:47.841+0400] {processor.py:839} INFO - DAG(s) dict_keys(['example_branch_operator']) retrieved from /home/pyretttt/repos/mlops4/env/lib/python3.10/site-packages/airflow/example_dags/example_branch_operator.py
[2023-11-04T21:15:47.852+0400] {logging_mixin.py:151} INFO - [2023-11-04T21:15:47.851+0400] {dag.py:2941} INFO - Sync 1 DAGs
[2023-11-04T21:15:47.863+0400] {logging_mixin.py:151} INFO - [2023-11-04T21:15:47.863+0400] {dag.py:3722} INFO - Setting next_dagrun for example_branch_operator to 2023-11-03T00:00:00+00:00, run_after=2023-11-04T00:00:00+00:00
[2023-11-04T21:15:47.877+0400] {processor.py:179} INFO - Processing /home/pyretttt/repos/mlops4/env/lib/python3.10/site-packages/airflow/example_dags/example_branch_operator.py took 0.046 seconds
[2023-11-04T21:16:36.933+0400] {processor.py:157} INFO - Started process (PID=37594) to work on /home/pyretttt/repos/mlops4/env/lib/python3.10/site-packages/airflow/example_dags/example_branch_operator.py
[2023-11-04T21:16:36.935+0400] {processor.py:829} INFO - Processing file /home/pyretttt/repos/mlops4/env/lib/python3.10/site-packages/airflow/example_dags/example_branch_operator.py for tasks to queue
[2023-11-04T21:16:36.936+0400] {logging_mixin.py:151} INFO - [2023-11-04T21:16:36.936+0400] {dagbag.py:536} INFO - Filling up the DagBag from /home/pyretttt/repos/mlops4/env/lib/python3.10/site-packages/airflow/example_dags/example_branch_operator.py
[2023-11-04T21:16:36.948+0400] {processor.py:839} INFO - DAG(s) dict_keys(['example_branch_operator']) retrieved from /home/pyretttt/repos/mlops4/env/lib/python3.10/site-packages/airflow/example_dags/example_branch_operator.py
[2023-11-04T21:16:36.967+0400] {logging_mixin.py:151} INFO - [2023-11-04T21:16:36.967+0400] {dag.py:2941} INFO - Sync 1 DAGs
[2023-11-04T21:16:36.980+0400] {logging_mixin.py:151} INFO - [2023-11-04T21:16:36.980+0400] {dag.py:3722} INFO - Setting next_dagrun for example_branch_operator to 2023-11-03T00:00:00+00:00, run_after=2023-11-04T00:00:00+00:00
[2023-11-04T21:16:37.001+0400] {processor.py:179} INFO - Processing /home/pyretttt/repos/mlops4/env/lib/python3.10/site-packages/airflow/example_dags/example_branch_operator.py took 0.072 seconds
[2023-11-04T21:17:27.246+0400] {processor.py:157} INFO - Started process (PID=37652) to work on /home/pyretttt/repos/mlops4/env/lib/python3.10/site-packages/airflow/example_dags/example_branch_operator.py
[2023-11-04T21:17:27.249+0400] {processor.py:829} INFO - Processing file /home/pyretttt/repos/mlops4/env/lib/python3.10/site-packages/airflow/example_dags/example_branch_operator.py for tasks to queue
[2023-11-04T21:17:27.250+0400] {logging_mixin.py:151} INFO - [2023-11-04T21:17:27.249+0400] {dagbag.py:536} INFO - Filling up the DagBag from /home/pyretttt/repos/mlops4/env/lib/python3.10/site-packages/airflow/example_dags/example_branch_operator.py
[2023-11-04T21:17:27.263+0400] {processor.py:839} INFO - DAG(s) dict_keys(['example_branch_operator']) retrieved from /home/pyretttt/repos/mlops4/env/lib/python3.10/site-packages/airflow/example_dags/example_branch_operator.py
[2023-11-04T21:17:27.282+0400] {logging_mixin.py:151} INFO - [2023-11-04T21:17:27.282+0400] {dag.py:2941} INFO - Sync 1 DAGs
[2023-11-04T21:17:27.293+0400] {logging_mixin.py:151} INFO - [2023-11-04T21:17:27.293+0400] {dag.py:3722} INFO - Setting next_dagrun for example_branch_operator to 2023-11-03T00:00:00+00:00, run_after=2023-11-04T00:00:00+00:00
[2023-11-04T21:17:27.305+0400] {processor.py:179} INFO - Processing /home/pyretttt/repos/mlops4/env/lib/python3.10/site-packages/airflow/example_dags/example_branch_operator.py took 0.064 seconds
