[2023-11-05T11:53:31.333+0400] {taskinstance.py:1159} INFO - Dependencies all met for dep_context=non-requeueable deps ti=<TaskInstance: experiment.experiment manual__2023-11-05T07:53:24.952214+00:00 [queued]>
[2023-11-05T11:53:31.335+0400] {taskinstance.py:1159} INFO - Dependencies all met for dep_context=requeueable deps ti=<TaskInstance: experiment.experiment manual__2023-11-05T07:53:24.952214+00:00 [queued]>
[2023-11-05T11:53:31.335+0400] {taskinstance.py:1361} INFO - Starting attempt 1 of 2
[2023-11-05T11:53:31.341+0400] {taskinstance.py:1382} INFO - Executing <Task(BashOperator): experiment> on 2023-11-05 07:53:24.952214+00:00
[2023-11-05T11:53:31.343+0400] {standard_task_runner.py:57} INFO - Started process 47757 to run task
[2023-11-05T11:53:31.345+0400] {standard_task_runner.py:84} INFO - Running: ['airflow', 'tasks', 'run', 'experiment', 'experiment', 'manual__2023-11-05T07:53:24.952214+00:00', '--job-id', '4', '--raw', '--subdir', 'DAGS_FOLDER/experiment.py', '--cfg-path', '/tmp/tmpx540udy4']
[2023-11-05T11:53:31.346+0400] {standard_task_runner.py:85} INFO - Job 4: Subtask experiment
[2023-11-05T11:53:31.363+0400] {task_command.py:416} INFO - Running <TaskInstance: experiment.experiment manual__2023-11-05T07:53:24.952214+00:00 [running]> on host primary
[2023-11-05T11:53:31.385+0400] {taskinstance.py:1662} INFO - Exporting env vars: AIRFLOW_CTX_DAG_OWNER='admin' AIRFLOW_CTX_DAG_ID='experiment' AIRFLOW_CTX_TASK_ID='experiment' AIRFLOW_CTX_EXECUTION_DATE='2023-11-05T07:53:24.952214+00:00' AIRFLOW_CTX_TRY_NUMBER='1' AIRFLOW_CTX_DAG_RUN_ID='manual__2023-11-05T07:53:24.952214+00:00'
[2023-11-05T11:53:31.386+0400] {subprocess.py:63} INFO - Tmp dir root location: /tmp
[2023-11-05T11:53:31.386+0400] {subprocess.py:75} INFO - Running command: ['/usr/bin/bash', '-c', 'python3 /home/pyretttt/repos/mlops4/scripts/experiment.py']
[2023-11-05T11:53:31.389+0400] {subprocess.py:86} INFO - Output:
[2023-11-05T11:53:31.823+0400] {subprocess.py:93} INFO - LinearRegression() mse:  20622.3320420073
[2023-11-05T11:53:31.823+0400] {subprocess.py:93} INFO - LinearRegression() mae:  96.22724276111093
[2023-11-05T11:53:31.823+0400] {subprocess.py:93} INFO - Lasso(alpha=0.5) mse:  16573.98470528784
[2023-11-05T11:53:31.823+0400] {subprocess.py:93} INFO - Lasso(alpha=0.5) mae:  90.98391334330802
[2023-11-05T11:53:31.823+0400] {subprocess.py:93} INFO - Ridge(alpha=0.5) mse:  14964.769258848102
[2023-11-05T11:53:31.823+0400] {subprocess.py:93} INFO - Ridge(alpha=0.5) mae:  89.18991972918292
[2023-11-05T11:53:31.823+0400] {subprocess.py:93} INFO - KNeighborsRegressor(n_neighbors=3, weights='distance') mse:  14255.610884554422
[2023-11-05T11:53:31.823+0400] {subprocess.py:93} INFO - KNeighborsRegressor(n_neighbors=3, weights='distance') mae:  63.78802535989261
[2023-11-05T11:53:31.824+0400] {subprocess.py:93} INFO - AdaBoostRegressor(n_estimators=20) mse:  21936.974592074606
[2023-11-05T11:53:31.824+0400] {subprocess.py:93} INFO - AdaBoostRegressor(n_estimators=20) mae:  123.75787710448184
[2023-11-05T11:53:31.824+0400] {subprocess.py:93} INFO - GradientBoostingRegressor(n_estimators=200) mse:  9216.633116539548
[2023-11-05T11:53:31.824+0400] {subprocess.py:93} INFO - GradientBoostingRegressor(n_estimators=200) mae:  58.050279223673556
[2023-11-05T11:53:31.887+0400] {subprocess.py:97} INFO - Command exited with return code 0
[2023-11-05T11:53:31.899+0400] {taskinstance.py:1400} INFO - Marking task as SUCCESS. dag_id=experiment, task_id=experiment, execution_date=20231105T075324, start_date=20231105T075331, end_date=20231105T075331
[2023-11-05T11:53:31.940+0400] {local_task_job_runner.py:228} INFO - Task exited with return code 0
[2023-11-05T11:53:31.946+0400] {taskinstance.py:2778} INFO - 0 downstream tasks scheduled from follow-on schedule check
